ARM GAS  D:\Programs\cygwin64\tmp\cc5CURXQ.s 			page 1


   1              		.cpu cortex-m4
   2              		.eabi_attribute 27, 1
   3              		.eabi_attribute 28, 1
   4              		.eabi_attribute 20, 1
   5              		.eabi_attribute 21, 1
   6              		.eabi_attribute 23, 3
   7              		.eabi_attribute 24, 1
   8              		.eabi_attribute 25, 1
   9              		.eabi_attribute 26, 1
  10              		.eabi_attribute 30, 2
  11              		.eabi_attribute 34, 1
  12              		.eabi_attribute 18, 4
  13              		.file	"GUI_X_OS.c"
  14              		.text
  15              		.section	.text.GUI_X_GetTime,"ax",%progbits
  16              		.align	1
  17              		.p2align 2,,3
  18              		.global	GUI_X_GetTime
  19              		.arch armv7e-m
  20              		.syntax unified
  21              		.thumb
  22              		.thumb_func
  23              		.fpu fpv4-sp-d16
  25              	GUI_X_GetTime:
  26              		@ args = 0, pretend = 0, frame = 0
  27              		@ frame_needed = 0, uses_anonymous_args = 0
  28              		@ link register save eliminated.
  29 0000 FFF7FEBF 		b	osKernelSysTick
  31              		.section	.text.GUI_X_Delay,"ax",%progbits
  32              		.align	1
  33              		.p2align 2,,3
  34              		.global	GUI_X_Delay
  35              		.syntax unified
  36              		.thumb
  37              		.thumb_func
  38              		.fpu fpv4-sp-d16
  40              	GUI_X_Delay:
  41              		@ args = 0, pretend = 0, frame = 0
  42              		@ frame_needed = 0, uses_anonymous_args = 0
  43              		@ link register save eliminated.
  44 0000 FFF7FEBF 		b	osDelay
  46              		.section	.text.GUI_X_Init,"ax",%progbits
  47              		.align	1
  48              		.p2align 2,,3
  49              		.global	GUI_X_Init
  50              		.syntax unified
  51              		.thumb
  52              		.thumb_func
  53              		.fpu fpv4-sp-d16
  55              	GUI_X_Init:
  56              		@ args = 0, pretend = 0, frame = 0
  57              		@ frame_needed = 0, uses_anonymous_args = 0
  58              		@ link register save eliminated.
  59 0000 7047     		bx	lr
  61 0002 00BF     		.section	.text.GUI_X_ExecIdle,"ax",%progbits
  62              		.align	1
  63              		.p2align 2,,3
ARM GAS  D:\Programs\cygwin64\tmp\cc5CURXQ.s 			page 2


  64              		.global	GUI_X_ExecIdle
  65              		.syntax unified
  66              		.thumb
  67              		.thumb_func
  68              		.fpu fpv4-sp-d16
  70              	GUI_X_ExecIdle:
  71              		@ args = 0, pretend = 0, frame = 0
  72              		@ frame_needed = 0, uses_anonymous_args = 0
  73              		@ link register save eliminated.
  74 0000 7047     		bx	lr
  76 0002 00BF     		.section	.text.GUI_X_InitOS,"ax",%progbits
  77              		.align	1
  78              		.p2align 2,,3
  79              		.global	GUI_X_InitOS
  80              		.syntax unified
  81              		.thumb
  82              		.thumb_func
  83              		.fpu fpv4-sp-d16
  85              	GUI_X_InitOS:
  86              		@ args = 0, pretend = 0, frame = 8
  87              		@ frame_needed = 0, uses_anonymous_args = 0
  88 0000 10B5     		push	{r4, lr}
  89 0002 82B0     		sub	sp, sp, #8
  90 0004 0024     		movs	r4, #0
  91 0006 6846     		mov	r0, sp
  92 0008 0094     		str	r4, [sp]
  93 000a FFF7FEFF 		bl	osMutexCreate
  94 000e 054B     		ldr	r3, .L8
  95 0010 0194     		str	r4, [sp, #4]
  96 0012 1860     		str	r0, [r3]
  97 0014 0121     		movs	r1, #1
  98 0016 01A8     		add	r0, sp, #4
  99 0018 FFF7FEFF 		bl	osSemaphoreCreate
 100 001c 024B     		ldr	r3, .L8+4
 101 001e 1860     		str	r0, [r3]
 102 0020 02B0     		add	sp, sp, #8
 103              		@ sp needed
 104 0022 10BD     		pop	{r4, pc}
 105              	.L9:
 106              		.align	2
 107              	.L8:
 108 0024 00000000 		.word	.LANCHOR0
 109 0028 00000000 		.word	.LANCHOR1
 111              		.section	.text.GUI_X_Unlock,"ax",%progbits
 112              		.align	1
 113              		.p2align 2,,3
 114              		.global	GUI_X_Unlock
 115              		.syntax unified
 116              		.thumb
 117              		.thumb_func
 118              		.fpu fpv4-sp-d16
 120              	GUI_X_Unlock:
 121              		@ args = 0, pretend = 0, frame = 0
 122              		@ frame_needed = 0, uses_anonymous_args = 0
 123              		@ link register save eliminated.
 124 0000 014B     		ldr	r3, .L11
 125 0002 1868     		ldr	r0, [r3]
ARM GAS  D:\Programs\cygwin64\tmp\cc5CURXQ.s 			page 3


 126 0004 FFF7FEBF 		b	osMutexRelease
 127              	.L12:
 128              		.align	2
 129              	.L11:
 130 0008 00000000 		.word	.LANCHOR0
 132              		.section	.text.GUI_X_Lock,"ax",%progbits
 133              		.align	1
 134              		.p2align 2,,3
 135              		.global	GUI_X_Lock
 136              		.syntax unified
 137              		.thumb
 138              		.thumb_func
 139              		.fpu fpv4-sp-d16
 141              	GUI_X_Lock:
 142              		@ args = 0, pretend = 0, frame = 0
 143              		@ frame_needed = 0, uses_anonymous_args = 0
 144              		@ link register save eliminated.
 145 0000 024B     		ldr	r3, .L14
 146 0002 4FF0FF31 		mov	r1, #-1
 147 0006 1868     		ldr	r0, [r3]
 148 0008 FFF7FEBF 		b	osMutexWait
 149              	.L15:
 150              		.align	2
 151              	.L14:
 152 000c 00000000 		.word	.LANCHOR0
 154              		.section	.text.GUI_X_GetTaskId,"ax",%progbits
 155              		.align	1
 156              		.p2align 2,,3
 157              		.global	GUI_X_GetTaskId
 158              		.syntax unified
 159              		.thumb
 160              		.thumb_func
 161              		.fpu fpv4-sp-d16
 163              	GUI_X_GetTaskId:
 164              		@ args = 0, pretend = 0, frame = 0
 165              		@ frame_needed = 0, uses_anonymous_args = 0
 166              		@ link register save eliminated.
 167 0000 FFF7FEBF 		b	osThreadGetId
 169              		.section	.text.GUI_X_WaitEvent,"ax",%progbits
 170              		.align	1
 171              		.p2align 2,,3
 172              		.global	GUI_X_WaitEvent
 173              		.syntax unified
 174              		.thumb
 175              		.thumb_func
 176              		.fpu fpv4-sp-d16
 178              	GUI_X_WaitEvent:
 179              		@ args = 0, pretend = 0, frame = 0
 180              		@ frame_needed = 0, uses_anonymous_args = 0
 181              		@ link register save eliminated.
 182 0000 024B     		ldr	r3, .L18
 183 0002 4FF0FF31 		mov	r1, #-1
 184 0006 1868     		ldr	r0, [r3]
 185 0008 FFF7FEBF 		b	osSemaphoreWait
 186              	.L19:
 187              		.align	2
 188              	.L18:
ARM GAS  D:\Programs\cygwin64\tmp\cc5CURXQ.s 			page 4


 189 000c 00000000 		.word	.LANCHOR1
 191              		.section	.text.GUI_X_SignalEvent,"ax",%progbits
 192              		.align	1
 193              		.p2align 2,,3
 194              		.global	GUI_X_SignalEvent
 195              		.syntax unified
 196              		.thumb
 197              		.thumb_func
 198              		.fpu fpv4-sp-d16
 200              	GUI_X_SignalEvent:
 201              		@ args = 0, pretend = 0, frame = 0
 202              		@ frame_needed = 0, uses_anonymous_args = 0
 203              		@ link register save eliminated.
 204 0000 014B     		ldr	r3, .L21
 205 0002 1868     		ldr	r0, [r3]
 206 0004 FFF7FEBF 		b	osMutexRelease
 207              	.L22:
 208              		.align	2
 209              	.L21:
 210 0008 00000000 		.word	.LANCHOR1
 212              		.section	.text.GUI_X_Log,"ax",%progbits
 213              		.align	1
 214              		.p2align 2,,3
 215              		.global	GUI_X_Log
 216              		.syntax unified
 217              		.thumb
 218              		.thumb_func
 219              		.fpu fpv4-sp-d16
 221              	GUI_X_Log:
 222              		@ args = 0, pretend = 0, frame = 0
 223              		@ frame_needed = 0, uses_anonymous_args = 0
 224              		@ link register save eliminated.
 225 0000 7047     		bx	lr
 227 0002 00BF     		.section	.text.GUI_X_Warn,"ax",%progbits
 228              		.align	1
 229              		.p2align 2,,3
 230              		.global	GUI_X_Warn
 231              		.syntax unified
 232              		.thumb
 233              		.thumb_func
 234              		.fpu fpv4-sp-d16
 236              	GUI_X_Warn:
 237              		@ args = 0, pretend = 0, frame = 0
 238              		@ frame_needed = 0, uses_anonymous_args = 0
 239              		@ link register save eliminated.
 240 0000 7047     		bx	lr
 242 0002 00BF     		.section	.text.GUI_X_ErrorOut,"ax",%progbits
 243              		.align	1
 244              		.p2align 2,,3
 245              		.global	GUI_X_ErrorOut
 246              		.syntax unified
 247              		.thumb
 248              		.thumb_func
 249              		.fpu fpv4-sp-d16
 251              	GUI_X_ErrorOut:
 252              		@ args = 0, pretend = 0, frame = 0
 253              		@ frame_needed = 0, uses_anonymous_args = 0
ARM GAS  D:\Programs\cygwin64\tmp\cc5CURXQ.s 			page 5


 254              		@ link register save eliminated.
 255 0000 7047     		bx	lr
 257 0002 00BF     		.section	.bss.osMutex,"aw",%nobits
 258              		.align	2
 259              		.set	.LANCHOR0,. + 0
 262              	osMutex:
 263 0000 00000000 		.space	4
 264              		.section	.bss.osSemaphore,"aw",%nobits
 265              		.align	2
 266              		.set	.LANCHOR1,. + 0
 269              	osSemaphore:
 270 0000 00000000 		.space	4
 271              		.ident	"GCC: (GNU Tools for Arm Embedded Processors 8-2018-q4-major) 8.2.1 20181213 (release) [gcc
ARM GAS  D:\Programs\cygwin64\tmp\cc5CURXQ.s 			page 6


DEFINED SYMBOLS
                            *ABS*:00000000 GUI_X_OS.c
D:\Programs\cygwin64\tmp\cc5CURXQ.s:16     .text.GUI_X_GetTime:00000000 $t
D:\Programs\cygwin64\tmp\cc5CURXQ.s:25     .text.GUI_X_GetTime:00000000 GUI_X_GetTime
D:\Programs\cygwin64\tmp\cc5CURXQ.s:32     .text.GUI_X_Delay:00000000 $t
D:\Programs\cygwin64\tmp\cc5CURXQ.s:40     .text.GUI_X_Delay:00000000 GUI_X_Delay
D:\Programs\cygwin64\tmp\cc5CURXQ.s:47     .text.GUI_X_Init:00000000 $t
D:\Programs\cygwin64\tmp\cc5CURXQ.s:55     .text.GUI_X_Init:00000000 GUI_X_Init
D:\Programs\cygwin64\tmp\cc5CURXQ.s:62     .text.GUI_X_ExecIdle:00000000 $t
D:\Programs\cygwin64\tmp\cc5CURXQ.s:70     .text.GUI_X_ExecIdle:00000000 GUI_X_ExecIdle
D:\Programs\cygwin64\tmp\cc5CURXQ.s:77     .text.GUI_X_InitOS:00000000 $t
D:\Programs\cygwin64\tmp\cc5CURXQ.s:85     .text.GUI_X_InitOS:00000000 GUI_X_InitOS
D:\Programs\cygwin64\tmp\cc5CURXQ.s:108    .text.GUI_X_InitOS:00000024 $d
D:\Programs\cygwin64\tmp\cc5CURXQ.s:112    .text.GUI_X_Unlock:00000000 $t
D:\Programs\cygwin64\tmp\cc5CURXQ.s:120    .text.GUI_X_Unlock:00000000 GUI_X_Unlock
D:\Programs\cygwin64\tmp\cc5CURXQ.s:130    .text.GUI_X_Unlock:00000008 $d
D:\Programs\cygwin64\tmp\cc5CURXQ.s:133    .text.GUI_X_Lock:00000000 $t
D:\Programs\cygwin64\tmp\cc5CURXQ.s:141    .text.GUI_X_Lock:00000000 GUI_X_Lock
D:\Programs\cygwin64\tmp\cc5CURXQ.s:152    .text.GUI_X_Lock:0000000c $d
D:\Programs\cygwin64\tmp\cc5CURXQ.s:155    .text.GUI_X_GetTaskId:00000000 $t
D:\Programs\cygwin64\tmp\cc5CURXQ.s:163    .text.GUI_X_GetTaskId:00000000 GUI_X_GetTaskId
D:\Programs\cygwin64\tmp\cc5CURXQ.s:170    .text.GUI_X_WaitEvent:00000000 $t
D:\Programs\cygwin64\tmp\cc5CURXQ.s:178    .text.GUI_X_WaitEvent:00000000 GUI_X_WaitEvent
D:\Programs\cygwin64\tmp\cc5CURXQ.s:189    .text.GUI_X_WaitEvent:0000000c $d
D:\Programs\cygwin64\tmp\cc5CURXQ.s:192    .text.GUI_X_SignalEvent:00000000 $t
D:\Programs\cygwin64\tmp\cc5CURXQ.s:200    .text.GUI_X_SignalEvent:00000000 GUI_X_SignalEvent
D:\Programs\cygwin64\tmp\cc5CURXQ.s:210    .text.GUI_X_SignalEvent:00000008 $d
D:\Programs\cygwin64\tmp\cc5CURXQ.s:213    .text.GUI_X_Log:00000000 $t
D:\Programs\cygwin64\tmp\cc5CURXQ.s:221    .text.GUI_X_Log:00000000 GUI_X_Log
D:\Programs\cygwin64\tmp\cc5CURXQ.s:228    .text.GUI_X_Warn:00000000 $t
D:\Programs\cygwin64\tmp\cc5CURXQ.s:236    .text.GUI_X_Warn:00000000 GUI_X_Warn
D:\Programs\cygwin64\tmp\cc5CURXQ.s:243    .text.GUI_X_ErrorOut:00000000 $t
D:\Programs\cygwin64\tmp\cc5CURXQ.s:251    .text.GUI_X_ErrorOut:00000000 GUI_X_ErrorOut
D:\Programs\cygwin64\tmp\cc5CURXQ.s:258    .bss.osMutex:00000000 $d
D:\Programs\cygwin64\tmp\cc5CURXQ.s:262    .bss.osMutex:00000000 osMutex
D:\Programs\cygwin64\tmp\cc5CURXQ.s:265    .bss.osSemaphore:00000000 $d
D:\Programs\cygwin64\tmp\cc5CURXQ.s:269    .bss.osSemaphore:00000000 osSemaphore

UNDEFINED SYMBOLS
osKernelSysTick
osDelay
osMutexCreate
osSemaphoreCreate
osMutexRelease
osMutexWait
osThreadGetId
osSemaphoreWait
