ARM GAS  D:\Programs\cygwin64\tmp\ccTUn4nK.s 			page 1


   1              		.cpu cortex-m4
   2              		.eabi_attribute 27, 1
   3              		.eabi_attribute 28, 1
   4              		.eabi_attribute 20, 1
   5              		.eabi_attribute 21, 1
   6              		.eabi_attribute 23, 3
   7              		.eabi_attribute 24, 1
   8              		.eabi_attribute 25, 1
   9              		.eabi_attribute 26, 1
  10              		.eabi_attribute 30, 2
  11              		.eabi_attribute 34, 1
  12              		.eabi_attribute 18, 4
  13              		.file	"GUIConf.c"
  14              		.text
  15              		.section	.text.GUI_X_Config,"ax",%progbits
  16              		.align	1
  17              		.p2align 2,,3
  18              		.global	GUI_X_Config
  19              		.arch armv7e-m
  20              		.syntax unified
  21              		.thumb
  22              		.thumb_func
  23              		.fpu fpv4-sp-d16
  25              	GUI_X_Config:
  26              		@ args = 0, pretend = 0, frame = 0
  27              		@ frame_needed = 0, uses_anonymous_args = 0
  28 0000 08B5     		push	{r3, lr}
  29 0002 4FF05040 		mov	r0, #-805306368
  30 0006 4FF40031 		mov	r1, #131072
  31 000a FFF7FEFF 		bl	GUI_ALLOC_AssignMemory
  32 000e 0248     		ldr	r0, .L4
  33 0010 BDE80840 		pop	{r3, lr}
  34 0014 FFF7FEBF 		b	GUI_SetDefaultFont
  35              	.L5:
  36              		.align	2
  37              	.L4:
  38 0018 00000000 		.word	GUI_Font6x8
  40              		.ident	"GCC: (GNU Tools for Arm Embedded Processors 8-2018-q4-major) 8.2.1 20181213 (release) [gcc
ARM GAS  D:\Programs\cygwin64\tmp\ccTUn4nK.s 			page 2


DEFINED SYMBOLS
                            *ABS*:00000000 GUIConf.c
D:\Programs\cygwin64\tmp\ccTUn4nK.s:16     .text.GUI_X_Config:00000000 $t
D:\Programs\cygwin64\tmp\ccTUn4nK.s:25     .text.GUI_X_Config:00000000 GUI_X_Config
D:\Programs\cygwin64\tmp\ccTUn4nK.s:38     .text.GUI_X_Config:00000018 $d

UNDEFINED SYMBOLS
GUI_ALLOC_AssignMemory
GUI_SetDefaultFont
GUI_Font6x8
