ARM GAS  D:\Programs\cygwin64\tmp\ccjqlZMg.s 			page 1


   1              		.cpu cortex-m4
   2              		.eabi_attribute 27, 1
   3              		.eabi_attribute 28, 1
   4              		.eabi_attribute 20, 1
   5              		.eabi_attribute 21, 1
   6              		.eabi_attribute 23, 3
   7              		.eabi_attribute 24, 1
   8              		.eabi_attribute 25, 1
   9              		.eabi_attribute 26, 1
  10              		.eabi_attribute 30, 2
  11              		.eabi_attribute 34, 1
  12              		.eabi_attribute 18, 4
  13              		.file	"heap_2.c"
  14              		.text
  15              		.section	.text.pvPortMalloc,"ax",%progbits
  16              		.align	1
  17              		.p2align 2,,3
  18              		.global	pvPortMalloc
  19              		.arch armv7e-m
  20              		.syntax unified
  21              		.thumb
  22              		.thumb_func
  23              		.fpu fpv4-sp-d16
  25              	pvPortMalloc:
  26              		@ args = 0, pretend = 0, frame = 0
  27              		@ frame_needed = 0, uses_anonymous_args = 0
  28 0000 F8B5     		push	{r3, r4, r5, r6, r7, lr}
  29 0002 0446     		mov	r4, r0
  30 0004 FFF7FEFF 		bl	vTaskSuspendAll
  31 0008 2649     		ldr	r1, .L20
  32 000a 0B68     		ldr	r3, [r1]
  33 000c 73B9     		cbnz	r3, .L2
  34 000e 264A     		ldr	r2, .L20+4
  35 0010 2648     		ldr	r0, .L20+8
  36 0012 274E     		ldr	r6, .L20+12
  37 0014 22F00702 		bic	r2, r2, #7
  38 0018 46F2F835 		movw	r5, #25592
  39 001c C2E90005 		strd	r0, r5, [r2]
  40 0020 C0E90035 		strd	r3, r5, [r0]
  41 0024 7360     		str	r3, [r6, #4]
  42 0026 3260     		str	r2, [r6]
  43 0028 0126     		movs	r6, #1
  44 002a 0E60     		str	r6, [r1]
  45              	.L2:
  46 002c 002C     		cmp	r4, #0
  47 002e 34D0     		beq	.L12
  48 0030 0834     		adds	r4, r4, #8
  49 0032 6307     		lsls	r3, r4, #29
  50 0034 1CBF     		itt	ne
  51 0036 24F00704 		bicne	r4, r4, #7
  52 003a 0834     		addne	r4, r4, #8
  53 003c 621E     		subs	r2, r4, #1
  54 003e 46F2F633 		movw	r3, #25590
  55 0042 9A42     		cmp	r2, r3
  56 0044 29D8     		bhi	.L12
  57 0046 1A48     		ldr	r0, .L20+12
  58 0048 0368     		ldr	r3, [r0]
ARM GAS  D:\Programs\cygwin64\tmp\ccjqlZMg.s 			page 2


  59 004a 03E0     		b	.L6
  60              	.L19:
  61 004c 1A68     		ldr	r2, [r3]
  62 004e 22B1     		cbz	r2, .L5
  63 0050 1846     		mov	r0, r3
  64 0052 1346     		mov	r3, r2
  65              	.L6:
  66 0054 5968     		ldr	r1, [r3, #4]
  67 0056 A142     		cmp	r1, r4
  68 0058 F8D3     		bcc	.L19
  69              	.L5:
  70 005a 144A     		ldr	r2, .L20+8
  71 005c 9342     		cmp	r3, r2
  72 005e 1CD0     		beq	.L12
  73 0060 1D46     		mov	r5, r3
  74 0062 0E1B     		subs	r6, r1, r4
  75 0064 55F8082B 		ldr	r2, [r5], #8
  76 0068 0260     		str	r2, [r0]
  77 006a 102E     		cmp	r6, #16
  78 006c 0DD9     		bls	.L7
  79 006e 1F19     		adds	r7, r3, r4
  80 0070 0F4A     		ldr	r2, .L20+12
  81 0072 7E60     		str	r6, [r7, #4]
  82 0074 5C60     		str	r4, [r3, #4]
  83 0076 7868     		ldr	r0, [r7, #4]
  84 0078 00E0     		b	.L8
  85              	.L13:
  86 007a 1A46     		mov	r2, r3
  87              	.L8:
  88 007c 1368     		ldr	r3, [r2]
  89 007e 5968     		ldr	r1, [r3, #4]
  90 0080 8142     		cmp	r1, r0
  91 0082 FAD3     		bcc	.L13
  92 0084 3B60     		str	r3, [r7]
  93 0086 2146     		mov	r1, r4
  94 0088 1760     		str	r7, [r2]
  95              	.L7:
  96 008a 0A4A     		ldr	r2, .L20+16
  97 008c 1368     		ldr	r3, [r2]
  98 008e 591A     		subs	r1, r3, r1
  99 0090 1160     		str	r1, [r2]
 100 0092 FFF7FEFF 		bl	xTaskResumeAll
 101 0096 2846     		mov	r0, r5
 102 0098 F8BD     		pop	{r3, r4, r5, r6, r7, pc}
 103              	.L12:
 104 009a 0025     		movs	r5, #0
 105 009c FFF7FEFF 		bl	xTaskResumeAll
 106 00a0 2846     		mov	r0, r5
 107 00a2 F8BD     		pop	{r3, r4, r5, r6, r7, pc}
 108              	.L21:
 109              		.align	2
 110              	.L20:
 111 00a4 00000000 		.word	.LANCHOR1
 112 00a8 08000000 		.word	ucHeap+8
 113 00ac 00000000 		.word	.LANCHOR2
 114 00b0 00000000 		.word	.LANCHOR0
 115 00b4 00000000 		.word	.LANCHOR3
ARM GAS  D:\Programs\cygwin64\tmp\ccjqlZMg.s 			page 3


 117              		.section	.text.vPortFree,"ax",%progbits
 118              		.align	1
 119              		.p2align 2,,3
 120              		.global	vPortFree
 121              		.syntax unified
 122              		.thumb
 123              		.thumb_func
 124              		.fpu fpv4-sp-d16
 126              	vPortFree:
 127              		@ args = 0, pretend = 0, frame = 0
 128              		@ frame_needed = 0, uses_anonymous_args = 0
 129 0000 C8B1     		cbz	r0, .L22
 130 0002 38B5     		push	{r3, r4, r5, lr}
 131 0004 0546     		mov	r5, r0
 132 0006 FFF7FEFF 		bl	vTaskSuspendAll
 133 000a A5F10800 		sub	r0, r5, #8
 134 000e 55F8044C 		ldr	r4, [r5, #-4]
 135 0012 094A     		ldr	r2, .L29
 136 0014 00E0     		b	.L24
 137              	.L25:
 138 0016 1A46     		mov	r2, r3
 139              	.L24:
 140 0018 1368     		ldr	r3, [r2]
 141 001a 5968     		ldr	r1, [r3, #4]
 142 001c A142     		cmp	r1, r4
 143 001e FAD3     		bcc	.L25
 144 0020 0649     		ldr	r1, .L29+4
 145 0022 45F8083C 		str	r3, [r5, #-8]
 146 0026 0B68     		ldr	r3, [r1]
 147 0028 1060     		str	r0, [r2]
 148 002a 1C44     		add	r4, r4, r3
 149 002c 0C60     		str	r4, [r1]
 150 002e BDE83840 		pop	{r3, r4, r5, lr}
 151 0032 FFF7FEBF 		b	xTaskResumeAll
 152              	.L22:
 153 0036 7047     		bx	lr
 154              	.L30:
 155              		.align	2
 156              	.L29:
 157 0038 00000000 		.word	.LANCHOR0
 158 003c 00000000 		.word	.LANCHOR3
 160              		.section	.text.xPortGetFreeHeapSize,"ax",%progbits
 161              		.align	1
 162              		.p2align 2,,3
 163              		.global	xPortGetFreeHeapSize
 164              		.syntax unified
 165              		.thumb
 166              		.thumb_func
 167              		.fpu fpv4-sp-d16
 169              	xPortGetFreeHeapSize:
 170              		@ args = 0, pretend = 0, frame = 0
 171              		@ frame_needed = 0, uses_anonymous_args = 0
 172              		@ link register save eliminated.
 173 0000 014B     		ldr	r3, .L32
 174 0002 1868     		ldr	r0, [r3]
 175 0004 7047     		bx	lr
 176              	.L33:
ARM GAS  D:\Programs\cygwin64\tmp\ccjqlZMg.s 			page 4


 177 0006 00BF     		.align	2
 178              	.L32:
 179 0008 00000000 		.word	.LANCHOR3
 181              		.section	.text.vPortInitialiseBlocks,"ax",%progbits
 182              		.align	1
 183              		.p2align 2,,3
 184              		.global	vPortInitialiseBlocks
 185              		.syntax unified
 186              		.thumb
 187              		.thumb_func
 188              		.fpu fpv4-sp-d16
 190              	vPortInitialiseBlocks:
 191              		@ args = 0, pretend = 0, frame = 0
 192              		@ frame_needed = 0, uses_anonymous_args = 0
 193              		@ link register save eliminated.
 194 0000 7047     		bx	lr
 196 0002 00BF     		.section	.bss.ucHeap,"aw",%nobits
 197              		.align	2
 200              	ucHeap:
 201 0000 00000000 		.space	25600
 201      00000000 
 201      00000000 
 201      00000000 
 201      00000000 
 202              		.section	.bss.xEnd,"aw",%nobits
 203              		.align	2
 204              		.set	.LANCHOR2,. + 0
 207              	xEnd:
 208 0000 00000000 		.space	8
 208      00000000 
 209              		.section	.bss.xHeapHasBeenInitialised.6535,"aw",%nobits
 210              		.align	2
 211              		.set	.LANCHOR1,. + 0
 214              	xHeapHasBeenInitialised.6535:
 215 0000 00000000 		.space	4
 216              		.section	.bss.xStart,"aw",%nobits
 217              		.align	2
 218              		.set	.LANCHOR0,. + 0
 221              	xStart:
 222 0000 00000000 		.space	8
 222      00000000 
 223              		.section	.data.xFreeBytesRemaining,"aw"
 224              		.align	2
 225              		.set	.LANCHOR3,. + 0
 228              	xFreeBytesRemaining:
 229 0000 F8630000 		.word	25592
 230              		.ident	"GCC: (GNU Tools for Arm Embedded Processors 8-2018-q4-major) 8.2.1 20181213 (release) [gcc
ARM GAS  D:\Programs\cygwin64\tmp\ccjqlZMg.s 			page 5


DEFINED SYMBOLS
                            *ABS*:00000000 heap_2.c
D:\Programs\cygwin64\tmp\ccjqlZMg.s:16     .text.pvPortMalloc:00000000 $t
D:\Programs\cygwin64\tmp\ccjqlZMg.s:25     .text.pvPortMalloc:00000000 pvPortMalloc
D:\Programs\cygwin64\tmp\ccjqlZMg.s:111    .text.pvPortMalloc:000000a4 $d
D:\Programs\cygwin64\tmp\ccjqlZMg.s:200    .bss.ucHeap:00000000 ucHeap
D:\Programs\cygwin64\tmp\ccjqlZMg.s:118    .text.vPortFree:00000000 $t
D:\Programs\cygwin64\tmp\ccjqlZMg.s:126    .text.vPortFree:00000000 vPortFree
D:\Programs\cygwin64\tmp\ccjqlZMg.s:157    .text.vPortFree:00000038 $d
D:\Programs\cygwin64\tmp\ccjqlZMg.s:161    .text.xPortGetFreeHeapSize:00000000 $t
D:\Programs\cygwin64\tmp\ccjqlZMg.s:169    .text.xPortGetFreeHeapSize:00000000 xPortGetFreeHeapSize
D:\Programs\cygwin64\tmp\ccjqlZMg.s:179    .text.xPortGetFreeHeapSize:00000008 $d
D:\Programs\cygwin64\tmp\ccjqlZMg.s:182    .text.vPortInitialiseBlocks:00000000 $t
D:\Programs\cygwin64\tmp\ccjqlZMg.s:190    .text.vPortInitialiseBlocks:00000000 vPortInitialiseBlocks
D:\Programs\cygwin64\tmp\ccjqlZMg.s:197    .bss.ucHeap:00000000 $d
D:\Programs\cygwin64\tmp\ccjqlZMg.s:203    .bss.xEnd:00000000 $d
D:\Programs\cygwin64\tmp\ccjqlZMg.s:207    .bss.xEnd:00000000 xEnd
D:\Programs\cygwin64\tmp\ccjqlZMg.s:210    .bss.xHeapHasBeenInitialised.6535:00000000 $d
D:\Programs\cygwin64\tmp\ccjqlZMg.s:214    .bss.xHeapHasBeenInitialised.6535:00000000 xHeapHasBeenInitialised.6535
D:\Programs\cygwin64\tmp\ccjqlZMg.s:217    .bss.xStart:00000000 $d
D:\Programs\cygwin64\tmp\ccjqlZMg.s:221    .bss.xStart:00000000 xStart
D:\Programs\cygwin64\tmp\ccjqlZMg.s:224    .data.xFreeBytesRemaining:00000000 $d
D:\Programs\cygwin64\tmp\ccjqlZMg.s:228    .data.xFreeBytesRemaining:00000000 xFreeBytesRemaining

UNDEFINED SYMBOLS
vTaskSuspendAll
xTaskResumeAll
