ARM GAS  D:\Programs\cygwin64\tmp\ccITD5gF.s 			page 1


   1              		.cpu cortex-m4
   2              		.eabi_attribute 27, 1
   3              		.eabi_attribute 28, 1
   4              		.eabi_attribute 20, 1
   5              		.eabi_attribute 21, 1
   6              		.eabi_attribute 23, 3
   7              		.eabi_attribute 24, 1
   8              		.eabi_attribute 25, 1
   9              		.eabi_attribute 26, 1
  10              		.eabi_attribute 30, 2
  11              		.eabi_attribute 34, 1
  12              		.eabi_attribute 18, 4
  13              		.file	"list.c"
  14              		.text
  15              		.section	.text.vListInitialise,"ax",%progbits
  16              		.align	1
  17              		.p2align 2,,3
  18              		.global	vListInitialise
  19              		.arch armv7e-m
  20              		.syntax unified
  21              		.thumb
  22              		.thumb_func
  23              		.fpu fpv4-sp-d16
  25              	vListInitialise:
  26              		@ args = 0, pretend = 0, frame = 0
  27              		@ frame_needed = 0, uses_anonymous_args = 0
  28              		@ link register save eliminated.
  29 0000 00F10803 		add	r3, r0, #8
  30 0004 4FF0FF31 		mov	r1, #-1
  31 0008 0022     		movs	r2, #0
  32 000a 8160     		str	r1, [r0, #8]
  33 000c 0260     		str	r2, [r0]
  34 000e 4360     		str	r3, [r0, #4]
  35 0010 C0E90333 		strd	r3, r3, [r0, #12]
  36 0014 7047     		bx	lr
  38 0016 00BF     		.section	.text.vListInitialiseItem,"ax",%progbits
  39              		.align	1
  40              		.p2align 2,,3
  41              		.global	vListInitialiseItem
  42              		.syntax unified
  43              		.thumb
  44              		.thumb_func
  45              		.fpu fpv4-sp-d16
  47              	vListInitialiseItem:
  48              		@ args = 0, pretend = 0, frame = 0
  49              		@ frame_needed = 0, uses_anonymous_args = 0
  50              		@ link register save eliminated.
  51 0000 0023     		movs	r3, #0
  52 0002 0361     		str	r3, [r0, #16]
  53 0004 7047     		bx	lr
  55 0006 00BF     		.section	.text.vListInsertEnd,"ax",%progbits
  56              		.align	1
  57              		.p2align 2,,3
  58              		.global	vListInsertEnd
  59              		.syntax unified
  60              		.thumb
  61              		.thumb_func
ARM GAS  D:\Programs\cygwin64\tmp\ccITD5gF.s 			page 2


  62              		.fpu fpv4-sp-d16
  64              	vListInsertEnd:
  65              		@ args = 0, pretend = 0, frame = 0
  66              		@ frame_needed = 0, uses_anonymous_args = 0
  67              		@ link register save eliminated.
  68 0000 4368     		ldr	r3, [r0, #4]
  69 0002 0268     		ldr	r2, [r0]
  70 0004 10B4     		push	{r4}
  71 0006 9C68     		ldr	r4, [r3, #8]
  72 0008 8C60     		str	r4, [r1, #8]
  73 000a 9C68     		ldr	r4, [r3, #8]
  74 000c 4B60     		str	r3, [r1, #4]
  75 000e 0132     		adds	r2, r2, #1
  76 0010 6160     		str	r1, [r4, #4]
  77 0012 9960     		str	r1, [r3, #8]
  78 0014 5DF8044B 		ldr	r4, [sp], #4
  79 0018 0861     		str	r0, [r1, #16]
  80 001a 0260     		str	r2, [r0]
  81 001c 7047     		bx	lr
  83 001e 00BF     		.section	.text.vListInsert,"ax",%progbits
  84              		.align	1
  85              		.p2align 2,,3
  86              		.global	vListInsert
  87              		.syntax unified
  88              		.thumb
  89              		.thumb_func
  90              		.fpu fpv4-sp-d16
  92              	vListInsert:
  93              		@ args = 0, pretend = 0, frame = 0
  94              		@ frame_needed = 0, uses_anonymous_args = 0
  95              		@ link register save eliminated.
  96 0000 30B4     		push	{r4, r5}
  97 0002 0D68     		ldr	r5, [r1]
  98 0004 6B1C     		adds	r3, r5, #1
  99 0006 11D0     		beq	.L12
 100 0008 00F10802 		add	r2, r0, #8
 101 000c 00E0     		b	.L9
 102              	.L10:
 103 000e 1A46     		mov	r2, r3
 104              	.L9:
 105 0010 5368     		ldr	r3, [r2, #4]
 106 0012 1C68     		ldr	r4, [r3]
 107 0014 AC42     		cmp	r4, r5
 108 0016 FAD9     		bls	.L10
 109              	.L8:
 110 0018 0468     		ldr	r4, [r0]
 111 001a 4B60     		str	r3, [r1, #4]
 112 001c 0134     		adds	r4, r4, #1
 113 001e 9960     		str	r1, [r3, #8]
 114 0020 8A60     		str	r2, [r1, #8]
 115 0022 5160     		str	r1, [r2, #4]
 116 0024 0861     		str	r0, [r1, #16]
 117 0026 0460     		str	r4, [r0]
 118 0028 30BC     		pop	{r4, r5}
 119 002a 7047     		bx	lr
 120              	.L12:
 121 002c 0269     		ldr	r2, [r0, #16]
ARM GAS  D:\Programs\cygwin64\tmp\ccITD5gF.s 			page 3


 122 002e 5368     		ldr	r3, [r2, #4]
 123 0030 F2E7     		b	.L8
 125 0032 00BF     		.section	.text.uxListRemove,"ax",%progbits
 126              		.align	1
 127              		.p2align 2,,3
 128              		.global	uxListRemove
 129              		.syntax unified
 130              		.thumb
 131              		.thumb_func
 132              		.fpu fpv4-sp-d16
 134              	uxListRemove:
 135              		@ args = 0, pretend = 0, frame = 0
 136              		@ frame_needed = 0, uses_anonymous_args = 0
 137              		@ link register save eliminated.
 138 0000 0369     		ldr	r3, [r0, #16]
 139 0002 10B4     		push	{r4}
 140 0004 D0E90112 		ldrd	r1, r2, [r0, #4]
 141 0008 5C68     		ldr	r4, [r3, #4]
 142 000a 8A60     		str	r2, [r1, #8]
 143 000c 8442     		cmp	r4, r0
 144 000e 5160     		str	r1, [r2, #4]
 145 0010 08BF     		it	eq
 146 0012 5A60     		streq	r2, [r3, #4]
 147 0014 1A68     		ldr	r2, [r3]
 148 0016 5DF8044B 		ldr	r4, [sp], #4
 149 001a 0021     		movs	r1, #0
 150 001c 013A     		subs	r2, r2, #1
 151 001e 0161     		str	r1, [r0, #16]
 152 0020 1A60     		str	r2, [r3]
 153 0022 1868     		ldr	r0, [r3]
 154 0024 7047     		bx	lr
 156 0026 00BF     		.ident	"GCC: (GNU Tools for Arm Embedded Processors 8-2018-q4-major) 8.2.1 20181213 (release) [gcc
ARM GAS  D:\Programs\cygwin64\tmp\ccITD5gF.s 			page 4


DEFINED SYMBOLS
                            *ABS*:00000000 list.c
D:\Programs\cygwin64\tmp\ccITD5gF.s:16     .text.vListInitialise:00000000 $t
D:\Programs\cygwin64\tmp\ccITD5gF.s:25     .text.vListInitialise:00000000 vListInitialise
D:\Programs\cygwin64\tmp\ccITD5gF.s:39     .text.vListInitialiseItem:00000000 $t
D:\Programs\cygwin64\tmp\ccITD5gF.s:47     .text.vListInitialiseItem:00000000 vListInitialiseItem
D:\Programs\cygwin64\tmp\ccITD5gF.s:56     .text.vListInsertEnd:00000000 $t
D:\Programs\cygwin64\tmp\ccITD5gF.s:64     .text.vListInsertEnd:00000000 vListInsertEnd
D:\Programs\cygwin64\tmp\ccITD5gF.s:84     .text.vListInsert:00000000 $t
D:\Programs\cygwin64\tmp\ccITD5gF.s:92     .text.vListInsert:00000000 vListInsert
D:\Programs\cygwin64\tmp\ccITD5gF.s:126    .text.uxListRemove:00000000 $t
D:\Programs\cygwin64\tmp\ccITD5gF.s:134    .text.uxListRemove:00000000 uxListRemove

NO UNDEFINED SYMBOLS
