ARM GAS  D:\Programs\cygwin64\tmp\cc6OwKNa.s 			page 1


   1              		.cpu cortex-m4
   2              		.eabi_attribute 27, 1
   3              		.eabi_attribute 28, 1
   4              		.eabi_attribute 20, 1
   5              		.eabi_attribute 21, 1
   6              		.eabi_attribute 23, 3
   7              		.eabi_attribute 24, 1
   8              		.eabi_attribute 25, 1
   9              		.eabi_attribute 26, 1
  10              		.eabi_attribute 30, 2
  11              		.eabi_attribute 34, 1
  12              		.eabi_attribute 18, 4
  13              		.file	"main.c"
  14              		.text
  15              		.section	.text.Main_Task,"ax",%progbits
  16              		.align	1
  17              		.p2align 2,,3
  18              		.arch armv7e-m
  19              		.syntax unified
  20              		.thumb
  21              		.thumb_func
  22              		.fpu fpv4-sp-d16
  24              	Main_Task:
  25              		@ args = 0, pretend = 0, frame = 0
  26              		@ frame_needed = 0, uses_anonymous_args = 0
  27 0000 2DE9F043 		push	{r4, r5, r6, r7, r8, r9, lr}
  28 0004 1420     		movs	r0, #20
  29 0006 83B0     		sub	sp, sp, #12
  30 0008 FFF7FEFF 		bl	malloc
  31 000c 0646     		mov	r6, r0
  32 000e FFF7FEFF 		bl	BSP_SDRAM_Init
  33 0012 4FF4A071 		mov	r1, #320
  34 0016 F020     		movs	r0, #240
  35 0018 FFF7FEFF 		bl	BSP_TS_Init
  36 001c FFF7FEFF 		bl	GUI_Init
  37 0020 FFF7FEFF 		bl	GUI_Clear
  38 0024 1A48     		ldr	r0, .L5
  39 0026 1B4D     		ldr	r5, .L5+4
  40 0028 1B4C     		ldr	r4, .L5+8
  41 002a DFF87C90 		ldr	r9, .L5+24
  42 002e FFF7FEFF 		bl	GUI_SetFont
  43 0032 1A4B     		ldr	r3, .L5+12
  44 0034 0193     		str	r3, [sp, #4]
  45 0036 0023     		movs	r3, #0
  46 0038 0093     		str	r3, [sp]
  47 003a 4FF40072 		mov	r2, #512
  48 003e 0123     		movs	r3, #1
  49 0040 1749     		ldr	r1, .L5+16
  50 0042 1848     		ldr	r0, .L5+20
  51 0044 FFF7FEFF 		bl	xTaskCreate
  52 0048 A846     		mov	r8, r5
  53 004a 2746     		mov	r7, r4
  54              	.L2:
  55 004c 4046     		mov	r0, r8
  56 004e FFF7FEFF 		bl	BSP_TS_GetState
  57 0052 AB88     		ldrh	r3, [r5, #4]
  58 0054 6A88     		ldrh	r2, [r5, #2]
ARM GAS  D:\Programs\cygwin64\tmp\cc6OwKNa.s 			page 2


  59 0056 2988     		ldrh	r1, [r5]
  60 0058 2172     		strb	r1, [r4, #8]
  61 005a 3846     		mov	r0, r7
  62 005c 0021     		movs	r1, #0
  63 005e C4E90023 		strd	r2, r3, [r4]
  64 0062 6172     		strb	r1, [r4, #9]
  65 0064 FFF7FEFF 		bl	GUI_TOUCH_StoreStateEx
  66 0068 FFF7FEFF 		bl	GUI_Exec
  67 006c FFF7FEFF 		bl	osGetCPUUsage
  68 0070 4946     		mov	r1, r9
  69 0072 0246     		mov	r2, r0
  70 0074 3046     		mov	r0, r6
  71 0076 FFF7FEFF 		bl	sprintf
  72 007a 3046     		mov	r0, r6
  73 007c 4FF49672 		mov	r2, #300
  74 0080 9621     		movs	r1, #150
  75 0082 FFF7FEFF 		bl	GUI_DispStringAt
  76 0086 1920     		movs	r0, #25
  77 0088 FFF7FEFF 		bl	vTaskDelay
  78 008c DEE7     		b	.L2
  79              	.L6:
  80 008e 00BF     		.align	2
  81              	.L5:
  82 0090 00000000 		.word	GUI_Font20_1
  83 0094 00000000 		.word	.LANCHOR0
  84 0098 00000000 		.word	.LANCHOR1
  85 009c 00000000 		.word	bk_Task_Handle
  86 00a0 00000000 		.word	.LC0
  87 00a4 00000000 		.word	Bk_Task
  88 00a8 00000000 		.word	.LANCHOR2
  90              		.section	.text.USBH_UserProcess,"ax",%progbits
  91              		.align	1
  92              		.p2align 2,,3
  93              		.syntax unified
  94              		.thumb
  95              		.thumb_func
  96              		.fpu fpv4-sp-d16
  98              	USBH_UserProcess:
  99              		@ args = 0, pretend = 0, frame = 0
 100              		@ frame_needed = 0, uses_anonymous_args = 0
 101 0000 0229     		cmp	r1, #2
 102 0002 12D0     		beq	.L8
 103 0004 0529     		cmp	r1, #5
 104 0006 13D1     		bne	.L7
 105 0008 10B5     		push	{r4, lr}
 106 000a 0A4B     		ldr	r3, .L13
 107 000c 0024     		movs	r4, #0
 108 000e 2046     		mov	r0, r4
 109 0010 1C70     		strb	r4, [r3]
 110 0012 FFF7FEFF 		bl	BSP_LED_Off
 111 0016 0120     		movs	r0, #1
 112 0018 FFF7FEFF 		bl	BSP_LED_Off
 113 001c 2246     		mov	r2, r4
 114 001e 2046     		mov	r0, r4
 115 0020 0549     		ldr	r1, .L13+4
 116 0022 BDE81040 		pop	{r4, lr}
 117 0026 FFF7FEBF 		b	f_mount
ARM GAS  D:\Programs\cygwin64\tmp\cc6OwKNa.s 			page 3


 118              	.L8:
 119 002a 024B     		ldr	r3, .L13
 120 002c 0122     		movs	r2, #1
 121 002e 1A70     		strb	r2, [r3]
 122              	.L7:
 123 0030 7047     		bx	lr
 124              	.L14:
 125 0032 00BF     		.align	2
 126              	.L13:
 127 0034 00000000 		.word	.LANCHOR3
 128 0038 00000000 		.word	.LC2
 130              		.section	.text.Bk_Task,"ax",%progbits
 131              		.align	1
 132              		.p2align 2,,3
 133              		.syntax unified
 134              		.thumb
 135              		.thumb_func
 136              		.fpu fpv4-sp-d16
 138              	Bk_Task:
 139              		@ args = 0, pretend = 0, frame = 8
 140              		@ frame_needed = 0, uses_anonymous_args = 0
 141 0000 2DE9F043 		push	{r4, r5, r6, r7, r8, r9, lr}
 142 0004 2149     		ldr	r1, .L21
 143 0006 2248     		ldr	r0, .L21+4
 144 0008 83B0     		sub	sp, sp, #12
 145 000a FFF7FEFF 		bl	FATFS_LinkDriver
 146 000e 10B1     		cbz	r0, .L20
 147 0010 03B0     		add	sp, sp, #12
 148              		@ sp needed
 149 0012 BDE8F083 		pop	{r4, r5, r6, r7, r8, r9, pc}
 150              	.L20:
 151 0016 0246     		mov	r2, r0
 152 0018 1E48     		ldr	r0, .L21+8
 153 001a 1F49     		ldr	r1, .L21+12
 154 001c 1F4D     		ldr	r5, .L21+16
 155 001e 204F     		ldr	r7, .L21+20
 156 0020 DFF86890 		ldr	r9, .L21
 157 0024 DFF88880 		ldr	r8, .L21+36
 158 0028 0646     		mov	r6, r0
 159 002a FFF7FEFF 		bl	USBH_Init
 160 002e 1D49     		ldr	r1, .L21+24
 161 0030 3046     		mov	r0, r6
 162 0032 FFF7FEFF 		bl	USBH_RegisterClass
 163 0036 3046     		mov	r0, r6
 164 0038 FFF7FEFF 		bl	USBH_Start
 165              	.L18:
 166 003c 3046     		mov	r0, r6
 167 003e FFF7FEFF 		bl	USBH_Process
 168 0042 2C78     		ldrb	r4, [r5]	@ zero_extendqisi2
 169 0044 012C     		cmp	r4, #1
 170 0046 1CD1     		bne	.L17
 171 0048 0022     		movs	r2, #0
 172 004a 4946     		mov	r1, r9
 173 004c 4046     		mov	r0, r8
 174 004e FFF7FEFF 		bl	f_mount
 175 0052 2246     		mov	r2, r4
 176 0054 1449     		ldr	r1, .L21+28
ARM GAS  D:\Programs\cygwin64\tmp\cc6OwKNa.s 			page 4


 177 0056 1548     		ldr	r0, .L21+32
 178 0058 FFF7FEFF 		bl	f_open
 179 005c 01AB     		add	r3, sp, #4
 180 005e 6322     		movs	r2, #99
 181 0060 3968     		ldr	r1, [r7]
 182 0062 1248     		ldr	r0, .L21+32
 183 0064 FFF7FEFF 		bl	f_read
 184 0068 1048     		ldr	r0, .L21+32
 185 006a FFF7FEFF 		bl	f_close
 186 006e 0020     		movs	r0, #0
 187 0070 FFF7FEFF 		bl	BSP_LED_On
 188 0074 FFF7FEFF 		bl	GUI_Clear
 189 0078 3868     		ldr	r0, [r7]
 190 007a FFF7FEFF 		bl	GUI_DispString
 191 007e 0023     		movs	r3, #0
 192 0080 2B70     		strb	r3, [r5]
 193              	.L17:
 194 0082 0520     		movs	r0, #5
 195 0084 FFF7FEFF 		bl	vTaskDelay
 196 0088 D8E7     		b	.L18
 197              	.L22:
 198 008a 00BF     		.align	2
 199              	.L21:
 200 008c 00000000 		.word	USBDISKPath
 201 0090 00000000 		.word	USBH_Driver
 202 0094 00000000 		.word	hUSBHost
 203 0098 00000000 		.word	USBH_UserProcess
 204 009c 00000000 		.word	.LANCHOR3
 205 00a0 00000000 		.word	read_buffer
 206 00a4 00000000 		.word	USBH_msc
 207 00a8 00000000 		.word	.LC3
 208 00ac 00000000 		.word	MyFile
 209 00b0 00000000 		.word	USBDISKFatFs
 211              		.section	.text.startup.main,"ax",%progbits
 212              		.align	1
 213              		.p2align 2,,3
 214              		.global	main
 215              		.syntax unified
 216              		.thumb
 217              		.thumb_func
 218              		.fpu fpv4-sp-d16
 220              	main:
 221              		@ Volatile: function does not return.
 222              		@ args = 0, pretend = 0, frame = 88
 223              		@ frame_needed = 0, uses_anonymous_args = 0
 224 0000 80B5     		push	{r7, lr}
 225 0002 98B0     		sub	sp, sp, #96
 226 0004 0024     		movs	r4, #0
 227 0006 FFF7FEFF 		bl	HAL_Init
 228 000a FFF7FEFF 		bl	SystemInit
 229 000e 324B     		ldr	r3, .L26
 230 0010 0394     		str	r4, [sp, #12]
 231 0012 196B     		ldr	r1, [r3, #48]
 232 0014 314A     		ldr	r2, .L26+4
 233 0016 41F48051 		orr	r1, r1, #4096
 234 001a 1963     		str	r1, [r3, #48]
 235 001c 196B     		ldr	r1, [r3, #48]
ARM GAS  D:\Programs\cygwin64\tmp\cc6OwKNa.s 			page 5


 236 001e 01F48051 		and	r1, r1, #4096
 237 0022 0391     		str	r1, [sp, #12]
 238 0024 0399     		ldr	r1, [sp, #12]
 239 0026 0494     		str	r4, [sp, #16]
 240 0028 196C     		ldr	r1, [r3, #64]
 241 002a 41F08051 		orr	r1, r1, #268435456
 242 002e 1964     		str	r1, [r3, #64]
 243 0030 1B6C     		ldr	r3, [r3, #64]
 244 0032 03F08053 		and	r3, r3, #268435456
 245 0036 0493     		str	r3, [sp, #16]
 246 0038 049B     		ldr	r3, [sp, #16]
 247 003a 0594     		str	r4, [sp, #20]
 248 003c 1368     		ldr	r3, [r2]
 249 003e 43F44043 		orr	r3, r3, #49152
 250 0042 1360     		str	r3, [r2]
 251 0044 1368     		ldr	r3, [r2]
 252 0046 03F44043 		and	r3, r3, #49152
 253 004a 0125     		movs	r5, #1
 254 004c 0593     		str	r3, [sp, #20]
 255 004e 4FF48032 		mov	r2, #65536
 256 0052 0223     		movs	r3, #2
 257 0054 4FF48000 		mov	r0, #4194304
 258 0058 0821     		movs	r1, #8
 259 005a 059E     		ldr	r6, [sp, #20]
 260 005c 1293     		str	r3, [sp, #72]
 261 005e CDE90C52 		strd	r5, r2, [sp, #48]
 262 0062 1693     		str	r3, [sp, #88]
 263 0064 4FF4B472 		mov	r2, #360
 264 0068 0723     		movs	r3, #7
 265 006a 1390     		str	r0, [sp, #76]
 266 006c 0F26     		movs	r6, #15
 267 006e 0227     		movs	r7, #2
 268 0070 0CA8     		add	r0, sp, #48
 269 0072 CDE91412 		strd	r1, r2, [sp, #80]
 270 0076 1793     		str	r3, [sp, #92]
 271 0078 FFF7FEFF 		bl	HAL_RCC_OscConfig
 272 007c 0521     		movs	r1, #5
 273 007e 4FF48053 		mov	r3, #4096
 274 0082 CDE90667 		strd	r6, [sp, #24]
 275 0086 06A8     		add	r0, sp, #24
 276 0088 0026     		movs	r6, #0
 277 008a 4FF4A057 		mov	r7, #5120
 278 008e 0A93     		str	r3, [sp, #40]
 279 0090 CDE90867 		strd	r6, [sp, #32]
 280 0094 FFF7FEFF 		bl	HAL_RCC_ClockConfig
 281 0098 114B     		ldr	r3, .L26+8
 282 009a 124A     		ldr	r2, .L26+12
 283 009c 1A60     		str	r2, [r3]
 284 009e 2046     		mov	r0, r4
 285 00a0 FFF7FEFF 		bl	BSP_LED_Init
 286 00a4 2846     		mov	r0, r5
 287 00a6 FFF7FEFF 		bl	BSP_LED_Init
 288 00aa 2146     		mov	r1, r4
 289 00ac 2046     		mov	r0, r4
 290 00ae FFF7FEFF 		bl	BSP_PB_Init
 291 00b2 2946     		mov	r1, r5
 292 00b4 6420     		movs	r0, #100
ARM GAS  D:\Programs\cygwin64\tmp\cc6OwKNa.s 			page 6


 293 00b6 FFF7FEFF 		bl	calloc
 294 00ba 0B49     		ldr	r1, .L26+16
 295 00bc 0B4A     		ldr	r2, .L26+20
 296 00be 0094     		str	r4, [sp]
 297 00c0 2B46     		mov	r3, r5
 298 00c2 0860     		str	r0, [r1]
 299 00c4 0192     		str	r2, [sp, #4]
 300 00c6 0A49     		ldr	r1, .L26+24
 301 00c8 0A48     		ldr	r0, .L26+28
 302 00ca 4FF40062 		mov	r2, #2048
 303 00ce FFF7FEFF 		bl	xTaskCreate
 304 00d2 FFF7FEFF 		bl	vTaskStartScheduler
 305              	.L24:
 306 00d6 FEE7     		b	.L24
 307              	.L27:
 308              		.align	2
 309              	.L26:
 310 00d8 00380240 		.word	1073887232
 311 00dc 00700040 		.word	1073770496
 312 00e0 00000000 		.word	SystemCoreClock
 313 00e4 0095BA0A 		.word	180000000
 314 00e8 00000000 		.word	read_buffer
 315 00ec 00000000 		.word	main_Task_Handle
 316 00f0 00000000 		.word	.LC4
 317 00f4 00000000 		.word	Main_Task
 319              		.global	Appli_state
 320              		.comm	hUSBHost,712,4
 321              		.comm	USBDISKPath,4,4
 322              		.comm	MyFile,560,4
 323              		.comm	USBDISKFatFs,568,4
 324              		.comm	read_buffer,4,4
 325              		.comm	bk_Task_Handle,4,4
 326              		.comm	main_Task_Handle,4,4
 327              		.section	.rodata
 328              		.align	2
 329              		.set	.LANCHOR2,. + 0
 330              	.LC1:
 331 0000 43505520 		.ascii	"CPU : %u%%   \000\000"
 331      3A202575 
 331      25252020 
 331      200000
 332              		.section	.bss.Appli_state,"aw",%nobits
 333              		.set	.LANCHOR3,. + 0
 336              	Appli_state:
 337 0000 00       		.space	1
 338              		.section	.bss.TS_State.19582,"aw",%nobits
 339              		.align	2
 340              		.set	.LANCHOR1,. + 0
 343              	TS_State.19582:
 344 0000 00000000 		.space	12
 344      00000000 
 344      00000000 
 345              		.section	.bss.ts.19583,"aw",%nobits
 346              		.align	2
 347              		.set	.LANCHOR0,. + 0
 350              	ts.19583:
 351 0000 00000000 		.space	8
ARM GAS  D:\Programs\cygwin64\tmp\cc6OwKNa.s 			page 7


 351      00000000 
 352              		.section	.rodata.Bk_Task.str1.4,"aMS",%progbits,1
 353              		.align	2
 354              	.LC3:
 355 0000 6D2E7478 		.ascii	"m.txt\000"
 355      7400
 356              		.section	.rodata.Main_Task.str1.4,"aMS",%progbits,1
 357              		.align	2
 358              	.LC0:
 359 0000 626B5F74 		.ascii	"bk_task\000"
 359      61736B00 
 360              		.section	.rodata.USBH_UserProcess.str1.4,"aMS",%progbits,1
 361              		.align	2
 362              	.LC2:
 363 0000 00       		.ascii	"\000"
 364              		.section	.rodata.main.str1.4,"aMS",%progbits,1
 365              		.align	2
 366              	.LC4:
 367 0000 4D61696E 		.ascii	"Main_Task\000"
 367      5F546173 
 367      6B00
 368              		.ident	"GCC: (GNU Tools for Arm Embedded Processors 8-2018-q4-major) 8.2.1 20181213 (release) [gcc
ARM GAS  D:\Programs\cygwin64\tmp\cc6OwKNa.s 			page 8


DEFINED SYMBOLS
                            *ABS*:00000000 main.c
D:\Programs\cygwin64\tmp\cc6OwKNa.s:16     .text.Main_Task:00000000 $t
D:\Programs\cygwin64\tmp\cc6OwKNa.s:24     .text.Main_Task:00000000 Main_Task
D:\Programs\cygwin64\tmp\cc6OwKNa.s:82     .text.Main_Task:00000090 $d
                            *COM*:00000004 bk_Task_Handle
D:\Programs\cygwin64\tmp\cc6OwKNa.s:138    .text.Bk_Task:00000000 Bk_Task
D:\Programs\cygwin64\tmp\cc6OwKNa.s:91     .text.USBH_UserProcess:00000000 $t
D:\Programs\cygwin64\tmp\cc6OwKNa.s:98     .text.USBH_UserProcess:00000000 USBH_UserProcess
D:\Programs\cygwin64\tmp\cc6OwKNa.s:127    .text.USBH_UserProcess:00000034 $d
D:\Programs\cygwin64\tmp\cc6OwKNa.s:131    .text.Bk_Task:00000000 $t
D:\Programs\cygwin64\tmp\cc6OwKNa.s:200    .text.Bk_Task:0000008c $d
                            *COM*:00000004 USBDISKPath
                            *COM*:000002c8 hUSBHost
                            *COM*:00000004 read_buffer
                            *COM*:00000230 MyFile
                            *COM*:00000238 USBDISKFatFs
D:\Programs\cygwin64\tmp\cc6OwKNa.s:212    .text.startup.main:00000000 $t
D:\Programs\cygwin64\tmp\cc6OwKNa.s:220    .text.startup.main:00000000 main
D:\Programs\cygwin64\tmp\cc6OwKNa.s:310    .text.startup.main:000000d8 $d
                            *COM*:00000004 main_Task_Handle
D:\Programs\cygwin64\tmp\cc6OwKNa.s:336    .bss.Appli_state:00000000 Appli_state
D:\Programs\cygwin64\tmp\cc6OwKNa.s:328    .rodata:00000000 $d
D:\Programs\cygwin64\tmp\cc6OwKNa.s:337    .bss.Appli_state:00000000 $d
D:\Programs\cygwin64\tmp\cc6OwKNa.s:339    .bss.TS_State.19582:00000000 $d
D:\Programs\cygwin64\tmp\cc6OwKNa.s:343    .bss.TS_State.19582:00000000 TS_State.19582
D:\Programs\cygwin64\tmp\cc6OwKNa.s:346    .bss.ts.19583:00000000 $d
D:\Programs\cygwin64\tmp\cc6OwKNa.s:350    .bss.ts.19583:00000000 ts.19583
D:\Programs\cygwin64\tmp\cc6OwKNa.s:353    .rodata.Bk_Task.str1.4:00000000 $d
D:\Programs\cygwin64\tmp\cc6OwKNa.s:357    .rodata.Main_Task.str1.4:00000000 $d
D:\Programs\cygwin64\tmp\cc6OwKNa.s:361    .rodata.USBH_UserProcess.str1.4:00000000 $d
D:\Programs\cygwin64\tmp\cc6OwKNa.s:365    .rodata.main.str1.4:00000000 $d

UNDEFINED SYMBOLS
malloc
BSP_SDRAM_Init
BSP_TS_Init
GUI_Init
GUI_Clear
GUI_SetFont
xTaskCreate
BSP_TS_GetState
GUI_TOUCH_StoreStateEx
GUI_Exec
osGetCPUUsage
sprintf
GUI_DispStringAt
vTaskDelay
GUI_Font20_1
BSP_LED_Off
f_mount
FATFS_LinkDriver
USBH_Init
USBH_RegisterClass
USBH_Start
USBH_Process
f_open
ARM GAS  D:\Programs\cygwin64\tmp\cc6OwKNa.s 			page 9


f_read
f_close
BSP_LED_On
GUI_DispString
USBH_Driver
USBH_msc
HAL_Init
SystemInit
HAL_RCC_OscConfig
HAL_RCC_ClockConfig
BSP_LED_Init
BSP_PB_Init
calloc
vTaskStartScheduler
SystemCoreClock
