ARM GAS  D:\Programs\cygwin64\tmp\ccy56nCk.s 			page 1


   1              		.cpu cortex-m4
   2              		.eabi_attribute 27, 1
   3              		.eabi_attribute 28, 1
   4              		.eabi_attribute 20, 1
   5              		.eabi_attribute 21, 1
   6              		.eabi_attribute 23, 3
   7              		.eabi_attribute 24, 1
   8              		.eabi_attribute 25, 1
   9              		.eabi_attribute 26, 1
  10              		.eabi_attribute 30, 2
  11              		.eabi_attribute 34, 1
  12              		.eabi_attribute 18, 4
  13              		.file	"stm32f4xx_hal_crc.c"
  14              		.text
  15              		.section	.text.HAL_CRC_MspInit,"ax",%progbits
  16              		.align	1
  17              		.p2align 2,,3
  18              		.weak	HAL_CRC_MspInit
  19              		.arch armv7e-m
  20              		.syntax unified
  21              		.thumb
  22              		.thumb_func
  23              		.fpu fpv4-sp-d16
  25              	HAL_CRC_MspInit:
  26              		@ args = 0, pretend = 0, frame = 0
  27              		@ frame_needed = 0, uses_anonymous_args = 0
  28              		@ link register save eliminated.
  29 0000 7047     		bx	lr
  31 0002 00BF     		.section	.text.HAL_CRC_Init,"ax",%progbits
  32              		.align	1
  33              		.p2align 2,,3
  34              		.global	HAL_CRC_Init
  35              		.syntax unified
  36              		.thumb
  37              		.thumb_func
  38              		.fpu fpv4-sp-d16
  40              	HAL_CRC_Init:
  41              		@ args = 0, pretend = 0, frame = 0
  42              		@ frame_needed = 0, uses_anonymous_args = 0
  43 0000 78B1     		cbz	r0, .L6
  44 0002 4379     		ldrb	r3, [r0, #5]	@ zero_extendqisi2
  45 0004 10B5     		push	{r4, lr}
  46 0006 03F0FF02 		and	r2, r3, #255
  47 000a 0446     		mov	r4, r0
  48 000c 2BB1     		cbz	r3, .L11
  49              	.L5:
  50 000e 0222     		movs	r2, #2
  51 0010 0123     		movs	r3, #1
  52 0012 6271     		strb	r2, [r4, #5]
  53 0014 0020     		movs	r0, #0
  54 0016 6371     		strb	r3, [r4, #5]
  55 0018 10BD     		pop	{r4, pc}
  56              	.L11:
  57 001a 0271     		strb	r2, [r0, #4]
  58 001c FFF7FEFF 		bl	HAL_CRC_MspInit
  59 0020 F5E7     		b	.L5
  60              	.L6:
ARM GAS  D:\Programs\cygwin64\tmp\ccy56nCk.s 			page 2


  61 0022 0120     		movs	r0, #1
  62 0024 7047     		bx	lr
  64 0026 00BF     		.section	.text.HAL_CRC_MspDeInit,"ax",%progbits
  65              		.align	1
  66              		.p2align 2,,3
  67              		.weak	HAL_CRC_MspDeInit
  68              		.syntax unified
  69              		.thumb
  70              		.thumb_func
  71              		.fpu fpv4-sp-d16
  73              	HAL_CRC_MspDeInit:
  74              		@ args = 0, pretend = 0, frame = 0
  75              		@ frame_needed = 0, uses_anonymous_args = 0
  76              		@ link register save eliminated.
  77 0000 7047     		bx	lr
  79 0002 00BF     		.section	.text.HAL_CRC_DeInit,"ax",%progbits
  80              		.align	1
  81              		.p2align 2,,3
  82              		.global	HAL_CRC_DeInit
  83              		.syntax unified
  84              		.thumb
  85              		.thumb_func
  86              		.fpu fpv4-sp-d16
  88              	HAL_CRC_DeInit:
  89              		@ args = 0, pretend = 0, frame = 0
  90              		@ frame_needed = 0, uses_anonymous_args = 0
  91 0000 B8B1     		cbz	r0, .L15
  92 0002 38B5     		push	{r3, r4, r5, lr}
  93 0004 4479     		ldrb	r4, [r0, #5]	@ zero_extendqisi2
  94 0006 E4B2     		uxtb	r4, r4
  95 0008 022C     		cmp	r4, #2
  96 000a 0546     		mov	r5, r0
  97 000c 0FD0     		beq	.L16
  98 000e 0368     		ldr	r3, [r0]
  99 0010 0222     		movs	r2, #2
 100 0012 4271     		strb	r2, [r0, #5]
 101 0014 9A68     		ldr	r2, [r3, #8]
 102 0016 42F00102 		orr	r2, r2, #1
 103 001a 0024     		movs	r4, #0
 104 001c 9A60     		str	r2, [r3, #8]
 105 001e 1A79     		ldrb	r2, [r3, #4]	@ zero_extendqisi2
 106 0020 1C71     		strb	r4, [r3, #4]
 107 0022 FFF7FEFF 		bl	HAL_CRC_MspDeInit
 108 0026 6C71     		strb	r4, [r5, #5]
 109 0028 2C71     		strb	r4, [r5, #4]
 110 002a 2046     		mov	r0, r4
 111 002c 38BD     		pop	{r3, r4, r5, pc}
 112              	.L16:
 113 002e 2046     		mov	r0, r4
 114 0030 38BD     		pop	{r3, r4, r5, pc}
 115              	.L15:
 116 0032 0120     		movs	r0, #1
 117 0034 7047     		bx	lr
 119 0036 00BF     		.section	.text.HAL_CRC_Accumulate,"ax",%progbits
 120              		.align	1
 121              		.p2align 2,,3
 122              		.global	HAL_CRC_Accumulate
ARM GAS  D:\Programs\cygwin64\tmp\ccy56nCk.s 			page 3


 123              		.syntax unified
 124              		.thumb
 125              		.thumb_func
 126              		.fpu fpv4-sp-d16
 128              	HAL_CRC_Accumulate:
 129              		@ args = 0, pretend = 0, frame = 0
 130              		@ frame_needed = 0, uses_anonymous_args = 0
 131              		@ link register save eliminated.
 132 0000 0223     		movs	r3, #2
 133 0002 10B4     		push	{r4}
 134 0004 4371     		strb	r3, [r0, #5]
 135 0006 0468     		ldr	r4, [r0]
 136 0008 3AB1     		cbz	r2, .L24
 137 000a 0439     		subs	r1, r1, #4
 138 000c 01EB8202 		add	r2, r1, r2, lsl #2
 139              	.L23:
 140 0010 51F8043F 		ldr	r3, [r1, #4]!
 141 0014 2360     		str	r3, [r4]
 142 0016 9142     		cmp	r1, r2
 143 0018 FAD1     		bne	.L23
 144              	.L24:
 145 001a 2368     		ldr	r3, [r4]
 146 001c 5DF8044B 		ldr	r4, [sp], #4
 147 0020 0122     		movs	r2, #1
 148 0022 4271     		strb	r2, [r0, #5]
 149 0024 1846     		mov	r0, r3
 150 0026 7047     		bx	lr
 152              		.section	.text.HAL_CRC_Calculate,"ax",%progbits
 153              		.align	1
 154              		.p2align 2,,3
 155              		.global	HAL_CRC_Calculate
 156              		.syntax unified
 157              		.thumb
 158              		.thumb_func
 159              		.fpu fpv4-sp-d16
 161              	HAL_CRC_Calculate:
 162              		@ args = 0, pretend = 0, frame = 0
 163              		@ frame_needed = 0, uses_anonymous_args = 0
 164              		@ link register save eliminated.
 165 0000 10B4     		push	{r4}
 166 0002 0446     		mov	r4, r0
 167 0004 0223     		movs	r3, #2
 168 0006 0068     		ldr	r0, [r0]
 169 0008 6371     		strb	r3, [r4, #5]
 170 000a 8368     		ldr	r3, [r0, #8]
 171 000c 43F00103 		orr	r3, r3, #1
 172 0010 8360     		str	r3, [r0, #8]
 173 0012 3AB1     		cbz	r2, .L29
 174 0014 0439     		subs	r1, r1, #4
 175 0016 01EB8202 		add	r2, r1, r2, lsl #2
 176              	.L30:
 177 001a 51F8043F 		ldr	r3, [r1, #4]!
 178 001e 0360     		str	r3, [r0]
 179 0020 9142     		cmp	r1, r2
 180 0022 FAD1     		bne	.L30
 181              	.L29:
 182 0024 0123     		movs	r3, #1
ARM GAS  D:\Programs\cygwin64\tmp\ccy56nCk.s 			page 4


 183 0026 0068     		ldr	r0, [r0]
 184 0028 6371     		strb	r3, [r4, #5]
 185 002a 5DF8044B 		ldr	r4, [sp], #4
 186 002e 7047     		bx	lr
 188              		.section	.text.HAL_CRC_GetState,"ax",%progbits
 189              		.align	1
 190              		.p2align 2,,3
 191              		.global	HAL_CRC_GetState
 192              		.syntax unified
 193              		.thumb
 194              		.thumb_func
 195              		.fpu fpv4-sp-d16
 197              	HAL_CRC_GetState:
 198              		@ args = 0, pretend = 0, frame = 0
 199              		@ frame_needed = 0, uses_anonymous_args = 0
 200              		@ link register save eliminated.
 201 0000 4079     		ldrb	r0, [r0, #5]	@ zero_extendqisi2
 202 0002 7047     		bx	lr
 204              		.ident	"GCC: (GNU Tools for Arm Embedded Processors 8-2018-q4-major) 8.2.1 20181213 (release) [gcc
ARM GAS  D:\Programs\cygwin64\tmp\ccy56nCk.s 			page 5


DEFINED SYMBOLS
                            *ABS*:00000000 stm32f4xx_hal_crc.c
D:\Programs\cygwin64\tmp\ccy56nCk.s:16     .text.HAL_CRC_MspInit:00000000 $t
D:\Programs\cygwin64\tmp\ccy56nCk.s:25     .text.HAL_CRC_MspInit:00000000 HAL_CRC_MspInit
D:\Programs\cygwin64\tmp\ccy56nCk.s:32     .text.HAL_CRC_Init:00000000 $t
D:\Programs\cygwin64\tmp\ccy56nCk.s:40     .text.HAL_CRC_Init:00000000 HAL_CRC_Init
D:\Programs\cygwin64\tmp\ccy56nCk.s:65     .text.HAL_CRC_MspDeInit:00000000 $t
D:\Programs\cygwin64\tmp\ccy56nCk.s:73     .text.HAL_CRC_MspDeInit:00000000 HAL_CRC_MspDeInit
D:\Programs\cygwin64\tmp\ccy56nCk.s:80     .text.HAL_CRC_DeInit:00000000 $t
D:\Programs\cygwin64\tmp\ccy56nCk.s:88     .text.HAL_CRC_DeInit:00000000 HAL_CRC_DeInit
D:\Programs\cygwin64\tmp\ccy56nCk.s:120    .text.HAL_CRC_Accumulate:00000000 $t
D:\Programs\cygwin64\tmp\ccy56nCk.s:128    .text.HAL_CRC_Accumulate:00000000 HAL_CRC_Accumulate
D:\Programs\cygwin64\tmp\ccy56nCk.s:153    .text.HAL_CRC_Calculate:00000000 $t
D:\Programs\cygwin64\tmp\ccy56nCk.s:161    .text.HAL_CRC_Calculate:00000000 HAL_CRC_Calculate
D:\Programs\cygwin64\tmp\ccy56nCk.s:189    .text.HAL_CRC_GetState:00000000 $t
D:\Programs\cygwin64\tmp\ccy56nCk.s:197    .text.HAL_CRC_GetState:00000000 HAL_CRC_GetState

NO UNDEFINED SYMBOLS
