ARM GAS  D:\Programs\cygwin64\tmp\ccSU8YY5.s 			page 1


   1              		.cpu cortex-m4
   2              		.eabi_attribute 27, 1
   3              		.eabi_attribute 28, 1
   4              		.eabi_attribute 20, 1
   5              		.eabi_attribute 21, 1
   6              		.eabi_attribute 23, 3
   7              		.eabi_attribute 24, 1
   8              		.eabi_attribute 25, 1
   9              		.eabi_attribute 26, 1
  10              		.eabi_attribute 30, 2
  11              		.eabi_attribute 34, 1
  12              		.eabi_attribute 18, 4
  13              		.file	"stm32f4xx_hal_dcmi_ex.c"
  14              		.text
  15              		.section	.text.HAL_DCMI_Init,"ax",%progbits
  16              		.align	1
  17              		.p2align 2,,3
  18              		.global	HAL_DCMI_Init
  19              		.arch armv7e-m
  20              		.syntax unified
  21              		.thumb
  22              		.thumb_func
  23              		.fpu fpv4-sp-d16
  25              	HAL_DCMI_Init:
  26              		@ args = 0, pretend = 0, frame = 0
  27              		@ frame_needed = 0, uses_anonymous_args = 0
  28 0000 0028     		cmp	r0, #0
  29 0002 30D0     		beq	.L5
  30 0004 F8B5     		push	{r3, r4, r5, r6, r7, lr}
  31 0006 90F82530 		ldrb	r3, [r0, #37]	@ zero_extendqisi2
  32 000a 0446     		mov	r4, r0
  33 000c 43B3     		cbz	r3, .L11
  34              	.L3:
  35 000e 2268     		ldr	r2, [r4]
  36 0010 6068     		ldr	r0, [r4, #4]
  37 0012 A768     		ldr	r7, [r4, #8]
  38 0014 0223     		movs	r3, #2
  39 0016 84F82530 		strb	r3, [r4, #37]
  40 001a D4E90365 		ldrd	r6, r5, [r4, #12]
  41 001e 6369     		ldr	r3, [r4, #20]
  42 0020 1168     		ldr	r1, [r2]
  43 0022 0343     		orrs	r3, r3, r0
  44 0024 3343     		orrs	r3, r3, r6
  45 0026 21F47F61 		bic	r1, r1, #4080
  46 002a A669     		ldr	r6, [r4, #24]
  47 002c 21F00801 		bic	r1, r1, #8
  48 0030 2B43     		orrs	r3, r3, r5
  49 0032 1160     		str	r1, [r2]
  50 0034 256A     		ldr	r5, [r4, #32]
  51 0036 1168     		ldr	r1, [r2]
  52 0038 3B43     		orrs	r3, r3, r7
  53 003a 3343     		orrs	r3, r3, r6
  54 003c 2B43     		orrs	r3, r3, r5
  55 003e 0B43     		orrs	r3, r3, r1
  56 0040 1360     		str	r3, [r2]
  57 0042 1028     		cmp	r0, #16
  58 0044 04BF     		itt	eq
ARM GAS  D:\Programs\cygwin64\tmp\ccSU8YY5.s 			page 2


  59 0046 E369     		ldreq	r3, [r4, #28]
  60 0048 9361     		streq	r3, [r2, #24]
  61 004a D368     		ldr	r3, [r2, #12]
  62 004c 0021     		movs	r1, #0
  63 004e 43F01E03 		orr	r3, r3, #30
  64 0052 0125     		movs	r5, #1
  65 0054 D360     		str	r3, [r2, #12]
  66 0056 0846     		mov	r0, r1
  67 0058 E163     		str	r1, [r4, #60]
  68 005a 84F82550 		strb	r5, [r4, #37]
  69 005e F8BD     		pop	{r3, r4, r5, r6, r7, pc}
  70              	.L11:
  71 0060 FFF7FEFF 		bl	HAL_DCMI_MspInit
  72 0064 D3E7     		b	.L3
  73              	.L5:
  74 0066 0120     		movs	r0, #1
  75 0068 7047     		bx	lr
  77 006a 00BF     		.ident	"GCC: (GNU Tools for Arm Embedded Processors 8-2018-q4-major) 8.2.1 20181213 (release) [gcc
ARM GAS  D:\Programs\cygwin64\tmp\ccSU8YY5.s 			page 3


DEFINED SYMBOLS
                            *ABS*:00000000 stm32f4xx_hal_dcmi_ex.c
D:\Programs\cygwin64\tmp\ccSU8YY5.s:16     .text.HAL_DCMI_Init:00000000 $t
D:\Programs\cygwin64\tmp\ccSU8YY5.s:25     .text.HAL_DCMI_Init:00000000 HAL_DCMI_Init

UNDEFINED SYMBOLS
HAL_DCMI_MspInit
