ARM GAS  D:\Programs\cygwin64\tmp\ccDG3O25.s 			page 1


   1              		.cpu cortex-m4
   2              		.eabi_attribute 27, 1
   3              		.eabi_attribute 28, 1
   4              		.eabi_attribute 20, 1
   5              		.eabi_attribute 21, 1
   6              		.eabi_attribute 23, 3
   7              		.eabi_attribute 24, 1
   8              		.eabi_attribute 25, 1
   9              		.eabi_attribute 26, 1
  10              		.eabi_attribute 30, 2
  11              		.eabi_attribute 34, 1
  12              		.eabi_attribute 18, 4
  13              		.file	"stm32f4xx_hal.c"
  14              		.text
  15              		.section	.text.HAL_MspInit,"ax",%progbits
  16              		.align	1
  17              		.p2align 2,,3
  18              		.weak	HAL_MspInit
  19              		.arch armv7e-m
  20              		.syntax unified
  21              		.thumb
  22              		.thumb_func
  23              		.fpu fpv4-sp-d16
  25              	HAL_MspInit:
  26              		@ args = 0, pretend = 0, frame = 0
  27              		@ frame_needed = 0, uses_anonymous_args = 0
  28              		@ link register save eliminated.
  29 0000 7047     		bx	lr
  31 0002 00BF     		.section	.text.HAL_MspDeInit,"ax",%progbits
  32              		.align	1
  33              		.p2align 2,,3
  34              		.weak	HAL_MspDeInit
  35              		.syntax unified
  36              		.thumb
  37              		.thumb_func
  38              		.fpu fpv4-sp-d16
  40              	HAL_MspDeInit:
  41              		@ args = 0, pretend = 0, frame = 0
  42              		@ frame_needed = 0, uses_anonymous_args = 0
  43              		@ link register save eliminated.
  44 0000 7047     		bx	lr
  46 0002 00BF     		.section	.text.HAL_DeInit,"ax",%progbits
  47              		.align	1
  48              		.p2align 2,,3
  49              		.global	HAL_DeInit
  50              		.syntax unified
  51              		.thumb
  52              		.thumb_func
  53              		.fpu fpv4-sp-d16
  55              	HAL_DeInit:
  56              		@ args = 0, pretend = 0, frame = 0
  57              		@ frame_needed = 0, uses_anonymous_args = 0
  58 0000 10B5     		push	{r4, lr}
  59 0002 094B     		ldr	r3, .L6
  60 0004 4FF0FF32 		mov	r2, #-1
  61 0008 0024     		movs	r4, #0
  62 000a 1A62     		str	r2, [r3, #32]
ARM GAS  D:\Programs\cygwin64\tmp\ccDG3O25.s 			page 2


  63 000c 1C62     		str	r4, [r3, #32]
  64 000e 5A62     		str	r2, [r3, #36]
  65 0010 5C62     		str	r4, [r3, #36]
  66 0012 1A61     		str	r2, [r3, #16]
  67 0014 1C61     		str	r4, [r3, #16]
  68 0016 5A61     		str	r2, [r3, #20]
  69 0018 5C61     		str	r4, [r3, #20]
  70 001a 9A61     		str	r2, [r3, #24]
  71 001c 9C61     		str	r4, [r3, #24]
  72 001e FFF7FEFF 		bl	HAL_MspDeInit
  73 0022 2046     		mov	r0, r4
  74 0024 10BD     		pop	{r4, pc}
  75              	.L7:
  76 0026 00BF     		.align	2
  77              	.L6:
  78 0028 00380240 		.word	1073887232
  80              		.section	.text.HAL_InitTick,"ax",%progbits
  81              		.align	1
  82              		.p2align 2,,3
  83              		.weak	HAL_InitTick
  84              		.syntax unified
  85              		.thumb
  86              		.thumb_func
  87              		.fpu fpv4-sp-d16
  89              	HAL_InitTick:
  90              		@ args = 0, pretend = 0, frame = 0
  91              		@ frame_needed = 0, uses_anonymous_args = 0
  92 0000 38B5     		push	{r3, r4, r5, lr}
  93 0002 0E4A     		ldr	r2, .L14
  94 0004 0E4B     		ldr	r3, .L14+4
  95 0006 1278     		ldrb	r2, [r2]	@ zero_extendqisi2
  96 0008 1B68     		ldr	r3, [r3]
  97 000a 0546     		mov	r5, r0
  98 000c 4FF47A70 		mov	r0, #1000
  99 0010 B0FBF2F0 		udiv	r0, r0, r2
 100 0014 B3FBF0F0 		udiv	r0, r3, r0
 101 0018 FFF7FEFF 		bl	HAL_SYSTICK_Config
 102 001c 08B9     		cbnz	r0, .L11
 103 001e 0F2D     		cmp	r5, #15
 104 0020 01D9     		bls	.L13
 105              	.L11:
 106 0022 0120     		movs	r0, #1
 107 0024 38BD     		pop	{r3, r4, r5, pc}
 108              	.L13:
 109 0026 0446     		mov	r4, r0
 110 0028 0246     		mov	r2, r0
 111 002a 2946     		mov	r1, r5
 112 002c 4FF0FF30 		mov	r0, #-1
 113 0030 FFF7FEFF 		bl	HAL_NVIC_SetPriority
 114 0034 034B     		ldr	r3, .L14+8
 115 0036 2046     		mov	r0, r4
 116 0038 1D60     		str	r5, [r3]
 117 003a 38BD     		pop	{r3, r4, r5, pc}
 118              	.L15:
 119              		.align	2
 120              	.L14:
 121 003c 00000000 		.word	.LANCHOR0
ARM GAS  D:\Programs\cygwin64\tmp\ccDG3O25.s 			page 3


 122 0040 00000000 		.word	SystemCoreClock
 123 0044 00000000 		.word	.LANCHOR1
 125              		.section	.text.HAL_Init,"ax",%progbits
 126              		.align	1
 127              		.p2align 2,,3
 128              		.global	HAL_Init
 129              		.syntax unified
 130              		.thumb
 131              		.thumb_func
 132              		.fpu fpv4-sp-d16
 134              	HAL_Init:
 135              		@ args = 0, pretend = 0, frame = 0
 136              		@ frame_needed = 0, uses_anonymous_args = 0
 137 0000 08B5     		push	{r3, lr}
 138 0002 0B4B     		ldr	r3, .L18
 139 0004 1A68     		ldr	r2, [r3]
 140 0006 42F40072 		orr	r2, r2, #512
 141 000a 1A60     		str	r2, [r3]
 142 000c 1A68     		ldr	r2, [r3]
 143 000e 42F48062 		orr	r2, r2, #1024
 144 0012 1A60     		str	r2, [r3]
 145 0014 1A68     		ldr	r2, [r3]
 146 0016 42F48072 		orr	r2, r2, #256
 147 001a 1A60     		str	r2, [r3]
 148 001c 0320     		movs	r0, #3
 149 001e FFF7FEFF 		bl	HAL_NVIC_SetPriorityGrouping
 150 0022 0F20     		movs	r0, #15
 151 0024 FFF7FEFF 		bl	HAL_InitTick
 152 0028 FFF7FEFF 		bl	HAL_MspInit
 153 002c 0020     		movs	r0, #0
 154 002e 08BD     		pop	{r3, pc}
 155              	.L19:
 156              		.align	2
 157              	.L18:
 158 0030 003C0240 		.word	1073888256
 160              		.section	.text.HAL_IncTick,"ax",%progbits
 161              		.align	1
 162              		.p2align 2,,3
 163              		.weak	HAL_IncTick
 164              		.syntax unified
 165              		.thumb
 166              		.thumb_func
 167              		.fpu fpv4-sp-d16
 169              	HAL_IncTick:
 170              		@ args = 0, pretend = 0, frame = 0
 171              		@ frame_needed = 0, uses_anonymous_args = 0
 172              		@ link register save eliminated.
 173 0000 034A     		ldr	r2, .L21
 174 0002 044B     		ldr	r3, .L21+4
 175 0004 1168     		ldr	r1, [r2]
 176 0006 1B78     		ldrb	r3, [r3]	@ zero_extendqisi2
 177 0008 0B44     		add	r3, r3, r1
 178 000a 1360     		str	r3, [r2]
 179 000c 7047     		bx	lr
 180              	.L22:
 181 000e 00BF     		.align	2
 182              	.L21:
ARM GAS  D:\Programs\cygwin64\tmp\ccDG3O25.s 			page 4


 183 0010 00000000 		.word	uwTick
 184 0014 00000000 		.word	.LANCHOR0
 186              		.section	.text.HAL_GetTick,"ax",%progbits
 187              		.align	1
 188              		.p2align 2,,3
 189              		.weak	HAL_GetTick
 190              		.syntax unified
 191              		.thumb
 192              		.thumb_func
 193              		.fpu fpv4-sp-d16
 195              	HAL_GetTick:
 196              		@ args = 0, pretend = 0, frame = 0
 197              		@ frame_needed = 0, uses_anonymous_args = 0
 198              		@ link register save eliminated.
 199 0000 014B     		ldr	r3, .L24
 200 0002 1868     		ldr	r0, [r3]
 201 0004 7047     		bx	lr
 202              	.L25:
 203 0006 00BF     		.align	2
 204              	.L24:
 205 0008 00000000 		.word	uwTick
 207              		.section	.text.HAL_GetTickPrio,"ax",%progbits
 208              		.align	1
 209              		.p2align 2,,3
 210              		.global	HAL_GetTickPrio
 211              		.syntax unified
 212              		.thumb
 213              		.thumb_func
 214              		.fpu fpv4-sp-d16
 216              	HAL_GetTickPrio:
 217              		@ args = 0, pretend = 0, frame = 0
 218              		@ frame_needed = 0, uses_anonymous_args = 0
 219              		@ link register save eliminated.
 220 0000 014B     		ldr	r3, .L27
 221 0002 1868     		ldr	r0, [r3]
 222 0004 7047     		bx	lr
 223              	.L28:
 224 0006 00BF     		.align	2
 225              	.L27:
 226 0008 00000000 		.word	.LANCHOR1
 228              		.section	.text.HAL_SetTickFreq,"ax",%progbits
 229              		.align	1
 230              		.p2align 2,,3
 231              		.global	HAL_SetTickFreq
 232              		.syntax unified
 233              		.thumb
 234              		.thumb_func
 235              		.fpu fpv4-sp-d16
 237              	HAL_SetTickFreq:
 238              		@ args = 0, pretend = 0, frame = 0
 239              		@ frame_needed = 0, uses_anonymous_args = 0
 240 0000 08B5     		push	{r3, lr}
 241 0002 064B     		ldr	r3, .L34
 242 0004 1A78     		ldrb	r2, [r3]	@ zero_extendqisi2
 243 0006 8242     		cmp	r2, r0
 244 0008 01D1     		bne	.L33
 245 000a 0020     		movs	r0, #0
ARM GAS  D:\Programs\cygwin64\tmp\ccDG3O25.s 			page 5


 246 000c 08BD     		pop	{r3, pc}
 247              	.L33:
 248 000e 044A     		ldr	r2, .L34+4
 249 0010 1870     		strb	r0, [r3]
 250 0012 1068     		ldr	r0, [r2]
 251 0014 FFF7FEFF 		bl	HAL_InitTick
 252 0018 08BD     		pop	{r3, pc}
 253              	.L35:
 254 001a 00BF     		.align	2
 255              	.L34:
 256 001c 00000000 		.word	.LANCHOR0
 257 0020 00000000 		.word	.LANCHOR1
 259              		.section	.text.HAL_GetTickFreq,"ax",%progbits
 260              		.align	1
 261              		.p2align 2,,3
 262              		.global	HAL_GetTickFreq
 263              		.syntax unified
 264              		.thumb
 265              		.thumb_func
 266              		.fpu fpv4-sp-d16
 268              	HAL_GetTickFreq:
 269              		@ args = 0, pretend = 0, frame = 0
 270              		@ frame_needed = 0, uses_anonymous_args = 0
 271              		@ link register save eliminated.
 272 0000 014B     		ldr	r3, .L37
 273 0002 1878     		ldrb	r0, [r3]	@ zero_extendqisi2
 274 0004 7047     		bx	lr
 275              	.L38:
 276 0006 00BF     		.align	2
 277              	.L37:
 278 0008 00000000 		.word	.LANCHOR0
 280              		.section	.text.HAL_Delay,"ax",%progbits
 281              		.align	1
 282              		.p2align 2,,3
 283              		.weak	HAL_Delay
 284              		.syntax unified
 285              		.thumb
 286              		.thumb_func
 287              		.fpu fpv4-sp-d16
 289              	HAL_Delay:
 290              		@ args = 0, pretend = 0, frame = 0
 291              		@ frame_needed = 0, uses_anonymous_args = 0
 292 0000 38B5     		push	{r3, r4, r5, lr}
 293 0002 0446     		mov	r4, r0
 294 0004 FFF7FEFF 		bl	HAL_GetTick
 295 0008 631C     		adds	r3, r4, #1
 296 000a 0546     		mov	r5, r0
 297 000c 02D0     		beq	.L41
 298 000e 044B     		ldr	r3, .L47
 299 0010 1B78     		ldrb	r3, [r3]	@ zero_extendqisi2
 300 0012 1C44     		add	r4, r4, r3
 301              	.L41:
 302 0014 FFF7FEFF 		bl	HAL_GetTick
 303 0018 401B     		subs	r0, r0, r5
 304 001a A042     		cmp	r0, r4
 305 001c FAD3     		bcc	.L41
 306 001e 38BD     		pop	{r3, r4, r5, pc}
ARM GAS  D:\Programs\cygwin64\tmp\ccDG3O25.s 			page 6


 307              	.L48:
 308              		.align	2
 309              	.L47:
 310 0020 00000000 		.word	.LANCHOR0
 312              		.section	.text.HAL_SuspendTick,"ax",%progbits
 313              		.align	1
 314              		.p2align 2,,3
 315              		.weak	HAL_SuspendTick
 316              		.syntax unified
 317              		.thumb
 318              		.thumb_func
 319              		.fpu fpv4-sp-d16
 321              	HAL_SuspendTick:
 322              		@ args = 0, pretend = 0, frame = 0
 323              		@ frame_needed = 0, uses_anonymous_args = 0
 324              		@ link register save eliminated.
 325 0000 024A     		ldr	r2, .L50
 326 0002 1368     		ldr	r3, [r2]
 327 0004 23F00203 		bic	r3, r3, #2
 328 0008 1360     		str	r3, [r2]
 329 000a 7047     		bx	lr
 330              	.L51:
 331              		.align	2
 332              	.L50:
 333 000c 10E000E0 		.word	-536813552
 335              		.section	.text.HAL_ResumeTick,"ax",%progbits
 336              		.align	1
 337              		.p2align 2,,3
 338              		.weak	HAL_ResumeTick
 339              		.syntax unified
 340              		.thumb
 341              		.thumb_func
 342              		.fpu fpv4-sp-d16
 344              	HAL_ResumeTick:
 345              		@ args = 0, pretend = 0, frame = 0
 346              		@ frame_needed = 0, uses_anonymous_args = 0
 347              		@ link register save eliminated.
 348 0000 024A     		ldr	r2, .L53
 349 0002 1368     		ldr	r3, [r2]
 350 0004 43F00203 		orr	r3, r3, #2
 351 0008 1360     		str	r3, [r2]
 352 000a 7047     		bx	lr
 353              	.L54:
 354              		.align	2
 355              	.L53:
 356 000c 10E000E0 		.word	-536813552
 358              		.section	.text.HAL_GetHalVersion,"ax",%progbits
 359              		.align	1
 360              		.p2align 2,,3
 361              		.global	HAL_GetHalVersion
 362              		.syntax unified
 363              		.thumb
 364              		.thumb_func
 365              		.fpu fpv4-sp-d16
 367              	HAL_GetHalVersion:
 368              		@ args = 0, pretend = 0, frame = 0
 369              		@ frame_needed = 0, uses_anonymous_args = 0
ARM GAS  D:\Programs\cygwin64\tmp\ccDG3O25.s 			page 7


 370              		@ link register save eliminated.
 371 0000 0048     		ldr	r0, .L56
 372 0002 7047     		bx	lr
 373              	.L57:
 374              		.align	2
 375              	.L56:
 376 0004 00060701 		.word	17237504
 378              		.section	.text.HAL_GetREVID,"ax",%progbits
 379              		.align	1
 380              		.p2align 2,,3
 381              		.global	HAL_GetREVID
 382              		.syntax unified
 383              		.thumb
 384              		.thumb_func
 385              		.fpu fpv4-sp-d16
 387              	HAL_GetREVID:
 388              		@ args = 0, pretend = 0, frame = 0
 389              		@ frame_needed = 0, uses_anonymous_args = 0
 390              		@ link register save eliminated.
 391 0000 014B     		ldr	r3, .L59
 392 0002 1868     		ldr	r0, [r3]
 393 0004 000C     		lsrs	r0, r0, #16
 394 0006 7047     		bx	lr
 395              	.L60:
 396              		.align	2
 397              	.L59:
 398 0008 002004E0 		.word	-536600576
 400              		.section	.text.HAL_GetDEVID,"ax",%progbits
 401              		.align	1
 402              		.p2align 2,,3
 403              		.global	HAL_GetDEVID
 404              		.syntax unified
 405              		.thumb
 406              		.thumb_func
 407              		.fpu fpv4-sp-d16
 409              	HAL_GetDEVID:
 410              		@ args = 0, pretend = 0, frame = 0
 411              		@ frame_needed = 0, uses_anonymous_args = 0
 412              		@ link register save eliminated.
 413 0000 024B     		ldr	r3, .L62
 414 0002 1868     		ldr	r0, [r3]
 415 0004 C0F30B00 		ubfx	r0, r0, #0, #12
 416 0008 7047     		bx	lr
 417              	.L63:
 418 000a 00BF     		.align	2
 419              	.L62:
 420 000c 002004E0 		.word	-536600576
 422              		.section	.text.HAL_DBGMCU_EnableDBGSleepMode,"ax",%progbits
 423              		.align	1
 424              		.p2align 2,,3
 425              		.global	HAL_DBGMCU_EnableDBGSleepMode
 426              		.syntax unified
 427              		.thumb
 428              		.thumb_func
 429              		.fpu fpv4-sp-d16
 431              	HAL_DBGMCU_EnableDBGSleepMode:
 432              		@ args = 0, pretend = 0, frame = 0
ARM GAS  D:\Programs\cygwin64\tmp\ccDG3O25.s 			page 8


 433              		@ frame_needed = 0, uses_anonymous_args = 0
 434              		@ link register save eliminated.
 435 0000 024A     		ldr	r2, .L65
 436 0002 5368     		ldr	r3, [r2, #4]
 437 0004 43F00103 		orr	r3, r3, #1
 438 0008 5360     		str	r3, [r2, #4]
 439 000a 7047     		bx	lr
 440              	.L66:
 441              		.align	2
 442              	.L65:
 443 000c 002004E0 		.word	-536600576
 445              		.section	.text.HAL_DBGMCU_DisableDBGSleepMode,"ax",%progbits
 446              		.align	1
 447              		.p2align 2,,3
 448              		.global	HAL_DBGMCU_DisableDBGSleepMode
 449              		.syntax unified
 450              		.thumb
 451              		.thumb_func
 452              		.fpu fpv4-sp-d16
 454              	HAL_DBGMCU_DisableDBGSleepMode:
 455              		@ args = 0, pretend = 0, frame = 0
 456              		@ frame_needed = 0, uses_anonymous_args = 0
 457              		@ link register save eliminated.
 458 0000 024A     		ldr	r2, .L68
 459 0002 5368     		ldr	r3, [r2, #4]
 460 0004 23F00103 		bic	r3, r3, #1
 461 0008 5360     		str	r3, [r2, #4]
 462 000a 7047     		bx	lr
 463              	.L69:
 464              		.align	2
 465              	.L68:
 466 000c 002004E0 		.word	-536600576
 468              		.section	.text.HAL_DBGMCU_EnableDBGStopMode,"ax",%progbits
 469              		.align	1
 470              		.p2align 2,,3
 471              		.global	HAL_DBGMCU_EnableDBGStopMode
 472              		.syntax unified
 473              		.thumb
 474              		.thumb_func
 475              		.fpu fpv4-sp-d16
 477              	HAL_DBGMCU_EnableDBGStopMode:
 478              		@ args = 0, pretend = 0, frame = 0
 479              		@ frame_needed = 0, uses_anonymous_args = 0
 480              		@ link register save eliminated.
 481 0000 024A     		ldr	r2, .L71
 482 0002 5368     		ldr	r3, [r2, #4]
 483 0004 43F00203 		orr	r3, r3, #2
 484 0008 5360     		str	r3, [r2, #4]
 485 000a 7047     		bx	lr
 486              	.L72:
 487              		.align	2
 488              	.L71:
 489 000c 002004E0 		.word	-536600576
 491              		.section	.text.HAL_DBGMCU_DisableDBGStopMode,"ax",%progbits
 492              		.align	1
 493              		.p2align 2,,3
 494              		.global	HAL_DBGMCU_DisableDBGStopMode
ARM GAS  D:\Programs\cygwin64\tmp\ccDG3O25.s 			page 9


 495              		.syntax unified
 496              		.thumb
 497              		.thumb_func
 498              		.fpu fpv4-sp-d16
 500              	HAL_DBGMCU_DisableDBGStopMode:
 501              		@ args = 0, pretend = 0, frame = 0
 502              		@ frame_needed = 0, uses_anonymous_args = 0
 503              		@ link register save eliminated.
 504 0000 024A     		ldr	r2, .L74
 505 0002 5368     		ldr	r3, [r2, #4]
 506 0004 23F00203 		bic	r3, r3, #2
 507 0008 5360     		str	r3, [r2, #4]
 508 000a 7047     		bx	lr
 509              	.L75:
 510              		.align	2
 511              	.L74:
 512 000c 002004E0 		.word	-536600576
 514              		.section	.text.HAL_DBGMCU_EnableDBGStandbyMode,"ax",%progbits
 515              		.align	1
 516              		.p2align 2,,3
 517              		.global	HAL_DBGMCU_EnableDBGStandbyMode
 518              		.syntax unified
 519              		.thumb
 520              		.thumb_func
 521              		.fpu fpv4-sp-d16
 523              	HAL_DBGMCU_EnableDBGStandbyMode:
 524              		@ args = 0, pretend = 0, frame = 0
 525              		@ frame_needed = 0, uses_anonymous_args = 0
 526              		@ link register save eliminated.
 527 0000 024A     		ldr	r2, .L77
 528 0002 5368     		ldr	r3, [r2, #4]
 529 0004 43F00403 		orr	r3, r3, #4
 530 0008 5360     		str	r3, [r2, #4]
 531 000a 7047     		bx	lr
 532              	.L78:
 533              		.align	2
 534              	.L77:
 535 000c 002004E0 		.word	-536600576
 537              		.section	.text.HAL_DBGMCU_DisableDBGStandbyMode,"ax",%progbits
 538              		.align	1
 539              		.p2align 2,,3
 540              		.global	HAL_DBGMCU_DisableDBGStandbyMode
 541              		.syntax unified
 542              		.thumb
 543              		.thumb_func
 544              		.fpu fpv4-sp-d16
 546              	HAL_DBGMCU_DisableDBGStandbyMode:
 547              		@ args = 0, pretend = 0, frame = 0
 548              		@ frame_needed = 0, uses_anonymous_args = 0
 549              		@ link register save eliminated.
 550 0000 024A     		ldr	r2, .L80
 551 0002 5368     		ldr	r3, [r2, #4]
 552 0004 23F00403 		bic	r3, r3, #4
 553 0008 5360     		str	r3, [r2, #4]
 554 000a 7047     		bx	lr
 555              	.L81:
 556              		.align	2
ARM GAS  D:\Programs\cygwin64\tmp\ccDG3O25.s 			page 10


 557              	.L80:
 558 000c 002004E0 		.word	-536600576
 560              		.section	.text.HAL_EnableCompensationCell,"ax",%progbits
 561              		.align	1
 562              		.p2align 2,,3
 563              		.global	HAL_EnableCompensationCell
 564              		.syntax unified
 565              		.thumb
 566              		.thumb_func
 567              		.fpu fpv4-sp-d16
 569              	HAL_EnableCompensationCell:
 570              		@ args = 0, pretend = 0, frame = 0
 571              		@ frame_needed = 0, uses_anonymous_args = 0
 572              		@ link register save eliminated.
 573 0000 014B     		ldr	r3, .L83
 574 0002 0122     		movs	r2, #1
 575 0004 1A60     		str	r2, [r3]
 576 0006 7047     		bx	lr
 577              	.L84:
 578              		.align	2
 579              	.L83:
 580 0008 00042742 		.word	1109853184
 582              		.section	.text.HAL_DisableCompensationCell,"ax",%progbits
 583              		.align	1
 584              		.p2align 2,,3
 585              		.global	HAL_DisableCompensationCell
 586              		.syntax unified
 587              		.thumb
 588              		.thumb_func
 589              		.fpu fpv4-sp-d16
 591              	HAL_DisableCompensationCell:
 592              		@ args = 0, pretend = 0, frame = 0
 593              		@ frame_needed = 0, uses_anonymous_args = 0
 594              		@ link register save eliminated.
 595 0000 014B     		ldr	r3, .L86
 596 0002 0022     		movs	r2, #0
 597 0004 1A60     		str	r2, [r3]
 598 0006 7047     		bx	lr
 599              	.L87:
 600              		.align	2
 601              	.L86:
 602 0008 00042742 		.word	1109853184
 604              		.section	.text.HAL_GetUIDw0,"ax",%progbits
 605              		.align	1
 606              		.p2align 2,,3
 607              		.global	HAL_GetUIDw0
 608              		.syntax unified
 609              		.thumb
 610              		.thumb_func
 611              		.fpu fpv4-sp-d16
 613              	HAL_GetUIDw0:
 614              		@ args = 0, pretend = 0, frame = 0
 615              		@ frame_needed = 0, uses_anonymous_args = 0
 616              		@ link register save eliminated.
 617 0000 014B     		ldr	r3, .L89
 618 0002 1868     		ldr	r0, [r3]
 619 0004 7047     		bx	lr
ARM GAS  D:\Programs\cygwin64\tmp\ccDG3O25.s 			page 11


 620              	.L90:
 621 0006 00BF     		.align	2
 622              	.L89:
 623 0008 107AFF1F 		.word	536836624
 625              		.section	.text.HAL_GetUIDw1,"ax",%progbits
 626              		.align	1
 627              		.p2align 2,,3
 628              		.global	HAL_GetUIDw1
 629              		.syntax unified
 630              		.thumb
 631              		.thumb_func
 632              		.fpu fpv4-sp-d16
 634              	HAL_GetUIDw1:
 635              		@ args = 0, pretend = 0, frame = 0
 636              		@ frame_needed = 0, uses_anonymous_args = 0
 637              		@ link register save eliminated.
 638 0000 014B     		ldr	r3, .L92
 639 0002 1868     		ldr	r0, [r3]
 640 0004 7047     		bx	lr
 641              	.L93:
 642 0006 00BF     		.align	2
 643              	.L92:
 644 0008 147AFF1F 		.word	536836628
 646              		.section	.text.HAL_GetUIDw2,"ax",%progbits
 647              		.align	1
 648              		.p2align 2,,3
 649              		.global	HAL_GetUIDw2
 650              		.syntax unified
 651              		.thumb
 652              		.thumb_func
 653              		.fpu fpv4-sp-d16
 655              	HAL_GetUIDw2:
 656              		@ args = 0, pretend = 0, frame = 0
 657              		@ frame_needed = 0, uses_anonymous_args = 0
 658              		@ link register save eliminated.
 659 0000 014B     		ldr	r3, .L95
 660 0002 1868     		ldr	r0, [r3]
 661 0004 7047     		bx	lr
 662              	.L96:
 663 0006 00BF     		.align	2
 664              	.L95:
 665 0008 187AFF1F 		.word	536836632
 667              		.section	.text.HAL_EnableMemorySwappingBank,"ax",%progbits
 668              		.align	1
 669              		.p2align 2,,3
 670              		.global	HAL_EnableMemorySwappingBank
 671              		.syntax unified
 672              		.thumb
 673              		.thumb_func
 674              		.fpu fpv4-sp-d16
 676              	HAL_EnableMemorySwappingBank:
 677              		@ args = 0, pretend = 0, frame = 0
 678              		@ frame_needed = 0, uses_anonymous_args = 0
 679              		@ link register save eliminated.
 680 0000 014B     		ldr	r3, .L98
 681 0002 0122     		movs	r2, #1
 682 0004 1A60     		str	r2, [r3]
ARM GAS  D:\Programs\cygwin64\tmp\ccDG3O25.s 			page 12


 683 0006 7047     		bx	lr
 684              	.L99:
 685              		.align	2
 686              	.L98:
 687 0008 20002742 		.word	1109852192
 689              		.section	.text.HAL_DisableMemorySwappingBank,"ax",%progbits
 690              		.align	1
 691              		.p2align 2,,3
 692              		.global	HAL_DisableMemorySwappingBank
 693              		.syntax unified
 694              		.thumb
 695              		.thumb_func
 696              		.fpu fpv4-sp-d16
 698              	HAL_DisableMemorySwappingBank:
 699              		@ args = 0, pretend = 0, frame = 0
 700              		@ frame_needed = 0, uses_anonymous_args = 0
 701              		@ link register save eliminated.
 702 0000 014B     		ldr	r3, .L101
 703 0002 0022     		movs	r2, #0
 704 0004 1A60     		str	r2, [r3]
 705 0006 7047     		bx	lr
 706              	.L102:
 707              		.align	2
 708              	.L101:
 709 0008 20002742 		.word	1109852192
 711              		.global	uwTickFreq
 712              		.global	uwTickPrio
 713              		.comm	uwTick,4,4
 714              		.section	.data.uwTickFreq,"aw"
 715              		.set	.LANCHOR0,. + 0
 718              	uwTickFreq:
 719 0000 01       		.byte	1
 720              		.section	.data.uwTickPrio,"aw"
 721              		.align	2
 722              		.set	.LANCHOR1,. + 0
 725              	uwTickPrio:
 726 0000 10000000 		.word	16
 727              		.ident	"GCC: (GNU Tools for Arm Embedded Processors 8-2018-q4-major) 8.2.1 20181213 (release) [gcc
ARM GAS  D:\Programs\cygwin64\tmp\ccDG3O25.s 			page 13


DEFINED SYMBOLS
                            *ABS*:00000000 stm32f4xx_hal.c
D:\Programs\cygwin64\tmp\ccDG3O25.s:16     .text.HAL_MspInit:00000000 $t
D:\Programs\cygwin64\tmp\ccDG3O25.s:25     .text.HAL_MspInit:00000000 HAL_MspInit
D:\Programs\cygwin64\tmp\ccDG3O25.s:32     .text.HAL_MspDeInit:00000000 $t
D:\Programs\cygwin64\tmp\ccDG3O25.s:40     .text.HAL_MspDeInit:00000000 HAL_MspDeInit
D:\Programs\cygwin64\tmp\ccDG3O25.s:47     .text.HAL_DeInit:00000000 $t
D:\Programs\cygwin64\tmp\ccDG3O25.s:55     .text.HAL_DeInit:00000000 HAL_DeInit
D:\Programs\cygwin64\tmp\ccDG3O25.s:78     .text.HAL_DeInit:00000028 $d
D:\Programs\cygwin64\tmp\ccDG3O25.s:81     .text.HAL_InitTick:00000000 $t
D:\Programs\cygwin64\tmp\ccDG3O25.s:89     .text.HAL_InitTick:00000000 HAL_InitTick
D:\Programs\cygwin64\tmp\ccDG3O25.s:121    .text.HAL_InitTick:0000003c $d
D:\Programs\cygwin64\tmp\ccDG3O25.s:126    .text.HAL_Init:00000000 $t
D:\Programs\cygwin64\tmp\ccDG3O25.s:134    .text.HAL_Init:00000000 HAL_Init
D:\Programs\cygwin64\tmp\ccDG3O25.s:158    .text.HAL_Init:00000030 $d
D:\Programs\cygwin64\tmp\ccDG3O25.s:161    .text.HAL_IncTick:00000000 $t
D:\Programs\cygwin64\tmp\ccDG3O25.s:169    .text.HAL_IncTick:00000000 HAL_IncTick
D:\Programs\cygwin64\tmp\ccDG3O25.s:183    .text.HAL_IncTick:00000010 $d
                            *COM*:00000004 uwTick
D:\Programs\cygwin64\tmp\ccDG3O25.s:187    .text.HAL_GetTick:00000000 $t
D:\Programs\cygwin64\tmp\ccDG3O25.s:195    .text.HAL_GetTick:00000000 HAL_GetTick
D:\Programs\cygwin64\tmp\ccDG3O25.s:205    .text.HAL_GetTick:00000008 $d
D:\Programs\cygwin64\tmp\ccDG3O25.s:208    .text.HAL_GetTickPrio:00000000 $t
D:\Programs\cygwin64\tmp\ccDG3O25.s:216    .text.HAL_GetTickPrio:00000000 HAL_GetTickPrio
D:\Programs\cygwin64\tmp\ccDG3O25.s:226    .text.HAL_GetTickPrio:00000008 $d
D:\Programs\cygwin64\tmp\ccDG3O25.s:229    .text.HAL_SetTickFreq:00000000 $t
D:\Programs\cygwin64\tmp\ccDG3O25.s:237    .text.HAL_SetTickFreq:00000000 HAL_SetTickFreq
D:\Programs\cygwin64\tmp\ccDG3O25.s:256    .text.HAL_SetTickFreq:0000001c $d
D:\Programs\cygwin64\tmp\ccDG3O25.s:260    .text.HAL_GetTickFreq:00000000 $t
D:\Programs\cygwin64\tmp\ccDG3O25.s:268    .text.HAL_GetTickFreq:00000000 HAL_GetTickFreq
D:\Programs\cygwin64\tmp\ccDG3O25.s:278    .text.HAL_GetTickFreq:00000008 $d
D:\Programs\cygwin64\tmp\ccDG3O25.s:281    .text.HAL_Delay:00000000 $t
D:\Programs\cygwin64\tmp\ccDG3O25.s:289    .text.HAL_Delay:00000000 HAL_Delay
D:\Programs\cygwin64\tmp\ccDG3O25.s:310    .text.HAL_Delay:00000020 $d
D:\Programs\cygwin64\tmp\ccDG3O25.s:313    .text.HAL_SuspendTick:00000000 $t
D:\Programs\cygwin64\tmp\ccDG3O25.s:321    .text.HAL_SuspendTick:00000000 HAL_SuspendTick
D:\Programs\cygwin64\tmp\ccDG3O25.s:333    .text.HAL_SuspendTick:0000000c $d
D:\Programs\cygwin64\tmp\ccDG3O25.s:336    .text.HAL_ResumeTick:00000000 $t
D:\Programs\cygwin64\tmp\ccDG3O25.s:344    .text.HAL_ResumeTick:00000000 HAL_ResumeTick
D:\Programs\cygwin64\tmp\ccDG3O25.s:356    .text.HAL_ResumeTick:0000000c $d
D:\Programs\cygwin64\tmp\ccDG3O25.s:359    .text.HAL_GetHalVersion:00000000 $t
D:\Programs\cygwin64\tmp\ccDG3O25.s:367    .text.HAL_GetHalVersion:00000000 HAL_GetHalVersion
D:\Programs\cygwin64\tmp\ccDG3O25.s:376    .text.HAL_GetHalVersion:00000004 $d
D:\Programs\cygwin64\tmp\ccDG3O25.s:379    .text.HAL_GetREVID:00000000 $t
D:\Programs\cygwin64\tmp\ccDG3O25.s:387    .text.HAL_GetREVID:00000000 HAL_GetREVID
D:\Programs\cygwin64\tmp\ccDG3O25.s:398    .text.HAL_GetREVID:00000008 $d
D:\Programs\cygwin64\tmp\ccDG3O25.s:401    .text.HAL_GetDEVID:00000000 $t
D:\Programs\cygwin64\tmp\ccDG3O25.s:409    .text.HAL_GetDEVID:00000000 HAL_GetDEVID
D:\Programs\cygwin64\tmp\ccDG3O25.s:420    .text.HAL_GetDEVID:0000000c $d
D:\Programs\cygwin64\tmp\ccDG3O25.s:423    .text.HAL_DBGMCU_EnableDBGSleepMode:00000000 $t
D:\Programs\cygwin64\tmp\ccDG3O25.s:431    .text.HAL_DBGMCU_EnableDBGSleepMode:00000000 HAL_DBGMCU_EnableDBGSleepMode
D:\Programs\cygwin64\tmp\ccDG3O25.s:443    .text.HAL_DBGMCU_EnableDBGSleepMode:0000000c $d
D:\Programs\cygwin64\tmp\ccDG3O25.s:446    .text.HAL_DBGMCU_DisableDBGSleepMode:00000000 $t
D:\Programs\cygwin64\tmp\ccDG3O25.s:454    .text.HAL_DBGMCU_DisableDBGSleepMode:00000000 HAL_DBGMCU_DisableDBGSleepMode
D:\Programs\cygwin64\tmp\ccDG3O25.s:466    .text.HAL_DBGMCU_DisableDBGSleepMode:0000000c $d
D:\Programs\cygwin64\tmp\ccDG3O25.s:469    .text.HAL_DBGMCU_EnableDBGStopMode:00000000 $t
D:\Programs\cygwin64\tmp\ccDG3O25.s:477    .text.HAL_DBGMCU_EnableDBGStopMode:00000000 HAL_DBGMCU_EnableDBGStopMode
ARM GAS  D:\Programs\cygwin64\tmp\ccDG3O25.s 			page 14


D:\Programs\cygwin64\tmp\ccDG3O25.s:489    .text.HAL_DBGMCU_EnableDBGStopMode:0000000c $d
D:\Programs\cygwin64\tmp\ccDG3O25.s:492    .text.HAL_DBGMCU_DisableDBGStopMode:00000000 $t
D:\Programs\cygwin64\tmp\ccDG3O25.s:500    .text.HAL_DBGMCU_DisableDBGStopMode:00000000 HAL_DBGMCU_DisableDBGStopMode
D:\Programs\cygwin64\tmp\ccDG3O25.s:512    .text.HAL_DBGMCU_DisableDBGStopMode:0000000c $d
D:\Programs\cygwin64\tmp\ccDG3O25.s:515    .text.HAL_DBGMCU_EnableDBGStandbyMode:00000000 $t
D:\Programs\cygwin64\tmp\ccDG3O25.s:523    .text.HAL_DBGMCU_EnableDBGStandbyMode:00000000 HAL_DBGMCU_EnableDBGStandbyMode
D:\Programs\cygwin64\tmp\ccDG3O25.s:535    .text.HAL_DBGMCU_EnableDBGStandbyMode:0000000c $d
D:\Programs\cygwin64\tmp\ccDG3O25.s:538    .text.HAL_DBGMCU_DisableDBGStandbyMode:00000000 $t
D:\Programs\cygwin64\tmp\ccDG3O25.s:546    .text.HAL_DBGMCU_DisableDBGStandbyMode:00000000 HAL_DBGMCU_DisableDBGStandbyMode
D:\Programs\cygwin64\tmp\ccDG3O25.s:558    .text.HAL_DBGMCU_DisableDBGStandbyMode:0000000c $d
D:\Programs\cygwin64\tmp\ccDG3O25.s:561    .text.HAL_EnableCompensationCell:00000000 $t
D:\Programs\cygwin64\tmp\ccDG3O25.s:569    .text.HAL_EnableCompensationCell:00000000 HAL_EnableCompensationCell
D:\Programs\cygwin64\tmp\ccDG3O25.s:580    .text.HAL_EnableCompensationCell:00000008 $d
D:\Programs\cygwin64\tmp\ccDG3O25.s:583    .text.HAL_DisableCompensationCell:00000000 $t
D:\Programs\cygwin64\tmp\ccDG3O25.s:591    .text.HAL_DisableCompensationCell:00000000 HAL_DisableCompensationCell
D:\Programs\cygwin64\tmp\ccDG3O25.s:602    .text.HAL_DisableCompensationCell:00000008 $d
D:\Programs\cygwin64\tmp\ccDG3O25.s:605    .text.HAL_GetUIDw0:00000000 $t
D:\Programs\cygwin64\tmp\ccDG3O25.s:613    .text.HAL_GetUIDw0:00000000 HAL_GetUIDw0
D:\Programs\cygwin64\tmp\ccDG3O25.s:623    .text.HAL_GetUIDw0:00000008 $d
D:\Programs\cygwin64\tmp\ccDG3O25.s:626    .text.HAL_GetUIDw1:00000000 $t
D:\Programs\cygwin64\tmp\ccDG3O25.s:634    .text.HAL_GetUIDw1:00000000 HAL_GetUIDw1
D:\Programs\cygwin64\tmp\ccDG3O25.s:644    .text.HAL_GetUIDw1:00000008 $d
D:\Programs\cygwin64\tmp\ccDG3O25.s:647    .text.HAL_GetUIDw2:00000000 $t
D:\Programs\cygwin64\tmp\ccDG3O25.s:655    .text.HAL_GetUIDw2:00000000 HAL_GetUIDw2
D:\Programs\cygwin64\tmp\ccDG3O25.s:665    .text.HAL_GetUIDw2:00000008 $d
D:\Programs\cygwin64\tmp\ccDG3O25.s:668    .text.HAL_EnableMemorySwappingBank:00000000 $t
D:\Programs\cygwin64\tmp\ccDG3O25.s:676    .text.HAL_EnableMemorySwappingBank:00000000 HAL_EnableMemorySwappingBank
D:\Programs\cygwin64\tmp\ccDG3O25.s:687    .text.HAL_EnableMemorySwappingBank:00000008 $d
D:\Programs\cygwin64\tmp\ccDG3O25.s:690    .text.HAL_DisableMemorySwappingBank:00000000 $t
D:\Programs\cygwin64\tmp\ccDG3O25.s:698    .text.HAL_DisableMemorySwappingBank:00000000 HAL_DisableMemorySwappingBank
D:\Programs\cygwin64\tmp\ccDG3O25.s:709    .text.HAL_DisableMemorySwappingBank:00000008 $d
D:\Programs\cygwin64\tmp\ccDG3O25.s:718    .data.uwTickFreq:00000000 uwTickFreq
D:\Programs\cygwin64\tmp\ccDG3O25.s:725    .data.uwTickPrio:00000000 uwTickPrio
D:\Programs\cygwin64\tmp\ccDG3O25.s:721    .data.uwTickPrio:00000000 $d

UNDEFINED SYMBOLS
HAL_SYSTICK_Config
HAL_NVIC_SetPriority
SystemCoreClock
HAL_NVIC_SetPriorityGrouping
