ARM GAS  D:\Programs\cygwin64\tmp\ccTIpSix.s 			page 1


   1              		.cpu cortex-m4
   2              		.eabi_attribute 27, 1
   3              		.eabi_attribute 28, 1
   4              		.eabi_attribute 20, 1
   5              		.eabi_attribute 21, 1
   6              		.eabi_attribute 23, 3
   7              		.eabi_attribute 24, 1
   8              		.eabi_attribute 25, 1
   9              		.eabi_attribute 26, 1
  10              		.eabi_attribute 30, 2
  11              		.eabi_attribute 34, 1
  12              		.eabi_attribute 18, 4
  13              		.file	"stm32f4xx_hal_flash_ex.c"
  14              		.text
  15              		.section	.text.HAL_FLASHEx_Erase_IT,"ax",%progbits
  16              		.align	1
  17              		.p2align 2,,3
  18              		.global	HAL_FLASHEx_Erase_IT
  19              		.arch armv7e-m
  20              		.syntax unified
  21              		.thumb
  22              		.thumb_func
  23              		.fpu fpv4-sp-d16
  25              	HAL_FLASHEx_Erase_IT:
  26              		@ args = 0, pretend = 0, frame = 0
  27              		@ frame_needed = 0, uses_anonymous_args = 0
  28              		@ link register save eliminated.
  29 0000 30B4     		push	{r4, r5}
  30 0002 364C     		ldr	r4, .L18
  31 0004 237E     		ldrb	r3, [r4, #24]	@ zero_extendqisi2
  32 0006 012B     		cmp	r3, #1
  33 0008 64D0     		beq	.L9
  34 000a 354A     		ldr	r2, .L18+4
  35 000c 1369     		ldr	r3, [r2, #16]
  36 000e 43F08073 		orr	r3, r3, #16777216
  37 0012 1361     		str	r3, [r2, #16]
  38 0014 1369     		ldr	r3, [r2, #16]
  39 0016 F321     		movs	r1, #243
  40 0018 43F00073 		orr	r3, r3, #33554432
  41 001c 1361     		str	r3, [r2, #16]
  42 001e D160     		str	r1, [r2, #12]
  43 0020 0168     		ldr	r1, [r0]
  44 0022 0369     		ldr	r3, [r0, #16]
  45 0024 0125     		movs	r5, #1
  46 0026 A942     		cmp	r1, r5
  47 0028 2576     		strb	r5, [r4, #24]
  48 002a 2DD0     		beq	.L15
  49 002c D0E90212 		ldrd	r1, r2, [r0, #8]
  50 0030 DBB2     		uxtb	r3, r3
  51 0032 2570     		strb	r5, [r4]
  52 0034 6260     		str	r2, [r4, #4]
  53 0036 E160     		str	r1, [r4, #12]
  54 0038 2372     		strb	r3, [r4, #8]
  55 003a E3B9     		cbnz	r3, .L16
  56 003c 1A46     		mov	r2, r3
  57              	.L7:
  58 003e 284B     		ldr	r3, .L18+4
ARM GAS  D:\Programs\cygwin64\tmp\ccTIpSix.s 			page 2


  59 0040 1869     		ldr	r0, [r3, #16]
  60 0042 20F44070 		bic	r0, r0, #768
  61 0046 1861     		str	r0, [r3, #16]
  62 0048 1869     		ldr	r0, [r3, #16]
  63 004a 0243     		orrs	r2, r2, r0
  64 004c 1A61     		str	r2, [r3, #16]
  65 004e 1A69     		ldr	r2, [r3, #16]
  66 0050 22F0F802 		bic	r2, r2, #248
  67 0054 1A61     		str	r2, [r3, #16]
  68 0056 1A69     		ldr	r2, [r3, #16]
  69 0058 0B29     		cmp	r1, #11
  70 005a 88BF     		it	hi
  71 005c 0431     		addhi	r1, r1, #4
  72 005e 42EAC102 		orr	r2, r2, r1, lsl #3
  73 0062 42F00202 		orr	r2, r2, #2
  74 0066 1A61     		str	r2, [r3, #16]
  75 0068 1A69     		ldr	r2, [r3, #16]
  76 006a 42F48032 		orr	r2, r2, #65536
  77 006e 0020     		movs	r0, #0
  78 0070 1A61     		str	r2, [r3, #16]
  79 0072 30BC     		pop	{r4, r5}
  80 0074 7047     		bx	lr
  81              	.L16:
  82 0076 012B     		cmp	r3, #1
  83 0078 29D0     		beq	.L11
  84 007a 022B     		cmp	r3, #2
  85 007c 0CBF     		ite	eq
  86 007e 4FF40072 		moveq	r2, #512
  87 0082 4FF44072 		movne	r2, #768
  88 0086 DAE7     		b	.L7
  89              	.L15:
  90 0088 4068     		ldr	r0, [r0, #4]
  91 008a 0221     		movs	r1, #2
  92 008c 2170     		strb	r1, [r4]
  93 008e 2061     		str	r0, [r4, #16]
  94 0090 1169     		ldr	r1, [r2, #16]
  95 0092 21F44071 		bic	r1, r1, #768
  96 0096 1161     		str	r1, [r2, #16]
  97 0098 0328     		cmp	r0, #3
  98 009a 1169     		ldr	r1, [r2, #16]
  99 009c 11D0     		beq	.L17
 100 009e 0128     		cmp	r0, #1
 101 00a0 0CBF     		ite	eq
 102 00a2 41F00401 		orreq	r1, r1, #4
 103 00a6 41F40041 		orrne	r1, r1, #32768
 104 00aa 1161     		str	r1, [r2, #16]
 105              	.L5:
 106 00ac 0C4A     		ldr	r2, .L18+4
 107 00ae 1B02     		lsls	r3, r3, #8
 108 00b0 1169     		ldr	r1, [r2, #16]
 109 00b2 9BB2     		uxth	r3, r3
 110 00b4 0B43     		orrs	r3, r3, r1
 111 00b6 43F48033 		orr	r3, r3, #65536
 112 00ba 0020     		movs	r0, #0
 113 00bc 1361     		str	r3, [r2, #16]
 114 00be 30BC     		pop	{r4, r5}
 115 00c0 7047     		bx	lr
ARM GAS  D:\Programs\cygwin64\tmp\ccTIpSix.s 			page 3


 116              	.L17:
 117 00c2 41F40041 		orr	r1, r1, #32768
 118 00c6 41F00401 		orr	r1, r1, #4
 119 00ca 1161     		str	r1, [r2, #16]
 120 00cc EEE7     		b	.L5
 121              	.L11:
 122 00ce 4FF48072 		mov	r2, #256
 123 00d2 B4E7     		b	.L7
 124              	.L9:
 125 00d4 0220     		movs	r0, #2
 126 00d6 30BC     		pop	{r4, r5}
 127 00d8 7047     		bx	lr
 128              	.L19:
 129 00da 00BF     		.align	2
 130              	.L18:
 131 00dc 00000000 		.word	pFlash
 132 00e0 003C0240 		.word	1073888256
 134              		.section	.text.HAL_FLASHEx_OBProgram,"ax",%progbits
 135              		.align	1
 136              		.p2align 2,,3
 137              		.global	HAL_FLASHEx_OBProgram
 138              		.syntax unified
 139              		.thumb
 140              		.thumb_func
 141              		.fpu fpv4-sp-d16
 143              	HAL_FLASHEx_OBProgram:
 144              		@ args = 0, pretend = 0, frame = 0
 145              		@ frame_needed = 0, uses_anonymous_args = 0
 146 0000 F8B5     		push	{r3, r4, r5, r6, r7, lr}
 147 0002 5B4D     		ldr	r5, .L77
 148 0004 2B7E     		ldrb	r3, [r5, #24]	@ zero_extendqisi2
 149 0006 012B     		cmp	r3, #1
 150 0008 60D0     		beq	.L47
 151 000a 0368     		ldr	r3, [r0]
 152 000c 0446     		mov	r4, r0
 153 000e DE07     		lsls	r6, r3, #31
 154 0010 4FF00100 		mov	r0, #1
 155 0014 2876     		strb	r0, [r5, #24]
 156 0016 12D4     		bmi	.L67
 157              	.L22:
 158 0018 9907     		lsls	r1, r3, #30
 159 001a 2AD4     		bmi	.L68
 160              	.L42:
 161 001c 5A07     		lsls	r2, r3, #29
 162 001e 34D4     		bmi	.L69
 163              	.L44:
 164 0020 1B07     		lsls	r3, r3, #28
 165 0022 09D5     		bpl	.L46
 166 0024 534B     		ldr	r3, .L77+4
 167 0026 227D     		ldrb	r2, [r4, #20]	@ zero_extendqisi2
 168 0028 1978     		ldrb	r1, [r3]	@ zero_extendqisi2
 169 002a 01F0F301 		and	r1, r1, #243
 170 002e 1970     		strb	r1, [r3]
 171 0030 1978     		ldrb	r1, [r3]	@ zero_extendqisi2
 172 0032 0A43     		orrs	r2, r2, r1
 173 0034 1A70     		strb	r2, [r3]
 174 0036 0020     		movs	r0, #0
ARM GAS  D:\Programs\cygwin64\tmp\ccTIpSix.s 			page 4


 175              	.L46:
 176 0038 0023     		movs	r3, #0
 177 003a 2B76     		strb	r3, [r5, #24]
 178 003c F8BD     		pop	{r3, r4, r5, r6, r7, pc}
 179              	.L67:
 180 003e D4E90136 		ldrd	r3, r6, [r4, #4]
 181 0042 8342     		cmp	r3, r0
 182 0044 E768     		ldr	r7, [r4, #12]
 183 0046 4CF25030 		movw	r0, #50000
 184 004a 2ED0     		beq	.L70
 185 004c FFF7FEFF 		bl	FLASH_WaitForLastOperation
 186 0050 60B9     		cbnz	r0, .L64
 187 0052 494B     		ldr	r3, .L77+8
 188 0054 9E42     		cmp	r6, r3
 189 0056 53D0     		beq	.L71
 190 0058 B6F5805F 		cmp	r6, #4096
 191 005c 2368     		ldr	r3, [r4]
 192 005e 6BD2     		bcs	.L72
 193 0060 4649     		ldr	r1, .L77+12
 194 0062 0A88     		ldrh	r2, [r1]
 195 0064 1643     		orrs	r6, r6, r2
 196 0066 B6B2     		uxth	r6, r6
 197 0068 0E80     		strh	r6, [r1]	@ movhi
 198 006a D5E7     		b	.L22
 199              	.L64:
 200 006c 2368     		ldr	r3, [r4]
 201 006e 9907     		lsls	r1, r3, #30
 202 0070 D4D5     		bpl	.L42
 203              	.L68:
 204 0072 4CF25030 		movw	r0, #50000
 205 0076 2669     		ldr	r6, [r4, #16]
 206 0078 FFF7FEFF 		bl	FLASH_WaitForLastOperation
 207 007c 10B9     		cbnz	r0, .L65
 208 007e 404B     		ldr	r3, .L77+16
 209 0080 F6B2     		uxtb	r6, r6
 210 0082 1E70     		strb	r6, [r3]
 211              	.L65:
 212 0084 2368     		ldr	r3, [r4]
 213 0086 5A07     		lsls	r2, r3, #29
 214 0088 CAD5     		bpl	.L44
 215              	.L69:
 216 008a 4CF25030 		movw	r0, #50000
 217 008e 267E     		ldrb	r6, [r4, #24]	@ zero_extendqisi2
 218 0090 FFF7FEFF 		bl	FLASH_WaitForLastOperation
 219 0094 38B9     		cbnz	r0, .L66
 220 0096 374A     		ldr	r2, .L77+4
 221 0098 1378     		ldrb	r3, [r2]	@ zero_extendqisi2
 222 009a 26F01F06 		bic	r6, r6, #31
 223 009e 03F01F03 		and	r3, r3, #31
 224 00a2 1E43     		orrs	r6, r6, r3
 225 00a4 1670     		strb	r6, [r2]
 226              	.L66:
 227 00a6 2368     		ldr	r3, [r4]
 228 00a8 BAE7     		b	.L44
 229              	.L70:
 230 00aa FFF7FEFF 		bl	FLASH_WaitForLastOperation
 231 00ae 0028     		cmp	r0, #0
ARM GAS  D:\Programs\cygwin64\tmp\ccTIpSix.s 			page 5


 232 00b0 DCD1     		bne	.L64
 233 00b2 314B     		ldr	r3, .L77+8
 234 00b4 9E42     		cmp	r6, r3
 235 00b6 0BD0     		beq	.L73
 236 00b8 B6F5805F 		cmp	r6, #4096
 237 00bc 4BD2     		bcs	.L74
 238 00be 2F49     		ldr	r1, .L77+12
 239 00c0 2368     		ldr	r3, [r4]
 240 00c2 0A88     		ldrh	r2, [r1]
 241 00c4 22EA0606 		bic	r6, r2, r6
 242 00c8 0E80     		strh	r6, [r1]	@ movhi
 243 00ca A5E7     		b	.L22
 244              	.L47:
 245 00cc 0220     		movs	r0, #2
 246 00ce F8BD     		pop	{r3, r4, r5, r6, r7, pc}
 247              	.L73:
 248 00d0 27F00203 		bic	r3, r7, #2
 249 00d4 012B     		cmp	r3, #1
 250 00d6 45D0     		beq	.L75
 251 00d8 2A4A     		ldr	r2, .L77+20
 252 00da 1388     		ldrh	r3, [r2]
 253 00dc 03F47043 		and	r3, r3, #61440
 254 00e0 1380     		strh	r3, [r2]	@ movhi
 255              	.L30:
 256 00e2 032F     		cmp	r7, #3
 257 00e4 C2D1     		bne	.L64
 258 00e6 4CF25030 		movw	r0, #50000
 259 00ea FFF7FEFF 		bl	FLASH_WaitForLastOperation
 260 00ee 0028     		cmp	r0, #0
 261 00f0 BCD1     		bne	.L64
 262 00f2 2449     		ldr	r1, .L77+20
 263 00f4 2368     		ldr	r3, [r4]
 264 00f6 0A88     		ldrh	r2, [r1]
 265 00f8 02F47042 		and	r2, r2, #61440
 266 00fc 0A80     		strh	r2, [r1]	@ movhi
 267 00fe 8BE7     		b	.L22
 268              	.L71:
 269 0100 27F00203 		bic	r3, r7, #2
 270 0104 012B     		cmp	r3, #1
 271 0106 1ED0     		beq	.L76
 272 0108 1E4A     		ldr	r2, .L77+20
 273 010a 1388     		ldrh	r3, [r2]
 274 010c 6FEA1333 		mvn	r3, r3, lsr #12
 275 0110 6FEA0333 		mvn	r3, r3, lsl #12
 276 0114 1380     		strh	r3, [r2]	@ movhi
 277              	.L39:
 278 0116 032F     		cmp	r7, #3
 279 0118 A8D1     		bne	.L64
 280 011a 4CF25030 		movw	r0, #50000
 281 011e FFF7FEFF 		bl	FLASH_WaitForLastOperation
 282 0122 0028     		cmp	r0, #0
 283 0124 A2D1     		bne	.L64
 284 0126 1749     		ldr	r1, .L77+20
 285 0128 2368     		ldr	r3, [r4]
 286 012a 0A88     		ldrh	r2, [r1]
 287 012c 6FEA1232 		mvn	r2, r2, lsr #12
 288 0130 6FEA0232 		mvn	r2, r2, lsl #12
ARM GAS  D:\Programs\cygwin64\tmp\ccTIpSix.s 			page 6


 289 0134 0A80     		strh	r2, [r1]	@ movhi
 290 0136 6FE7     		b	.L22
 291              	.L72:
 292 0138 1249     		ldr	r1, .L77+20
 293 013a 0A88     		ldrh	r2, [r1]
 294 013c 42EA1636 		orr	r6, r2, r6, lsr #12
 295 0140 B6B2     		uxth	r6, r6
 296 0142 0E80     		strh	r6, [r1]	@ movhi
 297 0144 68E7     		b	.L22
 298              	.L76:
 299 0146 0D4A     		ldr	r2, .L77+12
 300 0148 1388     		ldrh	r3, [r2]
 301 014a 6FEA1333 		mvn	r3, r3, lsr #12
 302 014e 6FEA0333 		mvn	r3, r3, lsl #12
 303 0152 1380     		strh	r3, [r2]	@ movhi
 304 0154 DFE7     		b	.L39
 305              	.L74:
 306 0156 0B49     		ldr	r1, .L77+20
 307 0158 2368     		ldr	r3, [r4]
 308 015a 0A88     		ldrh	r2, [r1]
 309 015c 22EA1636 		bic	r6, r2, r6, lsr #12
 310 0160 0E80     		strh	r6, [r1]	@ movhi
 311 0162 59E7     		b	.L22
 312              	.L75:
 313 0164 054A     		ldr	r2, .L77+12
 314 0166 1388     		ldrh	r3, [r2]
 315 0168 03F47043 		and	r3, r3, #61440
 316 016c 1380     		strh	r3, [r2]	@ movhi
 317 016e B8E7     		b	.L30
 318              	.L78:
 319              		.align	2
 320              	.L77:
 321 0170 00000000 		.word	pFlash
 322 0174 143C0240 		.word	1073888276
 323 0178 00F0FF00 		.word	16773120
 324 017c 163C0240 		.word	1073888278
 325 0180 153C0240 		.word	1073888277
 326 0184 1A3C0240 		.word	1073888282
 328              		.section	.text.HAL_FLASHEx_OBGetConfig,"ax",%progbits
 329              		.align	1
 330              		.p2align 2,,3
 331              		.global	HAL_FLASHEx_OBGetConfig
 332              		.syntax unified
 333              		.thumb
 334              		.thumb_func
 335              		.fpu fpv4-sp-d16
 337              	HAL_FLASHEx_OBGetConfig:
 338              		@ args = 0, pretend = 0, frame = 0
 339              		@ frame_needed = 0, uses_anonymous_args = 0
 340              		@ link register save eliminated.
 341 0000 0C4B     		ldr	r3, .L83
 342 0002 0D4A     		ldr	r2, .L83+4
 343 0004 1B88     		ldrh	r3, [r3]
 344 0006 8360     		str	r3, [r0, #8]
 345 0008 0F21     		movs	r1, #15
 346 000a 0160     		str	r1, [r0]
 347 000c 1378     		ldrb	r3, [r2]	@ zero_extendqisi2
ARM GAS  D:\Programs\cygwin64\tmp\ccTIpSix.s 			page 7


 348 000e DBB2     		uxtb	r3, r3
 349 0010 CC2B     		cmp	r3, #204
 350 0012 04D0     		beq	.L80
 351 0014 1378     		ldrb	r3, [r2]	@ zero_extendqisi2
 352 0016 AA2B     		cmp	r3, #170
 353 0018 0CBF     		ite	eq
 354 001a AA23     		moveq	r3, #170
 355 001c 5523     		movne	r3, #85
 356              	.L80:
 357 001e 074A     		ldr	r2, .L83+8
 358 0020 0361     		str	r3, [r0, #16]
 359 0022 5369     		ldr	r3, [r2, #20]
 360 0024 23F01F03 		bic	r3, r3, #31
 361 0028 0376     		strb	r3, [r0, #24]
 362 002a 137D     		ldrb	r3, [r2, #20]	@ zero_extendqisi2
 363 002c 03F00C03 		and	r3, r3, #12
 364 0030 4361     		str	r3, [r0, #20]
 365 0032 7047     		bx	lr
 366              	.L84:
 367              		.align	2
 368              	.L83:
 369 0034 163C0240 		.word	1073888278
 370 0038 153C0240 		.word	1073888277
 371 003c 003C0240 		.word	1073888256
 373              		.section	.text.HAL_FLASHEx_AdvOBProgram,"ax",%progbits
 374              		.align	1
 375              		.p2align 2,,3
 376              		.global	HAL_FLASHEx_AdvOBProgram
 377              		.syntax unified
 378              		.thumb
 379              		.thumb_func
 380              		.fpu fpv4-sp-d16
 382              	HAL_FLASHEx_AdvOBProgram:
 383              		@ args = 0, pretend = 0, frame = 0
 384              		@ frame_needed = 0, uses_anonymous_args = 0
 385 0000 F8B5     		push	{r3, r4, r5, r6, r7, lr}
 386 0002 0368     		ldr	r3, [r0]
 387 0004 DA07     		lsls	r2, r3, #31
 388 0006 0446     		mov	r4, r0
 389 0008 15D5     		bpl	.L97
 390 000a 4368     		ldr	r3, [r0, #4]
 391 000c 8689     		ldrh	r6, [r0, #12]
 392 000e C789     		ldrh	r7, [r0, #14]
 393 0010 8568     		ldr	r5, [r0, #8]
 394 0012 012B     		cmp	r3, #1
 395 0014 4CF25030 		movw	r0, #50000
 396 0018 2AD0     		beq	.L103
 397 001a FFF7FEFF 		bl	FLASH_WaitForLastOperation
 398 001e 28BB     		cbnz	r0, .L102
 399 0020 25F00203 		bic	r3, r5, #2
 400 0024 012B     		cmp	r3, #1
 401 0026 1AD0     		beq	.L104
 402              	.L95:
 403 0028 2349     		ldr	r1, .L107
 404 002a 2368     		ldr	r3, [r4]
 405 002c 0A88     		ldrh	r2, [r1]
 406 002e 22EA0707 		bic	r7, r2, r7
ARM GAS  D:\Programs\cygwin64\tmp\ccTIpSix.s 			page 8


 407 0032 0F80     		strh	r7, [r1]	@ movhi
 408 0034 00E0     		b	.L86
 409              	.L97:
 410 0036 0120     		movs	r0, #1
 411              	.L86:
 412 0038 9B07     		lsls	r3, r3, #30
 413 003a 00D4     		bmi	.L105
 414              	.L96:
 415 003c F8BD     		pop	{r3, r4, r5, r6, r7, pc}
 416              	.L105:
 417 003e 4CF25030 		movw	r0, #50000
 418 0042 247C     		ldrb	r4, [r4, #16]	@ zero_extendqisi2
 419 0044 FFF7FEFF 		bl	FLASH_WaitForLastOperation
 420 0048 0028     		cmp	r0, #0
 421 004a F7D1     		bne	.L96
 422 004c 1B4B     		ldr	r3, .L107+4
 423 004e 1A78     		ldrb	r2, [r3]	@ zero_extendqisi2
 424 0050 02F0EF02 		and	r2, r2, #239
 425 0054 1A70     		strb	r2, [r3]
 426 0056 1A78     		ldrb	r2, [r3]	@ zero_extendqisi2
 427 0058 1443     		orrs	r4, r4, r2
 428 005a 1C70     		strb	r4, [r3]
 429 005c F8BD     		pop	{r3, r4, r5, r6, r7, pc}
 430              	.L104:
 431 005e 184A     		ldr	r2, .L107+8
 432 0060 1388     		ldrh	r3, [r2]
 433 0062 032D     		cmp	r5, #3
 434 0064 23EA0606 		bic	r6, r3, r6
 435 0068 1680     		strh	r6, [r2]	@ movhi
 436 006a 0FD0     		beq	.L94
 437              	.L102:
 438 006c 2368     		ldr	r3, [r4]
 439 006e E3E7     		b	.L86
 440              	.L103:
 441 0070 FFF7FEFF 		bl	FLASH_WaitForLastOperation
 442 0074 0028     		cmp	r0, #0
 443 0076 F9D1     		bne	.L102
 444 0078 25F00203 		bic	r3, r5, #2
 445 007c 012B     		cmp	r3, #1
 446 007e 0CD0     		beq	.L106
 447              	.L91:
 448 0080 0D49     		ldr	r1, .L107
 449 0082 2368     		ldr	r3, [r4]
 450 0084 0A88     		ldrh	r2, [r1]
 451 0086 1743     		orrs	r7, r7, r2
 452 0088 0F80     		strh	r7, [r1]	@ movhi
 453 008a D5E7     		b	.L86
 454              	.L94:
 455 008c 4CF25030 		movw	r0, #50000
 456 0090 FFF7FEFF 		bl	FLASH_WaitForLastOperation
 457 0094 0028     		cmp	r0, #0
 458 0096 C7D0     		beq	.L95
 459 0098 E8E7     		b	.L102
 460              	.L106:
 461 009a 094A     		ldr	r2, .L107+8
 462 009c 1388     		ldrh	r3, [r2]
 463 009e 032D     		cmp	r5, #3
ARM GAS  D:\Programs\cygwin64\tmp\ccTIpSix.s 			page 9


 464 00a0 46EA0306 		orr	r6, r6, r3
 465 00a4 1680     		strh	r6, [r2]	@ movhi
 466 00a6 E1D1     		bne	.L102
 467 00a8 4CF25030 		movw	r0, #50000
 468 00ac FFF7FEFF 		bl	FLASH_WaitForLastOperation
 469 00b0 0028     		cmp	r0, #0
 470 00b2 E5D0     		beq	.L91
 471 00b4 DAE7     		b	.L102
 472              	.L108:
 473 00b6 00BF     		.align	2
 474              	.L107:
 475 00b8 1A3C0240 		.word	1073888282
 476 00bc 143C0240 		.word	1073888276
 477 00c0 163C0240 		.word	1073888278
 479              		.section	.text.HAL_FLASHEx_AdvOBGetConfig,"ax",%progbits
 480              		.align	1
 481              		.p2align 2,,3
 482              		.global	HAL_FLASHEx_AdvOBGetConfig
 483              		.syntax unified
 484              		.thumb
 485              		.thumb_func
 486              		.fpu fpv4-sp-d16
 488              	HAL_FLASHEx_AdvOBGetConfig:
 489              		@ args = 0, pretend = 0, frame = 0
 490              		@ frame_needed = 0, uses_anonymous_args = 0
 491              		@ link register save eliminated.
 492 0000 044B     		ldr	r3, .L110
 493 0002 054A     		ldr	r2, .L110+4
 494 0004 1988     		ldrh	r1, [r3]
 495 0006 8181     		strh	r1, [r0, #12]	@ movhi
 496 0008 1288     		ldrh	r2, [r2]
 497 000a C281     		strh	r2, [r0, #14]	@ movhi
 498 000c 023B     		subs	r3, r3, #2
 499 000e 1B78     		ldrb	r3, [r3]	@ zero_extendqisi2
 500 0010 0374     		strb	r3, [r0, #16]
 501 0012 7047     		bx	lr
 502              	.L111:
 503              		.align	2
 504              	.L110:
 505 0014 163C0240 		.word	1073888278
 506 0018 1A3C0240 		.word	1073888282
 508              		.section	.text.HAL_FLASHEx_OB_SelectPCROP,"ax",%progbits
 509              		.align	1
 510              		.p2align 2,,3
 511              		.global	HAL_FLASHEx_OB_SelectPCROP
 512              		.syntax unified
 513              		.thumb
 514              		.thumb_func
 515              		.fpu fpv4-sp-d16
 517              	HAL_FLASHEx_OB_SelectPCROP:
 518              		@ args = 0, pretend = 0, frame = 0
 519              		@ frame_needed = 0, uses_anonymous_args = 0
 520              		@ link register save eliminated.
 521 0000 034A     		ldr	r2, .L113
 522 0002 1378     		ldrb	r3, [r2]	@ zero_extendqisi2
 523 0004 43F08003 		orr	r3, r3, #128
 524 0008 1370     		strb	r3, [r2]
ARM GAS  D:\Programs\cygwin64\tmp\ccTIpSix.s 			page 10


 525 000a 0020     		movs	r0, #0
 526 000c 7047     		bx	lr
 527              	.L114:
 528 000e 00BF     		.align	2
 529              	.L113:
 530 0010 173C0240 		.word	1073888279
 532              		.section	.text.HAL_FLASHEx_OB_DeSelectPCROP,"ax",%progbits
 533              		.align	1
 534              		.p2align 2,,3
 535              		.global	HAL_FLASHEx_OB_DeSelectPCROP
 536              		.syntax unified
 537              		.thumb
 538              		.thumb_func
 539              		.fpu fpv4-sp-d16
 541              	HAL_FLASHEx_OB_DeSelectPCROP:
 542              		@ args = 0, pretend = 0, frame = 0
 543              		@ frame_needed = 0, uses_anonymous_args = 0
 544              		@ link register save eliminated.
 545 0000 034A     		ldr	r2, .L116
 546 0002 1378     		ldrb	r3, [r2]	@ zero_extendqisi2
 547 0004 03F07F03 		and	r3, r3, #127
 548 0008 1370     		strb	r3, [r2]
 549 000a 0020     		movs	r0, #0
 550 000c 7047     		bx	lr
 551              	.L117:
 552 000e 00BF     		.align	2
 553              	.L116:
 554 0010 173C0240 		.word	1073888279
 556              		.section	.text.HAL_FLASHEx_OB_GetBank2WRP,"ax",%progbits
 557              		.align	1
 558              		.p2align 2,,3
 559              		.global	HAL_FLASHEx_OB_GetBank2WRP
 560              		.syntax unified
 561              		.thumb
 562              		.thumb_func
 563              		.fpu fpv4-sp-d16
 565              	HAL_FLASHEx_OB_GetBank2WRP:
 566              		@ args = 0, pretend = 0, frame = 0
 567              		@ frame_needed = 0, uses_anonymous_args = 0
 568              		@ link register save eliminated.
 569 0000 014B     		ldr	r3, .L119
 570 0002 1888     		ldrh	r0, [r3]
 571 0004 7047     		bx	lr
 572              	.L120:
 573 0006 00BF     		.align	2
 574              	.L119:
 575 0008 1A3C0240 		.word	1073888282
 577              		.section	.text.FLASH_Erase_Sector,"ax",%progbits
 578              		.align	1
 579              		.p2align 2,,3
 580              		.global	FLASH_Erase_Sector
 581              		.syntax unified
 582              		.thumb
 583              		.thumb_func
 584              		.fpu fpv4-sp-d16
 586              	FLASH_Erase_Sector:
 587              		@ args = 0, pretend = 0, frame = 0
ARM GAS  D:\Programs\cygwin64\tmp\ccTIpSix.s 			page 11


 588              		@ frame_needed = 0, uses_anonymous_args = 0
 589              		@ link register save eliminated.
 590 0000 39B1     		cbz	r1, .L122
 591 0002 0129     		cmp	r1, #1
 592 0004 1FD0     		beq	.L125
 593 0006 0229     		cmp	r1, #2
 594 0008 0CBF     		ite	eq
 595 000a 4FF40071 		moveq	r1, #512
 596 000e 4FF44071 		movne	r1, #768
 597              	.L122:
 598 0012 0E4B     		ldr	r3, .L127
 599 0014 1A69     		ldr	r2, [r3, #16]
 600 0016 22F44072 		bic	r2, r2, #768
 601 001a 1A61     		str	r2, [r3, #16]
 602 001c 1A69     		ldr	r2, [r3, #16]
 603 001e 1143     		orrs	r1, r1, r2
 604 0020 1961     		str	r1, [r3, #16]
 605 0022 1A69     		ldr	r2, [r3, #16]
 606 0024 22F0F802 		bic	r2, r2, #248
 607 0028 1A61     		str	r2, [r3, #16]
 608 002a 1A69     		ldr	r2, [r3, #16]
 609 002c 0B28     		cmp	r0, #11
 610 002e 88BF     		it	hi
 611 0030 0430     		addhi	r0, r0, #4
 612 0032 42EAC002 		orr	r2, r2, r0, lsl #3
 613 0036 42F00202 		orr	r2, r2, #2
 614 003a 1A61     		str	r2, [r3, #16]
 615 003c 1A69     		ldr	r2, [r3, #16]
 616 003e 42F48032 		orr	r2, r2, #65536
 617 0042 1A61     		str	r2, [r3, #16]
 618 0044 7047     		bx	lr
 619              	.L125:
 620 0046 4FF48071 		mov	r1, #256
 621 004a E2E7     		b	.L122
 622              	.L128:
 623              		.align	2
 624              	.L127:
 625 004c 003C0240 		.word	1073888256
 627              		.section	.text.FLASH_FlushCaches,"ax",%progbits
 628              		.align	1
 629              		.p2align 2,,3
 630              		.global	FLASH_FlushCaches
 631              		.syntax unified
 632              		.thumb
 633              		.thumb_func
 634              		.fpu fpv4-sp-d16
 636              	FLASH_FlushCaches:
 637              		@ args = 0, pretend = 0, frame = 0
 638              		@ frame_needed = 0, uses_anonymous_args = 0
 639              		@ link register save eliminated.
 640 0000 144B     		ldr	r3, .L138
 641 0002 1A68     		ldr	r2, [r3]
 642 0004 9105     		lsls	r1, r2, #22
 643 0006 0FD5     		bpl	.L130
 644 0008 1A68     		ldr	r2, [r3]
 645 000a 22F40072 		bic	r2, r2, #512
 646 000e 1A60     		str	r2, [r3]
ARM GAS  D:\Programs\cygwin64\tmp\ccTIpSix.s 			page 12


 647 0010 1A68     		ldr	r2, [r3]
 648 0012 42F40062 		orr	r2, r2, #2048
 649 0016 1A60     		str	r2, [r3]
 650 0018 1A68     		ldr	r2, [r3]
 651 001a 22F40062 		bic	r2, r2, #2048
 652 001e 1A60     		str	r2, [r3]
 653 0020 1A68     		ldr	r2, [r3]
 654 0022 42F40072 		orr	r2, r2, #512
 655 0026 1A60     		str	r2, [r3]
 656              	.L130:
 657 0028 0A4B     		ldr	r3, .L138
 658 002a 1A68     		ldr	r2, [r3]
 659 002c 5205     		lsls	r2, r2, #21
 660 002e 0FD5     		bpl	.L129
 661 0030 1A68     		ldr	r2, [r3]
 662 0032 22F48062 		bic	r2, r2, #1024
 663 0036 1A60     		str	r2, [r3]
 664 0038 1A68     		ldr	r2, [r3]
 665 003a 42F48052 		orr	r2, r2, #4096
 666 003e 1A60     		str	r2, [r3]
 667 0040 1A68     		ldr	r2, [r3]
 668 0042 22F48052 		bic	r2, r2, #4096
 669 0046 1A60     		str	r2, [r3]
 670 0048 1A68     		ldr	r2, [r3]
 671 004a 42F48062 		orr	r2, r2, #1024
 672 004e 1A60     		str	r2, [r3]
 673              	.L129:
 674 0050 7047     		bx	lr
 675              	.L139:
 676 0052 00BF     		.align	2
 677              	.L138:
 678 0054 003C0240 		.word	1073888256
 680              		.section	.text.HAL_FLASHEx_Erase,"ax",%progbits
 681              		.align	1
 682              		.p2align 2,,3
 683              		.global	HAL_FLASHEx_Erase
 684              		.syntax unified
 685              		.thumb
 686              		.thumb_func
 687              		.fpu fpv4-sp-d16
 689              	HAL_FLASHEx_Erase:
 690              		@ args = 0, pretend = 0, frame = 0
 691              		@ frame_needed = 0, uses_anonymous_args = 0
 692 0000 2DE9F843 		push	{r3, r4, r5, r6, r7, r8, r9, lr}
 693 0004 4A4D     		ldr	r5, .L164
 694 0006 2B7E     		ldrb	r3, [r5, #24]	@ zero_extendqisi2
 695 0008 012B     		cmp	r3, #1
 696 000a 00F08180 		beq	.L153
 697 000e 0123     		movs	r3, #1
 698 0010 8146     		mov	r9, r0
 699 0012 4CF25030 		movw	r0, #50000
 700 0016 0E46     		mov	r6, r1
 701 0018 2B76     		strb	r3, [r5, #24]
 702 001a FFF7FEFF 		bl	FLASH_WaitForLastOperation
 703 001e 0746     		mov	r7, r0
 704 0020 0028     		cmp	r0, #0
 705 0022 70D1     		bne	.L142
ARM GAS  D:\Programs\cygwin64\tmp\ccTIpSix.s 			page 13


 706 0024 4FF0FF33 		mov	r3, #-1
 707 0028 3360     		str	r3, [r6]
 708 002a D9F80030 		ldr	r3, [r9]
 709 002e 012B     		cmp	r3, #1
 710 0030 41D0     		beq	.L160
 711 0032 D9E90283 		ldrd	r8, r3, [r9, #8]
 712 0036 4344     		add	r3, r3, r8
 713 0038 9845     		cmp	r8, r3
 714 003a 62D2     		bcs	.L147
 715 003c 3D4C     		ldr	r4, .L164+4
 716 003e 31E0     		b	.L152
 717              	.L162:
 718 0040 022B     		cmp	r3, #2
 719 0042 0CBF     		ite	eq
 720 0044 4FF40073 		moveq	r3, #512
 721 0048 4FF44073 		movne	r3, #768
 722              	.L149:
 723 004c 2269     		ldr	r2, [r4, #16]
 724 004e 22F44072 		bic	r2, r2, #768
 725 0052 2261     		str	r2, [r4, #16]
 726 0054 2269     		ldr	r2, [r4, #16]
 727 0056 1343     		orrs	r3, r3, r2
 728 0058 2361     		str	r3, [r4, #16]
 729 005a 2269     		ldr	r2, [r4, #16]
 730 005c 22F0F802 		bic	r2, r2, #248
 731 0060 2261     		str	r2, [r4, #16]
 732 0062 2369     		ldr	r3, [r4, #16]
 733 0064 B8F10B0F 		cmp	r8, #11
 734 0068 8CBF     		ite	hi
 735 006a 08F10401 		addhi	r1, r8, #4
 736 006e 4146     		movls	r1, r8
 737 0070 43EAC103 		orr	r3, r3, r1, lsl #3
 738 0074 43F00203 		orr	r3, r3, #2
 739 0078 2361     		str	r3, [r4, #16]
 740 007a 2369     		ldr	r3, [r4, #16]
 741 007c 43F48033 		orr	r3, r3, #65536
 742 0080 2361     		str	r3, [r4, #16]
 743 0082 4CF25030 		movw	r0, #50000
 744 0086 FFF7FEFF 		bl	FLASH_WaitForLastOperation
 745 008a 2369     		ldr	r3, [r4, #16]
 746 008c 23F0FA03 		bic	r3, r3, #250
 747 0090 2361     		str	r3, [r4, #16]
 748 0092 0028     		cmp	r0, #0
 749 0094 40D1     		bne	.L161
 750 0096 D9E90223 		ldrd	r2, r3, [r9, #8]
 751 009a 08F10108 		add	r8, r8, #1
 752 009e 1344     		add	r3, r3, r2
 753 00a0 4345     		cmp	r3, r8
 754 00a2 2ED9     		bls	.L147
 755              	.L152:
 756 00a4 99F81030 		ldrb	r3, [r9, #16]	@ zero_extendqisi2
 757 00a8 002B     		cmp	r3, #0
 758 00aa CFD0     		beq	.L149
 759 00ac 012B     		cmp	r3, #1
 760 00ae C7D1     		bne	.L162
 761 00b0 4FF48073 		mov	r3, #256
 762 00b4 CAE7     		b	.L149
ARM GAS  D:\Programs\cygwin64\tmp\ccTIpSix.s 			page 14


 763              	.L160:
 764 00b6 1F4A     		ldr	r2, .L164+4
 765 00b8 D9F80400 		ldr	r0, [r9, #4]
 766 00bc 1169     		ldr	r1, [r2, #16]
 767 00be D9F81030 		ldr	r3, [r9, #16]
 768 00c2 21F44071 		bic	r1, r1, #768
 769 00c6 1161     		str	r1, [r2, #16]
 770 00c8 0328     		cmp	r0, #3
 771 00ca 1169     		ldr	r1, [r2, #16]
 772 00cc 2AD0     		beq	.L163
 773 00ce 0128     		cmp	r0, #1
 774 00d0 0CBF     		ite	eq
 775 00d2 41F00401 		orreq	r1, r1, #4
 776 00d6 41F40041 		orrne	r1, r1, #32768
 777 00da 1161     		str	r1, [r2, #16]
 778              	.L145:
 779 00dc 154C     		ldr	r4, .L164+4
 780 00de 1B02     		lsls	r3, r3, #8
 781 00e0 2269     		ldr	r2, [r4, #16]
 782 00e2 9BB2     		uxth	r3, r3
 783 00e4 1343     		orrs	r3, r3, r2
 784 00e6 43F48033 		orr	r3, r3, #65536
 785 00ea 2361     		str	r3, [r4, #16]
 786 00ec 4CF25030 		movw	r0, #50000
 787 00f0 FFF7FEFF 		bl	FLASH_WaitForLastOperation
 788 00f4 2369     		ldr	r3, [r4, #16]
 789 00f6 23F40043 		bic	r3, r3, #32768
 790 00fa 23F00403 		bic	r3, r3, #4
 791 00fe 0746     		mov	r7, r0
 792 0100 2361     		str	r3, [r4, #16]
 793              	.L147:
 794 0102 FFF7FEFF 		bl	FLASH_FlushCaches
 795              	.L142:
 796 0106 0023     		movs	r3, #0
 797 0108 2B76     		strb	r3, [r5, #24]
 798 010a 3846     		mov	r0, r7
 799 010c BDE8F883 		pop	{r3, r4, r5, r6, r7, r8, r9, pc}
 800              	.L153:
 801 0110 0227     		movs	r7, #2
 802 0112 3846     		mov	r0, r7
 803 0114 BDE8F883 		pop	{r3, r4, r5, r6, r7, r8, r9, pc}
 804              	.L161:
 805 0118 C6F80080 		str	r8, [r6]
 806 011c 0746     		mov	r7, r0
 807 011e FFF7FEFF 		bl	FLASH_FlushCaches
 808 0122 F0E7     		b	.L142
 809              	.L163:
 810 0124 41F40041 		orr	r1, r1, #32768
 811 0128 41F00401 		orr	r1, r1, #4
 812 012c 1161     		str	r1, [r2, #16]
 813 012e D5E7     		b	.L145
 814              	.L165:
 815              		.align	2
 816              	.L164:
 817 0130 00000000 		.word	pFlash
 818 0134 003C0240 		.word	1073888256
 820              		.ident	"GCC: (GNU Tools for Arm Embedded Processors 8-2018-q4-major) 8.2.1 20181213 (release) [gcc
ARM GAS  D:\Programs\cygwin64\tmp\ccTIpSix.s 			page 15


ARM GAS  D:\Programs\cygwin64\tmp\ccTIpSix.s 			page 16


DEFINED SYMBOLS
                            *ABS*:00000000 stm32f4xx_hal_flash_ex.c
D:\Programs\cygwin64\tmp\ccTIpSix.s:16     .text.HAL_FLASHEx_Erase_IT:00000000 $t
D:\Programs\cygwin64\tmp\ccTIpSix.s:25     .text.HAL_FLASHEx_Erase_IT:00000000 HAL_FLASHEx_Erase_IT
D:\Programs\cygwin64\tmp\ccTIpSix.s:131    .text.HAL_FLASHEx_Erase_IT:000000dc $d
D:\Programs\cygwin64\tmp\ccTIpSix.s:135    .text.HAL_FLASHEx_OBProgram:00000000 $t
D:\Programs\cygwin64\tmp\ccTIpSix.s:143    .text.HAL_FLASHEx_OBProgram:00000000 HAL_FLASHEx_OBProgram
D:\Programs\cygwin64\tmp\ccTIpSix.s:321    .text.HAL_FLASHEx_OBProgram:00000170 $d
D:\Programs\cygwin64\tmp\ccTIpSix.s:329    .text.HAL_FLASHEx_OBGetConfig:00000000 $t
D:\Programs\cygwin64\tmp\ccTIpSix.s:337    .text.HAL_FLASHEx_OBGetConfig:00000000 HAL_FLASHEx_OBGetConfig
D:\Programs\cygwin64\tmp\ccTIpSix.s:369    .text.HAL_FLASHEx_OBGetConfig:00000034 $d
D:\Programs\cygwin64\tmp\ccTIpSix.s:374    .text.HAL_FLASHEx_AdvOBProgram:00000000 $t
D:\Programs\cygwin64\tmp\ccTIpSix.s:382    .text.HAL_FLASHEx_AdvOBProgram:00000000 HAL_FLASHEx_AdvOBProgram
D:\Programs\cygwin64\tmp\ccTIpSix.s:475    .text.HAL_FLASHEx_AdvOBProgram:000000b8 $d
D:\Programs\cygwin64\tmp\ccTIpSix.s:480    .text.HAL_FLASHEx_AdvOBGetConfig:00000000 $t
D:\Programs\cygwin64\tmp\ccTIpSix.s:488    .text.HAL_FLASHEx_AdvOBGetConfig:00000000 HAL_FLASHEx_AdvOBGetConfig
D:\Programs\cygwin64\tmp\ccTIpSix.s:505    .text.HAL_FLASHEx_AdvOBGetConfig:00000014 $d
D:\Programs\cygwin64\tmp\ccTIpSix.s:509    .text.HAL_FLASHEx_OB_SelectPCROP:00000000 $t
D:\Programs\cygwin64\tmp\ccTIpSix.s:517    .text.HAL_FLASHEx_OB_SelectPCROP:00000000 HAL_FLASHEx_OB_SelectPCROP
D:\Programs\cygwin64\tmp\ccTIpSix.s:530    .text.HAL_FLASHEx_OB_SelectPCROP:00000010 $d
D:\Programs\cygwin64\tmp\ccTIpSix.s:533    .text.HAL_FLASHEx_OB_DeSelectPCROP:00000000 $t
D:\Programs\cygwin64\tmp\ccTIpSix.s:541    .text.HAL_FLASHEx_OB_DeSelectPCROP:00000000 HAL_FLASHEx_OB_DeSelectPCROP
D:\Programs\cygwin64\tmp\ccTIpSix.s:554    .text.HAL_FLASHEx_OB_DeSelectPCROP:00000010 $d
D:\Programs\cygwin64\tmp\ccTIpSix.s:557    .text.HAL_FLASHEx_OB_GetBank2WRP:00000000 $t
D:\Programs\cygwin64\tmp\ccTIpSix.s:565    .text.HAL_FLASHEx_OB_GetBank2WRP:00000000 HAL_FLASHEx_OB_GetBank2WRP
D:\Programs\cygwin64\tmp\ccTIpSix.s:575    .text.HAL_FLASHEx_OB_GetBank2WRP:00000008 $d
D:\Programs\cygwin64\tmp\ccTIpSix.s:578    .text.FLASH_Erase_Sector:00000000 $t
D:\Programs\cygwin64\tmp\ccTIpSix.s:586    .text.FLASH_Erase_Sector:00000000 FLASH_Erase_Sector
D:\Programs\cygwin64\tmp\ccTIpSix.s:625    .text.FLASH_Erase_Sector:0000004c $d
D:\Programs\cygwin64\tmp\ccTIpSix.s:628    .text.FLASH_FlushCaches:00000000 $t
D:\Programs\cygwin64\tmp\ccTIpSix.s:636    .text.FLASH_FlushCaches:00000000 FLASH_FlushCaches
D:\Programs\cygwin64\tmp\ccTIpSix.s:678    .text.FLASH_FlushCaches:00000054 $d
D:\Programs\cygwin64\tmp\ccTIpSix.s:681    .text.HAL_FLASHEx_Erase:00000000 $t
D:\Programs\cygwin64\tmp\ccTIpSix.s:689    .text.HAL_FLASHEx_Erase:00000000 HAL_FLASHEx_Erase
D:\Programs\cygwin64\tmp\ccTIpSix.s:817    .text.HAL_FLASHEx_Erase:00000130 $d

UNDEFINED SYMBOLS
pFlash
FLASH_WaitForLastOperation
