ARM GAS  D:\Programs\cygwin64\tmp\ccKhCDMh.s 			page 1


   1              		.cpu cortex-m4
   2              		.eabi_attribute 27, 1
   3              		.eabi_attribute 28, 1
   4              		.eabi_attribute 20, 1
   5              		.eabi_attribute 21, 1
   6              		.eabi_attribute 23, 3
   7              		.eabi_attribute 24, 1
   8              		.eabi_attribute 25, 1
   9              		.eabi_attribute 26, 1
  10              		.eabi_attribute 30, 2
  11              		.eabi_attribute 34, 1
  12              		.eabi_attribute 18, 4
  13              		.file	"stm32f4xx_hal_iwdg.c"
  14              		.text
  15              		.section	.text.HAL_IWDG_Init,"ax",%progbits
  16              		.align	1
  17              		.p2align 2,,3
  18              		.global	HAL_IWDG_Init
  19              		.arch armv7e-m
  20              		.syntax unified
  21              		.thumb
  22              		.thumb_func
  23              		.fpu fpv4-sp-d16
  25              	HAL_IWDG_Init:
  26              		@ args = 0, pretend = 0, frame = 0
  27              		@ frame_needed = 0, uses_anonymous_args = 0
  28 0000 F8B1     		cbz	r0, .L5
  29 0002 38B5     		push	{r3, r4, r5, lr}
  30 0004 D0E90031 		ldrd	r3, r1, [r0]
  31 0008 8268     		ldr	r2, [r0, #8]
  32 000a 4CF6CC45 		movw	r5, #52428
  33 000e 0446     		mov	r4, r0
  34 0010 45F25550 		movw	r0, #21845
  35 0014 1D60     		str	r5, [r3]
  36 0016 1860     		str	r0, [r3]
  37 0018 5960     		str	r1, [r3, #4]
  38 001a 9A60     		str	r2, [r3, #8]
  39 001c FFF7FEFF 		bl	HAL_GetTick
  40 0020 0546     		mov	r5, r0
  41 0022 04E0     		b	.L3
  42              	.L4:
  43 0024 FFF7FEFF 		bl	HAL_GetTick
  44 0028 401B     		subs	r0, r0, r5
  45 002a 3028     		cmp	r0, #48
  46 002c 07D8     		bhi	.L6
  47              	.L3:
  48 002e 2368     		ldr	r3, [r4]
  49 0030 D868     		ldr	r0, [r3, #12]
  50 0032 0028     		cmp	r0, #0
  51 0034 F6D1     		bne	.L4
  52 0036 4AF6AA22 		movw	r2, #43690
  53 003a 1A60     		str	r2, [r3]
  54 003c 38BD     		pop	{r3, r4, r5, pc}
  55              	.L6:
  56 003e 0320     		movs	r0, #3
  57 0040 38BD     		pop	{r3, r4, r5, pc}
  58              	.L5:
ARM GAS  D:\Programs\cygwin64\tmp\ccKhCDMh.s 			page 2


  59 0042 0120     		movs	r0, #1
  60 0044 7047     		bx	lr
  62 0046 00BF     		.section	.text.HAL_IWDG_Refresh,"ax",%progbits
  63              		.align	1
  64              		.p2align 2,,3
  65              		.global	HAL_IWDG_Refresh
  66              		.syntax unified
  67              		.thumb
  68              		.thumb_func
  69              		.fpu fpv4-sp-d16
  71              	HAL_IWDG_Refresh:
  72              		@ args = 0, pretend = 0, frame = 0
  73              		@ frame_needed = 0, uses_anonymous_args = 0
  74              		@ link register save eliminated.
  75 0000 0368     		ldr	r3, [r0]
  76 0002 4AF6AA22 		movw	r2, #43690
  77 0006 1A60     		str	r2, [r3]
  78 0008 0020     		movs	r0, #0
  79 000a 7047     		bx	lr
  81              		.ident	"GCC: (GNU Tools for Arm Embedded Processors 8-2018-q4-major) 8.2.1 20181213 (release) [gcc
ARM GAS  D:\Programs\cygwin64\tmp\ccKhCDMh.s 			page 3


DEFINED SYMBOLS
                            *ABS*:00000000 stm32f4xx_hal_iwdg.c
D:\Programs\cygwin64\tmp\ccKhCDMh.s:16     .text.HAL_IWDG_Init:00000000 $t
D:\Programs\cygwin64\tmp\ccKhCDMh.s:25     .text.HAL_IWDG_Init:00000000 HAL_IWDG_Init
D:\Programs\cygwin64\tmp\ccKhCDMh.s:63     .text.HAL_IWDG_Refresh:00000000 $t
D:\Programs\cygwin64\tmp\ccKhCDMh.s:71     .text.HAL_IWDG_Refresh:00000000 HAL_IWDG_Refresh

UNDEFINED SYMBOLS
HAL_GetTick
