ARM GAS  D:\Programs\cygwin64\tmp\ccifQSSQ.s 			page 1


   1              		.cpu cortex-m4
   2              		.eabi_attribute 27, 1
   3              		.eabi_attribute 28, 1
   4              		.eabi_attribute 20, 1
   5              		.eabi_attribute 21, 1
   6              		.eabi_attribute 23, 3
   7              		.eabi_attribute 24, 1
   8              		.eabi_attribute 25, 1
   9              		.eabi_attribute 26, 1
  10              		.eabi_attribute 30, 2
  11              		.eabi_attribute 34, 1
  12              		.eabi_attribute 18, 4
  13              		.file	"stm32f4xx_hal_pcd.c"
  14              		.text
  15              		.section	.text.HAL_PCD_MspInit,"ax",%progbits
  16              		.align	1
  17              		.p2align 2,,3
  18              		.weak	HAL_PCD_MspInit
  19              		.arch armv7e-m
  20              		.syntax unified
  21              		.thumb
  22              		.thumb_func
  23              		.fpu fpv4-sp-d16
  25              	HAL_PCD_MspInit:
  26              		@ args = 0, pretend = 0, frame = 0
  27              		@ frame_needed = 0, uses_anonymous_args = 0
  28              		@ link register save eliminated.
  29 0000 7047     		bx	lr
  31 0002 00BF     		.section	.text.HAL_PCD_Init,"ax",%progbits
  32              		.align	1
  33              		.p2align 2,,3
  34              		.global	HAL_PCD_Init
  35              		.syntax unified
  36              		.thumb
  37              		.thumb_func
  38              		.fpu fpv4-sp-d16
  40              	HAL_PCD_Init:
  41              		@ args = 0, pretend = 0, frame = 0
  42              		@ frame_needed = 0, uses_anonymous_args = 0
  43 0000 F0B5     		push	{r4, r5, r6, r7, lr}
  44 0002 8BB0     		sub	sp, sp, #44
  45 0004 0028     		cmp	r0, #0
  46 0006 00F08280 		beq	.L13
  47 000a 90F8BD33 		ldrb	r3, [r0, #957]	@ zero_extendqisi2
  48 000e 0568     		ldr	r5, [r0]
  49 0010 0446     		mov	r4, r0
  50 0012 03F0FF02 		and	r2, r3, #255
  51 0016 002B     		cmp	r3, #0
  52 0018 73D0     		beq	.L20
  53 001a 2846     		mov	r0, r5
  54              	.L5:
  55 001c 0323     		movs	r3, #3
  56 001e 84F8BD33 		strb	r3, [r4, #957]
  57 0022 EB6B     		ldr	r3, [r5, #60]
  58 0024 2546     		mov	r5, r4
  59 0026 13F48073 		ands	r3, r3, #256
  60 002a 08BF     		it	eq
ARM GAS  D:\Programs\cygwin64\tmp\ccifQSSQ.s 			page 2


  61 002c 2361     		streq	r3, [r4, #16]
  62 002e FFF7FEFF 		bl	USB_DisableGlobalInt
  63 0032 55F810CB 		ldr	ip, [r5], #16
  64 0036 2F46     		mov	r7, r5
  65 0038 0FCF     		ldmia	r7!, {r0, r1, r2, r3}
  66 003a 6E46     		mov	r6, sp
  67 003c 0FC6     		stmia	r6!, {r0, r1, r2, r3}
  68 003e 0FCF     		ldmia	r7!, {r0, r1, r2, r3}
  69 0040 0FC6     		stmia	r6!, {r0, r1, r2, r3}
  70 0042 97E80300 		ldm	r7, {r0, r1}
  71 0046 86E80300 		stm	r6, {r0, r1}
  72 004a 261D     		adds	r6, r4, #4
  73 004c 6046     		mov	r0, ip
  74 004e 96E80E00 		ldm	r6, {r1, r2, r3}
  75 0052 FFF7FEFF 		bl	USB_CoreInit
  76 0056 0746     		mov	r7, r0
  77 0058 30B1     		cbz	r0, .L7
  78              	.L9:
  79 005a 0125     		movs	r5, #1
  80 005c 0223     		movs	r3, #2
  81 005e 2846     		mov	r0, r5
  82 0060 84F8BD33 		strb	r3, [r4, #957]
  83 0064 0BB0     		add	sp, sp, #44
  84              		@ sp needed
  85 0066 F0BD     		pop	{r4, r5, r6, r7, pc}
  86              	.L7:
  87 0068 0146     		mov	r1, r0
  88 006a 2068     		ldr	r0, [r4]
  89 006c FFF7FEFF 		bl	USB_SetCurrentMode
  90 0070 6068     		ldr	r0, [r4, #4]
  91 0072 50B3     		cbz	r0, .L12
  92 0074 3946     		mov	r1, r7
  93 0076 3A46     		mov	r2, r7
  94 0078 4FF0010C 		mov	ip, #1
  95              	.L8:
  96 007c C1EBC103 		rsb	r3, r1, r1, lsl #3
  97 0080 04EB8303 		add	r3, r4, r3, lsl #2
  98 0084 4F1C     		adds	r7, r1, #1
  99 0086 83F83C10 		strb	r1, [r3, #60]
 100 008a A3F84210 		strh	r1, [r3, #66]	@ movhi
 101 008e F9B2     		uxtb	r1, r7
 102 0090 8142     		cmp	r1, r0
 103 0092 83F83DC0 		strb	ip, [r3, #61]
 104 0096 83F83F20 		strb	r2, [r3, #63]
 105 009a C3E91122 		strd	r2, r2, [r3, #68]
 106 009e 1A65     		str	r2, [r3, #80]
 107 00a0 ECD3     		bcc	.L8
 108 00a2 0022     		movs	r2, #0
 109 00a4 1146     		mov	r1, r2
 110              	.L11:
 111 00a6 C2EBC203 		rsb	r3, r2, r2, lsl #3
 112 00aa 04EB8303 		add	r3, r4, r3, lsl #2
 113 00ae 571C     		adds	r7, r2, #1
 114 00b0 83F8FC21 		strb	r2, [r3, #508]
 115 00b4 FAB2     		uxtb	r2, r7
 116 00b6 8242     		cmp	r2, r0
 117 00b8 83F8FD11 		strb	r1, [r3, #509]
ARM GAS  D:\Programs\cygwin64\tmp\ccifQSSQ.s 			page 3


 118 00bc 83F8FF11 		strb	r1, [r3, #511]
 119 00c0 C3E98111 		strd	r1, r1, [r3, #516]
 120 00c4 C3F81012 		str	r1, [r3, #528]
 121 00c8 EDD3     		bcc	.L11
 122              	.L12:
 123 00ca 0FCD     		ldmia	r5!, {r0, r1, r2, r3}
 124 00cc 6F46     		mov	r7, sp
 125 00ce 0FC7     		stmia	r7!, {r0, r1, r2, r3}
 126 00d0 0FCD     		ldmia	r5!, {r0, r1, r2, r3}
 127 00d2 0FC7     		stmia	r7!, {r0, r1, r2, r3}
 128 00d4 95E80300 		ldm	r5, {r0, r1}
 129 00d8 87E80300 		stm	r7, {r0, r1}
 130 00dc 96E80E00 		ldm	r6, {r1, r2, r3}
 131 00e0 2068     		ldr	r0, [r4]
 132 00e2 FFF7FEFF 		bl	USB_DevInit
 133 00e6 0546     		mov	r5, r0
 134 00e8 0028     		cmp	r0, #0
 135 00ea B6D1     		bne	.L9
 136 00ec 0123     		movs	r3, #1
 137 00ee 84F83800 		strb	r0, [r4, #56]
 138 00f2 2068     		ldr	r0, [r4]
 139 00f4 84F8BD33 		strb	r3, [r4, #957]
 140 00f8 FFF7FEFF 		bl	USB_DevDisconnect
 141 00fc 2846     		mov	r0, r5
 142 00fe 0BB0     		add	sp, sp, #44
 143              		@ sp needed
 144 0100 F0BD     		pop	{r4, r5, r6, r7, pc}
 145              	.L20:
 146 0102 80F8BC23 		strb	r2, [r0, #956]
 147 0106 FFF7FEFF 		bl	HAL_PCD_MspInit
 148 010a 2068     		ldr	r0, [r4]
 149 010c 86E7     		b	.L5
 150              	.L13:
 151 010e 0125     		movs	r5, #1
 152 0110 2846     		mov	r0, r5
 153 0112 0BB0     		add	sp, sp, #44
 154              		@ sp needed
 155 0114 F0BD     		pop	{r4, r5, r6, r7, pc}
 157 0116 00BF     		.section	.text.HAL_PCD_MspDeInit,"ax",%progbits
 158              		.align	1
 159              		.p2align 2,,3
 160              		.weak	HAL_PCD_MspDeInit
 161              		.syntax unified
 162              		.thumb
 163              		.thumb_func
 164              		.fpu fpv4-sp-d16
 166              	HAL_PCD_MspDeInit:
 167              		@ args = 0, pretend = 0, frame = 0
 168              		@ frame_needed = 0, uses_anonymous_args = 0
 169              		@ link register save eliminated.
 170 0000 7047     		bx	lr
 172 0002 00BF     		.section	.text.HAL_PCD_DeInit,"ax",%progbits
 173              		.align	1
 174              		.p2align 2,,3
 175              		.global	HAL_PCD_DeInit
 176              		.syntax unified
 177              		.thumb
ARM GAS  D:\Programs\cygwin64\tmp\ccifQSSQ.s 			page 4


 178              		.thumb_func
 179              		.fpu fpv4-sp-d16
 181              	HAL_PCD_DeInit:
 182              		@ args = 0, pretend = 0, frame = 0
 183              		@ frame_needed = 0, uses_anonymous_args = 0
 184 0000 48B3     		cbz	r0, .L26
 185 0002 38B5     		push	{r3, r4, r5, lr}
 186 0004 90F8BC33 		ldrb	r3, [r0, #956]	@ zero_extendqisi2
 187 0008 0322     		movs	r2, #3
 188 000a 012B     		cmp	r3, #1
 189 000c 0446     		mov	r4, r0
 190 000e 80F8BD23 		strb	r2, [r0, #957]
 191 0012 0DD0     		beq	.L24
 192 0014 0123     		movs	r3, #1
 193 0016 80F8BC33 		strb	r3, [r0, #956]
 194 001a 0068     		ldr	r0, [r0]
 195 001c FFF7FEFF 		bl	USB_DisableGlobalInt
 196 0020 2068     		ldr	r0, [r4]
 197 0022 FFF7FEFF 		bl	USB_StopDevice
 198 0026 0546     		mov	r5, r0
 199 0028 48B1     		cbz	r0, .L25
 200 002a 0023     		movs	r3, #0
 201 002c 84F8BC33 		strb	r3, [r4, #956]
 202              	.L24:
 203 0030 2046     		mov	r0, r4
 204 0032 FFF7FEFF 		bl	HAL_PCD_MspDeInit
 205 0036 0020     		movs	r0, #0
 206 0038 84F8BD03 		strb	r0, [r4, #957]
 207 003c 38BD     		pop	{r3, r4, r5, pc}
 208              	.L25:
 209 003e 2068     		ldr	r0, [r4]
 210 0040 FFF7FEFF 		bl	USB_DevDisconnect
 211 0044 2046     		mov	r0, r4
 212 0046 84F8BC53 		strb	r5, [r4, #956]
 213 004a FFF7FEFF 		bl	HAL_PCD_MspDeInit
 214 004e 0020     		movs	r0, #0
 215 0050 84F8BD03 		strb	r0, [r4, #957]
 216 0054 38BD     		pop	{r3, r4, r5, pc}
 217              	.L26:
 218 0056 0120     		movs	r0, #1
 219 0058 7047     		bx	lr
 221 005a 00BF     		.section	.text.HAL_PCD_Start,"ax",%progbits
 222              		.align	1
 223              		.p2align 2,,3
 224              		.global	HAL_PCD_Start
 225              		.syntax unified
 226              		.thumb
 227              		.thumb_func
 228              		.fpu fpv4-sp-d16
 230              	HAL_PCD_Start:
 231              		@ args = 0, pretend = 0, frame = 0
 232              		@ frame_needed = 0, uses_anonymous_args = 0
 233 0000 90F8BC23 		ldrb	r2, [r0, #956]	@ zero_extendqisi2
 234 0004 0368     		ldr	r3, [r0]
 235 0006 012A     		cmp	r2, #1
 236 0008 19D0     		beq	.L37
 237 000a 826A     		ldr	r2, [r0, #40]
ARM GAS  D:\Programs\cygwin64\tmp\ccifQSSQ.s 			page 5


 238 000c 0121     		movs	r1, #1
 239 000e 8A42     		cmp	r2, r1
 240 0010 10B5     		push	{r4, lr}
 241 0012 80F8BC13 		strb	r1, [r0, #956]
 242 0016 0AD0     		beq	.L45
 243              	.L36:
 244 0018 0446     		mov	r4, r0
 245 001a 1846     		mov	r0, r3
 246 001c FFF7FEFF 		bl	USB_DevConnect
 247 0020 2068     		ldr	r0, [r4]
 248 0022 FFF7FEFF 		bl	USB_EnableGlobalInt
 249 0026 0020     		movs	r0, #0
 250 0028 84F8BC03 		strb	r0, [r4, #956]
 251 002c 10BD     		pop	{r4, pc}
 252              	.L45:
 253 002e 8269     		ldr	r2, [r0, #24]
 254 0030 8A42     		cmp	r2, r1
 255 0032 F1D0     		beq	.L36
 256 0034 9A6B     		ldr	r2, [r3, #56]
 257 0036 42F48032 		orr	r2, r2, #65536
 258 003a 9A63     		str	r2, [r3, #56]
 259 003c ECE7     		b	.L36
 260              	.L37:
 261 003e 0220     		movs	r0, #2
 262 0040 7047     		bx	lr
 264 0042 00BF     		.section	.text.HAL_PCD_Stop,"ax",%progbits
 265              		.align	1
 266              		.p2align 2,,3
 267              		.global	HAL_PCD_Stop
 268              		.syntax unified
 269              		.thumb
 270              		.thumb_func
 271              		.fpu fpv4-sp-d16
 273              	HAL_PCD_Stop:
 274              		@ args = 0, pretend = 0, frame = 0
 275              		@ frame_needed = 0, uses_anonymous_args = 0
 276 0000 90F8BC33 		ldrb	r3, [r0, #956]	@ zero_extendqisi2
 277 0004 012B     		cmp	r3, #1
 278 0006 70B5     		push	{r4, r5, r6, lr}
 279 0008 18D0     		beq	.L49
 280 000a 0446     		mov	r4, r0
 281 000c 0126     		movs	r6, #1
 282 000e 80F8BC63 		strb	r6, [r0, #956]
 283 0012 0068     		ldr	r0, [r0]
 284 0014 FFF7FEFF 		bl	USB_DisableGlobalInt
 285 0018 2068     		ldr	r0, [r4]
 286 001a FFF7FEFF 		bl	USB_StopDevice
 287 001e 0546     		mov	r5, r0
 288 0020 28B1     		cbz	r0, .L48
 289 0022 0023     		movs	r3, #0
 290 0024 3546     		mov	r5, r6
 291 0026 84F8BC33 		strb	r3, [r4, #956]
 292 002a 2846     		mov	r0, r5
 293 002c 70BD     		pop	{r4, r5, r6, pc}
 294              	.L48:
 295 002e 2068     		ldr	r0, [r4]
 296 0030 FFF7FEFF 		bl	USB_DevDisconnect
ARM GAS  D:\Programs\cygwin64\tmp\ccifQSSQ.s 			page 6


 297 0034 84F8BC53 		strb	r5, [r4, #956]
 298 0038 2846     		mov	r0, r5
 299 003a 70BD     		pop	{r4, r5, r6, pc}
 300              	.L49:
 301 003c 0225     		movs	r5, #2
 302 003e 2846     		mov	r0, r5
 303 0040 70BD     		pop	{r4, r5, r6, pc}
 305 0042 00BF     		.section	.text.HAL_PCD_DataOutStageCallback,"ax",%progbits
 306              		.align	1
 307              		.p2align 2,,3
 308              		.weak	HAL_PCD_DataOutStageCallback
 309              		.syntax unified
 310              		.thumb
 311              		.thumb_func
 312              		.fpu fpv4-sp-d16
 314              	HAL_PCD_DataOutStageCallback:
 315              		@ args = 0, pretend = 0, frame = 0
 316              		@ frame_needed = 0, uses_anonymous_args = 0
 317              		@ link register save eliminated.
 318 0000 7047     		bx	lr
 320 0002 00BF     		.section	.text.HAL_PCD_DataInStageCallback,"ax",%progbits
 321              		.align	1
 322              		.p2align 2,,3
 323              		.weak	HAL_PCD_DataInStageCallback
 324              		.syntax unified
 325              		.thumb
 326              		.thumb_func
 327              		.fpu fpv4-sp-d16
 329              	HAL_PCD_DataInStageCallback:
 330              		@ args = 0, pretend = 0, frame = 0
 331              		@ frame_needed = 0, uses_anonymous_args = 0
 332              		@ link register save eliminated.
 333 0000 7047     		bx	lr
 335 0002 00BF     		.section	.text.HAL_PCD_SetupStageCallback,"ax",%progbits
 336              		.align	1
 337              		.p2align 2,,3
 338              		.weak	HAL_PCD_SetupStageCallback
 339              		.syntax unified
 340              		.thumb
 341              		.thumb_func
 342              		.fpu fpv4-sp-d16
 344              	HAL_PCD_SetupStageCallback:
 345              		@ args = 0, pretend = 0, frame = 0
 346              		@ frame_needed = 0, uses_anonymous_args = 0
 347              		@ link register save eliminated.
 348 0000 7047     		bx	lr
 350 0002 00BF     		.section	.text.HAL_PCD_SOFCallback,"ax",%progbits
 351              		.align	1
 352              		.p2align 2,,3
 353              		.weak	HAL_PCD_SOFCallback
 354              		.syntax unified
 355              		.thumb
 356              		.thumb_func
 357              		.fpu fpv4-sp-d16
 359              	HAL_PCD_SOFCallback:
 360              		@ args = 0, pretend = 0, frame = 0
 361              		@ frame_needed = 0, uses_anonymous_args = 0
ARM GAS  D:\Programs\cygwin64\tmp\ccifQSSQ.s 			page 7


 362              		@ link register save eliminated.
 363 0000 7047     		bx	lr
 365 0002 00BF     		.section	.text.HAL_PCD_ResetCallback,"ax",%progbits
 366              		.align	1
 367              		.p2align 2,,3
 368              		.weak	HAL_PCD_ResetCallback
 369              		.syntax unified
 370              		.thumb
 371              		.thumb_func
 372              		.fpu fpv4-sp-d16
 374              	HAL_PCD_ResetCallback:
 375              		@ args = 0, pretend = 0, frame = 0
 376              		@ frame_needed = 0, uses_anonymous_args = 0
 377              		@ link register save eliminated.
 378 0000 7047     		bx	lr
 380 0002 00BF     		.section	.text.HAL_PCD_SuspendCallback,"ax",%progbits
 381              		.align	1
 382              		.p2align 2,,3
 383              		.weak	HAL_PCD_SuspendCallback
 384              		.syntax unified
 385              		.thumb
 386              		.thumb_func
 387              		.fpu fpv4-sp-d16
 389              	HAL_PCD_SuspendCallback:
 390              		@ args = 0, pretend = 0, frame = 0
 391              		@ frame_needed = 0, uses_anonymous_args = 0
 392              		@ link register save eliminated.
 393 0000 7047     		bx	lr
 395 0002 00BF     		.section	.text.HAL_PCD_ResumeCallback,"ax",%progbits
 396              		.align	1
 397              		.p2align 2,,3
 398              		.weak	HAL_PCD_ResumeCallback
 399              		.syntax unified
 400              		.thumb
 401              		.thumb_func
 402              		.fpu fpv4-sp-d16
 404              	HAL_PCD_ResumeCallback:
 405              		@ args = 0, pretend = 0, frame = 0
 406              		@ frame_needed = 0, uses_anonymous_args = 0
 407              		@ link register save eliminated.
 408 0000 7047     		bx	lr
 410 0002 00BF     		.section	.text.HAL_PCD_ISOOUTIncompleteCallback,"ax",%progbits
 411              		.align	1
 412              		.p2align 2,,3
 413              		.weak	HAL_PCD_ISOOUTIncompleteCallback
 414              		.syntax unified
 415              		.thumb
 416              		.thumb_func
 417              		.fpu fpv4-sp-d16
 419              	HAL_PCD_ISOOUTIncompleteCallback:
 420              		@ args = 0, pretend = 0, frame = 0
 421              		@ frame_needed = 0, uses_anonymous_args = 0
 422              		@ link register save eliminated.
 423 0000 7047     		bx	lr
 425 0002 00BF     		.section	.text.HAL_PCD_ISOINIncompleteCallback,"ax",%progbits
 426              		.align	1
 427              		.p2align 2,,3
ARM GAS  D:\Programs\cygwin64\tmp\ccifQSSQ.s 			page 8


 428              		.weak	HAL_PCD_ISOINIncompleteCallback
 429              		.syntax unified
 430              		.thumb
 431              		.thumb_func
 432              		.fpu fpv4-sp-d16
 434              	HAL_PCD_ISOINIncompleteCallback:
 435              		@ args = 0, pretend = 0, frame = 0
 436              		@ frame_needed = 0, uses_anonymous_args = 0
 437              		@ link register save eliminated.
 438 0000 7047     		bx	lr
 440 0002 00BF     		.section	.text.HAL_PCD_ConnectCallback,"ax",%progbits
 441              		.align	1
 442              		.p2align 2,,3
 443              		.weak	HAL_PCD_ConnectCallback
 444              		.syntax unified
 445              		.thumb
 446              		.thumb_func
 447              		.fpu fpv4-sp-d16
 449              	HAL_PCD_ConnectCallback:
 450              		@ args = 0, pretend = 0, frame = 0
 451              		@ frame_needed = 0, uses_anonymous_args = 0
 452              		@ link register save eliminated.
 453 0000 7047     		bx	lr
 455 0002 00BF     		.section	.text.HAL_PCD_DisconnectCallback,"ax",%progbits
 456              		.align	1
 457              		.p2align 2,,3
 458              		.weak	HAL_PCD_DisconnectCallback
 459              		.syntax unified
 460              		.thumb
 461              		.thumb_func
 462              		.fpu fpv4-sp-d16
 464              	HAL_PCD_DisconnectCallback:
 465              		@ args = 0, pretend = 0, frame = 0
 466              		@ frame_needed = 0, uses_anonymous_args = 0
 467              		@ link register save eliminated.
 468 0000 7047     		bx	lr
 470 0002 00BF     		.section	.text.HAL_PCD_IRQHandler,"ax",%progbits
 471              		.align	1
 472              		.p2align 2,,3
 473              		.global	HAL_PCD_IRQHandler
 474              		.syntax unified
 475              		.thumb
 476              		.thumb_func
 477              		.fpu fpv4-sp-d16
 479              	HAL_PCD_IRQHandler:
 480              		@ args = 0, pretend = 0, frame = 16
 481              		@ frame_needed = 0, uses_anonymous_args = 0
 482 0000 2DE9F04F 		push	{r4, r5, r6, r7, r8, r9, r10, fp, lr}
 483 0004 D0F800B0 		ldr	fp, [r0]
 484 0008 87B0     		sub	sp, sp, #28
 485 000a 0446     		mov	r4, r0
 486 000c 5846     		mov	r0, fp
 487 000e FFF7FEFF 		bl	USB_GetMode
 488 0012 10B1     		cbz	r0, .L222
 489              	.L62:
 490 0014 07B0     		add	sp, sp, #28
 491              		@ sp needed
ARM GAS  D:\Programs\cygwin64\tmp\ccifQSSQ.s 			page 9


 492 0016 BDE8F08F 		pop	{r4, r5, r6, r7, r8, r9, r10, fp, pc}
 493              	.L222:
 494 001a 0546     		mov	r5, r0
 495 001c 2068     		ldr	r0, [r4]
 496 001e FFF7FEFF 		bl	USB_ReadInterrupts
 497 0022 0028     		cmp	r0, #0
 498 0024 F6D0     		beq	.L62
 499 0026 2068     		ldr	r0, [r4]
 500 0028 FFF7FEFF 		bl	USB_ReadInterrupts
 501 002c 10F0020F 		tst	r0, #2
 502 0030 2068     		ldr	r0, [r4]
 503 0032 1EBF     		ittt	ne
 504 0034 4369     		ldrne	r3, [r0, #20]
 505 0036 03F00203 		andne	r3, r3, #2
 506 003a 4361     		strne	r3, [r0, #20]
 507 003c FFF7FEFF 		bl	USB_ReadInterrupts
 508 0040 10F4002F 		tst	r0, #524288
 509 0044 2068     		ldr	r0, [r4]
 510 0046 40F08A81 		bne	.L223
 511              	.L70:
 512 004a FFF7FEFF 		bl	USB_ReadInterrupts
 513 004e 4703     		lsls	r7, r0, #13
 514 0050 00F1D380 		bmi	.L224
 515 0054 D4F800A0 		ldr	r10, [r4]
 516              	.L97:
 517 0058 5046     		mov	r0, r10
 518 005a FFF7FEFF 		bl	USB_ReadInterrupts
 519 005e 0028     		cmp	r0, #0
 520 0060 5ADB     		blt	.L113
 521 0062 2068     		ldr	r0, [r4]
 522              	.L114:
 523 0064 FFF7FEFF 		bl	USB_ReadInterrupts
 524 0068 0105     		lsls	r1, r0, #20
 525 006a 4AD4     		bmi	.L117
 526 006c 2068     		ldr	r0, [r4]
 527              	.L118:
 528 006e FFF7FEFF 		bl	USB_ReadInterrupts
 529 0072 C304     		lsls	r3, r0, #19
 530 0074 7BD4     		bmi	.L120
 531 0076 2068     		ldr	r0, [r4]
 532              	.L121:
 533 0078 FFF7FEFF 		bl	USB_ReadInterrupts
 534 007c 10F4005F 		tst	r0, #8192
 535 0080 2068     		ldr	r0, [r4]
 536 0082 5DD1     		bne	.L128
 537              	.L129:
 538 0084 FFF7FEFF 		bl	USB_ReadInterrupts
 539 0088 10F0100F 		tst	r0, #16
 540 008c 2068     		ldr	r0, [r4]
 541 008e 13D0     		beq	.L131
 542 0090 8369     		ldr	r3, [r0, #24]
 543 0092 23F01003 		bic	r3, r3, #16
 544 0096 8361     		str	r3, [r0, #24]
 545 0098 DBF82050 		ldr	r5, [fp, #32]
 546 009c C5F34343 		ubfx	r3, r5, #17, #4
 547 00a0 022B     		cmp	r3, #2
 548 00a2 05F00F06 		and	r6, r5, #15
ARM GAS  D:\Programs\cygwin64\tmp\ccifQSSQ.s 			page 10


 549 00a6 00F04382 		beq	.L225
 550 00aa 062B     		cmp	r3, #6
 551 00ac 00F0CE81 		beq	.L226
 552              	.L133:
 553 00b0 8369     		ldr	r3, [r0, #24]
 554 00b2 43F01003 		orr	r3, r3, #16
 555 00b6 8361     		str	r3, [r0, #24]
 556              	.L131:
 557 00b8 FFF7FEFF 		bl	USB_ReadInterrupts
 558 00bc 0707     		lsls	r7, r0, #28
 559 00be 00F1AA81 		bmi	.L134
 560 00c2 2068     		ldr	r0, [r4]
 561              	.L135:
 562 00c4 FFF7FEFF 		bl	USB_ReadInterrupts
 563 00c8 C602     		lsls	r6, r0, #11
 564 00ca 00F19A81 		bmi	.L136
 565 00ce 2068     		ldr	r0, [r4]
 566              	.L137:
 567 00d0 FFF7FEFF 		bl	USB_ReadInterrupts
 568 00d4 8502     		lsls	r5, r0, #10
 569 00d6 00F18A81 		bmi	.L138
 570 00da 2068     		ldr	r0, [r4]
 571              	.L139:
 572 00dc FFF7FEFF 		bl	USB_ReadInterrupts
 573 00e0 4000     		lsls	r0, r0, #1
 574 00e2 00F17B81 		bmi	.L140
 575 00e6 2068     		ldr	r0, [r4]
 576              	.L141:
 577 00e8 FFF7FEFF 		bl	USB_ReadInterrupts
 578 00ec 4107     		lsls	r1, r0, #29
 579 00ee 91D5     		bpl	.L62
 580 00f0 2368     		ldr	r3, [r4]
 581 00f2 5D68     		ldr	r5, [r3, #4]
 582 00f4 6A07     		lsls	r2, r5, #29
 583 00f6 00F13C82 		bmi	.L227
 584              	.L142:
 585 00fa 5A68     		ldr	r2, [r3, #4]
 586 00fc 2A43     		orrs	r2, r2, r5
 587 00fe 5A60     		str	r2, [r3, #4]
 588 0100 88E7     		b	.L62
 589              	.L117:
 590 0102 DBF80838 		ldr	r3, [fp, #2056]
 591 0106 DA07     		lsls	r2, r3, #31
 592 0108 00F12F82 		bmi	.L228
 593              	.L119:
 594 010c 2068     		ldr	r0, [r4]
 595 010e 4369     		ldr	r3, [r0, #20]
 596 0110 03F40063 		and	r3, r3, #2048
 597 0114 4361     		str	r3, [r0, #20]
 598 0116 AAE7     		b	.L118
 599              	.L113:
 600 0118 94F8F413 		ldrb	r1, [r4, #1012]	@ zero_extendqisi2
 601 011c DBF80428 		ldr	r2, [fp, #2052]
 602 0120 0129     		cmp	r1, #1
 603 0122 22F00102 		bic	r2, r2, #1
 604 0126 CBF80428 		str	r2, [fp, #2052]
 605 012a 00F08881 		beq	.L229
ARM GAS  D:\Programs\cygwin64\tmp\ccifQSSQ.s 			page 11


 606 012e 2046     		mov	r0, r4
 607 0130 FFF7FEFF 		bl	HAL_PCD_ResumeCallback
 608              	.L116:
 609 0134 2068     		ldr	r0, [r4]
 610 0136 4369     		ldr	r3, [r0, #20]
 611 0138 03F00043 		and	r3, r3, #-2147483648
 612 013c 4361     		str	r3, [r0, #20]
 613 013e 91E7     		b	.L114
 614              	.L128:
 615 0140 FFF7FEFF 		bl	USB_ActivateSetup
 616 0144 2068     		ldr	r0, [r4]
 617 0146 FFF7FEFF 		bl	USB_GetDevSpeed
 618 014a E060     		str	r0, [r4, #12]
 619 014c 2568     		ldr	r5, [r4]
 620 014e FFF7FEFF 		bl	HAL_RCC_GetHCLKFreq
 621 0152 227B     		ldrb	r2, [r4, #12]	@ zero_extendqisi2
 622 0154 0146     		mov	r1, r0
 623 0156 2846     		mov	r0, r5
 624 0158 FFF7FEFF 		bl	USB_SetTurnaroundTime
 625 015c 2046     		mov	r0, r4
 626 015e FFF7FEFF 		bl	HAL_PCD_ResetCallback
 627 0162 2068     		ldr	r0, [r4]
 628 0164 4369     		ldr	r3, [r0, #20]
 629 0166 03F40053 		and	r3, r3, #8192
 630 016a 4361     		str	r3, [r0, #20]
 631 016c 8AE7     		b	.L129
 632              	.L120:
 633 016e 0BF50066 		add	r6, fp, #2048
 634 0172 7368     		ldr	r3, [r6, #4]
 635 0174 2068     		ldr	r0, [r4]
 636 0176 23F00103 		bic	r3, r3, #1
 637 017a 1021     		movs	r1, #16
 638 017c 7360     		str	r3, [r6, #4]
 639 017e FFF7FEFF 		bl	USB_FlushTxFifo
 640 0182 6768     		ldr	r7, [r4, #4]
 641 0184 AFB1     		cbz	r7, .L126
 642 0186 0BF51063 		add	r3, fp, #2304
 643 018a 4FF67F31 		movw	r1, #64383
 644              	.L125:
 645 018e 9960     		str	r1, [r3, #8]
 646 0190 1A68     		ldr	r2, [r3]
 647 0192 22F40012 		bic	r2, r2, #2097152
 648 0196 1A60     		str	r2, [r3]
 649 0198 C3F80812 		str	r1, [r3, #520]
 650 019c D3F80022 		ldr	r2, [r3, #512]
 651 01a0 0135     		adds	r5, r5, #1
 652 01a2 22F40012 		bic	r2, r2, #2097152
 653 01a6 BD42     		cmp	r5, r7
 654 01a8 C3F80022 		str	r2, [r3, #512]
 655 01ac 03F12003 		add	r3, r3, #32
 656 01b0 EDD1     		bne	.L125
 657              	.L126:
 658 01b2 F369     		ldr	r3, [r6, #28]
 659 01b4 226B     		ldr	r2, [r4, #48]
 660 01b6 43F00113 		orr	r3, r3, #65537
 661 01ba F361     		str	r3, [r6, #28]
 662 01bc 002A     		cmp	r2, #0
ARM GAS  D:\Programs\cygwin64\tmp\ccifQSSQ.s 			page 12


 663 01be 00F03381 		beq	.L230
 664 01c2 D6F88430 		ldr	r3, [r6, #132]
 665 01c6 43F00B03 		orr	r3, r3, #11
 666 01ca C6F88430 		str	r3, [r6, #132]
 667 01ce 736C     		ldr	r3, [r6, #68]
 668 01d0 43F00B03 		orr	r3, r3, #11
 669 01d4 7364     		str	r3, [r6, #68]
 670              	.L127:
 671 01d6 DBF80038 		ldr	r3, [fp, #2048]
 672 01da 217C     		ldrb	r1, [r4, #16]	@ zero_extendqisi2
 673 01dc 2068     		ldr	r0, [r4]
 674 01de 23F4FE63 		bic	r3, r3, #2032
 675 01e2 CBF80038 		str	r3, [fp, #2048]
 676 01e6 04F57172 		add	r2, r4, #964
 677 01ea FFF7FEFF 		bl	USB_EP0_OutStart
 678 01ee 2068     		ldr	r0, [r4]
 679 01f0 4369     		ldr	r3, [r0, #20]
 680 01f2 03F48053 		and	r3, r3, #4096
 681 01f6 4361     		str	r3, [r0, #20]
 682 01f8 3EE7     		b	.L121
 683              	.L224:
 684 01fa 2068     		ldr	r0, [r4]
 685 01fc FFF7FEFF 		bl	USB_ReadDevAllInEpInterrupt
 686 0200 D4F800A0 		ldr	r10, [r4]
 687 0204 8146     		mov	r9, r0
 688 0206 0028     		cmp	r0, #0
 689 0208 3FF426AF 		beq	.L97
 690 020c 0BF51063 		add	r3, fp, #2304
 691 0210 2746     		mov	r7, r4
 692 0212 4FF00008 		mov	r8, #0
 693 0216 CDE9023B 		strd	r3, fp, [sp, #8]
 694 021a 0495     		str	r5, [sp, #16]
 695 021c 5646     		mov	r6, r10
 696 021e 07E0     		b	.L112
 697              	.L98:
 698 0220 5FEA5909 		lsrs	r9, r9, #1
 699 0224 08F10108 		add	r8, r8, #1
 700 0228 07F11C07 		add	r7, r7, #28
 701 022c 00F03381 		beq	.L231
 702              	.L112:
 703 0230 19F0010F 		tst	r9, #1
 704 0234 F4D0     		beq	.L98
 705 0236 5FFA88FA 		uxtb	r10, r8
 706 023a 3046     		mov	r0, r6
 707 023c 5146     		mov	r1, r10
 708 023e FFF7FEFF 		bl	USB_ReadDevInEPInterrupt
 709 0242 C607     		lsls	r6, r0, #31
 710 0244 0546     		mov	r5, r0
 711 0246 40F12181 		bpl	.L218
 712 024a 039B     		ldr	r3, [sp, #12]
 713 024c 2069     		ldr	r0, [r4, #16]
 714 024e D3F83418 		ldr	r1, [r3, #2100]
 715 0252 0126     		movs	r6, #1
 716 0254 08F00F02 		and	r2, r8, #15
 717 0258 06FA02F2 		lsl	r2, r6, r2
 718 025c 21EA0201 		bic	r1, r1, r2
 719 0260 029A     		ldr	r2, [sp, #8]
ARM GAS  D:\Programs\cygwin64\tmp\ccifQSSQ.s 			page 13


 720 0262 C3F83418 		str	r1, [r3, #2100]
 721 0266 02EB4812 		add	r2, r2, r8, lsl #5
 722 026a 1346     		mov	r3, r2
 723 026c B042     		cmp	r0, r6
 724 026e 9E60     		str	r6, [r3, #8]
 725 0270 03D1     		bne	.L101
 726 0272 D7E91123 		ldrd	r2, r3, [r7, #68]
 727 0276 1344     		add	r3, r3, r2
 728 0278 BB64     		str	r3, [r7, #72]
 729              	.L101:
 730 027a 5146     		mov	r1, r10
 731 027c 2046     		mov	r0, r4
 732 027e FFF7FEFF 		bl	HAL_PCD_DataInStageCallback
 733 0282 2169     		ldr	r1, [r4, #16]
 734 0284 2668     		ldr	r6, [r4]
 735 0286 0129     		cmp	r1, #1
 736 0288 00F0F380 		beq	.L102
 737              	.L100:
 738 028c 2807     		lsls	r0, r5, #28
 739 028e 04D5     		bpl	.L103
 740 0290 029B     		ldr	r3, [sp, #8]
 741 0292 03EB4813 		add	r3, r3, r8, lsl #5
 742 0296 0822     		movs	r2, #8
 743 0298 9A60     		str	r2, [r3, #8]
 744              	.L103:
 745 029a E906     		lsls	r1, r5, #27
 746 029c 04D5     		bpl	.L104
 747 029e 029B     		ldr	r3, [sp, #8]
 748 02a0 03EB4813 		add	r3, r3, r8, lsl #5
 749 02a4 1022     		movs	r2, #16
 750 02a6 9A60     		str	r2, [r3, #8]
 751              	.L104:
 752 02a8 6A06     		lsls	r2, r5, #25
 753 02aa 04D5     		bpl	.L105
 754 02ac 029B     		ldr	r3, [sp, #8]
 755 02ae 03EB4813 		add	r3, r3, r8, lsl #5
 756 02b2 4022     		movs	r2, #64
 757 02b4 9A60     		str	r2, [r3, #8]
 758              	.L105:
 759 02b6 AB07     		lsls	r3, r5, #30
 760 02b8 04D5     		bpl	.L106
 761 02ba 029B     		ldr	r3, [sp, #8]
 762 02bc 03EB4813 		add	r3, r3, r8, lsl #5
 763 02c0 0222     		movs	r2, #2
 764 02c2 9A60     		str	r2, [r3, #8]
 765              	.L106:
 766 02c4 2806     		lsls	r0, r5, #24
 767 02c6 ABD5     		bpl	.L98
 768 02c8 D7E91413 		ldrd	r1, r3, [r7, #80]
 769 02cc 8B42     		cmp	r3, r1
 770 02ce A7D8     		bhi	.L98
 771 02d0 06EB481B 		add	fp, r6, r8, lsl #5
 772 02d4 7A6C     		ldr	r2, [r7, #68]
 773 02d6 DBF81809 		ldr	r0, [fp, #2328]
 774 02da 0596     		str	r6, [sp, #20]
 775 02dc 0BF5106B 		add	fp, fp, #2304
 776 02e0 CD1A     		subs	r5, r1, r3
ARM GAS  D:\Programs\cygwin64\tmp\ccifQSSQ.s 			page 14


 777 02e2 9542     		cmp	r5, r2
 778 02e4 AC46     		mov	ip, r5
 779 02e6 28BF     		it	cs
 780 02e8 9446     		movcs	ip, r2
 781 02ea 80B2     		uxth	r0, r0
 782 02ec 0CF1030C 		add	ip, ip, #3
 783 02f0 B0EB9C0F 		cmp	r0, ip, lsr #2
 784 02f4 23D3     		bcc	.L107
 785 02f6 8B42     		cmp	r3, r1
 786 02f8 24D2     		bcs	.L143
 787 02fa 19B3     		cbz	r1, .L143
 788 02fc B96C     		ldr	r1, [r7, #72]
 789 02fe 05E0     		b	.L111
 790              	.L109:
 791 0300 3D6D     		ldr	r5, [r7, #80]
 792 0302 9D42     		cmp	r5, r3
 793 0304 40F27881 		bls	.L232
 794 0308 7A6C     		ldr	r2, [r7, #68]
 795 030a ED1A     		subs	r5, r5, r3
 796              	.L111:
 797 030c 9542     		cmp	r5, r2
 798 030e 28BF     		it	cs
 799 0310 1546     		movcs	r5, r2
 800 0312 237C     		ldrb	r3, [r4, #16]	@ zero_extendqisi2
 801 0314 0093     		str	r3, [sp]
 802 0316 5246     		mov	r2, r10
 803 0318 ABB2     		uxth	r3, r5
 804 031a 3046     		mov	r0, r6
 805 031c FFF7FEFF 		bl	USB_WritePacket
 806 0320 DBF81820 		ldr	r2, [fp, #24]
 807 0324 B96C     		ldr	r1, [r7, #72]
 808 0326 7B6D     		ldr	r3, [r7, #84]
 809 0328 2944     		add	r1, r1, r5
 810 032a 2B44     		add	r3, r3, r5
 811 032c 92B2     		uxth	r2, r2
 812 032e 0335     		adds	r5, r5, #3
 813 0330 B2EB950F 		cmp	r2, r5, lsr #2
 814 0334 B964     		str	r1, [r7, #72]
 815 0336 7B65     		str	r3, [r7, #84]
 816 0338 E2D2     		bcs	.L109
 817 033a 396D     		ldr	r1, [r7, #80]
 818 033c 2668     		ldr	r6, [r4]
 819              	.L107:
 820 033e 8B42     		cmp	r3, r1
 821 0340 FFF46EAF 		bcc	.L98
 822              	.L143:
 823 0344 059B     		ldr	r3, [sp, #20]
 824 0346 08F00F01 		and	r1, r8, #15
 825 034a D3F83428 		ldr	r2, [r3, #2100]
 826 034e 0120     		movs	r0, #1
 827 0350 00FA01F1 		lsl	r1, r0, r1
 828 0354 22EA0102 		bic	r2, r2, r1
 829 0358 C3F83428 		str	r2, [r3, #2100]
 830 035c 60E7     		b	.L98
 831              	.L223:
 832 035e FFF7FEFF 		bl	USB_ReadDevAllOutEpInterrupt
 833 0362 0646     		mov	r6, r0
ARM GAS  D:\Programs\cygwin64\tmp\ccifQSSQ.s 			page 15


 834 0364 2068     		ldr	r0, [r4]
 835 0366 002E     		cmp	r6, #0
 836 0368 3FF46FAE 		beq	.L70
 837 036c 0BF53063 		add	r3, fp, #2816
 838 0370 CDE903B5 		strd	fp, r5, [sp, #12]
 839 0374 04F50179 		add	r9, r4, #516
 840 0378 0027     		movs	r7, #0
 841 037a 9B46     		mov	fp, r3
 842 037c 06E0     		b	.L94
 843              	.L71:
 844 037e 7608     		lsrs	r6, r6, #1
 845 0380 07F10107 		add	r7, r7, #1
 846 0384 09F11C09 		add	r9, r9, #28
 847 0388 00F08280 		beq	.L233
 848              	.L94:
 849 038c F507     		lsls	r5, r6, #31
 850 038e F6D5     		bpl	.L71
 851 0390 5FFA87FA 		uxtb	r10, r7
 852 0394 5146     		mov	r1, r10
 853 0396 FFF7FEFF 		bl	USB_ReadDevOutEPInterrupt
 854 039a 0546     		mov	r5, r0
 855 039c E807     		lsls	r0, r5, #31
 856 039e 7ED4     		bmi	.L72
 857 03a0 05F00803 		and	r3, r5, #8
 858              	.L73:
 859 03a4 2068     		ldr	r0, [r4]
 860 03a6 002B     		cmp	r3, #0
 861 03a8 40F0AC80 		bne	.L234
 862              	.L83:
 863 03ac E906     		lsls	r1, r5, #27
 864 03ae 03D5     		bpl	.L91
 865 03b0 0BEB4713 		add	r3, fp, r7, lsl #5
 866 03b4 1022     		movs	r2, #16
 867 03b6 9A60     		str	r2, [r3, #8]
 868              	.L91:
 869 03b8 AA06     		lsls	r2, r5, #26
 870 03ba 07D5     		bpl	.L92
 871 03bc 2169     		ldr	r1, [r4, #16]
 872 03be 0129     		cmp	r1, #1
 873 03c0 00F01481 		beq	.L235
 874              	.L93:
 875 03c4 0BEB4713 		add	r3, fp, r7, lsl #5
 876 03c8 2022     		movs	r2, #32
 877 03ca 9A60     		str	r2, [r3, #8]
 878              	.L92:
 879 03cc AB04     		lsls	r3, r5, #18
 880 03ce D6D5     		bpl	.L71
 881 03d0 0BEB4713 		add	r3, fp, r7, lsl #5
 882 03d4 4FF40052 		mov	r2, #8192
 883 03d8 9A60     		str	r2, [r3, #8]
 884 03da D0E7     		b	.L71
 885              	.L140:
 886 03dc 2046     		mov	r0, r4
 887 03de FFF7FEFF 		bl	HAL_PCD_ConnectCallback
 888 03e2 2068     		ldr	r0, [r4]
 889 03e4 4369     		ldr	r3, [r0, #20]
 890 03e6 03F08043 		and	r3, r3, #1073741824
ARM GAS  D:\Programs\cygwin64\tmp\ccifQSSQ.s 			page 16


 891 03ea 4361     		str	r3, [r0, #20]
 892 03ec 7CE6     		b	.L141
 893              	.L138:
 894 03ee 2046     		mov	r0, r4
 895 03f0 0021     		movs	r1, #0
 896 03f2 FFF7FEFF 		bl	HAL_PCD_ISOOUTIncompleteCallback
 897 03f6 2068     		ldr	r0, [r4]
 898 03f8 4369     		ldr	r3, [r0, #20]
 899 03fa 03F40013 		and	r3, r3, #2097152
 900 03fe 4361     		str	r3, [r0, #20]
 901 0400 6CE6     		b	.L139
 902              	.L136:
 903 0402 2046     		mov	r0, r4
 904 0404 0021     		movs	r1, #0
 905 0406 FFF7FEFF 		bl	HAL_PCD_ISOINIncompleteCallback
 906 040a 2068     		ldr	r0, [r4]
 907 040c 4369     		ldr	r3, [r0, #20]
 908 040e 03F48013 		and	r3, r3, #1048576
 909 0412 4361     		str	r3, [r0, #20]
 910 0414 5CE6     		b	.L137
 911              	.L134:
 912 0416 2046     		mov	r0, r4
 913 0418 FFF7FEFF 		bl	HAL_PCD_SOFCallback
 914 041c 2068     		ldr	r0, [r4]
 915 041e 4369     		ldr	r3, [r0, #20]
 916 0420 03F00803 		and	r3, r3, #8
 917 0424 4361     		str	r3, [r0, #20]
 918 0426 4DE6     		b	.L135
 919              	.L230:
 920 0428 7369     		ldr	r3, [r6, #20]
 921 042a 43F40053 		orr	r3, r3, #8192
 922 042e 43F02B03 		orr	r3, r3, #43
 923 0432 7361     		str	r3, [r6, #20]
 924 0434 3369     		ldr	r3, [r6, #16]
 925 0436 43F00B03 		orr	r3, r3, #11
 926 043a 3361     		str	r3, [r6, #16]
 927 043c CBE6     		b	.L127
 928              	.L229:
 929 043e 0021     		movs	r1, #0
 930 0440 84F8F413 		strb	r1, [r4, #1012]
 931 0444 2046     		mov	r0, r4
 932 0446 FFF7FEFF 		bl	HAL_PCDEx_LPM_Callback
 933 044a 73E6     		b	.L116
 934              	.L226:
 935 044c 0822     		movs	r2, #8
 936 044e 04F57171 		add	r1, r4, #964
 937 0452 5846     		mov	r0, fp
 938 0454 C6EBC606 		rsb	r6, r6, r6, lsl #3
 939 0458 FFF7FEFF 		bl	USB_ReadPacket
 940 045c 04EB8602 		add	r2, r4, r6, lsl #2
 941 0460 C5F30A13 		ubfx	r3, r5, #4, #11
 942 0464 D2F81412 		ldr	r1, [r2, #532]
 943 0468 2068     		ldr	r0, [r4]
 944 046a 0B44     		add	r3, r3, r1
 945 046c C2F81432 		str	r3, [r2, #532]
 946 0470 1EE6     		b	.L133
 947              	.L102:
ARM GAS  D:\Programs\cygwin64\tmp\ccifQSSQ.s 			page 17


 948 0472 B8F1000F 		cmp	r8, #0
 949 0476 7FF409AF 		bne	.L100
 950 047a 236D     		ldr	r3, [r4, #80]
 951 047c 002B     		cmp	r3, #0
 952 047e 7FF405AF 		bne	.L100
 953 0482 3046     		mov	r0, r6
 954 0484 04F57172 		add	r2, r4, #964
 955 0488 FFF7FEFF 		bl	USB_EP0_OutStart
 956              	.L218:
 957 048c 2668     		ldr	r6, [r4]
 958 048e FDE6     		b	.L100
 959              	.L233:
 960 0490 DDE903B5 		ldrd	fp, r5, [sp, #12]
 961 0494 D9E5     		b	.L70
 962              	.L231:
 963 0496 DDE903B5 		ldrd	fp, r5, [sp, #12]
 964 049a B246     		mov	r10, r6
 965 049c DCE5     		b	.L97
 966              	.L72:
 967 049e 2068     		ldr	r0, [r4]
 968 04a0 2169     		ldr	r1, [r4, #16]
 969 04a2 7B01     		lsls	r3, r7, #5
 970 04a4 0BEB0302 		add	r2, fp, r3
 971 04a8 0292     		str	r2, [sp, #8]
 972 04aa 00F53068 		add	r8, r0, #2816
 973 04ae 9844     		add	r8, r8, r3
 974 04b0 029B     		ldr	r3, [sp, #8]
 975 04b2 0122     		movs	r2, #1
 976 04b4 9A60     		str	r2, [r3, #8]
 977 04b6 0129     		cmp	r1, #1
 978 04b8 D0F840E0 		ldr	lr, [r0, #64]
 979 04bc D8F80820 		ldr	r2, [r8, #8]
 980 04c0 05F00803 		and	r3, r5, #8
 981 04c4 78D0     		beq	.L236
 982 04c6 6B49     		ldr	r1, .L237
 983 04c8 8E45     		cmp	lr, r1
 984 04ca 6ED1     		bne	.L80
 985 04cc 1104     		lsls	r1, r2, #16
 986 04ce 67D5     		bpl	.L81
 987 04d0 4FF40042 		mov	r2, #32768
 988 04d4 C8F80820 		str	r2, [r8, #8]
 989 04d8 002B     		cmp	r3, #0
 990 04da 3FF467AF 		beq	.L83
 991 04de 036C     		ldr	r3, [r0, #64]
 992 04e0 D8F80810 		ldr	r1, [r8, #8]
 993              	.L85:
 994 04e4 634A     		ldr	r2, .L237
 995 04e6 9342     		cmp	r3, r2
 996 04e8 48D0     		beq	.L221
 997 04ea 2046     		mov	r0, r4
 998 04ec 0593     		str	r3, [sp, #20]
 999 04ee FFF7FEFF 		bl	HAL_PCD_SetupStageCallback
 1000 04f2 614A     		ldr	r2, .L237+4
 1001 04f4 059B     		ldr	r3, [sp, #20]
 1002 04f6 9342     		cmp	r3, r2
 1003 04f8 49D8     		bhi	.L89
 1004              	.L217:
ARM GAS  D:\Programs\cygwin64\tmp\ccifQSSQ.s 			page 18


 1005 04fa 2068     		ldr	r0, [r4]
 1006              	.L90:
 1007 04fc 029A     		ldr	r2, [sp, #8]
 1008 04fe 0823     		movs	r3, #8
 1009 0500 9360     		str	r3, [r2, #8]
 1010 0502 53E7     		b	.L83
 1011              	.L234:
 1012 0504 4FEA471A 		lsl	r10, r7, #5
 1013 0508 00F53068 		add	r8, r0, #2816
 1014 050c 2269     		ldr	r2, [r4, #16]
 1015 050e 036C     		ldr	r3, [r0, #64]
 1016 0510 D044     		add	r8, r8, r10
 1017 0512 0BEB0A00 		add	r0, fp, r10
 1018 0516 012A     		cmp	r2, #1
 1019 0518 D8F80810 		ldr	r1, [r8, #8]
 1020 051c 0290     		str	r0, [sp, #8]
 1021 051e E1D1     		bne	.L85
 1022              	.L144:
 1023 0520 554A     		ldr	r2, .L237+4
 1024 0522 9342     		cmp	r3, r2
 1025 0524 2AD8     		bhi	.L221
 1026 0526 2046     		mov	r0, r4
 1027 0528 FFF7FEFF 		bl	HAL_PCD_SetupStageCallback
 1028 052c 2068     		ldr	r0, [r4]
 1029 052e E5E7     		b	.L90
 1030              	.L225:
 1031 0530 47F6F073 		movw	r3, #32752
 1032 0534 1D42     		tst	r5, r3
 1033 0536 3FF4BBAD 		beq	.L133
 1034 053a C6EBC606 		rsb	r6, r6, r6, lsl #3
 1035 053e 04EB8606 		add	r6, r4, r6, lsl #2
 1036 0542 C5F30A15 		ubfx	r5, r5, #4, #11
 1037 0546 2A46     		mov	r2, r5
 1038 0548 5846     		mov	r0, fp
 1039 054a D6F80812 		ldr	r1, [r6, #520]
 1040 054e FFF7FEFF 		bl	USB_ReadPacket
 1041 0552 D6F80822 		ldr	r2, [r6, #520]
 1042 0556 D6F81432 		ldr	r3, [r6, #532]
 1043 055a 2068     		ldr	r0, [r4]
 1044 055c 2A44     		add	r2, r2, r5
 1045 055e 2B44     		add	r3, r3, r5
 1046 0560 C6F80822 		str	r2, [r6, #520]
 1047 0564 C6F81432 		str	r3, [r6, #532]
 1048 0568 A2E5     		b	.L133
 1049              	.L228:
 1050 056a 2046     		mov	r0, r4
 1051 056c FFF7FEFF 		bl	HAL_PCD_SuspendCallback
 1052 0570 CCE5     		b	.L119
 1053              	.L227:
 1054 0572 2046     		mov	r0, r4
 1055 0574 FFF7FEFF 		bl	HAL_PCD_DisconnectCallback
 1056 0578 2368     		ldr	r3, [r4]
 1057 057a BEE5     		b	.L142
 1058              	.L221:
 1059 057c 0804     		lsls	r0, r1, #16
 1060 057e 03D5     		bpl	.L87
 1061 0580 4FF40043 		mov	r3, #32768
ARM GAS  D:\Programs\cygwin64\tmp\ccifQSSQ.s 			page 19


 1062 0584 C8F80830 		str	r3, [r8, #8]
 1063              	.L87:
 1064 0588 2046     		mov	r0, r4
 1065 058a FFF7FEFF 		bl	HAL_PCD_SetupStageCallback
 1066              	.L89:
 1067 058e 2169     		ldr	r1, [r4, #16]
 1068 0590 2068     		ldr	r0, [r4]
 1069 0592 0129     		cmp	r1, #1
 1070 0594 B2D1     		bne	.L90
 1071 0596 04F57172 		add	r2, r4, #964
 1072 059a FFF7FEFF 		bl	USB_EP0_OutStart
 1073 059e ACE7     		b	.L217
 1074              	.L81:
 1075 05a0 9206     		lsls	r2, r2, #26
 1076 05a2 44BF     		itt	mi
 1077 05a4 2021     		movmi	r1, #32
 1078 05a6 C8F80810 		strmi	r1, [r8, #8]
 1079              	.L80:
 1080 05aa 5146     		mov	r1, r10
 1081 05ac 2046     		mov	r0, r4
 1082 05ae 0293     		str	r3, [sp, #8]
 1083 05b0 FFF7FEFF 		bl	HAL_PCD_DataOutStageCallback
 1084 05b4 029B     		ldr	r3, [sp, #8]
 1085 05b6 F5E6     		b	.L73
 1086              	.L236:
 1087 05b8 1107     		lsls	r1, r2, #28
 1088 05ba 1FD5     		bpl	.L75
 1089 05bc 2E49     		ldr	r1, .L237+4
 1090 05be 8E45     		cmp	lr, r1
 1091 05c0 05D9     		bls	.L76
 1092 05c2 1004     		lsls	r0, r2, #16
 1093 05c4 44BF     		itt	mi
 1094 05c6 4FF40042 		movmi	r2, #32768
 1095 05ca C8F80820 		strmi	r2, [r8, #8]
 1096              	.L76:
 1097 05ce 2046     		mov	r0, r4
 1098 05d0 0293     		str	r3, [sp, #8]
 1099 05d2 FFF7FEFF 		bl	HAL_PCD_SetupStageCallback
 1100 05d6 04F57172 		add	r2, r4, #964
 1101 05da 0121     		movs	r1, #1
 1102 05dc 2068     		ldr	r0, [r4]
 1103 05de FFF7FEFF 		bl	USB_EP0_OutStart
 1104 05e2 0822     		movs	r2, #8
 1105 05e4 C8F80820 		str	r2, [r8, #8]
 1106 05e8 029B     		ldr	r3, [sp, #8]
 1107 05ea DBE6     		b	.L73
 1108              	.L235:
 1109 05ec 04F57172 		add	r2, r4, #964
 1110 05f0 FFF7FEFF 		bl	USB_EP0_OutStart
 1111 05f4 2068     		ldr	r0, [r4]
 1112 05f6 E5E6     		b	.L93
 1113              	.L232:
 1114 05f8 2668     		ldr	r6, [r4]
 1115 05fa A3E6     		b	.L143
 1116              	.L75:
 1117 05fc 9106     		lsls	r1, r2, #26
 1118 05fe 09D5     		bpl	.L77
ARM GAS  D:\Programs\cygwin64\tmp\ccifQSSQ.s 			page 20


 1119 0600 2022     		movs	r2, #32
 1120 0602 C8F80820 		str	r2, [r8, #8]
 1121              	.L78:
 1122 0606 002B     		cmp	r3, #0
 1123 0608 3FF4D0AE 		beq	.L83
 1124 060c 036C     		ldr	r3, [r0, #64]
 1125 060e D8F80810 		ldr	r1, [r8, #8]
 1126 0612 85E7     		b	.L144
 1127              	.L77:
 1128 0614 12F0280F 		tst	r2, #40
 1129 0618 F5D1     		bne	.L78
 1130 061a 1749     		ldr	r1, .L237+4
 1131 061c 8E45     		cmp	lr, r1
 1132 061e 06D9     		bls	.L79
 1133 0620 1204     		lsls	r2, r2, #16
 1134 0622 04D5     		bpl	.L79
 1135 0624 4FF40042 		mov	r2, #32768
 1136 0628 C8F80820 		str	r2, [r8, #8]
 1137 062c EBE7     		b	.L78
 1138              	.L79:
 1139 062e D9E900C1 		ldrd	ip, r1, [r9]
 1140 0632 D8F81000 		ldr	r0, [r8, #16]
 1141 0636 0293     		str	r3, [sp, #8]
 1142 0638 C0F31200 		ubfx	r0, r0, #0, #19
 1143 063c ACEB0000 		sub	r0, ip, r0
 1144 0640 8C44     		add	ip, ip, r1
 1145 0642 C9F81000 		str	r0, [r9, #16]
 1146 0646 5146     		mov	r1, r10
 1147 0648 C9F804C0 		str	ip, [r9, #4]
 1148 064c 2046     		mov	r0, r4
 1149 064e FFF7FEFF 		bl	HAL_PCD_DataOutStageCallback
 1150 0652 029B     		ldr	r3, [sp, #8]
 1151 0654 002F     		cmp	r7, #0
 1152 0656 7FF4A5AE 		bne	.L73
 1153 065a D4F81022 		ldr	r2, [r4, #528]
 1154 065e 002A     		cmp	r2, #0
 1155 0660 7FF4A0AE 		bne	.L73
 1156 0664 04F57172 		add	r2, r4, #964
 1157 0668 0121     		movs	r1, #1
 1158 066a 2068     		ldr	r0, [r4]
 1159 066c FFF7FEFF 		bl	USB_EP0_OutStart
 1160 0670 029B     		ldr	r3, [sp, #8]
 1161 0672 97E6     		b	.L73
 1162              	.L238:
 1163              		.align	2
 1164              	.L237:
 1165 0674 0A31544F 		.word	1330917642
 1166 0678 0A30544F 		.word	1330917386
 1168              		.section	.text.HAL_PCD_DevConnect,"ax",%progbits
 1169              		.align	1
 1170              		.p2align 2,,3
 1171              		.global	HAL_PCD_DevConnect
 1172              		.syntax unified
 1173              		.thumb
 1174              		.thumb_func
 1175              		.fpu fpv4-sp-d16
 1177              	HAL_PCD_DevConnect:
ARM GAS  D:\Programs\cygwin64\tmp\ccifQSSQ.s 			page 21


 1178              		@ args = 0, pretend = 0, frame = 0
 1179              		@ frame_needed = 0, uses_anonymous_args = 0
 1180 0000 90F8BC23 		ldrb	r2, [r0, #956]	@ zero_extendqisi2
 1181 0004 0368     		ldr	r3, [r0]
 1182 0006 012A     		cmp	r2, #1
 1183 0008 16D0     		beq	.L242
 1184 000a 826A     		ldr	r2, [r0, #40]
 1185 000c 0121     		movs	r1, #1
 1186 000e 8A42     		cmp	r2, r1
 1187 0010 10B5     		push	{r4, lr}
 1188 0012 80F8BC13 		strb	r1, [r0, #956]
 1189 0016 07D0     		beq	.L250
 1190              	.L241:
 1191 0018 0446     		mov	r4, r0
 1192 001a 1846     		mov	r0, r3
 1193 001c FFF7FEFF 		bl	USB_DevConnect
 1194 0020 0020     		movs	r0, #0
 1195 0022 84F8BC03 		strb	r0, [r4, #956]
 1196 0026 10BD     		pop	{r4, pc}
 1197              	.L250:
 1198 0028 8269     		ldr	r2, [r0, #24]
 1199 002a 8A42     		cmp	r2, r1
 1200 002c F4D0     		beq	.L241
 1201 002e 9A6B     		ldr	r2, [r3, #56]
 1202 0030 42F48032 		orr	r2, r2, #65536
 1203 0034 9A63     		str	r2, [r3, #56]
 1204 0036 EFE7     		b	.L241
 1205              	.L242:
 1206 0038 0220     		movs	r0, #2
 1207 003a 7047     		bx	lr
 1209              		.section	.text.HAL_PCD_DevDisconnect,"ax",%progbits
 1210              		.align	1
 1211              		.p2align 2,,3
 1212              		.global	HAL_PCD_DevDisconnect
 1213              		.syntax unified
 1214              		.thumb
 1215              		.thumb_func
 1216              		.fpu fpv4-sp-d16
 1218              	HAL_PCD_DevDisconnect:
 1219              		@ args = 0, pretend = 0, frame = 0
 1220              		@ frame_needed = 0, uses_anonymous_args = 0
 1221 0000 90F8BC33 		ldrb	r3, [r0, #956]	@ zero_extendqisi2
 1222 0004 012B     		cmp	r3, #1
 1223 0006 0BD0     		beq	.L253
 1224 0008 10B5     		push	{r4, lr}
 1225 000a 0123     		movs	r3, #1
 1226 000c 0446     		mov	r4, r0
 1227 000e 80F8BC33 		strb	r3, [r0, #956]
 1228 0012 0068     		ldr	r0, [r0]
 1229 0014 FFF7FEFF 		bl	USB_DevDisconnect
 1230 0018 0020     		movs	r0, #0
 1231 001a 84F8BC03 		strb	r0, [r4, #956]
 1232 001e 10BD     		pop	{r4, pc}
 1233              	.L253:
 1234 0020 0220     		movs	r0, #2
 1235 0022 7047     		bx	lr
 1237              		.section	.text.HAL_PCD_SetAddress,"ax",%progbits
ARM GAS  D:\Programs\cygwin64\tmp\ccifQSSQ.s 			page 22


 1238              		.align	1
 1239              		.p2align 2,,3
 1240              		.global	HAL_PCD_SetAddress
 1241              		.syntax unified
 1242              		.thumb
 1243              		.thumb_func
 1244              		.fpu fpv4-sp-d16
 1246              	HAL_PCD_SetAddress:
 1247              		@ args = 0, pretend = 0, frame = 0
 1248              		@ frame_needed = 0, uses_anonymous_args = 0
 1249 0000 90F8BC23 		ldrb	r2, [r0, #956]	@ zero_extendqisi2
 1250 0004 012A     		cmp	r2, #1
 1251 0006 0DD0     		beq	.L260
 1252 0008 10B5     		push	{r4, lr}
 1253 000a 0446     		mov	r4, r0
 1254 000c 0122     		movs	r2, #1
 1255 000e 84F83810 		strb	r1, [r4, #56]
 1256 0012 80F8BC23 		strb	r2, [r0, #956]
 1257 0016 0068     		ldr	r0, [r0]
 1258 0018 FFF7FEFF 		bl	USB_SetDevAddress
 1259 001c 0020     		movs	r0, #0
 1260 001e 84F8BC03 		strb	r0, [r4, #956]
 1261 0022 10BD     		pop	{r4, pc}
 1262              	.L260:
 1263 0024 0220     		movs	r0, #2
 1264 0026 7047     		bx	lr
 1266              		.section	.text.HAL_PCD_EP_Open,"ax",%progbits
 1267              		.align	1
 1268              		.p2align 2,,3
 1269              		.global	HAL_PCD_EP_Open
 1270              		.syntax unified
 1271              		.thumb
 1272              		.thumb_func
 1273              		.fpu fpv4-sp-d16
 1275              	HAL_PCD_EP_Open:
 1276              		@ args = 0, pretend = 0, frame = 0
 1277              		@ frame_needed = 0, uses_anonymous_args = 0
 1278 0000 F8B5     		push	{r3, r4, r5, r6, r7, lr}
 1279 0002 01F00F05 		and	r5, r1, #15
 1280 0006 C5EBC504 		rsb	r4, r5, r5, lsl #3
 1281 000a C5EBC506 		rsb	r6, r5, r5, lsl #3
 1282 000e 0906     		lsls	r1, r1, #24
 1283 0010 4FEA8404 		lsl	r4, r4, #2
 1284 0014 00EB8606 		add	r6, r0, r6, lsl #2
 1285 0018 1FD4     		bmi	.L276
 1286 001a 04F5FE74 		add	r4, r4, #508
 1287 001e 0027     		movs	r7, #0
 1288 0020 0119     		adds	r1, r0, r4
 1289 0022 86F8FD71 		strb	r7, [r6, #509]
 1290              	.L267:
 1291 0026 4C78     		ldrb	r4, [r1, #1]	@ zero_extendqisi2
 1292 0028 0D70     		strb	r5, [r1]
 1293 002a 8A60     		str	r2, [r1, #8]
 1294 002c CB70     		strb	r3, [r1, #3]
 1295 002e 94B9     		cbnz	r4, .L277
 1296              	.L268:
 1297 0030 022B     		cmp	r3, #2
ARM GAS  D:\Programs\cygwin64\tmp\ccifQSSQ.s 			page 23


 1298 0032 04BF     		itt	eq
 1299 0034 0023     		moveq	r3, #0
 1300 0036 0B71     		strbeq	r3, [r1, #4]
 1301 0038 90F8BC33 		ldrb	r3, [r0, #956]	@ zero_extendqisi2
 1302 003c 012B     		cmp	r3, #1
 1303 003e 12D0     		beq	.L271
 1304 0040 0123     		movs	r3, #1
 1305 0042 0446     		mov	r4, r0
 1306 0044 80F8BC33 		strb	r3, [r0, #956]
 1307 0048 0068     		ldr	r0, [r0]
 1308 004a FFF7FEFF 		bl	USB_ActivateEndpoint
 1309 004e 0020     		movs	r0, #0
 1310 0050 84F8BC03 		strb	r0, [r4, #956]
 1311 0054 F8BD     		pop	{r3, r4, r5, r6, r7, pc}
 1312              	.L277:
 1313 0056 CD80     		strh	r5, [r1, #6]	@ movhi
 1314 0058 EAE7     		b	.L268
 1315              	.L276:
 1316 005a 3C34     		adds	r4, r4, #60
 1317 005c 0127     		movs	r7, #1
 1318 005e 0119     		adds	r1, r0, r4
 1319 0060 86F83D70 		strb	r7, [r6, #61]
 1320 0064 DFE7     		b	.L267
 1321              	.L271:
 1322 0066 0220     		movs	r0, #2
 1323 0068 F8BD     		pop	{r3, r4, r5, r6, r7, pc}
 1325 006a 00BF     		.section	.text.HAL_PCD_EP_Close,"ax",%progbits
 1326              		.align	1
 1327              		.p2align 2,,3
 1328              		.global	HAL_PCD_EP_Close
 1329              		.syntax unified
 1330              		.thumb
 1331              		.thumb_func
 1332              		.fpu fpv4-sp-d16
 1334              	HAL_PCD_EP_Close:
 1335              		@ args = 0, pretend = 0, frame = 0
 1336              		@ frame_needed = 0, uses_anonymous_args = 0
 1337 0000 01F00F02 		and	r2, r1, #15
 1338 0004 38B5     		push	{r3, r4, r5, lr}
 1339 0006 0906     		lsls	r1, r1, #24
 1340 0008 C2EBC203 		rsb	r3, r2, r2, lsl #3
 1341 000c C2EBC204 		rsb	r4, r2, r2, lsl #3
 1342 0010 4FEA8303 		lsl	r3, r3, #2
 1343 0014 00EB8404 		add	r4, r0, r4, lsl #2
 1344 0018 15D4     		bmi	.L284
 1345 001a 03F5FE73 		add	r3, r3, #508
 1346 001e C118     		adds	r1, r0, r3
 1347 0020 0025     		movs	r5, #0
 1348 0022 84F8FD51 		strb	r5, [r4, #509]
 1349 0026 0A70     		strb	r2, [r1]
 1350 0028 90F8BC33 		ldrb	r3, [r0, #956]	@ zero_extendqisi2
 1351 002c 012B     		cmp	r3, #1
 1352 002e 14D0     		beq	.L282
 1353              	.L285:
 1354 0030 0123     		movs	r3, #1
 1355 0032 0446     		mov	r4, r0
 1356 0034 80F8BC33 		strb	r3, [r0, #956]
ARM GAS  D:\Programs\cygwin64\tmp\ccifQSSQ.s 			page 24


 1357 0038 0068     		ldr	r0, [r0]
 1358 003a FFF7FEFF 		bl	USB_DeactivateEndpoint
 1359 003e 0020     		movs	r0, #0
 1360 0040 84F8BC03 		strb	r0, [r4, #956]
 1361 0044 38BD     		pop	{r3, r4, r5, pc}
 1362              	.L284:
 1363 0046 3C33     		adds	r3, r3, #60
 1364 0048 C118     		adds	r1, r0, r3
 1365 004a 0125     		movs	r5, #1
 1366 004c 84F83D50 		strb	r5, [r4, #61]
 1367 0050 0A70     		strb	r2, [r1]
 1368 0052 90F8BC33 		ldrb	r3, [r0, #956]	@ zero_extendqisi2
 1369 0056 012B     		cmp	r3, #1
 1370 0058 EAD1     		bne	.L285
 1371              	.L282:
 1372 005a 0220     		movs	r0, #2
 1373 005c 38BD     		pop	{r3, r4, r5, pc}
 1375 005e 00BF     		.section	.text.HAL_PCD_EP_Receive,"ax",%progbits
 1376              		.align	1
 1377              		.p2align 2,,3
 1378              		.global	HAL_PCD_EP_Receive
 1379              		.syntax unified
 1380              		.thumb
 1381              		.thumb_func
 1382              		.fpu fpv4-sp-d16
 1384              	HAL_PCD_EP_Receive:
 1385              		@ args = 0, pretend = 0, frame = 0
 1386              		@ frame_needed = 0, uses_anonymous_args = 0
 1387 0000 38B5     		push	{r3, r4, r5, lr}
 1388 0002 01F00F05 		and	r5, r1, #15
 1389 0006 C5EBC504 		rsb	r4, r5, r5, lsl #3
 1390 000a 00EB8404 		add	r4, r0, r4, lsl #2
 1391 000e 0021     		movs	r1, #0
 1392 0010 C4F80822 		str	r2, [r4, #520]
 1393 0014 C4F81412 		str	r1, [r4, #532]
 1394 0018 84F8FD11 		strb	r1, [r4, #509]
 1395 001c C4F81032 		str	r3, [r4, #528]
 1396 0020 84F8FC51 		strb	r5, [r4, #508]
 1397 0024 0369     		ldr	r3, [r0, #16]
 1398 0026 1C21     		movs	r1, #28
 1399 0028 01FB0501 		mla	r1, r1, r5, r0
 1400 002c 012B     		cmp	r3, #1
 1401 002e 08BF     		it	eq
 1402 0030 C4F80C22 		streq	r2, [r4, #524]
 1403 0034 01F5FE71 		add	r1, r1, #508
 1404 0038 0068     		ldr	r0, [r0]
 1405 003a DAB2     		uxtb	r2, r3
 1406 003c 1DB9     		cbnz	r5, .L288
 1407 003e FFF7FEFF 		bl	USB_EP0StartXfer
 1408 0042 0020     		movs	r0, #0
 1409 0044 38BD     		pop	{r3, r4, r5, pc}
 1410              	.L288:
 1411 0046 FFF7FEFF 		bl	USB_EPStartXfer
 1412 004a 0020     		movs	r0, #0
 1413 004c 38BD     		pop	{r3, r4, r5, pc}
 1415 004e 00BF     		.section	.text.HAL_PCD_EP_GetRxCount,"ax",%progbits
 1416              		.align	1
ARM GAS  D:\Programs\cygwin64\tmp\ccifQSSQ.s 			page 25


 1417              		.p2align 2,,3
 1418              		.global	HAL_PCD_EP_GetRxCount
 1419              		.syntax unified
 1420              		.thumb
 1421              		.thumb_func
 1422              		.fpu fpv4-sp-d16
 1424              	HAL_PCD_EP_GetRxCount:
 1425              		@ args = 0, pretend = 0, frame = 0
 1426              		@ frame_needed = 0, uses_anonymous_args = 0
 1427              		@ link register save eliminated.
 1428 0000 01F00F01 		and	r1, r1, #15
 1429 0004 C1EBC101 		rsb	r1, r1, r1, lsl #3
 1430 0008 00EB8101 		add	r1, r0, r1, lsl #2
 1431 000c D1F81402 		ldr	r0, [r1, #532]
 1432 0010 7047     		bx	lr
 1434 0012 00BF     		.section	.text.HAL_PCD_EP_Transmit,"ax",%progbits
 1435              		.align	1
 1436              		.p2align 2,,3
 1437              		.global	HAL_PCD_EP_Transmit
 1438              		.syntax unified
 1439              		.thumb
 1440              		.thumb_func
 1441              		.fpu fpv4-sp-d16
 1443              	HAL_PCD_EP_Transmit:
 1444              		@ args = 0, pretend = 0, frame = 0
 1445              		@ frame_needed = 0, uses_anonymous_args = 0
 1446 0000 70B5     		push	{r4, r5, r6, lr}
 1447 0002 01F00F05 		and	r5, r1, #15
 1448 0006 C5EBC504 		rsb	r4, r5, r5, lsl #3
 1449 000a 00EB8404 		add	r4, r0, r4, lsl #2
 1450 000e 0121     		movs	r1, #1
 1451 0010 0026     		movs	r6, #0
 1452 0012 A264     		str	r2, [r4, #72]
 1453 0014 84F83D10 		strb	r1, [r4, #61]
 1454 0018 2365     		str	r3, [r4, #80]
 1455 001a 84F83C50 		strb	r5, [r4, #60]
 1456 001e 6665     		str	r6, [r4, #84]
 1457 0020 0369     		ldr	r3, [r0, #16]
 1458 0022 1C21     		movs	r1, #28
 1459 0024 01FB0501 		mla	r1, r1, r5, r0
 1460 0028 012B     		cmp	r3, #1
 1461 002a 08BF     		it	eq
 1462 002c E264     		streq	r2, [r4, #76]
 1463 002e 3C31     		adds	r1, r1, #60
 1464 0030 0068     		ldr	r0, [r0]
 1465 0032 DAB2     		uxtb	r2, r3
 1466 0034 1DB9     		cbnz	r5, .L294
 1467 0036 FFF7FEFF 		bl	USB_EP0StartXfer
 1468 003a 0020     		movs	r0, #0
 1469 003c 70BD     		pop	{r4, r5, r6, pc}
 1470              	.L294:
 1471 003e FFF7FEFF 		bl	USB_EPStartXfer
 1472 0042 0020     		movs	r0, #0
 1473 0044 70BD     		pop	{r4, r5, r6, pc}
 1475 0046 00BF     		.section	.text.HAL_PCD_EP_SetStall,"ax",%progbits
 1476              		.align	1
 1477              		.p2align 2,,3
ARM GAS  D:\Programs\cygwin64\tmp\ccifQSSQ.s 			page 26


 1478              		.global	HAL_PCD_EP_SetStall
 1479              		.syntax unified
 1480              		.thumb
 1481              		.thumb_func
 1482              		.fpu fpv4-sp-d16
 1484              	HAL_PCD_EP_SetStall:
 1485              		@ args = 0, pretend = 0, frame = 0
 1486              		@ frame_needed = 0, uses_anonymous_args = 0
 1487 0000 38B5     		push	{r3, r4, r5, lr}
 1488 0002 4368     		ldr	r3, [r0, #4]
 1489 0004 01F00F05 		and	r5, r1, #15
 1490 0008 9D42     		cmp	r5, r3
 1491 000a 33D8     		bhi	.L302
 1492 000c 0B06     		lsls	r3, r1, #24
 1493 000e 1DD4     		bmi	.L305
 1494 0010 C1EBC103 		rsb	r3, r1, r1, lsl #3
 1495 0014 1C24     		movs	r4, #28
 1496 0016 04FB0101 		mla	r1, r4, r1, r0
 1497 001a 00EB8303 		add	r3, r0, r3, lsl #2
 1498 001e 0022     		movs	r2, #0
 1499 0020 01F5FE71 		add	r1, r1, #508
 1500 0024 83F8FD21 		strb	r2, [r3, #509]
 1501 0028 0123     		movs	r3, #1
 1502 002a 0D70     		strb	r5, [r1]
 1503 002c 8B70     		strb	r3, [r1, #2]
 1504 002e 90F8BC23 		ldrb	r2, [r0, #956]	@ zero_extendqisi2
 1505 0032 9A42     		cmp	r2, r3
 1506 0034 1CD0     		beq	.L303
 1507              	.L307:
 1508 0036 0446     		mov	r4, r0
 1509 0038 80F8BC33 		strb	r3, [r0, #956]
 1510 003c 0068     		ldr	r0, [r0]
 1511 003e FFF7FEFF 		bl	USB_EPSetStall
 1512 0042 CDB1     		cbz	r5, .L306
 1513              	.L301:
 1514 0044 0020     		movs	r0, #0
 1515 0046 84F8BC03 		strb	r0, [r4, #956]
 1516 004a 38BD     		pop	{r3, r4, r5, pc}
 1517              	.L305:
 1518 004c C5EBC503 		rsb	r3, r5, r5, lsl #3
 1519 0050 1C21     		movs	r1, #28
 1520 0052 01FB0501 		mla	r1, r1, r5, r0
 1521 0056 00EB8303 		add	r3, r0, r3, lsl #2
 1522 005a 0122     		movs	r2, #1
 1523 005c 3C31     		adds	r1, r1, #60
 1524 005e 83F83D20 		strb	r2, [r3, #61]
 1525 0062 0123     		movs	r3, #1
 1526 0064 0D70     		strb	r5, [r1]
 1527 0066 8B70     		strb	r3, [r1, #2]
 1528 0068 90F8BC23 		ldrb	r2, [r0, #956]	@ zero_extendqisi2
 1529 006c 9A42     		cmp	r2, r3
 1530 006e E2D1     		bne	.L307
 1531              	.L303:
 1532 0070 0220     		movs	r0, #2
 1533 0072 38BD     		pop	{r3, r4, r5, pc}
 1534              	.L302:
 1535 0074 0120     		movs	r0, #1
ARM GAS  D:\Programs\cygwin64\tmp\ccifQSSQ.s 			page 27


 1536 0076 38BD     		pop	{r3, r4, r5, pc}
 1537              	.L306:
 1538 0078 04F57172 		add	r2, r4, #964
 1539 007c 217C     		ldrb	r1, [r4, #16]	@ zero_extendqisi2
 1540 007e 2068     		ldr	r0, [r4]
 1541 0080 FFF7FEFF 		bl	USB_EP0_OutStart
 1542 0084 DEE7     		b	.L301
 1544 0086 00BF     		.section	.text.HAL_PCD_EP_ClrStall,"ax",%progbits
 1545              		.align	1
 1546              		.p2align 2,,3
 1547              		.global	HAL_PCD_EP_ClrStall
 1548              		.syntax unified
 1549              		.thumb
 1550              		.thumb_func
 1551              		.fpu fpv4-sp-d16
 1553              	HAL_PCD_EP_ClrStall:
 1554              		@ args = 0, pretend = 0, frame = 0
 1555              		@ frame_needed = 0, uses_anonymous_args = 0
 1556 0000 38B5     		push	{r3, r4, r5, lr}
 1557 0002 4368     		ldr	r3, [r0, #4]
 1558 0004 01F00F02 		and	r2, r1, #15
 1559 0008 9A42     		cmp	r2, r3
 1560 000a 2FD8     		bhi	.L312
 1561 000c C2EBC203 		rsb	r3, r2, r2, lsl #3
 1562 0010 C2EBC204 		rsb	r4, r2, r2, lsl #3
 1563 0014 0906     		lsls	r1, r1, #24
 1564 0016 4FEA8303 		lsl	r3, r3, #2
 1565 001a 00EB8404 		add	r4, r0, r4, lsl #2
 1566 001e 17D4     		bmi	.L315
 1567 0020 03F5FE73 		add	r3, r3, #508
 1568 0024 C118     		adds	r1, r0, r3
 1569 0026 0025     		movs	r5, #0
 1570 0028 84F8FD51 		strb	r5, [r4, #509]
 1571 002c 0025     		movs	r5, #0
 1572 002e 0A70     		strb	r2, [r1]
 1573 0030 8D70     		strb	r5, [r1, #2]
 1574 0032 90F8BC33 		ldrb	r3, [r0, #956]	@ zero_extendqisi2
 1575 0036 012B     		cmp	r3, #1
 1576 0038 16D0     		beq	.L313
 1577              	.L316:
 1578 003a 0446     		mov	r4, r0
 1579 003c 0123     		movs	r3, #1
 1580 003e 80F8BC33 		strb	r3, [r0, #956]
 1581 0042 0068     		ldr	r0, [r0]
 1582 0044 FFF7FEFF 		bl	USB_EPClearStall
 1583 0048 84F8BC53 		strb	r5, [r4, #956]
 1584 004c 2846     		mov	r0, r5
 1585 004e 38BD     		pop	{r3, r4, r5, pc}
 1586              	.L315:
 1587 0050 3C33     		adds	r3, r3, #60
 1588 0052 C118     		adds	r1, r0, r3
 1589 0054 0125     		movs	r5, #1
 1590 0056 84F83D50 		strb	r5, [r4, #61]
 1591 005a 0025     		movs	r5, #0
 1592 005c 0A70     		strb	r2, [r1]
 1593 005e 8D70     		strb	r5, [r1, #2]
 1594 0060 90F8BC33 		ldrb	r3, [r0, #956]	@ zero_extendqisi2
ARM GAS  D:\Programs\cygwin64\tmp\ccifQSSQ.s 			page 28


 1595 0064 012B     		cmp	r3, #1
 1596 0066 E8D1     		bne	.L316
 1597              	.L313:
 1598 0068 0220     		movs	r0, #2
 1599 006a 38BD     		pop	{r3, r4, r5, pc}
 1600              	.L312:
 1601 006c 0120     		movs	r0, #1
 1602 006e 38BD     		pop	{r3, r4, r5, pc}
 1604              		.section	.text.HAL_PCD_EP_Flush,"ax",%progbits
 1605              		.align	1
 1606              		.p2align 2,,3
 1607              		.global	HAL_PCD_EP_Flush
 1608              		.syntax unified
 1609              		.thumb
 1610              		.thumb_func
 1611              		.fpu fpv4-sp-d16
 1613              	HAL_PCD_EP_Flush:
 1614              		@ args = 0, pretend = 0, frame = 0
 1615              		@ frame_needed = 0, uses_anonymous_args = 0
 1616 0000 90F8BC33 		ldrb	r3, [r0, #956]	@ zero_extendqisi2
 1617 0004 012B     		cmp	r3, #1
 1618 0006 15D0     		beq	.L321
 1619 0008 0123     		movs	r3, #1
 1620 000a 10B5     		push	{r4, lr}
 1621 000c 80F8BC33 		strb	r3, [r0, #956]
 1622 0010 0B06     		lsls	r3, r1, #24
 1623 0012 0446     		mov	r4, r0
 1624 0014 0068     		ldr	r0, [r0]
 1625 0016 05D4     		bmi	.L326
 1626 0018 FFF7FEFF 		bl	USB_FlushRxFifo
 1627 001c 0020     		movs	r0, #0
 1628 001e 84F8BC03 		strb	r0, [r4, #956]
 1629 0022 10BD     		pop	{r4, pc}
 1630              	.L326:
 1631 0024 01F00F01 		and	r1, r1, #15
 1632 0028 FFF7FEFF 		bl	USB_FlushTxFifo
 1633 002c 0020     		movs	r0, #0
 1634 002e 84F8BC03 		strb	r0, [r4, #956]
 1635 0032 10BD     		pop	{r4, pc}
 1636              	.L321:
 1637 0034 0220     		movs	r0, #2
 1638 0036 7047     		bx	lr
 1640              		.section	.text.HAL_PCD_ActivateRemoteWakeup,"ax",%progbits
 1641              		.align	1
 1642              		.p2align 2,,3
 1643              		.global	HAL_PCD_ActivateRemoteWakeup
 1644              		.syntax unified
 1645              		.thumb
 1646              		.thumb_func
 1647              		.fpu fpv4-sp-d16
 1649              	HAL_PCD_ActivateRemoteWakeup:
 1650              		@ args = 0, pretend = 0, frame = 0
 1651              		@ frame_needed = 0, uses_anonymous_args = 0
 1652              		@ link register save eliminated.
 1653 0000 0068     		ldr	r0, [r0]
 1654 0002 FFF7FEBF 		b	USB_ActivateRemoteWakeup
 1656 0006 00BF     		.section	.text.HAL_PCD_DeActivateRemoteWakeup,"ax",%progbits
ARM GAS  D:\Programs\cygwin64\tmp\ccifQSSQ.s 			page 29


 1657              		.align	1
 1658              		.p2align 2,,3
 1659              		.global	HAL_PCD_DeActivateRemoteWakeup
 1660              		.syntax unified
 1661              		.thumb
 1662              		.thumb_func
 1663              		.fpu fpv4-sp-d16
 1665              	HAL_PCD_DeActivateRemoteWakeup:
 1666              		@ args = 0, pretend = 0, frame = 0
 1667              		@ frame_needed = 0, uses_anonymous_args = 0
 1668              		@ link register save eliminated.
 1669 0000 0068     		ldr	r0, [r0]
 1670 0002 FFF7FEBF 		b	USB_DeActivateRemoteWakeup
 1672 0006 00BF     		.section	.text.HAL_PCD_GetState,"ax",%progbits
 1673              		.align	1
 1674              		.p2align 2,,3
 1675              		.global	HAL_PCD_GetState
 1676              		.syntax unified
 1677              		.thumb
 1678              		.thumb_func
 1679              		.fpu fpv4-sp-d16
 1681              	HAL_PCD_GetState:
 1682              		@ args = 0, pretend = 0, frame = 0
 1683              		@ frame_needed = 0, uses_anonymous_args = 0
 1684              		@ link register save eliminated.
 1685 0000 90F8BD03 		ldrb	r0, [r0, #957]	@ zero_extendqisi2
 1686 0004 7047     		bx	lr
 1688 0006 00BF     		.ident	"GCC: (GNU Tools for Arm Embedded Processors 8-2018-q4-major) 8.2.1 20181213 (release) [gcc
ARM GAS  D:\Programs\cygwin64\tmp\ccifQSSQ.s 			page 30


DEFINED SYMBOLS
                            *ABS*:00000000 stm32f4xx_hal_pcd.c
D:\Programs\cygwin64\tmp\ccifQSSQ.s:16     .text.HAL_PCD_MspInit:00000000 $t
D:\Programs\cygwin64\tmp\ccifQSSQ.s:25     .text.HAL_PCD_MspInit:00000000 HAL_PCD_MspInit
D:\Programs\cygwin64\tmp\ccifQSSQ.s:32     .text.HAL_PCD_Init:00000000 $t
D:\Programs\cygwin64\tmp\ccifQSSQ.s:40     .text.HAL_PCD_Init:00000000 HAL_PCD_Init
D:\Programs\cygwin64\tmp\ccifQSSQ.s:158    .text.HAL_PCD_MspDeInit:00000000 $t
D:\Programs\cygwin64\tmp\ccifQSSQ.s:166    .text.HAL_PCD_MspDeInit:00000000 HAL_PCD_MspDeInit
D:\Programs\cygwin64\tmp\ccifQSSQ.s:173    .text.HAL_PCD_DeInit:00000000 $t
D:\Programs\cygwin64\tmp\ccifQSSQ.s:181    .text.HAL_PCD_DeInit:00000000 HAL_PCD_DeInit
D:\Programs\cygwin64\tmp\ccifQSSQ.s:222    .text.HAL_PCD_Start:00000000 $t
D:\Programs\cygwin64\tmp\ccifQSSQ.s:230    .text.HAL_PCD_Start:00000000 HAL_PCD_Start
D:\Programs\cygwin64\tmp\ccifQSSQ.s:265    .text.HAL_PCD_Stop:00000000 $t
D:\Programs\cygwin64\tmp\ccifQSSQ.s:273    .text.HAL_PCD_Stop:00000000 HAL_PCD_Stop
D:\Programs\cygwin64\tmp\ccifQSSQ.s:306    .text.HAL_PCD_DataOutStageCallback:00000000 $t
D:\Programs\cygwin64\tmp\ccifQSSQ.s:314    .text.HAL_PCD_DataOutStageCallback:00000000 HAL_PCD_DataOutStageCallback
D:\Programs\cygwin64\tmp\ccifQSSQ.s:321    .text.HAL_PCD_DataInStageCallback:00000000 $t
D:\Programs\cygwin64\tmp\ccifQSSQ.s:329    .text.HAL_PCD_DataInStageCallback:00000000 HAL_PCD_DataInStageCallback
D:\Programs\cygwin64\tmp\ccifQSSQ.s:336    .text.HAL_PCD_SetupStageCallback:00000000 $t
D:\Programs\cygwin64\tmp\ccifQSSQ.s:344    .text.HAL_PCD_SetupStageCallback:00000000 HAL_PCD_SetupStageCallback
D:\Programs\cygwin64\tmp\ccifQSSQ.s:351    .text.HAL_PCD_SOFCallback:00000000 $t
D:\Programs\cygwin64\tmp\ccifQSSQ.s:359    .text.HAL_PCD_SOFCallback:00000000 HAL_PCD_SOFCallback
D:\Programs\cygwin64\tmp\ccifQSSQ.s:366    .text.HAL_PCD_ResetCallback:00000000 $t
D:\Programs\cygwin64\tmp\ccifQSSQ.s:374    .text.HAL_PCD_ResetCallback:00000000 HAL_PCD_ResetCallback
D:\Programs\cygwin64\tmp\ccifQSSQ.s:381    .text.HAL_PCD_SuspendCallback:00000000 $t
D:\Programs\cygwin64\tmp\ccifQSSQ.s:389    .text.HAL_PCD_SuspendCallback:00000000 HAL_PCD_SuspendCallback
D:\Programs\cygwin64\tmp\ccifQSSQ.s:396    .text.HAL_PCD_ResumeCallback:00000000 $t
D:\Programs\cygwin64\tmp\ccifQSSQ.s:404    .text.HAL_PCD_ResumeCallback:00000000 HAL_PCD_ResumeCallback
D:\Programs\cygwin64\tmp\ccifQSSQ.s:411    .text.HAL_PCD_ISOOUTIncompleteCallback:00000000 $t
D:\Programs\cygwin64\tmp\ccifQSSQ.s:419    .text.HAL_PCD_ISOOUTIncompleteCallback:00000000 HAL_PCD_ISOOUTIncompleteCallback
D:\Programs\cygwin64\tmp\ccifQSSQ.s:426    .text.HAL_PCD_ISOINIncompleteCallback:00000000 $t
D:\Programs\cygwin64\tmp\ccifQSSQ.s:434    .text.HAL_PCD_ISOINIncompleteCallback:00000000 HAL_PCD_ISOINIncompleteCallback
D:\Programs\cygwin64\tmp\ccifQSSQ.s:441    .text.HAL_PCD_ConnectCallback:00000000 $t
D:\Programs\cygwin64\tmp\ccifQSSQ.s:449    .text.HAL_PCD_ConnectCallback:00000000 HAL_PCD_ConnectCallback
D:\Programs\cygwin64\tmp\ccifQSSQ.s:456    .text.HAL_PCD_DisconnectCallback:00000000 $t
D:\Programs\cygwin64\tmp\ccifQSSQ.s:464    .text.HAL_PCD_DisconnectCallback:00000000 HAL_PCD_DisconnectCallback
D:\Programs\cygwin64\tmp\ccifQSSQ.s:471    .text.HAL_PCD_IRQHandler:00000000 $t
D:\Programs\cygwin64\tmp\ccifQSSQ.s:479    .text.HAL_PCD_IRQHandler:00000000 HAL_PCD_IRQHandler
D:\Programs\cygwin64\tmp\ccifQSSQ.s:1165   .text.HAL_PCD_IRQHandler:00000674 $d
D:\Programs\cygwin64\tmp\ccifQSSQ.s:1169   .text.HAL_PCD_DevConnect:00000000 $t
D:\Programs\cygwin64\tmp\ccifQSSQ.s:1177   .text.HAL_PCD_DevConnect:00000000 HAL_PCD_DevConnect
D:\Programs\cygwin64\tmp\ccifQSSQ.s:1210   .text.HAL_PCD_DevDisconnect:00000000 $t
D:\Programs\cygwin64\tmp\ccifQSSQ.s:1218   .text.HAL_PCD_DevDisconnect:00000000 HAL_PCD_DevDisconnect
D:\Programs\cygwin64\tmp\ccifQSSQ.s:1238   .text.HAL_PCD_SetAddress:00000000 $t
D:\Programs\cygwin64\tmp\ccifQSSQ.s:1246   .text.HAL_PCD_SetAddress:00000000 HAL_PCD_SetAddress
D:\Programs\cygwin64\tmp\ccifQSSQ.s:1267   .text.HAL_PCD_EP_Open:00000000 $t
D:\Programs\cygwin64\tmp\ccifQSSQ.s:1275   .text.HAL_PCD_EP_Open:00000000 HAL_PCD_EP_Open
D:\Programs\cygwin64\tmp\ccifQSSQ.s:1326   .text.HAL_PCD_EP_Close:00000000 $t
D:\Programs\cygwin64\tmp\ccifQSSQ.s:1334   .text.HAL_PCD_EP_Close:00000000 HAL_PCD_EP_Close
D:\Programs\cygwin64\tmp\ccifQSSQ.s:1376   .text.HAL_PCD_EP_Receive:00000000 $t
D:\Programs\cygwin64\tmp\ccifQSSQ.s:1384   .text.HAL_PCD_EP_Receive:00000000 HAL_PCD_EP_Receive
D:\Programs\cygwin64\tmp\ccifQSSQ.s:1416   .text.HAL_PCD_EP_GetRxCount:00000000 $t
D:\Programs\cygwin64\tmp\ccifQSSQ.s:1424   .text.HAL_PCD_EP_GetRxCount:00000000 HAL_PCD_EP_GetRxCount
D:\Programs\cygwin64\tmp\ccifQSSQ.s:1435   .text.HAL_PCD_EP_Transmit:00000000 $t
D:\Programs\cygwin64\tmp\ccifQSSQ.s:1443   .text.HAL_PCD_EP_Transmit:00000000 HAL_PCD_EP_Transmit
D:\Programs\cygwin64\tmp\ccifQSSQ.s:1476   .text.HAL_PCD_EP_SetStall:00000000 $t
D:\Programs\cygwin64\tmp\ccifQSSQ.s:1484   .text.HAL_PCD_EP_SetStall:00000000 HAL_PCD_EP_SetStall
ARM GAS  D:\Programs\cygwin64\tmp\ccifQSSQ.s 			page 31


D:\Programs\cygwin64\tmp\ccifQSSQ.s:1545   .text.HAL_PCD_EP_ClrStall:00000000 $t
D:\Programs\cygwin64\tmp\ccifQSSQ.s:1553   .text.HAL_PCD_EP_ClrStall:00000000 HAL_PCD_EP_ClrStall
D:\Programs\cygwin64\tmp\ccifQSSQ.s:1605   .text.HAL_PCD_EP_Flush:00000000 $t
D:\Programs\cygwin64\tmp\ccifQSSQ.s:1613   .text.HAL_PCD_EP_Flush:00000000 HAL_PCD_EP_Flush
D:\Programs\cygwin64\tmp\ccifQSSQ.s:1641   .text.HAL_PCD_ActivateRemoteWakeup:00000000 $t
D:\Programs\cygwin64\tmp\ccifQSSQ.s:1649   .text.HAL_PCD_ActivateRemoteWakeup:00000000 HAL_PCD_ActivateRemoteWakeup
D:\Programs\cygwin64\tmp\ccifQSSQ.s:1657   .text.HAL_PCD_DeActivateRemoteWakeup:00000000 $t
D:\Programs\cygwin64\tmp\ccifQSSQ.s:1665   .text.HAL_PCD_DeActivateRemoteWakeup:00000000 HAL_PCD_DeActivateRemoteWakeup
D:\Programs\cygwin64\tmp\ccifQSSQ.s:1673   .text.HAL_PCD_GetState:00000000 $t
D:\Programs\cygwin64\tmp\ccifQSSQ.s:1681   .text.HAL_PCD_GetState:00000000 HAL_PCD_GetState

UNDEFINED SYMBOLS
USB_DisableGlobalInt
USB_CoreInit
USB_SetCurrentMode
USB_DevInit
USB_DevDisconnect
USB_StopDevice
USB_DevConnect
USB_EnableGlobalInt
USB_GetMode
USB_ReadInterrupts
USB_ActivateSetup
USB_GetDevSpeed
HAL_RCC_GetHCLKFreq
USB_SetTurnaroundTime
USB_FlushTxFifo
USB_EP0_OutStart
USB_ReadDevAllInEpInterrupt
USB_ReadDevInEPInterrupt
USB_WritePacket
USB_ReadDevAllOutEpInterrupt
USB_ReadDevOutEPInterrupt
HAL_PCDEx_LPM_Callback
USB_ReadPacket
USB_SetDevAddress
USB_ActivateEndpoint
USB_DeactivateEndpoint
USB_EP0StartXfer
USB_EPStartXfer
USB_EPSetStall
USB_EPClearStall
USB_FlushRxFifo
USB_ActivateRemoteWakeup
USB_DeActivateRemoteWakeup
