ARM GAS  D:\Programs\cygwin64\tmp\ccKVCvQH.s 			page 1


   1              		.cpu cortex-m4
   2              		.eabi_attribute 27, 1
   3              		.eabi_attribute 28, 1
   4              		.eabi_attribute 20, 1
   5              		.eabi_attribute 21, 1
   6              		.eabi_attribute 23, 3
   7              		.eabi_attribute 24, 1
   8              		.eabi_attribute 25, 1
   9              		.eabi_attribute 26, 1
  10              		.eabi_attribute 30, 2
  11              		.eabi_attribute 34, 1
  12              		.eabi_attribute 18, 4
  13              		.file	"stm32f4xx_ll_fmc.c"
  14              		.text
  15              		.section	.text.FMC_NORSRAM_Init,"ax",%progbits
  16              		.align	1
  17              		.p2align 2,,3
  18              		.global	FMC_NORSRAM_Init
  19              		.arch armv7e-m
  20              		.syntax unified
  21              		.thumb
  22              		.thumb_func
  23              		.fpu fpv4-sp-d16
  25              	FMC_NORSRAM_Init:
  26              		@ args = 0, pretend = 0, frame = 0
  27              		@ frame_needed = 0, uses_anonymous_args = 0
  28              		@ link register save eliminated.
  29 0000 F0B4     		push	{r4, r5, r6, r7}
  30 0002 D1E90134 		ldrd	r3, r4, [r1, #4]
  31 0006 D1E90326 		ldrd	r2, r6, [r1, #12]
  32 000a 2343     		orrs	r3, r3, r4
  33 000c 4D69     		ldr	r5, [r1, #20]
  34 000e 1A43     		orrs	r2, r2, r3
  35 0010 3243     		orrs	r2, r2, r6
  36 0012 8B69     		ldr	r3, [r1, #24]
  37 0014 D1E90776 		ldrd	r7, r6, [r1, #28]
  38 0018 2A43     		orrs	r2, r2, r5
  39 001a 1A43     		orrs	r2, r2, r3
  40 001c 3A43     		orrs	r2, r2, r7
  41 001e 4D6A     		ldr	r5, [r1, #36]
  42 0020 CF6B     		ldr	r7, [r1, #60]
  43 0022 3243     		orrs	r2, r2, r6
  44 0024 D1E90A63 		ldrd	r6, r3, [r1, #40]
  45 0028 2A43     		orrs	r2, r2, r5
  46 002a 3243     		orrs	r2, r2, r6
  47 002c 0D68     		ldr	r5, [r1]
  48 002e D1E90CC6 		ldrd	ip, r6, [r1, #48]
  49 0032 1343     		orrs	r3, r3, r2
  50 0034 3B43     		orrs	r3, r3, r7
  51 0036 0E49     		ldr	r1, .L10
  52 0038 50F82570 		ldr	r7, [r0, r5, lsl #2]
  53 003c 43EA0C03 		orr	r3, r3, ip
  54 0040 3343     		orrs	r3, r3, r6
  55 0042 3940     		ands	r1, r1, r7
  56 0044 0B43     		orrs	r3, r3, r1
  57 0046 082C     		cmp	r4, #8
  58 0048 08BF     		it	eq
ARM GAS  D:\Programs\cygwin64\tmp\ccKVCvQH.s 			page 2


  59 004a 43F04003 		orreq	r3, r3, #64
  60 004e B6F5801F 		cmp	r6, #1048576
  61 0052 40F82530 		str	r3, [r0, r5, lsl #2]
  62 0056 02D0     		beq	.L9
  63              	.L3:
  64 0058 0020     		movs	r0, #0
  65 005a F0BC     		pop	{r4, r5, r6, r7}
  66 005c 7047     		bx	lr
  67              	.L9:
  68 005e 002D     		cmp	r5, #0
  69 0060 FAD0     		beq	.L3
  70 0062 0368     		ldr	r3, [r0]
  71 0064 43F48013 		orr	r3, r3, #1048576
  72 0068 0360     		str	r3, [r0]
  73 006a F0BC     		pop	{r4, r5, r6, r7}
  74 006c 0020     		movs	r0, #0
  75 006e 7047     		bx	lr
  76              	.L11:
  77              		.align	2
  78              	.L10:
  79 0070 8000E0FF 		.word	-2097024
  81              		.section	.text.FMC_NORSRAM_DeInit,"ax",%progbits
  82              		.align	1
  83              		.p2align 2,,3
  84              		.global	FMC_NORSRAM_DeInit
  85              		.syntax unified
  86              		.thumb
  87              		.thumb_func
  88              		.fpu fpv4-sp-d16
  90              	FMC_NORSRAM_DeInit:
  91              		@ args = 0, pretend = 0, frame = 0
  92              		@ frame_needed = 0, uses_anonymous_args = 0
  93              		@ link register save eliminated.
  94 0000 50F82230 		ldr	r3, [r0, r2, lsl #2]
  95 0004 23F00103 		bic	r3, r3, #1
  96 0008 10B4     		push	{r4}
  97 000a 40F82230 		str	r3, [r0, r2, lsl #2]
  98 000e 00EB8204 		add	r4, r0, r2, lsl #2
  99 0012 5AB9     		cbnz	r2, .L13
 100 0014 43F2DB03 		movw	r3, #12507
 101 0018 0360     		str	r3, [r0]
 102              	.L14:
 103 001a 6FF07043 		mvn	r3, #-268435456
 104 001e 6360     		str	r3, [r4, #4]
 105 0020 0020     		movs	r0, #0
 106 0022 41F82230 		str	r3, [r1, r2, lsl #2]
 107 0026 5DF8044B 		ldr	r4, [sp], #4
 108 002a 7047     		bx	lr
 109              	.L13:
 110 002c 43F2D203 		movw	r3, #12498
 111 0030 40F82230 		str	r3, [r0, r2, lsl #2]
 112 0034 F1E7     		b	.L14
 114 0036 00BF     		.section	.text.FMC_NORSRAM_Timing_Init,"ax",%progbits
 115              		.align	1
 116              		.p2align 2,,3
 117              		.global	FMC_NORSRAM_Timing_Init
 118              		.syntax unified
ARM GAS  D:\Programs\cygwin64\tmp\ccKVCvQH.s 			page 3


 119              		.thumb
 120              		.thumb_func
 121              		.fpu fpv4-sp-d16
 123              	FMC_NORSRAM_Timing_Init:
 124              		@ args = 0, pretend = 0, frame = 0
 125              		@ frame_needed = 0, uses_anonymous_args = 0
 126              		@ link register save eliminated.
 127 0000 70B4     		push	{r4, r5, r6}
 128 0002 0B68     		ldr	r3, [r1]
 129 0004 8C69     		ldr	r4, [r1, #24]
 130 0006 4E68     		ldr	r6, [r1, #4]
 131 0008 8D68     		ldr	r5, [r1, #8]
 132 000a 2343     		orrs	r3, r3, r4
 133 000c 0C69     		ldr	r4, [r1, #16]
 134 000e 00EB8202 		add	r2, r0, r2, lsl #2
 135 0012 43EA0613 		orr	r3, r3, r6, lsl #4
 136 0016 CE68     		ldr	r6, [r1, #12]
 137 0018 43EA0523 		orr	r3, r3, r5, lsl #8
 138 001c 4D69     		ldr	r5, [r1, #20]
 139 001e 611E     		subs	r1, r4, #1
 140 0020 43EA0643 		orr	r3, r3, r6, lsl #16
 141 0024 5468     		ldr	r4, [r2, #4]
 142 0026 0905     		lsls	r1, r1, #20
 143 0028 0B43     		orrs	r3, r3, r1
 144 002a 023D     		subs	r5, r5, #2
 145 002c 43EA0563 		orr	r3, r3, r5, lsl #24
 146 0030 04F04044 		and	r4, r4, #-1073741824
 147 0034 2343     		orrs	r3, r3, r4
 148 0036 5360     		str	r3, [r2, #4]
 149 0038 0368     		ldr	r3, [r0]
 150 003a DB02     		lsls	r3, r3, #11
 151 003c 04D5     		bpl	.L17
 152 003e 4368     		ldr	r3, [r0, #4]
 153 0040 23F47003 		bic	r3, r3, #15728640
 154 0044 1943     		orrs	r1, r1, r3
 155 0046 4160     		str	r1, [r0, #4]
 156              	.L17:
 157 0048 0020     		movs	r0, #0
 158 004a 70BC     		pop	{r4, r5, r6}
 159 004c 7047     		bx	lr
 161 004e 00BF     		.section	.text.FMC_NORSRAM_Extended_Timing_Init,"ax",%progbits
 162              		.align	1
 163              		.p2align 2,,3
 164              		.global	FMC_NORSRAM_Extended_Timing_Init
 165              		.syntax unified
 166              		.thumb
 167              		.thumb_func
 168              		.fpu fpv4-sp-d16
 170              	FMC_NORSRAM_Extended_Timing_Init:
 171              		@ args = 0, pretend = 0, frame = 0
 172              		@ frame_needed = 0, uses_anonymous_args = 0
 173              		@ link register save eliminated.
 174 0000 B3F5804F 		cmp	r3, #16384
 175 0004 05D0     		beq	.L29
 176 0006 6FF07043 		mvn	r3, #-268435456
 177 000a 40F82230 		str	r3, [r0, r2, lsl #2]
 178 000e 0020     		movs	r0, #0
ARM GAS  D:\Programs\cygwin64\tmp\ccKVCvQH.s 			page 4


 179 0010 7047     		bx	lr
 180              	.L29:
 181 0012 70B4     		push	{r4, r5, r6}
 182 0014 0B68     		ldr	r3, [r1]
 183 0016 8D69     		ldr	r5, [r1, #24]
 184 0018 4C68     		ldr	r4, [r1, #4]
 185 001a 2B43     		orrs	r3, r3, r5
 186 001c D1E90265 		ldrd	r6, r5, [r1, #8]
 187 0020 43EA0413 		orr	r3, r3, r4, lsl #4
 188 0024 0649     		ldr	r1, .L30
 189 0026 50F82240 		ldr	r4, [r0, r2, lsl #2]
 190 002a 43EA0623 		orr	r3, r3, r6, lsl #8
 191 002e 43EA0543 		orr	r3, r3, r5, lsl #16
 192 0032 2140     		ands	r1, r1, r4
 193 0034 0B43     		orrs	r3, r3, r1
 194 0036 40F82230 		str	r3, [r0, r2, lsl #2]
 195 003a 70BC     		pop	{r4, r5, r6}
 196 003c 0020     		movs	r0, #0
 197 003e 7047     		bx	lr
 198              	.L31:
 199              		.align	2
 200              	.L30:
 201 0040 0000F0CF 		.word	-806354944
 203              		.section	.text.FMC_NORSRAM_WriteOperation_Enable,"ax",%progbits
 204              		.align	1
 205              		.p2align 2,,3
 206              		.global	FMC_NORSRAM_WriteOperation_Enable
 207              		.syntax unified
 208              		.thumb
 209              		.thumb_func
 210              		.fpu fpv4-sp-d16
 212              	FMC_NORSRAM_WriteOperation_Enable:
 213              		@ args = 0, pretend = 0, frame = 0
 214              		@ frame_needed = 0, uses_anonymous_args = 0
 215              		@ link register save eliminated.
 216 0000 0246     		mov	r2, r0
 217 0002 0020     		movs	r0, #0
 218 0004 52F82130 		ldr	r3, [r2, r1, lsl #2]
 219 0008 43F48053 		orr	r3, r3, #4096
 220 000c 42F82130 		str	r3, [r2, r1, lsl #2]
 221 0010 7047     		bx	lr
 223 0012 00BF     		.section	.text.FMC_NORSRAM_WriteOperation_Disable,"ax",%progbits
 224              		.align	1
 225              		.p2align 2,,3
 226              		.global	FMC_NORSRAM_WriteOperation_Disable
 227              		.syntax unified
 228              		.thumb
 229              		.thumb_func
 230              		.fpu fpv4-sp-d16
 232              	FMC_NORSRAM_WriteOperation_Disable:
 233              		@ args = 0, pretend = 0, frame = 0
 234              		@ frame_needed = 0, uses_anonymous_args = 0
 235              		@ link register save eliminated.
 236 0000 0246     		mov	r2, r0
 237 0002 0020     		movs	r0, #0
 238 0004 52F82130 		ldr	r3, [r2, r1, lsl #2]
 239 0008 23F48053 		bic	r3, r3, #4096
ARM GAS  D:\Programs\cygwin64\tmp\ccKVCvQH.s 			page 5


 240 000c 42F82130 		str	r3, [r2, r1, lsl #2]
 241 0010 7047     		bx	lr
 243 0012 00BF     		.section	.text.FMC_NAND_Init,"ax",%progbits
 244              		.align	1
 245              		.p2align 2,,3
 246              		.global	FMC_NAND_Init
 247              		.syntax unified
 248              		.thumb
 249              		.thumb_func
 250              		.fpu fpv4-sp-d16
 252              	FMC_NAND_Init:
 253              		@ args = 0, pretend = 0, frame = 0
 254              		@ frame_needed = 0, uses_anonymous_args = 0
 255              		@ link register save eliminated.
 256 0000 70B4     		push	{r4, r5, r6}
 257 0002 0C68     		ldr	r4, [r1]
 258 0004 0E4A     		ldr	r2, .L40
 259 0006 102C     		cmp	r4, #16
 260 0008 D1E90136 		ldrd	r3, r6, [r1, #4]
 261 000c 0CBF     		ite	eq
 262 000e 0568     		ldreq	r5, [r0]
 263 0010 056A     		ldrne	r5, [r0, #32]
 264 0012 3343     		orrs	r3, r3, r6
 265 0014 2A40     		ands	r2, r2, r5
 266 0016 D1E90356 		ldrd	r5, r6, [r1, #12]
 267 001a 1343     		orrs	r3, r3, r2
 268 001c 2B43     		orrs	r3, r3, r5
 269 001e D1E90552 		ldrd	r5, r2, [r1, #20]
 270 0022 3343     		orrs	r3, r3, r6
 271 0024 43EA4523 		orr	r3, r3, r5, lsl #9
 272 0028 43EA4233 		orr	r3, r3, r2, lsl #13
 273 002c 102C     		cmp	r4, #16
 274 002e 43F00803 		orr	r3, r3, #8
 275 0032 0CBF     		ite	eq
 276 0034 0360     		streq	r3, [r0]
 277 0036 0362     		strne	r3, [r0, #32]
 278 0038 70BC     		pop	{r4, r5, r6}
 279 003a 0020     		movs	r0, #0
 280 003c 7047     		bx	lr
 281              	.L41:
 282 003e 00BF     		.align	2
 283              	.L40:
 284 0040 8101F0FF 		.word	-1048191
 286              		.section	.text.FMC_NAND_CommonSpace_Timing_Init,"ax",%progbits
 287              		.align	1
 288              		.p2align 2,,3
 289              		.global	FMC_NAND_CommonSpace_Timing_Init
 290              		.syntax unified
 291              		.thumb
 292              		.thumb_func
 293              		.fpu fpv4-sp-d16
 295              	FMC_NAND_CommonSpace_Timing_Init:
 296              		@ args = 0, pretend = 0, frame = 0
 297              		@ frame_needed = 0, uses_anonymous_args = 0
 298              		@ link register save eliminated.
 299 0000 30B4     		push	{r4, r5}
 300 0002 D1E90135 		ldrd	r3, r5, [r1, #4]
ARM GAS  D:\Programs\cygwin64\tmp\ccKVCvQH.s 			page 6


 301 0006 0C68     		ldr	r4, [r1]
 302 0008 C968     		ldr	r1, [r1, #12]
 303 000a 1B02     		lsls	r3, r3, #8
 304 000c 43EA0543 		orr	r3, r3, r5, lsl #16
 305 0010 2343     		orrs	r3, r3, r4
 306 0012 102A     		cmp	r2, #16
 307 0014 43EA0163 		orr	r3, r3, r1, lsl #24
 308 0018 0BBF     		itete	eq
 309 001a 8268     		ldreq	r2, [r0, #8]
 310 001c 826A     		ldrne	r2, [r0, #40]
 311 001e 8360     		streq	r3, [r0, #8]
 312 0020 8362     		strne	r3, [r0, #40]
 313 0022 30BC     		pop	{r4, r5}
 314 0024 0020     		movs	r0, #0
 315 0026 7047     		bx	lr
 317              		.section	.text.FMC_NAND_AttributeSpace_Timing_Init,"ax",%progbits
 318              		.align	1
 319              		.p2align 2,,3
 320              		.global	FMC_NAND_AttributeSpace_Timing_Init
 321              		.syntax unified
 322              		.thumb
 323              		.thumb_func
 324              		.fpu fpv4-sp-d16
 326              	FMC_NAND_AttributeSpace_Timing_Init:
 327              		@ args = 0, pretend = 0, frame = 0
 328              		@ frame_needed = 0, uses_anonymous_args = 0
 329              		@ link register save eliminated.
 330 0000 30B4     		push	{r4, r5}
 331 0002 D1E90135 		ldrd	r3, r5, [r1, #4]
 332 0006 0C68     		ldr	r4, [r1]
 333 0008 C968     		ldr	r1, [r1, #12]
 334 000a 1B02     		lsls	r3, r3, #8
 335 000c 43EA0543 		orr	r3, r3, r5, lsl #16
 336 0010 2343     		orrs	r3, r3, r4
 337 0012 102A     		cmp	r2, #16
 338 0014 43EA0163 		orr	r3, r3, r1, lsl #24
 339 0018 0BBF     		itete	eq
 340 001a C268     		ldreq	r2, [r0, #12]
 341 001c C26A     		ldrne	r2, [r0, #44]
 342 001e C360     		streq	r3, [r0, #12]
 343 0020 C362     		strne	r3, [r0, #44]
 344 0022 30BC     		pop	{r4, r5}
 345 0024 0020     		movs	r0, #0
 346 0026 7047     		bx	lr
 348              		.section	.text.FMC_NAND_DeInit,"ax",%progbits
 349              		.align	1
 350              		.p2align 2,,3
 351              		.global	FMC_NAND_DeInit
 352              		.syntax unified
 353              		.thumb
 354              		.thumb_func
 355              		.fpu fpv4-sp-d16
 357              	FMC_NAND_DeInit:
 358              		@ args = 0, pretend = 0, frame = 0
 359              		@ frame_needed = 0, uses_anonymous_args = 0
 360              		@ link register save eliminated.
 361 0000 1029     		cmp	r1, #16
ARM GAS  D:\Programs\cygwin64\tmp\ccKVCvQH.s 			page 7


 362 0002 10B4     		push	{r4}
 363 0004 0FD0     		beq	.L54
 364 0006 036A     		ldr	r3, [r0, #32]
 365 0008 1824     		movs	r4, #24
 366 000a 4FF0FC32 		mov	r2, #-50529028
 367 000e 23F00403 		bic	r3, r3, #4
 368 0012 4021     		movs	r1, #64
 369 0014 0362     		str	r3, [r0, #32]
 370 0016 0462     		str	r4, [r0, #32]
 371 0018 4162     		str	r1, [r0, #36]
 372 001a 5DF8044B 		ldr	r4, [sp], #4
 373 001e 8262     		str	r2, [r0, #40]
 374 0020 C262     		str	r2, [r0, #44]
 375 0022 0020     		movs	r0, #0
 376 0024 7047     		bx	lr
 377              	.L54:
 378 0026 0368     		ldr	r3, [r0]
 379 0028 1824     		movs	r4, #24
 380 002a 4FF0FC32 		mov	r2, #-50529028
 381 002e 23F00403 		bic	r3, r3, #4
 382 0032 4021     		movs	r1, #64
 383 0034 0360     		str	r3, [r0]
 384 0036 0460     		str	r4, [r0]
 385 0038 4160     		str	r1, [r0, #4]
 386 003a 5DF8044B 		ldr	r4, [sp], #4
 387 003e 8260     		str	r2, [r0, #8]
 388 0040 C260     		str	r2, [r0, #12]
 389 0042 0020     		movs	r0, #0
 390 0044 7047     		bx	lr
 392 0046 00BF     		.section	.text.FMC_NAND_ECC_Enable,"ax",%progbits
 393              		.align	1
 394              		.p2align 2,,3
 395              		.global	FMC_NAND_ECC_Enable
 396              		.syntax unified
 397              		.thumb
 398              		.thumb_func
 399              		.fpu fpv4-sp-d16
 401              	FMC_NAND_ECC_Enable:
 402              		@ args = 0, pretend = 0, frame = 0
 403              		@ frame_needed = 0, uses_anonymous_args = 0
 404              		@ link register save eliminated.
 405 0000 1029     		cmp	r1, #16
 406 0002 05D0     		beq	.L58
 407 0004 036A     		ldr	r3, [r0, #32]
 408 0006 43F04003 		orr	r3, r3, #64
 409 000a 0362     		str	r3, [r0, #32]
 410 000c 0020     		movs	r0, #0
 411 000e 7047     		bx	lr
 412              	.L58:
 413 0010 0368     		ldr	r3, [r0]
 414 0012 43F04003 		orr	r3, r3, #64
 415 0016 0360     		str	r3, [r0]
 416 0018 0020     		movs	r0, #0
 417 001a 7047     		bx	lr
 419              		.section	.text.FMC_NAND_ECC_Disable,"ax",%progbits
 420              		.align	1
 421              		.p2align 2,,3
ARM GAS  D:\Programs\cygwin64\tmp\ccKVCvQH.s 			page 8


 422              		.global	FMC_NAND_ECC_Disable
 423              		.syntax unified
 424              		.thumb
 425              		.thumb_func
 426              		.fpu fpv4-sp-d16
 428              	FMC_NAND_ECC_Disable:
 429              		@ args = 0, pretend = 0, frame = 0
 430              		@ frame_needed = 0, uses_anonymous_args = 0
 431              		@ link register save eliminated.
 432 0000 1029     		cmp	r1, #16
 433 0002 05D0     		beq	.L62
 434 0004 036A     		ldr	r3, [r0, #32]
 435 0006 23F04003 		bic	r3, r3, #64
 436 000a 0362     		str	r3, [r0, #32]
 437 000c 0020     		movs	r0, #0
 438 000e 7047     		bx	lr
 439              	.L62:
 440 0010 0368     		ldr	r3, [r0]
 441 0012 23F04003 		bic	r3, r3, #64
 442 0016 0360     		str	r3, [r0]
 443 0018 0020     		movs	r0, #0
 444 001a 7047     		bx	lr
 446              		.section	.text.FMC_NAND_GetECC,"ax",%progbits
 447              		.align	1
 448              		.p2align 2,,3
 449              		.global	FMC_NAND_GetECC
 450              		.syntax unified
 451              		.thumb
 452              		.thumb_func
 453              		.fpu fpv4-sp-d16
 455              	FMC_NAND_GetECC:
 456              		@ args = 0, pretend = 0, frame = 0
 457              		@ frame_needed = 0, uses_anonymous_args = 0
 458 0000 2DE9F041 		push	{r4, r5, r6, r7, r8, lr}
 459 0004 0446     		mov	r4, r0
 460 0006 0F46     		mov	r7, r1
 461 0008 1646     		mov	r6, r2
 462 000a 1D46     		mov	r5, r3
 463 000c FFF7FEFF 		bl	HAL_GetTick
 464 0010 8046     		mov	r8, r0
 465              	.L64:
 466 0012 102E     		cmp	r6, #16
 467 0014 09D0     		beq	.L68
 468 0016 6B1C     		adds	r3, r5, #1
 469 0018 11D1     		bne	.L69
 470              	.L70:
 471 001a 636A     		ldr	r3, [r4, #36]
 472 001c 5D06     		lsls	r5, r3, #25
 473 001e FCD5     		bpl	.L70
 474              	.L71:
 475 0020 636B     		ldr	r3, [r4, #52]
 476 0022 3B60     		str	r3, [r7]
 477 0024 0020     		movs	r0, #0
 478              	.L66:
 479 0026 BDE8F081 		pop	{r4, r5, r6, r7, r8, pc}
 480              	.L68:
 481 002a 691C     		adds	r1, r5, #1
ARM GAS  D:\Programs\cygwin64\tmp\ccKVCvQH.s 			page 9


 482 002c 13D1     		bne	.L73
 483              	.L74:
 484 002e 6368     		ldr	r3, [r4, #4]
 485 0030 5A06     		lsls	r2, r3, #25
 486 0032 FCD5     		bpl	.L74
 487              	.L75:
 488 0034 6369     		ldr	r3, [r4, #20]
 489 0036 3B60     		str	r3, [r7]
 490 0038 0020     		movs	r0, #0
 491 003a BDE8F081 		pop	{r4, r5, r6, r7, r8, pc}
 492              	.L69:
 493 003e 636A     		ldr	r3, [r4, #36]
 494 0040 5806     		lsls	r0, r3, #25
 495 0042 EDD4     		bmi	.L71
 496              	.L72:
 497 0044 2DB1     		cbz	r5, .L67
 498 0046 FFF7FEFF 		bl	HAL_GetTick
 499 004a A0EB0800 		sub	r0, r0, r8
 500 004e A842     		cmp	r0, r5
 501 0050 DFD9     		bls	.L64
 502              	.L67:
 503 0052 0320     		movs	r0, #3
 504 0054 E7E7     		b	.L66
 505              	.L73:
 506 0056 6368     		ldr	r3, [r4, #4]
 507 0058 5B06     		lsls	r3, r3, #25
 508 005a F3D5     		bpl	.L72
 509 005c EAE7     		b	.L75
 511 005e 00BF     		.section	.text.FMC_PCCARD_Init,"ax",%progbits
 512              		.align	1
 513              		.p2align 2,,3
 514              		.global	FMC_PCCARD_Init
 515              		.syntax unified
 516              		.thumb
 517              		.thumb_func
 518              		.fpu fpv4-sp-d16
 520              	FMC_PCCARD_Init:
 521              		@ args = 0, pretend = 0, frame = 0
 522              		@ frame_needed = 0, uses_anonymous_args = 0
 523              		@ link register save eliminated.
 524 0000 0368     		ldr	r3, [r0]
 525 0002 8A68     		ldr	r2, [r1, #8]
 526 0004 30B4     		push	{r4, r5}
 527 0006 D1E90054 		ldrd	r5, r4, [r1]
 528 000a 23F4FF33 		bic	r3, r3, #130560
 529 000e 23F03A03 		bic	r3, r3, #58
 530 0012 2B43     		orrs	r3, r3, r5
 531 0014 43EA4423 		orr	r3, r3, r4, lsl #9
 532 0018 43EA4233 		orr	r3, r3, r2, lsl #13
 533 001c 43F01003 		orr	r3, r3, #16
 534 0020 0360     		str	r3, [r0]
 535 0022 30BC     		pop	{r4, r5}
 536 0024 0020     		movs	r0, #0
 537 0026 7047     		bx	lr
 539              		.section	.text.FMC_PCCARD_CommonSpace_Timing_Init,"ax",%progbits
 540              		.align	1
 541              		.p2align 2,,3
ARM GAS  D:\Programs\cygwin64\tmp\ccKVCvQH.s 			page 10


 542              		.global	FMC_PCCARD_CommonSpace_Timing_Init
 543              		.syntax unified
 544              		.thumb
 545              		.thumb_func
 546              		.fpu fpv4-sp-d16
 548              	FMC_PCCARD_CommonSpace_Timing_Init:
 549              		@ args = 0, pretend = 0, frame = 0
 550              		@ frame_needed = 0, uses_anonymous_args = 0
 551              		@ link register save eliminated.
 552 0000 30B4     		push	{r4, r5}
 553 0002 D1E90153 		ldrd	r5, r3, [r1, #4]
 554 0006 0C68     		ldr	r4, [r1]
 555 0008 CA68     		ldr	r2, [r1, #12]
 556 000a 8168     		ldr	r1, [r0, #8]
 557 000c 1B04     		lsls	r3, r3, #16
 558 000e 43EA0523 		orr	r3, r3, r5, lsl #8
 559 0012 2343     		orrs	r3, r3, r4
 560 0014 43EA0263 		orr	r3, r3, r2, lsl #24
 561 0018 8360     		str	r3, [r0, #8]
 562 001a 30BC     		pop	{r4, r5}
 563 001c 0020     		movs	r0, #0
 564 001e 7047     		bx	lr
 566              		.section	.text.FMC_PCCARD_AttributeSpace_Timing_Init,"ax",%progbits
 567              		.align	1
 568              		.p2align 2,,3
 569              		.global	FMC_PCCARD_AttributeSpace_Timing_Init
 570              		.syntax unified
 571              		.thumb
 572              		.thumb_func
 573              		.fpu fpv4-sp-d16
 575              	FMC_PCCARD_AttributeSpace_Timing_Init:
 576              		@ args = 0, pretend = 0, frame = 0
 577              		@ frame_needed = 0, uses_anonymous_args = 0
 578              		@ link register save eliminated.
 579 0000 30B4     		push	{r4, r5}
 580 0002 D1E90153 		ldrd	r5, r3, [r1, #4]
 581 0006 0C68     		ldr	r4, [r1]
 582 0008 CA68     		ldr	r2, [r1, #12]
 583 000a C168     		ldr	r1, [r0, #12]
 584 000c 1B04     		lsls	r3, r3, #16
 585 000e 43EA0523 		orr	r3, r3, r5, lsl #8
 586 0012 2343     		orrs	r3, r3, r4
 587 0014 43EA0263 		orr	r3, r3, r2, lsl #24
 588 0018 C360     		str	r3, [r0, #12]
 589 001a 30BC     		pop	{r4, r5}
 590 001c 0020     		movs	r0, #0
 591 001e 7047     		bx	lr
 593              		.section	.text.FMC_PCCARD_IOSpace_Timing_Init,"ax",%progbits
 594              		.align	1
 595              		.p2align 2,,3
 596              		.global	FMC_PCCARD_IOSpace_Timing_Init
 597              		.syntax unified
 598              		.thumb
 599              		.thumb_func
 600              		.fpu fpv4-sp-d16
 602              	FMC_PCCARD_IOSpace_Timing_Init:
 603              		@ args = 0, pretend = 0, frame = 0
ARM GAS  D:\Programs\cygwin64\tmp\ccKVCvQH.s 			page 11


 604              		@ frame_needed = 0, uses_anonymous_args = 0
 605              		@ link register save eliminated.
 606 0000 30B4     		push	{r4, r5}
 607 0002 D1E90153 		ldrd	r5, r3, [r1, #4]
 608 0006 0C68     		ldr	r4, [r1]
 609 0008 CA68     		ldr	r2, [r1, #12]
 610 000a 0169     		ldr	r1, [r0, #16]
 611 000c 1B04     		lsls	r3, r3, #16
 612 000e 43EA0523 		orr	r3, r3, r5, lsl #8
 613 0012 2343     		orrs	r3, r3, r4
 614 0014 43EA0263 		orr	r3, r3, r2, lsl #24
 615 0018 0361     		str	r3, [r0, #16]
 616 001a 30BC     		pop	{r4, r5}
 617 001c 0020     		movs	r0, #0
 618 001e 7047     		bx	lr
 620              		.section	.text.FMC_PCCARD_DeInit,"ax",%progbits
 621              		.align	1
 622              		.p2align 2,,3
 623              		.global	FMC_PCCARD_DeInit
 624              		.syntax unified
 625              		.thumb
 626              		.thumb_func
 627              		.fpu fpv4-sp-d16
 629              	FMC_PCCARD_DeInit:
 630              		@ args = 0, pretend = 0, frame = 0
 631              		@ frame_needed = 0, uses_anonymous_args = 0
 632              		@ link register save eliminated.
 633 0000 30B4     		push	{r4, r5}
 634 0002 0168     		ldr	r1, [r0]
 635 0004 0346     		mov	r3, r0
 636 0006 0024     		movs	r4, #0
 637 0008 4FF0FC32 		mov	r2, #-50529028
 638 000c 1825     		movs	r5, #24
 639 000e 21F00401 		bic	r1, r1, #4
 640 0012 0160     		str	r1, [r0]
 641 0014 1D60     		str	r5, [r3]
 642 0016 2046     		mov	r0, r4
 643 0018 5C60     		str	r4, [r3, #4]
 644 001a 9A60     		str	r2, [r3, #8]
 645 001c 30BC     		pop	{r4, r5}
 646 001e DA60     		str	r2, [r3, #12]
 647 0020 1A61     		str	r2, [r3, #16]
 648 0022 7047     		bx	lr
 650              		.section	.text.FMC_SDRAM_Init,"ax",%progbits
 651              		.align	1
 652              		.p2align 2,,3
 653              		.global	FMC_SDRAM_Init
 654              		.syntax unified
 655              		.thumb
 656              		.thumb_func
 657              		.fpu fpv4-sp-d16
 659              	FMC_SDRAM_Init:
 660              		@ args = 0, pretend = 0, frame = 0
 661              		@ frame_needed = 0, uses_anonymous_args = 0
 662 0000 2DE9F041 		push	{r4, r5, r6, r7, r8, lr}
 663 0004 D1F80080 		ldr	r8, [r1]
 664 0008 4F6A     		ldr	r7, [r1, #36]
ARM GAS  D:\Programs\cygwin64\tmp\ccKVCvQH.s 			page 12


 665 000a B8F1010F 		cmp	r8, #1
 666 000e D1E90723 		ldrd	r2, r3, [r1, #28]
 667 0012 D1E9014E 		ldrd	r4, lr, [r1, #4]
 668 0016 D1E903C6 		ldrd	ip, r6, [r1, #12]
 669 001a D1E90551 		ldrd	r5, r1, [r1, #20]
 670 001e 13D0     		beq	.L98
 671 0020 1A43     		orrs	r2, r2, r3
 672 0022 3A43     		orrs	r2, r2, r7
 673 0024 2243     		orrs	r2, r2, r4
 674 0026 42EA0E03 		orr	r3, r2, lr
 675 002a 43EA0C03 		orr	r3, r3, ip
 676 002e 0268     		ldr	r2, [r0]
 677 0030 3343     		orrs	r3, r3, r6
 678 0032 2B43     		orrs	r3, r3, r5
 679 0034 22F4FF42 		bic	r2, r2, #32640
 680 0038 0B43     		orrs	r3, r3, r1
 681 003a 22F07F02 		bic	r2, r2, #127
 682 003e 1343     		orrs	r3, r3, r2
 683 0040 0360     		str	r3, [r0]
 684 0042 0020     		movs	r0, #0
 685 0044 BDE8F081 		pop	{r4, r5, r6, r7, r8, pc}
 686              	.L98:
 687 0048 44EA0E04 		orr	r4, r4, lr
 688 004c 44EA0C04 		orr	r4, r4, ip
 689 0050 D0F800C0 		ldr	ip, [r0]
 690 0054 D0F804E0 		ldr	lr, [r0, #4]
 691 0058 3443     		orrs	r4, r4, r6
 692 005a 2C43     		orrs	r4, r4, r5
 693 005c 1A43     		orrs	r2, r2, r3
 694 005e 2EF4FF45 		bic	r5, lr, #32640
 695 0062 3A43     		orrs	r2, r2, r7
 696 0064 44EA0103 		orr	r3, r4, r1
 697 0068 2CF4F847 		bic	r7, ip, #31744
 698 006c 25F07F05 		bic	r5, r5, #127
 699 0070 1743     		orrs	r7, r7, r2
 700 0072 2B43     		orrs	r3, r3, r5
 701 0074 0760     		str	r7, [r0]
 702 0076 4360     		str	r3, [r0, #4]
 703 0078 0020     		movs	r0, #0
 704 007a BDE8F081 		pop	{r4, r5, r6, r7, r8, pc}
 706 007e 00BF     		.section	.text.FMC_SDRAM_Timing_Init,"ax",%progbits
 707              		.align	1
 708              		.p2align 2,,3
 709              		.global	FMC_SDRAM_Timing_Init
 710              		.syntax unified
 711              		.thumb
 712              		.thumb_func
 713              		.fpu fpv4-sp-d16
 715              	FMC_SDRAM_Timing_Init:
 716              		@ args = 0, pretend = 0, frame = 0
 717              		@ frame_needed = 0, uses_anonymous_args = 0
 718 0000 2DE9F041 		push	{r4, r5, r6, r7, r8, lr}
 719 0004 D1E90147 		ldrd	r4, r7, [r1, #4]
 720 0008 4B69     		ldr	r3, [r1, #20]
 721 000a D1F80C80 		ldr	r8, [r1, #12]
 722 000e 0E69     		ldr	r6, [r1, #16]
 723 0010 8D69     		ldr	r5, [r1, #24]
ARM GAS  D:\Programs\cygwin64\tmp\ccKVCvQH.s 			page 13


 724 0012 D1F800C0 		ldr	ip, [r1]
 725 0016 08F1FF38 		add	r8, r8, #-1
 726 001a 611E     		subs	r1, r4, #1
 727 001c 03F1FF3E 		add	lr, r3, #-1
 728 0020 013F     		subs	r7, r7, #1
 729 0022 013E     		subs	r6, r6, #1
 730 0024 013D     		subs	r5, r5, #1
 731 0026 012A     		cmp	r2, #1
 732 0028 4FEA0834 		lsl	r4, r8, #12
 733 002c 4FEA0E53 		lsl	r3, lr, #20
 734 0030 4FEA0111 		lsl	r1, r1, #4
 735 0034 4FEA0727 		lsl	r7, r7, #8
 736 0038 4FEA0646 		lsl	r6, r6, #16
 737 003c 4FEA0565 		lsl	r5, r5, #24
 738 0040 0CF1FF3C 		add	ip, ip, #-1
 739 0044 0FD0     		beq	.L102
 740 0046 2343     		orrs	r3, r3, r4
 741 0048 43EA0C03 		orr	r3, r3, ip
 742 004c 1943     		orrs	r1, r1, r3
 743 004e 8268     		ldr	r2, [r0, #8]
 744 0050 41EA0703 		orr	r3, r1, r7
 745 0054 3343     		orrs	r3, r3, r6
 746 0056 2B43     		orrs	r3, r3, r5
 747 0058 02F07042 		and	r2, r2, #-268435456
 748 005c 1343     		orrs	r3, r3, r2
 749 005e 8360     		str	r3, [r0, #8]
 750 0060 0020     		movs	r0, #0
 751 0062 BDE8F081 		pop	{r4, r5, r6, r7, r8, pc}
 752              	.L102:
 753 0066 41EA0702 		orr	r2, r1, r7
 754 006a 8168     		ldr	r1, [r0, #8]
 755 006c C768     		ldr	r7, [r0, #12]
 756 006e 42EA0C02 		orr	r2, r2, ip
 757 0072 3243     		orrs	r2, r2, r6
 758 0074 21F47001 		bic	r1, r1, #15728640
 759 0078 2A43     		orrs	r2, r2, r5
 760 007a 2343     		orrs	r3, r3, r4
 761 007c 21F47041 		bic	r1, r1, #61440
 762 0080 07F07044 		and	r4, r7, #-268435456
 763 0084 0B43     		orrs	r3, r3, r1
 764 0086 2243     		orrs	r2, r2, r4
 765 0088 8360     		str	r3, [r0, #8]
 766 008a C260     		str	r2, [r0, #12]
 767 008c 0020     		movs	r0, #0
 768 008e BDE8F081 		pop	{r4, r5, r6, r7, r8, pc}
 770 0092 00BF     		.section	.text.FMC_SDRAM_DeInit,"ax",%progbits
 771              		.align	1
 772              		.p2align 2,,3
 773              		.global	FMC_SDRAM_DeInit
 774              		.syntax unified
 775              		.thumb
 776              		.thumb_func
 777              		.fpu fpv4-sp-d16
 779              	FMC_SDRAM_DeInit:
 780              		@ args = 0, pretend = 0, frame = 0
 781              		@ frame_needed = 0, uses_anonymous_args = 0
 782              		@ link register save eliminated.
ARM GAS  D:\Programs\cygwin64\tmp\ccKVCvQH.s 			page 14


 783 0000 30B4     		push	{r4, r5}
 784 0002 0346     		mov	r3, r0
 785 0004 00EB8104 		add	r4, r0, r1, lsl #2
 786 0008 0022     		movs	r2, #0
 787 000a 4FF43470 		mov	r0, #720
 788 000e 6FF07045 		mvn	r5, #-268435456
 789 0012 43F82100 		str	r0, [r3, r1, lsl #2]
 790 0016 A560     		str	r5, [r4, #8]
 791 0018 1046     		mov	r0, r2
 792 001a 1A61     		str	r2, [r3, #16]
 793 001c 5A61     		str	r2, [r3, #20]
 794 001e 30BC     		pop	{r4, r5}
 795 0020 9A61     		str	r2, [r3, #24]
 796 0022 7047     		bx	lr
 798              		.section	.text.FMC_SDRAM_WriteProtection_Enable,"ax",%progbits
 799              		.align	1
 800              		.p2align 2,,3
 801              		.global	FMC_SDRAM_WriteProtection_Enable
 802              		.syntax unified
 803              		.thumb
 804              		.thumb_func
 805              		.fpu fpv4-sp-d16
 807              	FMC_SDRAM_WriteProtection_Enable:
 808              		@ args = 0, pretend = 0, frame = 0
 809              		@ frame_needed = 0, uses_anonymous_args = 0
 810              		@ link register save eliminated.
 811 0000 0246     		mov	r2, r0
 812 0002 0020     		movs	r0, #0
 813 0004 52F82130 		ldr	r3, [r2, r1, lsl #2]
 814 0008 43F40073 		orr	r3, r3, #512
 815 000c 42F82130 		str	r3, [r2, r1, lsl #2]
 816 0010 7047     		bx	lr
 818 0012 00BF     		.section	.text.FMC_SDRAM_WriteProtection_Disable,"ax",%progbits
 819              		.align	1
 820              		.p2align 2,,3
 821              		.global	FMC_SDRAM_WriteProtection_Disable
 822              		.syntax unified
 823              		.thumb
 824              		.thumb_func
 825              		.fpu fpv4-sp-d16
 827              	FMC_SDRAM_WriteProtection_Disable:
 828              		@ args = 0, pretend = 0, frame = 0
 829              		@ frame_needed = 0, uses_anonymous_args = 0
 830              		@ link register save eliminated.
 831 0000 0246     		mov	r2, r0
 832 0002 0020     		movs	r0, #0
 833 0004 52F82130 		ldr	r3, [r2, r1, lsl #2]
 834 0008 23F40073 		bic	r3, r3, #512
 835 000c 42F82130 		str	r3, [r2, r1, lsl #2]
 836 0010 7047     		bx	lr
 838 0012 00BF     		.section	.text.FMC_SDRAM_SendCommand,"ax",%progbits
 839              		.align	1
 840              		.p2align 2,,3
 841              		.global	FMC_SDRAM_SendCommand
 842              		.syntax unified
 843              		.thumb
 844              		.thumb_func
ARM GAS  D:\Programs\cygwin64\tmp\ccKVCvQH.s 			page 15


 845              		.fpu fpv4-sp-d16
 847              	FMC_SDRAM_SendCommand:
 848              		@ args = 0, pretend = 0, frame = 8
 849              		@ frame_needed = 0, uses_anonymous_args = 0
 850 0000 70B5     		push	{r4, r5, r6, lr}
 851 0002 D1E90035 		ldrd	r3, r5, [r1]
 852 0006 0446     		mov	r4, r0
 853 0008 D1E90210 		ldrd	r1, r0, [r1, #8]
 854 000c 2B43     		orrs	r3, r3, r5
 855 000e 82B0     		sub	sp, sp, #8
 856 0010 43EA4023 		orr	r3, r3, r0, lsl #9
 857 0014 0139     		subs	r1, r1, #1
 858 0016 43EA4113 		orr	r3, r3, r1, lsl #5
 859 001a 0021     		movs	r1, #0
 860 001c 0191     		str	r1, [sp, #4]
 861 001e 0193     		str	r3, [sp, #4]
 862 0020 019B     		ldr	r3, [sp, #4]
 863 0022 2361     		str	r3, [r4, #16]
 864 0024 1546     		mov	r5, r2
 865 0026 FFF7FEFF 		bl	HAL_GetTick
 866 002a 6B1C     		adds	r3, r5, #1
 867 002c 05D1     		bne	.L123
 868              	.L110:
 869 002e A069     		ldr	r0, [r4, #24]
 870 0030 10F02000 		ands	r0, r0, #32
 871 0034 FBD1     		bne	.L110
 872              	.L111:
 873 0036 02B0     		add	sp, sp, #8
 874              		@ sp needed
 875 0038 70BD     		pop	{r4, r5, r6, pc}
 876              	.L123:
 877 003a 0646     		mov	r6, r0
 878 003c A069     		ldr	r0, [r4, #24]
 879 003e 10F02000 		ands	r0, r0, #32
 880 0042 F8D0     		beq	.L111
 881 0044 4DB1     		cbz	r5, .L113
 882              	.L112:
 883 0046 FFF7FEFF 		bl	HAL_GetTick
 884 004a 801B     		subs	r0, r0, r6
 885 004c A842     		cmp	r0, r5
 886 004e 04D8     		bhi	.L113
 887 0050 A069     		ldr	r0, [r4, #24]
 888 0052 10F02000 		ands	r0, r0, #32
 889 0056 F6D1     		bne	.L112
 890 0058 EDE7     		b	.L111
 891              	.L113:
 892 005a 0320     		movs	r0, #3
 893 005c EBE7     		b	.L111
 895 005e 00BF     		.section	.text.FMC_SDRAM_ProgramRefreshRate,"ax",%progbits
 896              		.align	1
 897              		.p2align 2,,3
 898              		.global	FMC_SDRAM_ProgramRefreshRate
 899              		.syntax unified
 900              		.thumb
 901              		.thumb_func
 902              		.fpu fpv4-sp-d16
 904              	FMC_SDRAM_ProgramRefreshRate:
ARM GAS  D:\Programs\cygwin64\tmp\ccKVCvQH.s 			page 16


 905              		@ args = 0, pretend = 0, frame = 0
 906              		@ frame_needed = 0, uses_anonymous_args = 0
 907              		@ link register save eliminated.
 908 0000 0246     		mov	r2, r0
 909 0002 0020     		movs	r0, #0
 910 0004 5369     		ldr	r3, [r2, #20]
 911 0006 43EA4101 		orr	r1, r3, r1, lsl #1
 912 000a 5161     		str	r1, [r2, #20]
 913 000c 7047     		bx	lr
 915 000e 00BF     		.section	.text.FMC_SDRAM_SetAutoRefreshNumber,"ax",%progbits
 916              		.align	1
 917              		.p2align 2,,3
 918              		.global	FMC_SDRAM_SetAutoRefreshNumber
 919              		.syntax unified
 920              		.thumb
 921              		.thumb_func
 922              		.fpu fpv4-sp-d16
 924              	FMC_SDRAM_SetAutoRefreshNumber:
 925              		@ args = 0, pretend = 0, frame = 0
 926              		@ frame_needed = 0, uses_anonymous_args = 0
 927              		@ link register save eliminated.
 928 0000 0246     		mov	r2, r0
 929 0002 0020     		movs	r0, #0
 930 0004 1369     		ldr	r3, [r2, #16]
 931 0006 43EA4111 		orr	r1, r3, r1, lsl #5
 932 000a 1161     		str	r1, [r2, #16]
 933 000c 7047     		bx	lr
 935 000e 00BF     		.section	.text.FMC_SDRAM_GetModeStatus,"ax",%progbits
 936              		.align	1
 937              		.p2align 2,,3
 938              		.global	FMC_SDRAM_GetModeStatus
 939              		.syntax unified
 940              		.thumb
 941              		.thumb_func
 942              		.fpu fpv4-sp-d16
 944              	FMC_SDRAM_GetModeStatus:
 945              		@ args = 0, pretend = 0, frame = 0
 946              		@ frame_needed = 0, uses_anonymous_args = 0
 947              		@ link register save eliminated.
 948 0000 8069     		ldr	r0, [r0, #24]
 949 0002 01B1     		cbz	r1, .L129
 950 0004 8008     		lsrs	r0, r0, #2
 951              	.L129:
 952 0006 00F00600 		and	r0, r0, #6
 953 000a 7047     		bx	lr
 955              		.ident	"GCC: (GNU Tools for Arm Embedded Processors 8-2018-q4-major) 8.2.1 20181213 (release) [gcc
ARM GAS  D:\Programs\cygwin64\tmp\ccKVCvQH.s 			page 17


DEFINED SYMBOLS
                            *ABS*:00000000 stm32f4xx_ll_fmc.c
D:\Programs\cygwin64\tmp\ccKVCvQH.s:16     .text.FMC_NORSRAM_Init:00000000 $t
D:\Programs\cygwin64\tmp\ccKVCvQH.s:25     .text.FMC_NORSRAM_Init:00000000 FMC_NORSRAM_Init
D:\Programs\cygwin64\tmp\ccKVCvQH.s:79     .text.FMC_NORSRAM_Init:00000070 $d
D:\Programs\cygwin64\tmp\ccKVCvQH.s:82     .text.FMC_NORSRAM_DeInit:00000000 $t
D:\Programs\cygwin64\tmp\ccKVCvQH.s:90     .text.FMC_NORSRAM_DeInit:00000000 FMC_NORSRAM_DeInit
D:\Programs\cygwin64\tmp\ccKVCvQH.s:115    .text.FMC_NORSRAM_Timing_Init:00000000 $t
D:\Programs\cygwin64\tmp\ccKVCvQH.s:123    .text.FMC_NORSRAM_Timing_Init:00000000 FMC_NORSRAM_Timing_Init
D:\Programs\cygwin64\tmp\ccKVCvQH.s:162    .text.FMC_NORSRAM_Extended_Timing_Init:00000000 $t
D:\Programs\cygwin64\tmp\ccKVCvQH.s:170    .text.FMC_NORSRAM_Extended_Timing_Init:00000000 FMC_NORSRAM_Extended_Timing_Init
D:\Programs\cygwin64\tmp\ccKVCvQH.s:201    .text.FMC_NORSRAM_Extended_Timing_Init:00000040 $d
D:\Programs\cygwin64\tmp\ccKVCvQH.s:204    .text.FMC_NORSRAM_WriteOperation_Enable:00000000 $t
D:\Programs\cygwin64\tmp\ccKVCvQH.s:212    .text.FMC_NORSRAM_WriteOperation_Enable:00000000 FMC_NORSRAM_WriteOperation_Enable
D:\Programs\cygwin64\tmp\ccKVCvQH.s:224    .text.FMC_NORSRAM_WriteOperation_Disable:00000000 $t
D:\Programs\cygwin64\tmp\ccKVCvQH.s:232    .text.FMC_NORSRAM_WriteOperation_Disable:00000000 FMC_NORSRAM_WriteOperation_Disable
D:\Programs\cygwin64\tmp\ccKVCvQH.s:244    .text.FMC_NAND_Init:00000000 $t
D:\Programs\cygwin64\tmp\ccKVCvQH.s:252    .text.FMC_NAND_Init:00000000 FMC_NAND_Init
D:\Programs\cygwin64\tmp\ccKVCvQH.s:284    .text.FMC_NAND_Init:00000040 $d
D:\Programs\cygwin64\tmp\ccKVCvQH.s:287    .text.FMC_NAND_CommonSpace_Timing_Init:00000000 $t
D:\Programs\cygwin64\tmp\ccKVCvQH.s:295    .text.FMC_NAND_CommonSpace_Timing_Init:00000000 FMC_NAND_CommonSpace_Timing_Init
D:\Programs\cygwin64\tmp\ccKVCvQH.s:318    .text.FMC_NAND_AttributeSpace_Timing_Init:00000000 $t
D:\Programs\cygwin64\tmp\ccKVCvQH.s:326    .text.FMC_NAND_AttributeSpace_Timing_Init:00000000 FMC_NAND_AttributeSpace_Timing_Init
D:\Programs\cygwin64\tmp\ccKVCvQH.s:349    .text.FMC_NAND_DeInit:00000000 $t
D:\Programs\cygwin64\tmp\ccKVCvQH.s:357    .text.FMC_NAND_DeInit:00000000 FMC_NAND_DeInit
D:\Programs\cygwin64\tmp\ccKVCvQH.s:393    .text.FMC_NAND_ECC_Enable:00000000 $t
D:\Programs\cygwin64\tmp\ccKVCvQH.s:401    .text.FMC_NAND_ECC_Enable:00000000 FMC_NAND_ECC_Enable
D:\Programs\cygwin64\tmp\ccKVCvQH.s:420    .text.FMC_NAND_ECC_Disable:00000000 $t
D:\Programs\cygwin64\tmp\ccKVCvQH.s:428    .text.FMC_NAND_ECC_Disable:00000000 FMC_NAND_ECC_Disable
D:\Programs\cygwin64\tmp\ccKVCvQH.s:447    .text.FMC_NAND_GetECC:00000000 $t
D:\Programs\cygwin64\tmp\ccKVCvQH.s:455    .text.FMC_NAND_GetECC:00000000 FMC_NAND_GetECC
D:\Programs\cygwin64\tmp\ccKVCvQH.s:512    .text.FMC_PCCARD_Init:00000000 $t
D:\Programs\cygwin64\tmp\ccKVCvQH.s:520    .text.FMC_PCCARD_Init:00000000 FMC_PCCARD_Init
D:\Programs\cygwin64\tmp\ccKVCvQH.s:540    .text.FMC_PCCARD_CommonSpace_Timing_Init:00000000 $t
D:\Programs\cygwin64\tmp\ccKVCvQH.s:548    .text.FMC_PCCARD_CommonSpace_Timing_Init:00000000 FMC_PCCARD_CommonSpace_Timing_Init
D:\Programs\cygwin64\tmp\ccKVCvQH.s:567    .text.FMC_PCCARD_AttributeSpace_Timing_Init:00000000 $t
D:\Programs\cygwin64\tmp\ccKVCvQH.s:575    .text.FMC_PCCARD_AttributeSpace_Timing_Init:00000000 FMC_PCCARD_AttributeSpace_Timing_Init
D:\Programs\cygwin64\tmp\ccKVCvQH.s:594    .text.FMC_PCCARD_IOSpace_Timing_Init:00000000 $t
D:\Programs\cygwin64\tmp\ccKVCvQH.s:602    .text.FMC_PCCARD_IOSpace_Timing_Init:00000000 FMC_PCCARD_IOSpace_Timing_Init
D:\Programs\cygwin64\tmp\ccKVCvQH.s:621    .text.FMC_PCCARD_DeInit:00000000 $t
D:\Programs\cygwin64\tmp\ccKVCvQH.s:629    .text.FMC_PCCARD_DeInit:00000000 FMC_PCCARD_DeInit
D:\Programs\cygwin64\tmp\ccKVCvQH.s:651    .text.FMC_SDRAM_Init:00000000 $t
D:\Programs\cygwin64\tmp\ccKVCvQH.s:659    .text.FMC_SDRAM_Init:00000000 FMC_SDRAM_Init
D:\Programs\cygwin64\tmp\ccKVCvQH.s:707    .text.FMC_SDRAM_Timing_Init:00000000 $t
D:\Programs\cygwin64\tmp\ccKVCvQH.s:715    .text.FMC_SDRAM_Timing_Init:00000000 FMC_SDRAM_Timing_Init
D:\Programs\cygwin64\tmp\ccKVCvQH.s:771    .text.FMC_SDRAM_DeInit:00000000 $t
D:\Programs\cygwin64\tmp\ccKVCvQH.s:779    .text.FMC_SDRAM_DeInit:00000000 FMC_SDRAM_DeInit
D:\Programs\cygwin64\tmp\ccKVCvQH.s:799    .text.FMC_SDRAM_WriteProtection_Enable:00000000 $t
D:\Programs\cygwin64\tmp\ccKVCvQH.s:807    .text.FMC_SDRAM_WriteProtection_Enable:00000000 FMC_SDRAM_WriteProtection_Enable
D:\Programs\cygwin64\tmp\ccKVCvQH.s:819    .text.FMC_SDRAM_WriteProtection_Disable:00000000 $t
D:\Programs\cygwin64\tmp\ccKVCvQH.s:827    .text.FMC_SDRAM_WriteProtection_Disable:00000000 FMC_SDRAM_WriteProtection_Disable
D:\Programs\cygwin64\tmp\ccKVCvQH.s:839    .text.FMC_SDRAM_SendCommand:00000000 $t
D:\Programs\cygwin64\tmp\ccKVCvQH.s:847    .text.FMC_SDRAM_SendCommand:00000000 FMC_SDRAM_SendCommand
D:\Programs\cygwin64\tmp\ccKVCvQH.s:896    .text.FMC_SDRAM_ProgramRefreshRate:00000000 $t
D:\Programs\cygwin64\tmp\ccKVCvQH.s:904    .text.FMC_SDRAM_ProgramRefreshRate:00000000 FMC_SDRAM_ProgramRefreshRate
D:\Programs\cygwin64\tmp\ccKVCvQH.s:916    .text.FMC_SDRAM_SetAutoRefreshNumber:00000000 $t
D:\Programs\cygwin64\tmp\ccKVCvQH.s:924    .text.FMC_SDRAM_SetAutoRefreshNumber:00000000 FMC_SDRAM_SetAutoRefreshNumber
ARM GAS  D:\Programs\cygwin64\tmp\ccKVCvQH.s 			page 18


D:\Programs\cygwin64\tmp\ccKVCvQH.s:936    .text.FMC_SDRAM_GetModeStatus:00000000 $t
D:\Programs\cygwin64\tmp\ccKVCvQH.s:944    .text.FMC_SDRAM_GetModeStatus:00000000 FMC_SDRAM_GetModeStatus

UNDEFINED SYMBOLS
HAL_GetTick
