ARM GAS  D:\Programs\cygwin64\tmp\ccfvFEPd.s 			page 1


   1              		.cpu cortex-m4
   2              		.eabi_attribute 27, 1
   3              		.eabi_attribute 28, 1
   4              		.eabi_attribute 20, 1
   5              		.eabi_attribute 21, 1
   6              		.eabi_attribute 23, 3
   7              		.eabi_attribute 24, 1
   8              		.eabi_attribute 25, 1
   9              		.eabi_attribute 26, 1
  10              		.eabi_attribute 30, 2
  11              		.eabi_attribute 34, 1
  12              		.eabi_attribute 18, 4
  13              		.file	"stm32f4xx_hal_cortex.c"
  14              		.text
  15              		.section	.text.HAL_NVIC_SetPriorityGrouping,"ax",%progbits
  16              		.align	1
  17              		.p2align 2,,3
  18              		.global	HAL_NVIC_SetPriorityGrouping
  19              		.arch armv7e-m
  20              		.syntax unified
  21              		.thumb
  22              		.thumb_func
  23              		.fpu fpv4-sp-d16
  25              	HAL_NVIC_SetPriorityGrouping:
  26              		@ args = 0, pretend = 0, frame = 0
  27              		@ frame_needed = 0, uses_anonymous_args = 0
  28              		@ link register save eliminated.
  29 0000 074A     		ldr	r2, .L3
  30 0002 D368     		ldr	r3, [r2, #12]
  31 0004 0002     		lsls	r0, r0, #8
  32 0006 4FF6FF01 		movw	r1, #63743
  33 000a 00F4E060 		and	r0, r0, #1792
  34 000e 0B40     		ands	r3, r3, r1
  35 0010 1843     		orrs	r0, r0, r3
  36 0012 40F0BF60 		orr	r0, r0, #100139008
  37 0016 40F40030 		orr	r0, r0, #131072
  38 001a D060     		str	r0, [r2, #12]
  39 001c 7047     		bx	lr
  40              	.L4:
  41 001e 00BF     		.align	2
  42              	.L3:
  43 0020 00ED00E0 		.word	-536810240
  45              		.section	.text.HAL_NVIC_SetPriority,"ax",%progbits
  46              		.align	1
  47              		.p2align 2,,3
  48              		.global	HAL_NVIC_SetPriority
  49              		.syntax unified
  50              		.thumb
  51              		.thumb_func
  52              		.fpu fpv4-sp-d16
  54              	HAL_NVIC_SetPriority:
  55              		@ args = 0, pretend = 0, frame = 0
  56              		@ frame_needed = 0, uses_anonymous_args = 0
  57              		@ link register save eliminated.
  58 0000 184B     		ldr	r3, .L11
  59 0002 30B4     		push	{r4, r5}
  60 0004 DC68     		ldr	r4, [r3, #12]
ARM GAS  D:\Programs\cygwin64\tmp\ccfvFEPd.s 			page 2


  61 0006 C4F30224 		ubfx	r4, r4, #8, #3
  62 000a C4F10705 		rsb	r5, r4, #7
  63 000e 042D     		cmp	r5, #4
  64 0010 04F10403 		add	r3, r4, #4
  65 0014 28BF     		it	cs
  66 0016 0425     		movcs	r5, #4
  67 0018 062B     		cmp	r3, #6
  68 001a 18D9     		bls	.L9
  69 001c 033C     		subs	r4, r4, #3
  70 001e 4FF0FF33 		mov	r3, #-1
  71 0022 A340     		lsls	r3, r3, r4
  72 0024 22EA0302 		bic	r2, r2, r3
  73              	.L6:
  74 0028 4FF0FF33 		mov	r3, #-1
  75 002c AB40     		lsls	r3, r3, r5
  76 002e 21EA0303 		bic	r3, r1, r3
  77 0032 A340     		lsls	r3, r3, r4
  78 0034 1343     		orrs	r3, r3, r2
  79 0036 1B01     		lsls	r3, r3, #4
  80 0038 0028     		cmp	r0, #0
  81 003a DBB2     		uxtb	r3, r3
  82 003c 0ADB     		blt	.L7
  83 003e 00F16040 		add	r0, r0, #-536870912
  84 0042 00F56140 		add	r0, r0, #57600
  85 0046 80F80033 		strb	r3, [r0, #768]
  86 004a 30BC     		pop	{r4, r5}
  87 004c 7047     		bx	lr
  88              	.L9:
  89 004e 0022     		movs	r2, #0
  90 0050 1446     		mov	r4, r2
  91 0052 E9E7     		b	.L6
  92              	.L7:
  93 0054 044A     		ldr	r2, .L11+4
  94 0056 00F00F00 		and	r0, r0, #15
  95 005a 0244     		add	r2, r2, r0
  96 005c 1376     		strb	r3, [r2, #24]
  97 005e 30BC     		pop	{r4, r5}
  98 0060 7047     		bx	lr
  99              	.L12:
 100 0062 00BF     		.align	2
 101              	.L11:
 102 0064 00ED00E0 		.word	-536810240
 103 0068 FCEC00E0 		.word	-536810244
 105              		.section	.text.HAL_NVIC_EnableIRQ,"ax",%progbits
 106              		.align	1
 107              		.p2align 2,,3
 108              		.global	HAL_NVIC_EnableIRQ
 109              		.syntax unified
 110              		.thumb
 111              		.thumb_func
 112              		.fpu fpv4-sp-d16
 114              	HAL_NVIC_EnableIRQ:
 115              		@ args = 0, pretend = 0, frame = 0
 116              		@ frame_needed = 0, uses_anonymous_args = 0
 117              		@ link register save eliminated.
 118 0000 0028     		cmp	r0, #0
 119 0002 07DB     		blt	.L13
ARM GAS  D:\Programs\cygwin64\tmp\ccfvFEPd.s 			page 3


 120 0004 00F01F01 		and	r1, r0, #31
 121 0008 0123     		movs	r3, #1
 122 000a 4009     		lsrs	r0, r0, #5
 123 000c 024A     		ldr	r2, .L15
 124 000e 8B40     		lsls	r3, r3, r1
 125 0010 42F82030 		str	r3, [r2, r0, lsl #2]
 126              	.L13:
 127 0014 7047     		bx	lr
 128              	.L16:
 129 0016 00BF     		.align	2
 130              	.L15:
 131 0018 00E100E0 		.word	-536813312
 133              		.section	.text.HAL_NVIC_DisableIRQ,"ax",%progbits
 134              		.align	1
 135              		.p2align 2,,3
 136              		.global	HAL_NVIC_DisableIRQ
 137              		.syntax unified
 138              		.thumb
 139              		.thumb_func
 140              		.fpu fpv4-sp-d16
 142              	HAL_NVIC_DisableIRQ:
 143              		@ args = 0, pretend = 0, frame = 0
 144              		@ frame_needed = 0, uses_anonymous_args = 0
 145              		@ link register save eliminated.
 146 0000 0028     		cmp	r0, #0
 147 0002 0DDB     		blt	.L17
 148 0004 4309     		lsrs	r3, r0, #5
 149 0006 2033     		adds	r3, r3, #32
 150 0008 0122     		movs	r2, #1
 151 000a 0649     		ldr	r1, .L19
 152 000c 00F01F00 		and	r0, r0, #31
 153 0010 02FA00F0 		lsl	r0, r2, r0
 154 0014 41F82300 		str	r0, [r1, r3, lsl #2]
 155              		.syntax unified
 156              	@ 879 "../Drivers/CMSIS/Include/cmsis_gcc.h" 1
 157 0018 BFF34F8F 		dsb 0xF
 158              	@ 0 "" 2
 159              	@ 868 "../Drivers/CMSIS/Include/cmsis_gcc.h" 1
 160 001c BFF36F8F 		isb 0xF
 161              	@ 0 "" 2
 162              		.thumb
 163              		.syntax unified
 164              	.L17:
 165 0020 7047     		bx	lr
 166              	.L20:
 167 0022 00BF     		.align	2
 168              	.L19:
 169 0024 00E100E0 		.word	-536813312
 171              		.section	.text.HAL_NVIC_SystemReset,"ax",%progbits
 172              		.align	1
 173              		.p2align 2,,3
 174              		.global	HAL_NVIC_SystemReset
 175              		.syntax unified
 176              		.thumb
 177              		.thumb_func
 178              		.fpu fpv4-sp-d16
 180              	HAL_NVIC_SystemReset:
ARM GAS  D:\Programs\cygwin64\tmp\ccfvFEPd.s 			page 4


 181              		@ Volatile: function does not return.
 182              		@ args = 0, pretend = 0, frame = 0
 183              		@ frame_needed = 0, uses_anonymous_args = 0
 184              		@ link register save eliminated.
 185              		.syntax unified
 186              	@ 879 "../Drivers/CMSIS/Include/cmsis_gcc.h" 1
 187 0000 BFF34F8F 		dsb 0xF
 188              	@ 0 "" 2
 189              		.thumb
 190              		.syntax unified
 191 0004 0549     		ldr	r1, .L23
 192 0006 064B     		ldr	r3, .L23+4
 193 0008 CA68     		ldr	r2, [r1, #12]
 194 000a 02F4E062 		and	r2, r2, #1792
 195 000e 1343     		orrs	r3, r3, r2
 196 0010 CB60     		str	r3, [r1, #12]
 197              		.syntax unified
 198              	@ 879 "../Drivers/CMSIS/Include/cmsis_gcc.h" 1
 199 0012 BFF34F8F 		dsb 0xF
 200              	@ 0 "" 2
 201              		.thumb
 202              		.syntax unified
 203              	.L22:
 204              		.syntax unified
 205              	@ 1950 "../Drivers/CMSIS/Include/core_cm4.h" 1
 206 0016 00BF     		nop
 207              	@ 0 "" 2
 208              		.thumb
 209              		.syntax unified
 210 0018 FDE7     		b	.L22
 211              	.L24:
 212 001a 00BF     		.align	2
 213              	.L23:
 214 001c 00ED00E0 		.word	-536810240
 215 0020 0400FA05 		.word	100270084
 217              		.section	.text.HAL_SYSTICK_Config,"ax",%progbits
 218              		.align	1
 219              		.p2align 2,,3
 220              		.global	HAL_SYSTICK_Config
 221              		.syntax unified
 222              		.thumb
 223              		.thumb_func
 224              		.fpu fpv4-sp-d16
 226              	HAL_SYSTICK_Config:
 227              		@ args = 0, pretend = 0, frame = 0
 228              		@ frame_needed = 0, uses_anonymous_args = 0
 229              		@ link register save eliminated.
 230 0000 0138     		subs	r0, r0, #1
 231 0002 B0F1807F 		cmp	r0, #16777216
 232 0006 0ED2     		bcs	.L27
 233 0008 084B     		ldr	r3, .L32
 234 000a 10B4     		push	{r4}
 235 000c 084C     		ldr	r4, .L32+4
 236 000e 5860     		str	r0, [r3, #4]
 237 0010 F020     		movs	r0, #240
 238 0012 84F82300 		strb	r0, [r4, #35]
 239 0016 0022     		movs	r2, #0
ARM GAS  D:\Programs\cygwin64\tmp\ccfvFEPd.s 			page 5


 240 0018 0721     		movs	r1, #7
 241 001a 1046     		mov	r0, r2
 242 001c 9A60     		str	r2, [r3, #8]
 243 001e 1960     		str	r1, [r3]
 244 0020 5DF8044B 		ldr	r4, [sp], #4
 245 0024 7047     		bx	lr
 246              	.L27:
 247 0026 0120     		movs	r0, #1
 248 0028 7047     		bx	lr
 249              	.L33:
 250 002a 00BF     		.align	2
 251              	.L32:
 252 002c 10E000E0 		.word	-536813552
 253 0030 00ED00E0 		.word	-536810240
 255              		.section	.text.HAL_MPU_Disable,"ax",%progbits
 256              		.align	1
 257              		.p2align 2,,3
 258              		.global	HAL_MPU_Disable
 259              		.syntax unified
 260              		.thumb
 261              		.thumb_func
 262              		.fpu fpv4-sp-d16
 264              	HAL_MPU_Disable:
 265              		@ args = 0, pretend = 0, frame = 0
 266              		@ frame_needed = 0, uses_anonymous_args = 0
 267              		@ link register save eliminated.
 268              		.syntax unified
 269              	@ 890 "../Drivers/CMSIS/Include/cmsis_gcc.h" 1
 270 0000 BFF35F8F 		dmb 0xF
 271              	@ 0 "" 2
 272              		.thumb
 273              		.syntax unified
 274 0004 044A     		ldr	r2, .L35
 275 0006 0549     		ldr	r1, .L35+4
 276 0008 536A     		ldr	r3, [r2, #36]
 277 000a 0020     		movs	r0, #0
 278 000c 23F48033 		bic	r3, r3, #65536
 279 0010 5362     		str	r3, [r2, #36]
 280 0012 4860     		str	r0, [r1, #4]
 281 0014 7047     		bx	lr
 282              	.L36:
 283 0016 00BF     		.align	2
 284              	.L35:
 285 0018 00ED00E0 		.word	-536810240
 286 001c 90ED00E0 		.word	-536810096
 288              		.section	.text.HAL_MPU_Enable,"ax",%progbits
 289              		.align	1
 290              		.p2align 2,,3
 291              		.global	HAL_MPU_Enable
 292              		.syntax unified
 293              		.thumb
 294              		.thumb_func
 295              		.fpu fpv4-sp-d16
 297              	HAL_MPU_Enable:
 298              		@ args = 0, pretend = 0, frame = 0
 299              		@ frame_needed = 0, uses_anonymous_args = 0
 300              		@ link register save eliminated.
ARM GAS  D:\Programs\cygwin64\tmp\ccfvFEPd.s 			page 6


 301 0000 064B     		ldr	r3, .L38
 302 0002 074A     		ldr	r2, .L38+4
 303 0004 40F00100 		orr	r0, r0, #1
 304 0008 5860     		str	r0, [r3, #4]
 305 000a 536A     		ldr	r3, [r2, #36]
 306 000c 43F48033 		orr	r3, r3, #65536
 307 0010 5362     		str	r3, [r2, #36]
 308              		.syntax unified
 309              	@ 879 "../Drivers/CMSIS/Include/cmsis_gcc.h" 1
 310 0012 BFF34F8F 		dsb 0xF
 311              	@ 0 "" 2
 312              	@ 868 "../Drivers/CMSIS/Include/cmsis_gcc.h" 1
 313 0016 BFF36F8F 		isb 0xF
 314              	@ 0 "" 2
 315              		.thumb
 316              		.syntax unified
 317 001a 7047     		bx	lr
 318              	.L39:
 319              		.align	2
 320              	.L38:
 321 001c 90ED00E0 		.word	-536810096
 322 0020 00ED00E0 		.word	-536810240
 324              		.section	.text.HAL_MPU_ConfigRegion,"ax",%progbits
 325              		.align	1
 326              		.p2align 2,,3
 327              		.global	HAL_MPU_ConfigRegion
 328              		.syntax unified
 329              		.thumb
 330              		.thumb_func
 331              		.fpu fpv4-sp-d16
 333              	HAL_MPU_ConfigRegion:
 334              		@ args = 0, pretend = 0, frame = 0
 335              		@ frame_needed = 0, uses_anonymous_args = 0
 336              		@ link register save eliminated.
 337 0000 124A     		ldr	r2, .L47
 338 0002 4378     		ldrb	r3, [r0, #1]	@ zero_extendqisi2
 339 0004 9360     		str	r3, [r2, #8]
 340 0006 0178     		ldrb	r1, [r0]	@ zero_extendqisi2
 341 0008 E9B1     		cbz	r1, .L41
 342 000a 4368     		ldr	r3, [r0, #4]
 343 000c 70B4     		push	{r4, r5, r6}
 344 000e D360     		str	r3, [r2, #12]
 345 0010 C37A     		ldrb	r3, [r0, #11]	@ zero_extendqisi2
 346 0012 057B     		ldrb	r5, [r0, #12]	@ zero_extendqisi2
 347 0014 847A     		ldrb	r4, [r0, #10]	@ zero_extendqisi2
 348 0016 867B     		ldrb	r6, [r0, #14]	@ zero_extendqisi2
 349 0018 1B06     		lsls	r3, r3, #24
 350 001a 43EA0573 		orr	r3, r3, r5, lsl #28
 351 001e 0B43     		orrs	r3, r3, r1
 352 0020 417B     		ldrb	r1, [r0, #13]	@ zero_extendqisi2
 353 0022 C57B     		ldrb	r5, [r0, #15]	@ zero_extendqisi2
 354 0024 43EAC443 		orr	r3, r3, r4, lsl #19
 355 0028 43EA8143 		orr	r3, r3, r1, lsl #18
 356 002c 447A     		ldrb	r4, [r0, #9]	@ zero_extendqisi2
 357 002e 017A     		ldrb	r1, [r0, #8]	@ zero_extendqisi2
 358 0030 43EA4643 		orr	r3, r3, r6, lsl #17
 359 0034 43EA0543 		orr	r3, r3, r5, lsl #16
ARM GAS  D:\Programs\cygwin64\tmp\ccfvFEPd.s 			page 7


 360 0038 43EA0423 		orr	r3, r3, r4, lsl #8
 361 003c 43EA4103 		orr	r3, r3, r1, lsl #1
 362 0040 1361     		str	r3, [r2, #16]
 363 0042 70BC     		pop	{r4, r5, r6}
 364 0044 7047     		bx	lr
 365              	.L41:
 366 0046 D160     		str	r1, [r2, #12]
 367 0048 1161     		str	r1, [r2, #16]
 368 004a 7047     		bx	lr
 369              	.L48:
 370              		.align	2
 371              	.L47:
 372 004c 90ED00E0 		.word	-536810096
 374              		.section	.text.HAL_NVIC_GetPriorityGrouping,"ax",%progbits
 375              		.align	1
 376              		.p2align 2,,3
 377              		.global	HAL_NVIC_GetPriorityGrouping
 378              		.syntax unified
 379              		.thumb
 380              		.thumb_func
 381              		.fpu fpv4-sp-d16
 383              	HAL_NVIC_GetPriorityGrouping:
 384              		@ args = 0, pretend = 0, frame = 0
 385              		@ frame_needed = 0, uses_anonymous_args = 0
 386              		@ link register save eliminated.
 387 0000 024B     		ldr	r3, .L50
 388 0002 D868     		ldr	r0, [r3, #12]
 389 0004 C0F30220 		ubfx	r0, r0, #8, #3
 390 0008 7047     		bx	lr
 391              	.L51:
 392 000a 00BF     		.align	2
 393              	.L50:
 394 000c 00ED00E0 		.word	-536810240
 396              		.section	.text.HAL_NVIC_GetPriority,"ax",%progbits
 397              		.align	1
 398              		.p2align 2,,3
 399              		.global	HAL_NVIC_GetPriority
 400              		.syntax unified
 401              		.thumb
 402              		.thumb_func
 403              		.fpu fpv4-sp-d16
 405              	HAL_NVIC_GetPriority:
 406              		@ args = 0, pretend = 0, frame = 0
 407              		@ frame_needed = 0, uses_anonymous_args = 0
 408              		@ link register save eliminated.
 409 0000 0028     		cmp	r0, #0
 410 0002 30B4     		push	{r4, r5}
 411 0004 23DB     		blt	.L53
 412 0006 00F16040 		add	r0, r0, #-536870912
 413 000a 00F56140 		add	r0, r0, #57600
 414 000e 90F80003 		ldrb	r0, [r0, #768]	@ zero_extendqisi2
 415 0012 0009     		lsrs	r0, r0, #4
 416              	.L54:
 417 0014 01F00701 		and	r1, r1, #7
 418 0018 C1F10705 		rsb	r5, r1, #7
 419 001c 042D     		cmp	r5, #4
 420 001e 01F10404 		add	r4, r1, #4
ARM GAS  D:\Programs\cygwin64\tmp\ccfvFEPd.s 			page 8


 421 0022 28BF     		it	cs
 422 0024 0425     		movcs	r5, #4
 423 0026 062C     		cmp	r4, #6
 424 0028 09D8     		bhi	.L58
 425 002a 0024     		movs	r4, #0
 426              	.L55:
 427 002c 4FF0FF31 		mov	r1, #-1
 428 0030 A940     		lsls	r1, r1, r5
 429 0032 20EA0100 		bic	r0, r0, r1
 430 0036 1060     		str	r0, [r2]
 431 0038 1C60     		str	r4, [r3]
 432 003a 30BC     		pop	{r4, r5}
 433 003c 7047     		bx	lr
 434              	.L58:
 435 003e 0339     		subs	r1, r1, #3
 436 0040 4FF0FF34 		mov	r4, #-1
 437 0044 8C40     		lsls	r4, r4, r1
 438 0046 20EA0404 		bic	r4, r0, r4
 439 004a C840     		lsrs	r0, r0, r1
 440 004c EEE7     		b	.L55
 441              	.L53:
 442 004e 034C     		ldr	r4, .L59
 443 0050 00F00F00 		and	r0, r0, #15
 444 0054 0444     		add	r4, r4, r0
 445 0056 207E     		ldrb	r0, [r4, #24]	@ zero_extendqisi2
 446 0058 0009     		lsrs	r0, r0, #4
 447 005a DBE7     		b	.L54
 448              	.L60:
 449              		.align	2
 450              	.L59:
 451 005c FCEC00E0 		.word	-536810244
 453              		.section	.text.HAL_NVIC_SetPendingIRQ,"ax",%progbits
 454              		.align	1
 455              		.p2align 2,,3
 456              		.global	HAL_NVIC_SetPendingIRQ
 457              		.syntax unified
 458              		.thumb
 459              		.thumb_func
 460              		.fpu fpv4-sp-d16
 462              	HAL_NVIC_SetPendingIRQ:
 463              		@ args = 0, pretend = 0, frame = 0
 464              		@ frame_needed = 0, uses_anonymous_args = 0
 465              		@ link register save eliminated.
 466 0000 0028     		cmp	r0, #0
 467 0002 09DB     		blt	.L61
 468 0004 4309     		lsrs	r3, r0, #5
 469 0006 4033     		adds	r3, r3, #64
 470 0008 00F01F00 		and	r0, r0, #31
 471 000c 0122     		movs	r2, #1
 472 000e 0349     		ldr	r1, .L63
 473 0010 02FA00F0 		lsl	r0, r2, r0
 474 0014 41F82300 		str	r0, [r1, r3, lsl #2]
 475              	.L61:
 476 0018 7047     		bx	lr
 477              	.L64:
 478 001a 00BF     		.align	2
 479              	.L63:
ARM GAS  D:\Programs\cygwin64\tmp\ccfvFEPd.s 			page 9


 480 001c 00E100E0 		.word	-536813312
 482              		.section	.text.HAL_NVIC_GetPendingIRQ,"ax",%progbits
 483              		.align	1
 484              		.p2align 2,,3
 485              		.global	HAL_NVIC_GetPendingIRQ
 486              		.syntax unified
 487              		.thumb
 488              		.thumb_func
 489              		.fpu fpv4-sp-d16
 491              	HAL_NVIC_GetPendingIRQ:
 492              		@ args = 0, pretend = 0, frame = 0
 493              		@ frame_needed = 0, uses_anonymous_args = 0
 494              		@ link register save eliminated.
 495 0000 0028     		cmp	r0, #0
 496 0002 0BDB     		blt	.L67
 497 0004 4309     		lsrs	r3, r0, #5
 498 0006 064A     		ldr	r2, .L68
 499 0008 4033     		adds	r3, r3, #64
 500 000a 00F01F00 		and	r0, r0, #31
 501 000e 52F82330 		ldr	r3, [r2, r3, lsl #2]
 502 0012 23FA00F0 		lsr	r0, r3, r0
 503 0016 00F00100 		and	r0, r0, #1
 504 001a 7047     		bx	lr
 505              	.L67:
 506 001c 0020     		movs	r0, #0
 507 001e 7047     		bx	lr
 508              	.L69:
 509              		.align	2
 510              	.L68:
 511 0020 00E100E0 		.word	-536813312
 513              		.section	.text.HAL_NVIC_ClearPendingIRQ,"ax",%progbits
 514              		.align	1
 515              		.p2align 2,,3
 516              		.global	HAL_NVIC_ClearPendingIRQ
 517              		.syntax unified
 518              		.thumb
 519              		.thumb_func
 520              		.fpu fpv4-sp-d16
 522              	HAL_NVIC_ClearPendingIRQ:
 523              		@ args = 0, pretend = 0, frame = 0
 524              		@ frame_needed = 0, uses_anonymous_args = 0
 525              		@ link register save eliminated.
 526 0000 0028     		cmp	r0, #0
 527 0002 09DB     		blt	.L70
 528 0004 4309     		lsrs	r3, r0, #5
 529 0006 6033     		adds	r3, r3, #96
 530 0008 00F01F00 		and	r0, r0, #31
 531 000c 0122     		movs	r2, #1
 532 000e 0349     		ldr	r1, .L72
 533 0010 02FA00F0 		lsl	r0, r2, r0
 534 0014 41F82300 		str	r0, [r1, r3, lsl #2]
 535              	.L70:
 536 0018 7047     		bx	lr
 537              	.L73:
 538 001a 00BF     		.align	2
 539              	.L72:
 540 001c 00E100E0 		.word	-536813312
ARM GAS  D:\Programs\cygwin64\tmp\ccfvFEPd.s 			page 10


 542              		.section	.text.HAL_NVIC_GetActive,"ax",%progbits
 543              		.align	1
 544              		.p2align 2,,3
 545              		.global	HAL_NVIC_GetActive
 546              		.syntax unified
 547              		.thumb
 548              		.thumb_func
 549              		.fpu fpv4-sp-d16
 551              	HAL_NVIC_GetActive:
 552              		@ args = 0, pretend = 0, frame = 0
 553              		@ frame_needed = 0, uses_anonymous_args = 0
 554              		@ link register save eliminated.
 555 0000 0028     		cmp	r0, #0
 556 0002 0BDB     		blt	.L76
 557 0004 4309     		lsrs	r3, r0, #5
 558 0006 064A     		ldr	r2, .L77
 559 0008 8033     		adds	r3, r3, #128
 560 000a 00F01F00 		and	r0, r0, #31
 561 000e 52F82330 		ldr	r3, [r2, r3, lsl #2]
 562 0012 23FA00F0 		lsr	r0, r3, r0
 563 0016 00F00100 		and	r0, r0, #1
 564 001a 7047     		bx	lr
 565              	.L76:
 566 001c 0020     		movs	r0, #0
 567 001e 7047     		bx	lr
 568              	.L78:
 569              		.align	2
 570              	.L77:
 571 0020 00E100E0 		.word	-536813312
 573              		.section	.text.HAL_SYSTICK_CLKSourceConfig,"ax",%progbits
 574              		.align	1
 575              		.p2align 2,,3
 576              		.global	HAL_SYSTICK_CLKSourceConfig
 577              		.syntax unified
 578              		.thumb
 579              		.thumb_func
 580              		.fpu fpv4-sp-d16
 582              	HAL_SYSTICK_CLKSourceConfig:
 583              		@ args = 0, pretend = 0, frame = 0
 584              		@ frame_needed = 0, uses_anonymous_args = 0
 585              		@ link register save eliminated.
 586 0000 044A     		ldr	r2, .L82
 587 0002 1368     		ldr	r3, [r2]
 588 0004 0428     		cmp	r0, #4
 589 0006 0CBF     		ite	eq
 590 0008 43F00403 		orreq	r3, r3, #4
 591 000c 23F00403 		bicne	r3, r3, #4
 592 0010 1360     		str	r3, [r2]
 593 0012 7047     		bx	lr
 594              	.L83:
 595              		.align	2
 596              	.L82:
 597 0014 10E000E0 		.word	-536813552
 599              		.section	.text.HAL_SYSTICK_Callback,"ax",%progbits
 600              		.align	1
 601              		.p2align 2,,3
 602              		.weak	HAL_SYSTICK_Callback
ARM GAS  D:\Programs\cygwin64\tmp\ccfvFEPd.s 			page 11


 603              		.syntax unified
 604              		.thumb
 605              		.thumb_func
 606              		.fpu fpv4-sp-d16
 608              	HAL_SYSTICK_Callback:
 609              		@ args = 0, pretend = 0, frame = 0
 610              		@ frame_needed = 0, uses_anonymous_args = 0
 611              		@ link register save eliminated.
 612 0000 7047     		bx	lr
 614 0002 00BF     		.section	.text.HAL_SYSTICK_IRQHandler,"ax",%progbits
 615              		.align	1
 616              		.p2align 2,,3
 617              		.global	HAL_SYSTICK_IRQHandler
 618              		.syntax unified
 619              		.thumb
 620              		.thumb_func
 621              		.fpu fpv4-sp-d16
 623              	HAL_SYSTICK_IRQHandler:
 624              		@ args = 0, pretend = 0, frame = 0
 625              		@ frame_needed = 0, uses_anonymous_args = 0
 626 0000 08B5     		push	{r3, lr}
 627 0002 FFF7FEFF 		bl	HAL_SYSTICK_Callback
 628 0006 08BD     		pop	{r3, pc}
 630              		.ident	"GCC: (GNU Tools for Arm Embedded Processors 8-2018-q4-major) 8.2.1 20181213 (release) [gcc
ARM GAS  D:\Programs\cygwin64\tmp\ccfvFEPd.s 			page 12


DEFINED SYMBOLS
                            *ABS*:00000000 stm32f4xx_hal_cortex.c
D:\Programs\cygwin64\tmp\ccfvFEPd.s:16     .text.HAL_NVIC_SetPriorityGrouping:00000000 $t
D:\Programs\cygwin64\tmp\ccfvFEPd.s:25     .text.HAL_NVIC_SetPriorityGrouping:00000000 HAL_NVIC_SetPriorityGrouping
D:\Programs\cygwin64\tmp\ccfvFEPd.s:43     .text.HAL_NVIC_SetPriorityGrouping:00000020 $d
D:\Programs\cygwin64\tmp\ccfvFEPd.s:46     .text.HAL_NVIC_SetPriority:00000000 $t
D:\Programs\cygwin64\tmp\ccfvFEPd.s:54     .text.HAL_NVIC_SetPriority:00000000 HAL_NVIC_SetPriority
D:\Programs\cygwin64\tmp\ccfvFEPd.s:102    .text.HAL_NVIC_SetPriority:00000064 $d
D:\Programs\cygwin64\tmp\ccfvFEPd.s:106    .text.HAL_NVIC_EnableIRQ:00000000 $t
D:\Programs\cygwin64\tmp\ccfvFEPd.s:114    .text.HAL_NVIC_EnableIRQ:00000000 HAL_NVIC_EnableIRQ
D:\Programs\cygwin64\tmp\ccfvFEPd.s:131    .text.HAL_NVIC_EnableIRQ:00000018 $d
D:\Programs\cygwin64\tmp\ccfvFEPd.s:134    .text.HAL_NVIC_DisableIRQ:00000000 $t
D:\Programs\cygwin64\tmp\ccfvFEPd.s:142    .text.HAL_NVIC_DisableIRQ:00000000 HAL_NVIC_DisableIRQ
D:\Programs\cygwin64\tmp\ccfvFEPd.s:169    .text.HAL_NVIC_DisableIRQ:00000024 $d
D:\Programs\cygwin64\tmp\ccfvFEPd.s:172    .text.HAL_NVIC_SystemReset:00000000 $t
D:\Programs\cygwin64\tmp\ccfvFEPd.s:180    .text.HAL_NVIC_SystemReset:00000000 HAL_NVIC_SystemReset
D:\Programs\cygwin64\tmp\ccfvFEPd.s:214    .text.HAL_NVIC_SystemReset:0000001c $d
D:\Programs\cygwin64\tmp\ccfvFEPd.s:218    .text.HAL_SYSTICK_Config:00000000 $t
D:\Programs\cygwin64\tmp\ccfvFEPd.s:226    .text.HAL_SYSTICK_Config:00000000 HAL_SYSTICK_Config
D:\Programs\cygwin64\tmp\ccfvFEPd.s:252    .text.HAL_SYSTICK_Config:0000002c $d
D:\Programs\cygwin64\tmp\ccfvFEPd.s:256    .text.HAL_MPU_Disable:00000000 $t
D:\Programs\cygwin64\tmp\ccfvFEPd.s:264    .text.HAL_MPU_Disable:00000000 HAL_MPU_Disable
D:\Programs\cygwin64\tmp\ccfvFEPd.s:285    .text.HAL_MPU_Disable:00000018 $d
D:\Programs\cygwin64\tmp\ccfvFEPd.s:289    .text.HAL_MPU_Enable:00000000 $t
D:\Programs\cygwin64\tmp\ccfvFEPd.s:297    .text.HAL_MPU_Enable:00000000 HAL_MPU_Enable
D:\Programs\cygwin64\tmp\ccfvFEPd.s:321    .text.HAL_MPU_Enable:0000001c $d
D:\Programs\cygwin64\tmp\ccfvFEPd.s:325    .text.HAL_MPU_ConfigRegion:00000000 $t
D:\Programs\cygwin64\tmp\ccfvFEPd.s:333    .text.HAL_MPU_ConfigRegion:00000000 HAL_MPU_ConfigRegion
D:\Programs\cygwin64\tmp\ccfvFEPd.s:372    .text.HAL_MPU_ConfigRegion:0000004c $d
D:\Programs\cygwin64\tmp\ccfvFEPd.s:375    .text.HAL_NVIC_GetPriorityGrouping:00000000 $t
D:\Programs\cygwin64\tmp\ccfvFEPd.s:383    .text.HAL_NVIC_GetPriorityGrouping:00000000 HAL_NVIC_GetPriorityGrouping
D:\Programs\cygwin64\tmp\ccfvFEPd.s:394    .text.HAL_NVIC_GetPriorityGrouping:0000000c $d
D:\Programs\cygwin64\tmp\ccfvFEPd.s:397    .text.HAL_NVIC_GetPriority:00000000 $t
D:\Programs\cygwin64\tmp\ccfvFEPd.s:405    .text.HAL_NVIC_GetPriority:00000000 HAL_NVIC_GetPriority
D:\Programs\cygwin64\tmp\ccfvFEPd.s:451    .text.HAL_NVIC_GetPriority:0000005c $d
D:\Programs\cygwin64\tmp\ccfvFEPd.s:454    .text.HAL_NVIC_SetPendingIRQ:00000000 $t
D:\Programs\cygwin64\tmp\ccfvFEPd.s:462    .text.HAL_NVIC_SetPendingIRQ:00000000 HAL_NVIC_SetPendingIRQ
D:\Programs\cygwin64\tmp\ccfvFEPd.s:480    .text.HAL_NVIC_SetPendingIRQ:0000001c $d
D:\Programs\cygwin64\tmp\ccfvFEPd.s:483    .text.HAL_NVIC_GetPendingIRQ:00000000 $t
D:\Programs\cygwin64\tmp\ccfvFEPd.s:491    .text.HAL_NVIC_GetPendingIRQ:00000000 HAL_NVIC_GetPendingIRQ
D:\Programs\cygwin64\tmp\ccfvFEPd.s:511    .text.HAL_NVIC_GetPendingIRQ:00000020 $d
D:\Programs\cygwin64\tmp\ccfvFEPd.s:514    .text.HAL_NVIC_ClearPendingIRQ:00000000 $t
D:\Programs\cygwin64\tmp\ccfvFEPd.s:522    .text.HAL_NVIC_ClearPendingIRQ:00000000 HAL_NVIC_ClearPendingIRQ
D:\Programs\cygwin64\tmp\ccfvFEPd.s:540    .text.HAL_NVIC_ClearPendingIRQ:0000001c $d
D:\Programs\cygwin64\tmp\ccfvFEPd.s:543    .text.HAL_NVIC_GetActive:00000000 $t
D:\Programs\cygwin64\tmp\ccfvFEPd.s:551    .text.HAL_NVIC_GetActive:00000000 HAL_NVIC_GetActive
D:\Programs\cygwin64\tmp\ccfvFEPd.s:571    .text.HAL_NVIC_GetActive:00000020 $d
D:\Programs\cygwin64\tmp\ccfvFEPd.s:574    .text.HAL_SYSTICK_CLKSourceConfig:00000000 $t
D:\Programs\cygwin64\tmp\ccfvFEPd.s:582    .text.HAL_SYSTICK_CLKSourceConfig:00000000 HAL_SYSTICK_CLKSourceConfig
D:\Programs\cygwin64\tmp\ccfvFEPd.s:597    .text.HAL_SYSTICK_CLKSourceConfig:00000014 $d
D:\Programs\cygwin64\tmp\ccfvFEPd.s:600    .text.HAL_SYSTICK_Callback:00000000 $t
D:\Programs\cygwin64\tmp\ccfvFEPd.s:608    .text.HAL_SYSTICK_Callback:00000000 HAL_SYSTICK_Callback
D:\Programs\cygwin64\tmp\ccfvFEPd.s:615    .text.HAL_SYSTICK_IRQHandler:00000000 $t
D:\Programs\cygwin64\tmp\ccfvFEPd.s:623    .text.HAL_SYSTICK_IRQHandler:00000000 HAL_SYSTICK_IRQHandler

NO UNDEFINED SYMBOLS
