ARM GAS  D:\Programs\cygwin64\tmp\ccZRpSix.s 			page 1


   1              		.cpu cortex-m4
   2              		.eabi_attribute 27, 1
   3              		.eabi_attribute 28, 1
   4              		.eabi_attribute 20, 1
   5              		.eabi_attribute 21, 1
   6              		.eabi_attribute 23, 3
   7              		.eabi_attribute 24, 1
   8              		.eabi_attribute 25, 1
   9              		.eabi_attribute 26, 1
  10              		.eabi_attribute 30, 2
  11              		.eabi_attribute 34, 1
  12              		.eabi_attribute 18, 4
  13              		.file	"stm32f4xx_hal_nand.c"
  14              		.text
  15              		.section	.text.HAL_NAND_MspInit,"ax",%progbits
  16              		.align	1
  17              		.p2align 2,,3
  18              		.weak	HAL_NAND_MspInit
  19              		.arch armv7e-m
  20              		.syntax unified
  21              		.thumb
  22              		.thumb_func
  23              		.fpu fpv4-sp-d16
  25              	HAL_NAND_MspInit:
  26              		@ args = 0, pretend = 0, frame = 0
  27              		@ frame_needed = 0, uses_anonymous_args = 0
  28              		@ link register save eliminated.
  29 0000 7047     		bx	lr
  31 0002 00BF     		.section	.text.HAL_NAND_Init,"ax",%progbits
  32              		.align	1
  33              		.p2align 2,,3
  34              		.global	HAL_NAND_Init
  35              		.syntax unified
  36              		.thumb
  37              		.thumb_func
  38              		.fpu fpv4-sp-d16
  40              	HAL_NAND_Init:
  41              		@ args = 0, pretend = 0, frame = 0
  42              		@ frame_needed = 0, uses_anonymous_args = 0
  43 0000 90B3     		cbz	r0, .L8
  44 0002 90F82130 		ldrb	r3, [r0, #33]	@ zero_extendqisi2
  45 0006 70B5     		push	{r4, r5, r6, lr}
  46 0008 1546     		mov	r5, r2
  47 000a 0446     		mov	r4, r0
  48 000c 0E46     		mov	r6, r1
  49 000e 03F0FF02 		and	r2, r3, #255
  50 0012 23B3     		cbz	r3, .L13
  51              	.L5:
  52 0014 2146     		mov	r1, r4
  53 0016 51F8040B 		ldr	r0, [r1], #4
  54 001a FFF7FEFF 		bl	FMC_NAND_Init
  55 001e 3146     		mov	r1, r6
  56 0020 D4E90002 		ldrd	r0, r2, [r4]
  57 0024 FFF7FEFF 		bl	FMC_NAND_CommonSpace_Timing_Init
  58 0028 D4E90002 		ldrd	r0, r2, [r4]
  59 002c 2946     		mov	r1, r5
  60 002e FFF7FEFF 		bl	FMC_NAND_AttributeSpace_Timing_Init
ARM GAS  D:\Programs\cygwin64\tmp\ccZRpSix.s 			page 2


  61 0032 D4E90023 		ldrd	r2, r3, [r4]
  62 0036 102B     		cmp	r3, #16
  63 0038 08D0     		beq	.L14
  64 003a 136A     		ldr	r3, [r2, #32]
  65 003c 43F00403 		orr	r3, r3, #4
  66 0040 1362     		str	r3, [r2, #32]
  67 0042 0123     		movs	r3, #1
  68 0044 84F82130 		strb	r3, [r4, #33]
  69 0048 0020     		movs	r0, #0
  70 004a 70BD     		pop	{r4, r5, r6, pc}
  71              	.L14:
  72 004c 1368     		ldr	r3, [r2]
  73 004e 43F00403 		orr	r3, r3, #4
  74 0052 1360     		str	r3, [r2]
  75 0054 0123     		movs	r3, #1
  76 0056 84F82130 		strb	r3, [r4, #33]
  77 005a 0020     		movs	r0, #0
  78 005c 70BD     		pop	{r4, r5, r6, pc}
  79              	.L13:
  80 005e 80F82020 		strb	r2, [r0, #32]
  81 0062 FFF7FEFF 		bl	HAL_NAND_MspInit
  82 0066 D5E7     		b	.L5
  83              	.L8:
  84 0068 0120     		movs	r0, #1
  85 006a 7047     		bx	lr
  87              		.section	.text.HAL_NAND_MspDeInit,"ax",%progbits
  88              		.align	1
  89              		.p2align 2,,3
  90              		.weak	HAL_NAND_MspDeInit
  91              		.syntax unified
  92              		.thumb
  93              		.thumb_func
  94              		.fpu fpv4-sp-d16
  96              	HAL_NAND_MspDeInit:
  97              		@ args = 0, pretend = 0, frame = 0
  98              		@ frame_needed = 0, uses_anonymous_args = 0
  99              		@ link register save eliminated.
 100 0000 7047     		bx	lr
 102 0002 00BF     		.section	.text.HAL_NAND_DeInit,"ax",%progbits
 103              		.align	1
 104              		.p2align 2,,3
 105              		.global	HAL_NAND_DeInit
 106              		.syntax unified
 107              		.thumb
 108              		.thumb_func
 109              		.fpu fpv4-sp-d16
 111              	HAL_NAND_DeInit:
 112              		@ args = 0, pretend = 0, frame = 0
 113              		@ frame_needed = 0, uses_anonymous_args = 0
 114 0000 10B5     		push	{r4, lr}
 115 0002 0446     		mov	r4, r0
 116 0004 FFF7FEFF 		bl	HAL_NAND_MspDeInit
 117 0008 D4E90001 		ldrd	r0, r1, [r4]
 118 000c FFF7FEFF 		bl	FMC_NAND_DeInit
 119 0010 0020     		movs	r0, #0
 120 0012 84F82100 		strb	r0, [r4, #33]
 121 0016 84F82000 		strb	r0, [r4, #32]
ARM GAS  D:\Programs\cygwin64\tmp\ccZRpSix.s 			page 3


 122 001a 10BD     		pop	{r4, pc}
 124              		.section	.text.HAL_NAND_ITCallback,"ax",%progbits
 125              		.align	1
 126              		.p2align 2,,3
 127              		.weak	HAL_NAND_ITCallback
 128              		.syntax unified
 129              		.thumb
 130              		.thumb_func
 131              		.fpu fpv4-sp-d16
 133              	HAL_NAND_ITCallback:
 134              		@ args = 0, pretend = 0, frame = 0
 135              		@ frame_needed = 0, uses_anonymous_args = 0
 136              		@ link register save eliminated.
 137 0000 7047     		bx	lr
 139 0002 00BF     		.section	.text.HAL_NAND_IRQHandler,"ax",%progbits
 140              		.align	1
 141              		.p2align 2,,3
 142              		.global	HAL_NAND_IRQHandler
 143              		.syntax unified
 144              		.thumb
 145              		.thumb_func
 146              		.fpu fpv4-sp-d16
 148              	HAL_NAND_IRQHandler:
 149              		@ args = 0, pretend = 0, frame = 0
 150              		@ frame_needed = 0, uses_anonymous_args = 0
 151 0000 D0E90032 		ldrd	r3, r2, [r0]
 152 0004 102A     		cmp	r2, #16
 153 0006 10B5     		push	{r4, lr}
 154 0008 0446     		mov	r4, r0
 155 000a 46D0     		beq	.L53
 156 000c 5A6A     		ldr	r2, [r3, #36]
 157 000e D107     		lsls	r1, r2, #31
 158 0010 34D4     		bmi	.L21
 159 0012 5A6A     		ldr	r2, [r3, #36]
 160 0014 9007     		lsls	r0, r2, #30
 161 0016 22D4     		bmi	.L28
 162              	.L29:
 163 0018 5A6A     		ldr	r2, [r3, #36]
 164 001a 5207     		lsls	r2, r2, #29
 165 001c 10D4     		bmi	.L33
 166              	.L34:
 167 001e 5B6A     		ldr	r3, [r3, #36]
 168 0020 C3F38013 		ubfx	r3, r3, #6, #1
 169              	.L35:
 170 0024 03B9     		cbnz	r3, .L54
 171              	.L19:
 172 0026 10BD     		pop	{r4, pc}
 173              	.L54:
 174 0028 2046     		mov	r0, r4
 175 002a FFF7FEFF 		bl	HAL_NAND_ITCallback
 176 002e D4E90023 		ldrd	r2, r3, [r4]
 177 0032 102B     		cmp	r3, #16
 178 0034 40D0     		beq	.L55
 179 0036 536A     		ldr	r3, [r2, #36]
 180 0038 23F04003 		bic	r3, r3, #64
 181 003c 5362     		str	r3, [r2, #36]
 182 003e 10BD     		pop	{r4, pc}
ARM GAS  D:\Programs\cygwin64\tmp\ccZRpSix.s 			page 4


 183              	.L33:
 184 0040 2046     		mov	r0, r4
 185 0042 FFF7FEFF 		bl	HAL_NAND_ITCallback
 186 0046 6368     		ldr	r3, [r4, #4]
 187 0048 102B     		cmp	r3, #16
 188 004a 45D0     		beq	.L56
 189 004c 2368     		ldr	r3, [r4]
 190 004e 5A6A     		ldr	r2, [r3, #36]
 191 0050 22F00402 		bic	r2, r2, #4
 192 0054 5A62     		str	r2, [r3, #36]
 193 0056 5B6A     		ldr	r3, [r3, #36]
 194 0058 C3F38013 		ubfx	r3, r3, #6, #1
 195 005c E2E7     		b	.L35
 196              	.L28:
 197 005e 2046     		mov	r0, r4
 198 0060 FFF7FEFF 		bl	HAL_NAND_ITCallback
 199 0064 6368     		ldr	r3, [r4, #4]
 200 0066 102B     		cmp	r3, #16
 201 0068 30D0     		beq	.L57
 202 006a 2368     		ldr	r3, [r4]
 203 006c 5A6A     		ldr	r2, [r3, #36]
 204 006e 22F00202 		bic	r2, r2, #2
 205 0072 5A62     		str	r2, [r3, #36]
 206 0074 5A6A     		ldr	r2, [r3, #36]
 207 0076 5207     		lsls	r2, r2, #29
 208 0078 D1D5     		bpl	.L34
 209 007a E1E7     		b	.L33
 210              	.L21:
 211 007c 2046     		mov	r0, r4
 212 007e FFF7FEFF 		bl	HAL_NAND_ITCallback
 213 0082 6368     		ldr	r3, [r4, #4]
 214 0084 102B     		cmp	r3, #16
 215 0086 2368     		ldr	r3, [r4]
 216 0088 1BD0     		beq	.L58
 217 008a 5A6A     		ldr	r2, [r3, #36]
 218 008c 22F00102 		bic	r2, r2, #1
 219 0090 5A62     		str	r2, [r3, #36]
 220 0092 5A6A     		ldr	r2, [r3, #36]
 221 0094 9007     		lsls	r0, r2, #30
 222 0096 BFD5     		bpl	.L29
 223 0098 E1E7     		b	.L28
 224              	.L53:
 225 009a 5A68     		ldr	r2, [r3, #4]
 226 009c D007     		lsls	r0, r2, #31
 227 009e EDD4     		bmi	.L21
 228              	.L22:
 229 00a0 5A68     		ldr	r2, [r3, #4]
 230 00a2 9207     		lsls	r2, r2, #30
 231 00a4 DBD4     		bmi	.L28
 232              	.L25:
 233 00a6 5A68     		ldr	r2, [r3, #4]
 234 00a8 5107     		lsls	r1, r2, #29
 235 00aa C9D4     		bmi	.L33
 236              	.L30:
 237 00ac 5B68     		ldr	r3, [r3, #4]
 238 00ae C3F38013 		ubfx	r3, r3, #6, #1
 239 00b2 002B     		cmp	r3, #0
ARM GAS  D:\Programs\cygwin64\tmp\ccZRpSix.s 			page 5


 240 00b4 B7D0     		beq	.L19
 241 00b6 B7E7     		b	.L54
 242              	.L55:
 243 00b8 5368     		ldr	r3, [r2, #4]
 244 00ba 23F04003 		bic	r3, r3, #64
 245 00be 5360     		str	r3, [r2, #4]
 246 00c0 10BD     		pop	{r4, pc}
 247              	.L58:
 248 00c2 5A68     		ldr	r2, [r3, #4]
 249 00c4 22F00102 		bic	r2, r2, #1
 250 00c8 5A60     		str	r2, [r3, #4]
 251 00ca E9E7     		b	.L22
 252              	.L57:
 253 00cc 2368     		ldr	r3, [r4]
 254 00ce 5A68     		ldr	r2, [r3, #4]
 255 00d0 22F00202 		bic	r2, r2, #2
 256 00d4 5A60     		str	r2, [r3, #4]
 257 00d6 E6E7     		b	.L25
 258              	.L56:
 259 00d8 2368     		ldr	r3, [r4]
 260 00da 5A68     		ldr	r2, [r3, #4]
 261 00dc 22F00402 		bic	r2, r2, #4
 262 00e0 5A60     		str	r2, [r3, #4]
 263 00e2 E3E7     		b	.L30
 265              		.section	.text.HAL_NAND_Read_ID,"ax",%progbits
 266              		.align	1
 267              		.p2align 2,,3
 268              		.global	HAL_NAND_Read_ID
 269              		.syntax unified
 270              		.thumb
 271              		.thumb_func
 272              		.fpu fpv4-sp-d16
 274              	HAL_NAND_Read_ID:
 275              		@ args = 0, pretend = 0, frame = 8
 276              		@ frame_needed = 0, uses_anonymous_args = 0
 277              		@ link register save eliminated.
 278 0000 70B4     		push	{r4, r5, r6}
 279 0002 90F82020 		ldrb	r2, [r0, #32]	@ zero_extendqisi2
 280 0006 83B0     		sub	sp, sp, #12
 281 0008 0023     		movs	r3, #0
 282 000a 012A     		cmp	r2, #1
 283 000c 0093     		str	r3, [sp]
 284 000e 0193     		str	r3, [sp, #4]
 285 0010 49D0     		beq	.L62
 286 0012 90F82120 		ldrb	r2, [r0, #33]	@ zero_extendqisi2
 287 0016 0124     		movs	r4, #1
 288 0018 022A     		cmp	r2, #2
 289 001a 80F82040 		strb	r4, [r0, #32]
 290 001e 42D0     		beq	.L62
 291 0020 4668     		ldr	r6, [r0, #4]
 292 0022 234D     		ldr	r5, .L72
 293 0024 234C     		ldr	r4, .L72+4
 294 0026 244A     		ldr	r2, .L72+8
 295 0028 102E     		cmp	r6, #16
 296 002a 18BF     		it	ne
 297 002c 2C46     		movne	r4, r5
 298 002e 05F58035 		add	r5, r5, #65536
ARM GAS  D:\Programs\cygwin64\tmp\ccZRpSix.s 			page 6


 299 0032 18BF     		it	ne
 300 0034 2A46     		movne	r2, r5
 301 0036 4FF00205 		mov	r5, #2
 302 003a 80F82150 		strb	r5, [r0, #33]
 303 003e 4FF09005 		mov	r5, #144
 304 0042 2570     		strb	r5, [r4]
 305 0044 1370     		strb	r3, [r2]
 306 0046 1D4C     		ldr	r4, .L72+12
 307 0048 C268     		ldr	r2, [r0, #12]
 308 004a 1D4B     		ldr	r3, .L72+16
 309 004c 0EBF     		itee	eq
 310 004e 4FF0E044 		moveq	r4, #1879048192
 311 0052 2346     		movne	r3, r4
 312 0054 4FF00044 		movne	r4, #-2147483648
 313 0058 BAB1     		cbz	r2, .L71
 314 005a 2268     		ldr	r2, [r4]
 315 005c 0092     		str	r2, [sp]
 316 005e 1B68     		ldr	r3, [r3]
 317 0060 0193     		str	r3, [sp, #4]
 318 0062 009D     		ldr	r5, [sp]
 319 0064 009A     		ldr	r2, [sp]
 320 0066 019C     		ldr	r4, [sp, #4]
 321 0068 019B     		ldr	r3, [sp, #4]
 322 006a 0D70     		strb	r5, [r1]
 323 006c 120C     		lsrs	r2, r2, #16
 324 006e 1B0C     		lsrs	r3, r3, #16
 325 0070 4A70     		strb	r2, [r1, #1]
 326 0072 8C70     		strb	r4, [r1, #2]
 327 0074 CB70     		strb	r3, [r1, #3]
 328              	.L65:
 329 0076 0023     		movs	r3, #0
 330 0078 0122     		movs	r2, #1
 331 007a 80F82120 		strb	r2, [r0, #33]
 332 007e 80F82030 		strb	r3, [r0, #32]
 333 0082 1846     		mov	r0, r3
 334 0084 03B0     		add	sp, sp, #12
 335              		@ sp needed
 336 0086 70BC     		pop	{r4, r5, r6}
 337 0088 7047     		bx	lr
 338              	.L71:
 339 008a 2368     		ldr	r3, [r4]
 340 008c 0093     		str	r3, [sp]
 341 008e 009D     		ldr	r5, [sp]
 342 0090 009C     		ldr	r4, [sp]
 343 0092 009A     		ldr	r2, [sp]
 344 0094 009B     		ldr	r3, [sp]
 345 0096 0D70     		strb	r5, [r1]
 346 0098 240A     		lsrs	r4, r4, #8
 347 009a 120C     		lsrs	r2, r2, #16
 348 009c 1B0E     		lsrs	r3, r3, #24
 349 009e 4C70     		strb	r4, [r1, #1]
 350 00a0 8A70     		strb	r2, [r1, #2]
 351 00a2 CB70     		strb	r3, [r1, #3]
 352 00a4 E7E7     		b	.L65
 353              	.L62:
 354 00a6 0220     		movs	r0, #2
 355 00a8 03B0     		add	sp, sp, #12
ARM GAS  D:\Programs\cygwin64\tmp\ccZRpSix.s 			page 7


 356              		@ sp needed
 357 00aa 70BC     		pop	{r4, r5, r6}
 358 00ac 7047     		bx	lr
 359              	.L73:
 360 00ae 00BF     		.align	2
 361              	.L72:
 362 00b0 00000180 		.word	-2147418112
 363 00b4 00000170 		.word	1879113728
 364 00b8 00000270 		.word	1879179264
 365 00bc 10000080 		.word	-2147483632
 366 00c0 10000070 		.word	1879048208
 368              		.section	.text.HAL_NAND_Reset,"ax",%progbits
 369              		.align	1
 370              		.p2align 2,,3
 371              		.global	HAL_NAND_Reset
 372              		.syntax unified
 373              		.thumb
 374              		.thumb_func
 375              		.fpu fpv4-sp-d16
 377              	HAL_NAND_Reset:
 378              		@ args = 0, pretend = 0, frame = 0
 379              		@ frame_needed = 0, uses_anonymous_args = 0
 380              		@ link register save eliminated.
 381 0000 90F82020 		ldrb	r2, [r0, #32]	@ zero_extendqisi2
 382 0004 012A     		cmp	r2, #1
 383 0006 1BD0     		beq	.L77
 384 0008 90F82120 		ldrb	r2, [r0, #33]	@ zero_extendqisi2
 385 000c 0121     		movs	r1, #1
 386 000e 022A     		cmp	r2, #2
 387 0010 0346     		mov	r3, r0
 388 0012 80F82010 		strb	r1, [r0, #32]
 389 0016 13D0     		beq	.L77
 390 0018 30B4     		push	{r4, r5}
 391 001a 0A4A     		ldr	r2, .L87
 392 001c 4468     		ldr	r4, [r0, #4]
 393 001e 0A48     		ldr	r0, .L87+4
 394 0020 102C     		cmp	r4, #16
 395 0022 18BF     		it	ne
 396 0024 0246     		movne	r2, r0
 397 0026 0225     		movs	r5, #2
 398 0028 FF20     		movs	r0, #255
 399 002a 0024     		movs	r4, #0
 400 002c 83F82150 		strb	r5, [r3, #33]
 401 0030 1070     		strb	r0, [r2]
 402 0032 2046     		mov	r0, r4
 403 0034 83F82040 		strb	r4, [r3, #32]
 404 0038 83F82110 		strb	r1, [r3, #33]
 405 003c 30BC     		pop	{r4, r5}
 406 003e 7047     		bx	lr
 407              	.L77:
 408 0040 0220     		movs	r0, #2
 409 0042 7047     		bx	lr
 410              	.L88:
 411              		.align	2
 412              	.L87:
 413 0044 00000170 		.word	1879113728
 414 0048 00000180 		.word	-2147418112
ARM GAS  D:\Programs\cygwin64\tmp\ccZRpSix.s 			page 8


 416              		.section	.text.HAL_NAND_ConfigDevice,"ax",%progbits
 417              		.align	1
 418              		.p2align 2,,3
 419              		.global	HAL_NAND_ConfigDevice
 420              		.syntax unified
 421              		.thumb
 422              		.thumb_func
 423              		.fpu fpv4-sp-d16
 425              	HAL_NAND_ConfigDevice:
 426              		@ args = 0, pretend = 0, frame = 0
 427              		@ frame_needed = 0, uses_anonymous_args = 0
 428              		@ link register save eliminated.
 429 0000 F0B4     		push	{r4, r5, r6, r7}
 430 0002 D1E90443 		ldrd	r4, r3, [r1, #16]
 431 0006 D1E90027 		ldrd	r2, r7, [r1]
 432 000a D1E90265 		ldrd	r6, r5, [r1, #8]
 433 000e 8363     		str	r3, [r0, #56]
 434 0010 0B7E     		ldrb	r3, [r1, #24]	@ zero_extendqisi2
 435 0012 80F83C30 		strb	r3, [r0, #60]
 436 0016 C0E90927 		strd	r2, r7, [r0, #36]
 437 001a C0E90B65 		strd	r6, r5, [r0, #44]
 438 001e 4463     		str	r4, [r0, #52]
 439 0020 0020     		movs	r0, #0
 440 0022 F0BC     		pop	{r4, r5, r6, r7}
 441 0024 7047     		bx	lr
 443 0026 00BF     		.section	.text.HAL_NAND_Read_Page_8b,"ax",%progbits
 444              		.align	1
 445              		.p2align 2,,3
 446              		.global	HAL_NAND_Read_Page_8b
 447              		.syntax unified
 448              		.thumb
 449              		.thumb_func
 450              		.fpu fpv4-sp-d16
 452              	HAL_NAND_Read_Page_8b:
 453              		@ args = 0, pretend = 0, frame = 32
 454              		@ frame_needed = 0, uses_anonymous_args = 0
 455 0000 2DE9F04F 		push	{r4, r5, r6, r7, r8, r9, r10, fp, lr}
 456 0004 0546     		mov	r5, r0
 457 0006 90F82000 		ldrb	r0, [r0, #32]	@ zero_extendqisi2
 458 000a 89B0     		sub	sp, sp, #36
 459 000c 0026     		movs	r6, #0
 460 000e 0128     		cmp	r0, #1
 461 0010 0796     		str	r6, [sp, #28]
 462 0012 00F0C580 		beq	.L94
 463 0016 1446     		mov	r4, r2
 464 0018 95F82120 		ldrb	r2, [r5, #33]	@ zero_extendqisi2
 465 001c 0120     		movs	r0, #1
 466 001e 022A     		cmp	r2, #2
 467 0020 85F82000 		strb	r0, [r5, #32]
 468 0024 00F0BC80 		beq	.L94
 469 0028 6A68     		ldr	r2, [r5, #4]
 470 002a B1F804A0 		ldrh	r10, [r1, #4]
 471 002e 4888     		ldrh	r0, [r1, #2]
 472 0030 5F4F     		ldr	r7, .L124
 473 0032 0988     		ldrh	r1, [r1]
 474 0034 DFF87CE1 		ldr	lr, .L124+4
 475 0038 DFF87CC1 		ldr	ip, .L124+8
ARM GAS  D:\Programs\cygwin64\tmp\ccZRpSix.s 			page 9


 476 003c D5F82C80 		ldr	r8, [r5, #44]
 477 0040 DFF87891 		ldr	r9, .L124+12
 478 0044 102A     		cmp	r2, #16
 479 0046 AA6B     		ldr	r2, [r5, #56]
 480 0048 02FB00A0 		mla	r0, r2, r0, r10
 481 004c 4FF0020A 		mov	r10, #2
 482 0050 05BF     		ittet	eq
 483 0052 B946     		moveq	r9, r7
 484 0054 F346     		moveq	fp, lr
 485 0056 E346     		movne	fp, ip
 486 0058 4FF0E047 		moveq	r7, #1879048192
 487 005c 18BF     		it	ne
 488 005e 4FF00047 		movne	r7, #-2147483648
 489 0062 08FB0010 		mla	r0, r8, r0, r1
 490 0066 85F821A0 		strb	r10, [r5, #33]
 491 006a 002B     		cmp	r3, #0
 492 006c 4BD0     		beq	.L97
 493 006e 296B     		ldr	r1, [r5, #48]
 494 0070 01FB08F1 		mul	r1, r1, r8
 495 0074 8842     		cmp	r0, r1
 496 0076 46D2     		bcs	.L97
 497 0078 C118     		adds	r1, r0, r3
 498 007a C0F10103 		rsb	r3, r0, #1
 499 007e CDE903EC 		strd	lr, ip, [sp, #12]
 500 0082 CDE90131 		strd	r3, r1, [sp, #4]
 501 0086 8046     		mov	r8, r0
 502 0088 B246     		mov	r10, r6
 503              	.L108:
 504 008a 6E6A     		ldr	r6, [r5, #36]
 505 008c 019A     		ldr	r2, [sp, #4]
 506 008e 8BF800A0 		strb	r10, [fp]
 507 0092 6B6A     		ldr	r3, [r5, #36]
 508 0094 4244     		add	r2, r2, r8
 509 0096 06FB02F6 		mul	r6, r6, r2
 510 009a B3F5007F 		cmp	r3, #512
 511 009e EA6A     		ldr	r2, [r5, #44]
 512 00a0 2B6B     		ldr	r3, [r5, #48]
 513 00a2 5FFA88F0 		uxtb	r0, r8
 514 00a6 C8F30721 		ubfx	r1, r8, #8, #8
 515 00aa 03FB02F3 		mul	r3, r3, r2
 516 00ae 33D8     		bhi	.L98
 517 00b0 B3F5803F 		cmp	r3, #65536
 518 00b4 35D3     		bcc	.L122
 519 00b6 C8F30743 		ubfx	r3, r8, #16, #8
 520 00ba 89F800A0 		strb	r10, [r9]
 521 00be 89F80000 		strb	r0, [r9]
 522 00c2 89F80010 		strb	r1, [r9]
 523 00c6 89F80030 		strb	r3, [r9]
 524              	.L100:
 525 00ca 3023     		movs	r3, #48
 526 00cc 8BF80030 		strb	r3, [fp]
 527 00d0 95F83C30 		ldrb	r3, [r5, #60]	@ zero_extendqisi2
 528 00d4 012B     		cmp	r3, #1
 529 00d6 31D0     		beq	.L123
 530              	.L102:
 531 00d8 079B     		ldr	r3, [sp, #28]
 532 00da 9E42     		cmp	r6, r3
ARM GAS  D:\Programs\cygwin64\tmp\ccZRpSix.s 			page 10


 533 00dc 08D9     		bls	.L106
 534              	.L107:
 535 00de 079B     		ldr	r3, [sp, #28]
 536 00e0 3A78     		ldrb	r2, [r7]	@ zero_extendqisi2
 537 00e2 04F8012B 		strb	r2, [r4], #1
 538 00e6 0133     		adds	r3, r3, #1
 539 00e8 0793     		str	r3, [sp, #28]
 540 00ea 079B     		ldr	r3, [sp, #28]
 541 00ec B342     		cmp	r3, r6
 542 00ee F6D3     		bcc	.L107
 543              	.L106:
 544 00f0 029B     		ldr	r3, [sp, #8]
 545 00f2 08F10108 		add	r8, r8, #1
 546 00f6 9845     		cmp	r8, r3
 547 00f8 05D0     		beq	.L97
 548 00fa D5E90B23 		ldrd	r2, r3, [r5, #44]
 549 00fe 03FB02F3 		mul	r3, r3, r2
 550 0102 4345     		cmp	r3, r8
 551 0104 C1D8     		bhi	.L108
 552              	.L97:
 553 0106 0020     		movs	r0, #0
 554 0108 0123     		movs	r3, #1
 555 010a 85F82130 		strb	r3, [r5, #33]
 556 010e 85F82000 		strb	r0, [r5, #32]
 557 0112 09B0     		add	sp, sp, #36
 558              		@ sp needed
 559 0114 BDE8F08F 		pop	{r4, r5, r6, r7, r8, r9, r10, fp, pc}
 560              	.L98:
 561 0118 B3F5803F 		cmp	r3, #65536
 562 011c 33D2     		bcs	.L101
 563 011e 89F800A0 		strb	r10, [r9]
 564              	.L122:
 565 0122 3023     		movs	r3, #48
 566 0124 89F800A0 		strb	r10, [r9]
 567 0128 89F80000 		strb	r0, [r9]
 568 012c 89F80010 		strb	r1, [r9]
 569 0130 8BF80030 		strb	r3, [fp]
 570 0134 95F83C30 		ldrb	r3, [r5, #60]	@ zero_extendqisi2
 571 0138 012B     		cmp	r3, #1
 572 013a CDD1     		bne	.L102
 573              	.L123:
 574 013c FFF7FEFF 		bl	HAL_GetTick
 575 0140 0594     		str	r4, [sp, #20]
 576 0142 0446     		mov	r4, r0
 577 0144 05E0     		b	.L103
 578              	.L105:
 579 0146 FFF7FEFF 		bl	HAL_GetTick
 580 014a 001B     		subs	r0, r0, r4
 581 014c B0F1807F 		cmp	r0, #16777216
 582 0150 2AD8     		bhi	.L110
 583              	.L103:
 584 0152 6B68     		ldr	r3, [r5, #4]
 585 0154 102B     		cmp	r3, #16
 586 0156 DDE90332 		ldrd	r3, r2, [sp, #12]
 587 015a 0ABF     		itet	eq
 588 015c 1A46     		moveq	r2, r3
 589 015e 4FF00043 		movne	r3, #-2147483648
ARM GAS  D:\Programs\cygwin64\tmp\ccZRpSix.s 			page 11


 590 0162 4FF0E043 		moveq	r3, #1879048192
 591 0166 4FF07001 		mov	r1, #112
 592 016a 1170     		strb	r1, [r2]
 593 016c 1B78     		ldrb	r3, [r3]	@ zero_extendqisi2
 594 016e DBB2     		uxtb	r3, r3
 595 0170 13F00102 		ands	r2, r3, #1
 596 0174 E7D1     		bne	.L105
 597 0176 5B06     		lsls	r3, r3, #25
 598 0178 E5D5     		bpl	.L105
 599 017a 059C     		ldr	r4, [sp, #20]
 600 017c 8BF80020 		strb	r2, [fp]
 601              		.syntax unified
 602              	@ 879 "../Drivers/CMSIS/Include/cmsis_gcc.h" 1
 603 0180 BFF34F8F 		dsb 0xF
 604              	@ 0 "" 2
 605              		.thumb
 606              		.syntax unified
 607 0184 A8E7     		b	.L102
 608              	.L101:
 609 0186 C8F30743 		ubfx	r3, r8, #16, #8
 610 018a 89F800A0 		strb	r10, [r9]
 611 018e 89F800A0 		strb	r10, [r9]
 612 0192 89F80000 		strb	r0, [r9]
 613 0196 89F80010 		strb	r1, [r9]
 614 019a 89F80030 		strb	r3, [r9]
 615 019e 94E7     		b	.L100
 616              	.L94:
 617 01a0 0220     		movs	r0, #2
 618 01a2 09B0     		add	sp, sp, #36
 619              		@ sp needed
 620 01a4 BDE8F08F 		pop	{r4, r5, r6, r7, r8, r9, r10, fp, pc}
 621              	.L110:
 622 01a8 0320     		movs	r0, #3
 623 01aa 09B0     		add	sp, sp, #36
 624              		@ sp needed
 625 01ac BDE8F08F 		pop	{r4, r5, r6, r7, r8, r9, r10, fp, pc}
 626              	.L125:
 627              		.align	2
 628              	.L124:
 629 01b0 00000270 		.word	1879179264
 630 01b4 00000170 		.word	1879113728
 631 01b8 00000180 		.word	-2147418112
 632 01bc 00000280 		.word	-2147352576
 634              		.section	.text.HAL_NAND_Read_Page_16b,"ax",%progbits
 635              		.align	1
 636              		.p2align 2,,3
 637              		.global	HAL_NAND_Read_Page_16b
 638              		.syntax unified
 639              		.thumb
 640              		.thumb_func
 641              		.fpu fpv4-sp-d16
 643              	HAL_NAND_Read_Page_16b:
 644              		@ args = 0, pretend = 0, frame = 32
 645              		@ frame_needed = 0, uses_anonymous_args = 0
 646 0000 2DE9F04F 		push	{r4, r5, r6, r7, r8, r9, r10, fp, lr}
 647 0004 0546     		mov	r5, r0
 648 0006 90F82000 		ldrb	r0, [r0, #32]	@ zero_extendqisi2
ARM GAS  D:\Programs\cygwin64\tmp\ccZRpSix.s 			page 12


 649 000a 89B0     		sub	sp, sp, #36
 650 000c 0026     		movs	r6, #0
 651 000e 0128     		cmp	r0, #1
 652 0010 0796     		str	r6, [sp, #28]
 653 0012 00F0C580 		beq	.L129
 654 0016 1446     		mov	r4, r2
 655 0018 95F82120 		ldrb	r2, [r5, #33]	@ zero_extendqisi2
 656 001c 0120     		movs	r0, #1
 657 001e 022A     		cmp	r2, #2
 658 0020 85F82000 		strb	r0, [r5, #32]
 659 0024 00F0BC80 		beq	.L129
 660 0028 6A68     		ldr	r2, [r5, #4]
 661 002a B1F804A0 		ldrh	r10, [r1, #4]
 662 002e 4888     		ldrh	r0, [r1, #2]
 663 0030 5F4F     		ldr	r7, .L159
 664 0032 0988     		ldrh	r1, [r1]
 665 0034 DFF87CE1 		ldr	lr, .L159+4
 666 0038 DFF87CC1 		ldr	ip, .L159+8
 667 003c D5F82C80 		ldr	r8, [r5, #44]
 668 0040 DFF87891 		ldr	r9, .L159+12
 669 0044 102A     		cmp	r2, #16
 670 0046 AA6B     		ldr	r2, [r5, #56]
 671 0048 02FB00A0 		mla	r0, r2, r0, r10
 672 004c 4FF0020A 		mov	r10, #2
 673 0050 05BF     		ittet	eq
 674 0052 B946     		moveq	r9, r7
 675 0054 F346     		moveq	fp, lr
 676 0056 E346     		movne	fp, ip
 677 0058 4FF0E047 		moveq	r7, #1879048192
 678 005c 18BF     		it	ne
 679 005e 4FF00047 		movne	r7, #-2147483648
 680 0062 08FB0010 		mla	r0, r8, r0, r1
 681 0066 85F821A0 		strb	r10, [r5, #33]
 682 006a 002B     		cmp	r3, #0
 683 006c 4DD0     		beq	.L132
 684 006e 296B     		ldr	r1, [r5, #48]
 685 0070 01FB08F1 		mul	r1, r1, r8
 686 0074 8842     		cmp	r0, r1
 687 0076 48D2     		bcs	.L132
 688 0078 C118     		adds	r1, r0, r3
 689 007a C0F10103 		rsb	r3, r0, #1
 690 007e CDE903EC 		strd	lr, ip, [sp, #12]
 691 0082 CDE90131 		strd	r3, r1, [sp, #4]
 692 0086 8046     		mov	r8, r0
 693 0088 B246     		mov	r10, r6
 694              	.L143:
 695 008a 019B     		ldr	r3, [sp, #4]
 696 008c 6E6A     		ldr	r6, [r5, #36]
 697 008e 8BF800A0 		strb	r10, [fp]
 698 0092 4344     		add	r3, r3, r8
 699 0094 06FB03F6 		mul	r6, r6, r3
 700              		.syntax unified
 701              	@ 879 "../Drivers/CMSIS/Include/cmsis_gcc.h" 1
 702 0098 BFF34F8F 		dsb 0xF
 703              	@ 0 "" 2
 704              		.thumb
 705              		.syntax unified
ARM GAS  D:\Programs\cygwin64\tmp\ccZRpSix.s 			page 13


 706 009c 6B6A     		ldr	r3, [r5, #36]
 707 009e EA6A     		ldr	r2, [r5, #44]
 708 00a0 B3F5007F 		cmp	r3, #512
 709 00a4 2B6B     		ldr	r3, [r5, #48]
 710 00a6 5FFA88F0 		uxtb	r0, r8
 711 00aa C8F30721 		ubfx	r1, r8, #8, #8
 712 00ae 03FB02F3 		mul	r3, r3, r2
 713 00b2 33D8     		bhi	.L133
 714 00b4 B3F5803F 		cmp	r3, #65536
 715 00b8 35D3     		bcc	.L157
 716 00ba C8F30743 		ubfx	r3, r8, #16, #8
 717 00be 89F800A0 		strb	r10, [r9]
 718 00c2 89F80000 		strb	r0, [r9]
 719 00c6 89F80010 		strb	r1, [r9]
 720 00ca 89F80030 		strb	r3, [r9]
 721              	.L135:
 722 00ce 3023     		movs	r3, #48
 723 00d0 8BF80030 		strb	r3, [fp]
 724 00d4 95F83C30 		ldrb	r3, [r5, #60]	@ zero_extendqisi2
 725 00d8 012B     		cmp	r3, #1
 726 00da 31D0     		beq	.L158
 727              	.L137:
 728 00dc 079B     		ldr	r3, [sp, #28]
 729 00de 9E42     		cmp	r6, r3
 730 00e0 08D9     		bls	.L141
 731              	.L142:
 732 00e2 079B     		ldr	r3, [sp, #28]
 733 00e4 3A88     		ldrh	r2, [r7]
 734 00e6 24F8022B 		strh	r2, [r4], #2	@ movhi
 735 00ea 0133     		adds	r3, r3, #1
 736 00ec 0793     		str	r3, [sp, #28]
 737 00ee 079B     		ldr	r3, [sp, #28]
 738 00f0 B342     		cmp	r3, r6
 739 00f2 F6D3     		bcc	.L142
 740              	.L141:
 741 00f4 029B     		ldr	r3, [sp, #8]
 742 00f6 08F10108 		add	r8, r8, #1
 743 00fa 9845     		cmp	r8, r3
 744 00fc 05D0     		beq	.L132
 745 00fe D5E90B23 		ldrd	r2, r3, [r5, #44]
 746 0102 03FB02F3 		mul	r3, r3, r2
 747 0106 4345     		cmp	r3, r8
 748 0108 BFD8     		bhi	.L143
 749              	.L132:
 750 010a 0020     		movs	r0, #0
 751 010c 0123     		movs	r3, #1
 752 010e 85F82130 		strb	r3, [r5, #33]
 753 0112 85F82000 		strb	r0, [r5, #32]
 754 0116 09B0     		add	sp, sp, #36
 755              		@ sp needed
 756 0118 BDE8F08F 		pop	{r4, r5, r6, r7, r8, r9, r10, fp, pc}
 757              	.L133:
 758 011c B3F5803F 		cmp	r3, #65536
 759 0120 31D2     		bcs	.L136
 760 0122 89F800A0 		strb	r10, [r9]
 761              	.L157:
 762 0126 3023     		movs	r3, #48
ARM GAS  D:\Programs\cygwin64\tmp\ccZRpSix.s 			page 14


 763 0128 89F800A0 		strb	r10, [r9]
 764 012c 89F80000 		strb	r0, [r9]
 765 0130 89F80010 		strb	r1, [r9]
 766 0134 8BF80030 		strb	r3, [fp]
 767 0138 95F83C30 		ldrb	r3, [r5, #60]	@ zero_extendqisi2
 768 013c 012B     		cmp	r3, #1
 769 013e CDD1     		bne	.L137
 770              	.L158:
 771 0140 FFF7FEFF 		bl	HAL_GetTick
 772 0144 0594     		str	r4, [sp, #20]
 773 0146 0446     		mov	r4, r0
 774 0148 05E0     		b	.L138
 775              	.L140:
 776 014a FFF7FEFF 		bl	HAL_GetTick
 777 014e 001B     		subs	r0, r0, r4
 778 0150 B0F1807F 		cmp	r0, #16777216
 779 0154 28D8     		bhi	.L145
 780              	.L138:
 781 0156 6B68     		ldr	r3, [r5, #4]
 782 0158 102B     		cmp	r3, #16
 783 015a DDE90332 		ldrd	r3, r2, [sp, #12]
 784 015e 0ABF     		itet	eq
 785 0160 1A46     		moveq	r2, r3
 786 0162 4FF00043 		movne	r3, #-2147483648
 787 0166 4FF0E043 		moveq	r3, #1879048192
 788 016a 4FF07001 		mov	r1, #112
 789 016e 1170     		strb	r1, [r2]
 790 0170 1B78     		ldrb	r3, [r3]	@ zero_extendqisi2
 791 0172 DBB2     		uxtb	r3, r3
 792 0174 13F00102 		ands	r2, r3, #1
 793 0178 E7D1     		bne	.L140
 794 017a 5B06     		lsls	r3, r3, #25
 795 017c E5D5     		bpl	.L140
 796 017e 059C     		ldr	r4, [sp, #20]
 797 0180 8BF80020 		strb	r2, [fp]
 798 0184 AAE7     		b	.L137
 799              	.L136:
 800 0186 C8F30743 		ubfx	r3, r8, #16, #8
 801 018a 89F800A0 		strb	r10, [r9]
 802 018e 89F800A0 		strb	r10, [r9]
 803 0192 89F80000 		strb	r0, [r9]
 804 0196 89F80010 		strb	r1, [r9]
 805 019a 89F80030 		strb	r3, [r9]
 806 019e 96E7     		b	.L135
 807              	.L129:
 808 01a0 0220     		movs	r0, #2
 809 01a2 09B0     		add	sp, sp, #36
 810              		@ sp needed
 811 01a4 BDE8F08F 		pop	{r4, r5, r6, r7, r8, r9, r10, fp, pc}
 812              	.L145:
 813 01a8 0320     		movs	r0, #3
 814 01aa 09B0     		add	sp, sp, #36
 815              		@ sp needed
 816 01ac BDE8F08F 		pop	{r4, r5, r6, r7, r8, r9, r10, fp, pc}
 817              	.L160:
 818              		.align	2
 819              	.L159:
ARM GAS  D:\Programs\cygwin64\tmp\ccZRpSix.s 			page 15


 820 01b0 00000270 		.word	1879179264
 821 01b4 00000170 		.word	1879113728
 822 01b8 00000180 		.word	-2147418112
 823 01bc 00000280 		.word	-2147352576
 825              		.section	.text.HAL_NAND_Write_Page_8b,"ax",%progbits
 826              		.align	1
 827              		.p2align 2,,3
 828              		.global	HAL_NAND_Write_Page_8b
 829              		.syntax unified
 830              		.thumb
 831              		.thumb_func
 832              		.fpu fpv4-sp-d16
 834              	HAL_NAND_Write_Page_8b:
 835              		@ args = 0, pretend = 0, frame = 32
 836              		@ frame_needed = 0, uses_anonymous_args = 0
 837 0000 2DE9F04F 		push	{r4, r5, r6, r7, r8, r9, r10, fp, lr}
 838 0004 0546     		mov	r5, r0
 839 0006 90F82000 		ldrb	r0, [r0, #32]	@ zero_extendqisi2
 840 000a 89B0     		sub	sp, sp, #36
 841 000c 4FF0000C 		mov	ip, #0
 842 0010 0128     		cmp	r0, #1
 843 0012 CDF81CC0 		str	ip, [sp, #28]
 844 0016 00F0C580 		beq	.L164
 845 001a 1446     		mov	r4, r2
 846 001c 95F82120 		ldrb	r2, [r5, #33]	@ zero_extendqisi2
 847 0020 0120     		movs	r0, #1
 848 0022 022A     		cmp	r2, #2
 849 0024 85F82000 		strb	r0, [r5, #32]
 850 0028 00F0BC80 		beq	.L164
 851 002c 6A68     		ldr	r2, [r5, #4]
 852 002e DFF88491 		ldr	r9, .L191+8
 853 0032 DFF884B1 		ldr	fp, .L191+12
 854 0036 4E88     		ldrh	r6, [r1, #2]
 855 0038 B1F804A0 		ldrh	r10, [r1, #4]
 856 003c AF6B     		ldr	r7, [r5, #56]
 857 003e 5B48     		ldr	r0, .L191
 858 0040 0988     		ldrh	r1, [r1]
 859 0042 D5F82CE0 		ldr	lr, [r5, #44]
 860 0046 102A     		cmp	r2, #16
 861 0048 0CBF     		ite	eq
 862 004a 4A46     		moveq	r2, r9
 863 004c 5A46     		movne	r2, fp
 864 004e 07FB06A6 		mla	r6, r7, r6, r10
 865 0052 0392     		str	r2, [sp, #12]
 866 0054 4FF00207 		mov	r7, #2
 867 0058 554A     		ldr	r2, .L191+4
 868 005a 85F82170 		strb	r7, [r5, #33]
 869 005e 08BF     		it	eq
 870 0060 0246     		moveq	r2, r0
 871 0062 0192     		str	r2, [sp, #4]
 872 0064 0CBF     		ite	eq
 873 0066 4FF0E048 		moveq	r8, #1879048192
 874 006a 4FF00048 		movne	r8, #-2147483648
 875 006e 0EFB0616 		mla	r6, lr, r6, r1
 876 0072 002B     		cmp	r3, #0
 877 0074 68D0     		beq	.L167
 878 0076 296B     		ldr	r1, [r5, #48]
ARM GAS  D:\Programs\cygwin64\tmp\ccZRpSix.s 			page 16


 879 0078 01FB0EF1 		mul	r1, r1, lr
 880 007c 8E42     		cmp	r6, r1
 881 007e 63D2     		bcs	.L167
 882 0080 F318     		adds	r3, r6, r3
 883 0082 B146     		mov	r9, r6
 884 0084 0593     		str	r3, [sp, #20]
 885 0086 4A4E     		ldr	r6, .L191+4
 886 0088 CDF808C0 		str	ip, [sp, #8]
 887 008c C9F10103 		rsb	r3, r9, #1
 888 0090 0746     		mov	r7, r0
 889 0092 0493     		str	r3, [sp, #16]
 890              	.L177:
 891 0094 DDE90131 		ldrd	r3, r1, [sp, #4]
 892 0098 8022     		movs	r2, #128
 893 009a 686A     		ldr	r0, [r5, #36]
 894 009c 1970     		strb	r1, [r3]
 895 009e 1A70     		strb	r2, [r3]
 896 00a0 049B     		ldr	r3, [sp, #16]
 897 00a2 6A6A     		ldr	r2, [r5, #36]
 898 00a4 03EB0901 		add	r1, r3, r9
 899 00a8 00FB01F0 		mul	r0, r0, r1
 900 00ac B2F5007F 		cmp	r2, #512
 901 00b0 E96A     		ldr	r1, [r5, #44]
 902 00b2 2A6B     		ldr	r2, [r5, #48]
 903 00b4 5FFA89FC 		uxtb	ip, r9
 904 00b8 C9F3072E 		ubfx	lr, r9, #8, #8
 905 00bc 02FB01F2 		mul	r2, r2, r1
 906 00c0 4BD8     		bhi	.L168
 907 00c2 B2F5803F 		cmp	r2, #65536
 908 00c6 54D2     		bcs	.L169
 909 00c8 039B     		ldr	r3, [sp, #12]
 910 00ca 0299     		ldr	r1, [sp, #8]
 911 00cc 1970     		strb	r1, [r3]
 912 00ce 83F800C0 		strb	ip, [r3]
 913 00d2 83F800E0 		strb	lr, [r3]
 914              	.L170:
 915 00d6 079A     		ldr	r2, [sp, #28]
 916 00d8 9042     		cmp	r0, r2
 917 00da 09D9     		bls	.L172
 918              	.L173:
 919 00dc 14F8013B 		ldrb	r3, [r4], #1	@ zero_extendqisi2
 920 00e0 88F80030 		strb	r3, [r8]
 921 00e4 079B     		ldr	r3, [sp, #28]
 922 00e6 0133     		adds	r3, r3, #1
 923 00e8 0793     		str	r3, [sp, #28]
 924 00ea 079B     		ldr	r3, [sp, #28]
 925 00ec 8342     		cmp	r3, r0
 926 00ee F5D3     		bcc	.L173
 927              	.L172:
 928 00f0 019B     		ldr	r3, [sp, #4]
 929 00f2 1022     		movs	r2, #16
 930 00f4 1A70     		strb	r2, [r3]
 931 00f6 4FF0700A 		mov	r10, #112
 932 00fa 09E0     		b	.L174
 933              	.L176:
 934 00fc FFF7FEFF 		bl	HAL_GetTick
 935 0100 8346     		mov	fp, r0
ARM GAS  D:\Programs\cygwin64\tmp\ccZRpSix.s 			page 17


 936 0102 FFF7FEFF 		bl	HAL_GetTick
 937 0106 A0EB0B00 		sub	r0, r0, fp
 938 010a B0F1807F 		cmp	r0, #16777216
 939 010e 45D8     		bhi	.L179
 940              	.L174:
 941 0110 6B68     		ldr	r3, [r5, #4]
 942 0112 102B     		cmp	r3, #16
 943 0114 0BBF     		itete	eq
 944 0116 3A46     		moveq	r2, r7
 945 0118 3246     		movne	r2, r6
 946 011a 4FF0E043 		moveq	r3, #1879048192
 947 011e 4FF00043 		movne	r3, #-2147483648
 948 0122 82F800A0 		strb	r10, [r2]
 949 0126 1B78     		ldrb	r3, [r3]	@ zero_extendqisi2
 950 0128 DBB2     		uxtb	r3, r3
 951 012a DA07     		lsls	r2, r3, #31
 952 012c E6D4     		bmi	.L176
 953 012e 5B06     		lsls	r3, r3, #25
 954 0130 E4D5     		bpl	.L176
 955 0132 059B     		ldr	r3, [sp, #20]
 956 0134 09F10109 		add	r9, r9, #1
 957 0138 9945     		cmp	r9, r3
 958 013a 05D0     		beq	.L167
 959 013c D5E90B12 		ldrd	r1, r2, [r5, #44]
 960 0140 02FB01F2 		mul	r2, r2, r1
 961 0144 4A45     		cmp	r2, r9
 962 0146 A5D8     		bhi	.L177
 963              	.L167:
 964 0148 0020     		movs	r0, #0
 965 014a 0123     		movs	r3, #1
 966 014c 85F82130 		strb	r3, [r5, #33]
 967 0150 85F82000 		strb	r0, [r5, #32]
 968 0154 09B0     		add	sp, sp, #36
 969              		@ sp needed
 970 0156 BDE8F08F 		pop	{r4, r5, r6, r7, r8, r9, r10, fp, pc}
 971              	.L168:
 972 015a 039B     		ldr	r3, [sp, #12]
 973 015c 0299     		ldr	r1, [sp, #8]
 974 015e 1970     		strb	r1, [r3]
 975 0160 B2F5803F 		cmp	r2, #65536
 976 0164 1970     		strb	r1, [r3]
 977 0166 83F800C0 		strb	ip, [r3]
 978 016a 0DD2     		bcs	.L171
 979 016c 83F800E0 		strb	lr, [r3]
 980 0170 B1E7     		b	.L170
 981              	.L169:
 982 0172 DDE90213 		ldrd	r1, r3, [sp, #8]
 983 0176 C9F30742 		ubfx	r2, r9, #16, #8
 984 017a 1970     		strb	r1, [r3]
 985 017c 83F800C0 		strb	ip, [r3]
 986 0180 83F800E0 		strb	lr, [r3]
 987 0184 1A70     		strb	r2, [r3]
 988 0186 A6E7     		b	.L170
 989              	.L171:
 990 0188 83F800E0 		strb	lr, [r3]
 991              		.syntax unified
 992              	@ 879 "../Drivers/CMSIS/Include/cmsis_gcc.h" 1
ARM GAS  D:\Programs\cygwin64\tmp\ccZRpSix.s 			page 18


 993 018c BFF34F8F 		dsb 0xF
 994              	@ 0 "" 2
 995              		.thumb
 996              		.syntax unified
 997 0190 C9F30742 		ubfx	r2, r9, #16, #8
 998 0194 1A70     		strb	r2, [r3]
 999              		.syntax unified
 1000              	@ 879 "../Drivers/CMSIS/Include/cmsis_gcc.h" 1
 1001 0196 BFF34F8F 		dsb 0xF
 1002              	@ 0 "" 2
 1003              		.thumb
 1004              		.syntax unified
 1005 019a 9CE7     		b	.L170
 1006              	.L179:
 1007 019c 0320     		movs	r0, #3
 1008 019e 09B0     		add	sp, sp, #36
 1009              		@ sp needed
 1010 01a0 BDE8F08F 		pop	{r4, r5, r6, r7, r8, r9, r10, fp, pc}
 1011              	.L164:
 1012 01a4 0220     		movs	r0, #2
 1013 01a6 09B0     		add	sp, sp, #36
 1014              		@ sp needed
 1015 01a8 BDE8F08F 		pop	{r4, r5, r6, r7, r8, r9, r10, fp, pc}
 1016              	.L192:
 1017              		.align	2
 1018              	.L191:
 1019 01ac 00000170 		.word	1879113728
 1020 01b0 00000180 		.word	-2147418112
 1021 01b4 00000270 		.word	1879179264
 1022 01b8 00000280 		.word	-2147352576
 1024              		.section	.text.HAL_NAND_Write_Page_16b,"ax",%progbits
 1025              		.align	1
 1026              		.p2align 2,,3
 1027              		.global	HAL_NAND_Write_Page_16b
 1028              		.syntax unified
 1029              		.thumb
 1030              		.thumb_func
 1031              		.fpu fpv4-sp-d16
 1033              	HAL_NAND_Write_Page_16b:
 1034              		@ args = 0, pretend = 0, frame = 32
 1035              		@ frame_needed = 0, uses_anonymous_args = 0
 1036 0000 2DE9F04F 		push	{r4, r5, r6, r7, r8, r9, r10, fp, lr}
 1037 0004 0546     		mov	r5, r0
 1038 0006 90F82000 		ldrb	r0, [r0, #32]	@ zero_extendqisi2
 1039 000a 89B0     		sub	sp, sp, #36
 1040 000c 4FF0000C 		mov	ip, #0
 1041 0010 0128     		cmp	r0, #1
 1042 0012 CDF81CC0 		str	ip, [sp, #28]
 1043 0016 00F0C480 		beq	.L196
 1044 001a 1446     		mov	r4, r2
 1045 001c 95F82120 		ldrb	r2, [r5, #33]	@ zero_extendqisi2
 1046 0020 0120     		movs	r0, #1
 1047 0022 022A     		cmp	r2, #2
 1048 0024 85F82000 		strb	r0, [r5, #32]
 1049 0028 00F0BB80 		beq	.L196
 1050 002c 6A68     		ldr	r2, [r5, #4]
 1051 002e DFF88491 		ldr	r9, .L224+8
ARM GAS  D:\Programs\cygwin64\tmp\ccZRpSix.s 			page 19


 1052 0032 DFF884B1 		ldr	fp, .L224+12
 1053 0036 4E88     		ldrh	r6, [r1, #2]
 1054 0038 B1F804A0 		ldrh	r10, [r1, #4]
 1055 003c AF6B     		ldr	r7, [r5, #56]
 1056 003e 5B48     		ldr	r0, .L224
 1057 0040 0988     		ldrh	r1, [r1]
 1058 0042 D5F82CE0 		ldr	lr, [r5, #44]
 1059 0046 102A     		cmp	r2, #16
 1060 0048 0CBF     		ite	eq
 1061 004a 4A46     		moveq	r2, r9
 1062 004c 5A46     		movne	r2, fp
 1063 004e 07FB06A6 		mla	r6, r7, r6, r10
 1064 0052 0392     		str	r2, [sp, #12]
 1065 0054 4FF00207 		mov	r7, #2
 1066 0058 554A     		ldr	r2, .L224+4
 1067 005a 85F82170 		strb	r7, [r5, #33]
 1068 005e 08BF     		it	eq
 1069 0060 0246     		moveq	r2, r0
 1070 0062 0292     		str	r2, [sp, #8]
 1071 0064 0CBF     		ite	eq
 1072 0066 4FF0E048 		moveq	r8, #1879048192
 1073 006a 4FF00048 		movne	r8, #-2147483648
 1074 006e 0EFB0616 		mla	r6, lr, r6, r1
 1075 0072 002B     		cmp	r3, #0
 1076 0074 6BD0     		beq	.L199
 1077 0076 296B     		ldr	r1, [r5, #48]
 1078 0078 01FB0EF1 		mul	r1, r1, lr
 1079 007c 8E42     		cmp	r6, r1
 1080 007e 66D2     		bcs	.L199
 1081 0080 F318     		adds	r3, r6, r3
 1082 0082 B146     		mov	r9, r6
 1083 0084 0593     		str	r3, [sp, #20]
 1084 0086 4A4E     		ldr	r6, .L224+4
 1085 0088 CDF804C0 		str	ip, [sp, #4]
 1086 008c C9F10103 		rsb	r3, r9, #1
 1087 0090 0746     		mov	r7, r0
 1088 0092 0493     		str	r3, [sp, #16]
 1089              	.L209:
 1090 0094 049A     		ldr	r2, [sp, #16]
 1091 0096 686A     		ldr	r0, [r5, #36]
 1092 0098 029B     		ldr	r3, [sp, #8]
 1093 009a 0199     		ldr	r1, [sp, #4]
 1094 009c 1970     		strb	r1, [r3]
 1095 009e 4A44     		add	r2, r2, r9
 1096 00a0 00FB02F0 		mul	r0, r0, r2
 1097              		.syntax unified
 1098              	@ 879 "../Drivers/CMSIS/Include/cmsis_gcc.h" 1
 1099 00a4 BFF34F8F 		dsb 0xF
 1100              	@ 0 "" 2
 1101              		.thumb
 1102              		.syntax unified
 1103 00a8 8022     		movs	r2, #128
 1104 00aa 1A70     		strb	r2, [r3]
 1105              		.syntax unified
 1106              	@ 879 "../Drivers/CMSIS/Include/cmsis_gcc.h" 1
 1107 00ac BFF34F8F 		dsb 0xF
 1108              	@ 0 "" 2
ARM GAS  D:\Programs\cygwin64\tmp\ccZRpSix.s 			page 20


 1109              		.thumb
 1110              		.syntax unified
 1111 00b0 6A6A     		ldr	r2, [r5, #36]
 1112 00b2 E96A     		ldr	r1, [r5, #44]
 1113 00b4 B2F5007F 		cmp	r2, #512
 1114 00b8 2A6B     		ldr	r2, [r5, #48]
 1115 00ba 5FFA89FC 		uxtb	ip, r9
 1116 00be C9F3072E 		ubfx	lr, r9, #8, #8
 1117 00c2 02FB01F2 		mul	r2, r2, r1
 1118 00c6 4BD8     		bhi	.L200
 1119 00c8 B2F5803F 		cmp	r2, #65536
 1120 00cc 54D2     		bcs	.L201
 1121 00ce 039B     		ldr	r3, [sp, #12]
 1122 00d0 0199     		ldr	r1, [sp, #4]
 1123 00d2 1970     		strb	r1, [r3]
 1124 00d4 83F800C0 		strb	ip, [r3]
 1125 00d8 83F800E0 		strb	lr, [r3]
 1126              	.L202:
 1127 00dc 079A     		ldr	r2, [sp, #28]
 1128 00de 9042     		cmp	r0, r2
 1129 00e0 09D9     		bls	.L204
 1130              	.L205:
 1131 00e2 34F8023B 		ldrh	r3, [r4], #2
 1132 00e6 A8F80030 		strh	r3, [r8]	@ movhi
 1133 00ea 079B     		ldr	r3, [sp, #28]
 1134 00ec 0133     		adds	r3, r3, #1
 1135 00ee 0793     		str	r3, [sp, #28]
 1136 00f0 079B     		ldr	r3, [sp, #28]
 1137 00f2 8342     		cmp	r3, r0
 1138 00f4 F5D3     		bcc	.L205
 1139              	.L204:
 1140 00f6 029B     		ldr	r3, [sp, #8]
 1141 00f8 1022     		movs	r2, #16
 1142 00fa 1A70     		strb	r2, [r3]
 1143 00fc 4FF0700A 		mov	r10, #112
 1144 0100 09E0     		b	.L206
 1145              	.L208:
 1146 0102 FFF7FEFF 		bl	HAL_GetTick
 1147 0106 8346     		mov	fp, r0
 1148 0108 FFF7FEFF 		bl	HAL_GetTick
 1149 010c A0EB0B00 		sub	r0, r0, fp
 1150 0110 B0F1807F 		cmp	r0, #16777216
 1151 0114 41D8     		bhi	.L211
 1152              	.L206:
 1153 0116 6B68     		ldr	r3, [r5, #4]
 1154 0118 102B     		cmp	r3, #16
 1155 011a 0BBF     		itete	eq
 1156 011c 3A46     		moveq	r2, r7
 1157 011e 3246     		movne	r2, r6
 1158 0120 4FF0E043 		moveq	r3, #1879048192
 1159 0124 4FF00043 		movne	r3, #-2147483648
 1160 0128 82F800A0 		strb	r10, [r2]
 1161 012c 1B78     		ldrb	r3, [r3]	@ zero_extendqisi2
 1162 012e DBB2     		uxtb	r3, r3
 1163 0130 DA07     		lsls	r2, r3, #31
 1164 0132 E6D4     		bmi	.L208
 1165 0134 5B06     		lsls	r3, r3, #25
ARM GAS  D:\Programs\cygwin64\tmp\ccZRpSix.s 			page 21


 1166 0136 E4D5     		bpl	.L208
 1167 0138 059B     		ldr	r3, [sp, #20]
 1168 013a 09F10109 		add	r9, r9, #1
 1169 013e 9945     		cmp	r9, r3
 1170 0140 05D0     		beq	.L199
 1171 0142 D5E90B12 		ldrd	r1, r2, [r5, #44]
 1172 0146 02FB01F2 		mul	r2, r2, r1
 1173 014a 4A45     		cmp	r2, r9
 1174 014c A2D8     		bhi	.L209
 1175              	.L199:
 1176 014e 0020     		movs	r0, #0
 1177 0150 0123     		movs	r3, #1
 1178 0152 85F82130 		strb	r3, [r5, #33]
 1179 0156 85F82000 		strb	r0, [r5, #32]
 1180 015a 09B0     		add	sp, sp, #36
 1181              		@ sp needed
 1182 015c BDE8F08F 		pop	{r4, r5, r6, r7, r8, r9, r10, fp, pc}
 1183              	.L200:
 1184 0160 B2F5803F 		cmp	r2, #65536
 1185 0164 13D2     		bcs	.L203
 1186 0166 039B     		ldr	r3, [sp, #12]
 1187 0168 0199     		ldr	r1, [sp, #4]
 1188 016a 1970     		strb	r1, [r3]
 1189 016c 1970     		strb	r1, [r3]
 1190 016e 83F800C0 		strb	ip, [r3]
 1191 0172 83F800E0 		strb	lr, [r3]
 1192 0176 B1E7     		b	.L202
 1193              	.L201:
 1194 0178 039B     		ldr	r3, [sp, #12]
 1195 017a C9F30742 		ubfx	r2, r9, #16, #8
 1196              	.L223:
 1197 017e 0199     		ldr	r1, [sp, #4]
 1198 0180 1970     		strb	r1, [r3]
 1199 0182 83F800C0 		strb	ip, [r3]
 1200 0186 83F800E0 		strb	lr, [r3]
 1201 018a 1A70     		strb	r2, [r3]
 1202 018c A6E7     		b	.L202
 1203              	.L203:
 1204 018e 039B     		ldr	r3, [sp, #12]
 1205 0190 0199     		ldr	r1, [sp, #4]
 1206 0192 1970     		strb	r1, [r3]
 1207 0194 C9F30742 		ubfx	r2, r9, #16, #8
 1208 0198 F1E7     		b	.L223
 1209              	.L211:
 1210 019a 0320     		movs	r0, #3
 1211 019c 09B0     		add	sp, sp, #36
 1212              		@ sp needed
 1213 019e BDE8F08F 		pop	{r4, r5, r6, r7, r8, r9, r10, fp, pc}
 1214              	.L196:
 1215 01a2 0220     		movs	r0, #2
 1216 01a4 09B0     		add	sp, sp, #36
 1217              		@ sp needed
 1218 01a6 BDE8F08F 		pop	{r4, r5, r6, r7, r8, r9, r10, fp, pc}
 1219              	.L225:
 1220 01aa 00BF     		.align	2
 1221              	.L224:
 1222 01ac 00000170 		.word	1879113728
ARM GAS  D:\Programs\cygwin64\tmp\ccZRpSix.s 			page 22


 1223 01b0 00000180 		.word	-2147418112
 1224 01b4 00000270 		.word	1879179264
 1225 01b8 00000280 		.word	-2147352576
 1227              		.section	.text.HAL_NAND_Read_SpareArea_8b,"ax",%progbits
 1228              		.align	1
 1229              		.p2align 2,,3
 1230              		.global	HAL_NAND_Read_SpareArea_8b
 1231              		.syntax unified
 1232              		.thumb
 1233              		.thumb_func
 1234              		.fpu fpv4-sp-d16
 1236              	HAL_NAND_Read_SpareArea_8b:
 1237              		@ args = 0, pretend = 0, frame = 40
 1238              		@ frame_needed = 0, uses_anonymous_args = 0
 1239 0000 2DE9F04F 		push	{r4, r5, r6, r7, r8, r9, r10, fp, lr}
 1240 0004 0546     		mov	r5, r0
 1241 0006 90F82000 		ldrb	r0, [r0, #32]	@ zero_extendqisi2
 1242 000a 8BB0     		sub	sp, sp, #44
 1243 000c 0026     		movs	r6, #0
 1244 000e 0128     		cmp	r0, #1
 1245 0010 0996     		str	r6, [sp, #36]
 1246 0012 00F0DE80 		beq	.L229
 1247 0016 1446     		mov	r4, r2
 1248 0018 95F82120 		ldrb	r2, [r5, #33]	@ zero_extendqisi2
 1249 001c 0120     		movs	r0, #1
 1250 001e 022A     		cmp	r2, #2
 1251 0020 85F82000 		strb	r0, [r5, #32]
 1252 0024 00F0D580 		beq	.L229
 1253 0028 6A68     		ldr	r2, [r5, #4]
 1254 002a B1F804A0 		ldrh	r10, [r1, #4]
 1255 002e 4888     		ldrh	r0, [r1, #2]
 1256 0030 6C4F     		ldr	r7, .L260
 1257 0032 0988     		ldrh	r1, [r1]
 1258 0034 DFF8B0E1 		ldr	lr, .L260+4
 1259 0038 DFF8B0C1 		ldr	ip, .L260+8
 1260 003c D5F82C80 		ldr	r8, [r5, #44]
 1261 0040 DFF8AC91 		ldr	r9, .L260+12
 1262 0044 102A     		cmp	r2, #16
 1263 0046 AA6B     		ldr	r2, [r5, #56]
 1264 0048 4FF0020B 		mov	fp, #2
 1265 004c 02FB00A0 		mla	r0, r2, r0, r10
 1266 0050 6A6A     		ldr	r2, [r5, #36]
 1267 0052 85F821B0 		strb	fp, [r5, #33]
 1268 0056 05BF     		ittet	eq
 1269 0058 B946     		moveq	r9, r7
 1270 005a F246     		moveq	r10, lr
 1271 005c E246     		movne	r10, ip
 1272 005e 4FF0E047 		moveq	r7, #1879048192
 1273 0062 18BF     		it	ne
 1274 0064 4FF00047 		movne	r7, #-2147483648
 1275 0068 08FB0010 		mla	r0, r8, r0, r1
 1276 006c 0392     		str	r2, [sp, #12]
 1277 006e 002B     		cmp	r3, #0
 1278 0070 00F0A680 		beq	.L231
 1279 0074 296B     		ldr	r1, [r5, #48]
 1280 0076 01FB08F1 		mul	r1, r1, r8
 1281 007a 8842     		cmp	r0, r1
ARM GAS  D:\Programs\cygwin64\tmp\ccZRpSix.s 			page 23


 1282 007c 80F0A080 		bcs	.L231
 1283 0080 C118     		adds	r1, r0, r3
 1284 0082 CDE905EC 		strd	lr, ip, [sp, #20]
 1285 0086 C0F10103 		rsb	r3, r0, #1
 1286 008a 0193     		str	r3, [sp, #4]
 1287 008c 1346     		mov	r3, r2
 1288 008e C2F30722 		ubfx	r2, r2, #8, #8
 1289 0092 8046     		mov	r8, r0
 1290 0094 B346     		mov	fp, r6
 1291 0096 0492     		str	r2, [sp, #16]
 1292 0098 0291     		str	r1, [sp, #8]
 1293              	.L242:
 1294 009a 019A     		ldr	r2, [sp, #4]
 1295 009c AE6A     		ldr	r6, [r5, #40]
 1296 009e 4244     		add	r2, r2, r8
 1297 00a0 B3F5007F 		cmp	r3, #512
 1298 00a4 06FB02F6 		mul	r6, r6, r2
 1299 00a8 5FFA88F0 		uxtb	r0, r8
 1300 00ac C8F30721 		ubfx	r1, r8, #8, #8
 1301 00b0 2FD8     		bhi	.L232
 1302 00b2 5023     		movs	r3, #80
 1303 00b4 8AF80030 		strb	r3, [r10]
 1304 00b8 D5E90B23 		ldrd	r2, r3, [r5, #44]
 1305 00bc 03FB02F3 		mul	r3, r3, r2
 1306 00c0 B3F5803F 		cmp	r3, #65536
 1307 00c4 63D2     		bcs	.L233
 1308 00c6 89F800B0 		strb	fp, [r9]
 1309 00ca 89F80000 		strb	r0, [r9]
 1310 00ce 89F80010 		strb	r1, [r9]
 1311              	.L234:
 1312 00d2 3023     		movs	r3, #48
 1313 00d4 8AF80030 		strb	r3, [r10]
 1314 00d8 95F83C30 		ldrb	r3, [r5, #60]	@ zero_extendqisi2
 1315 00dc 012B     		cmp	r3, #1
 1316 00de 33D0     		beq	.L259
 1317              	.L236:
 1318 00e0 099B     		ldr	r3, [sp, #36]
 1319 00e2 9E42     		cmp	r6, r3
 1320 00e4 08D9     		bls	.L240
 1321              	.L241:
 1322 00e6 099B     		ldr	r3, [sp, #36]
 1323 00e8 3A78     		ldrb	r2, [r7]	@ zero_extendqisi2
 1324 00ea 04F8012B 		strb	r2, [r4], #1
 1325 00ee 0133     		adds	r3, r3, #1
 1326 00f0 0993     		str	r3, [sp, #36]
 1327 00f2 099B     		ldr	r3, [sp, #36]
 1328 00f4 B342     		cmp	r3, r6
 1329 00f6 F6D3     		bcc	.L241
 1330              	.L240:
 1331 00f8 029B     		ldr	r3, [sp, #8]
 1332 00fa 08F10108 		add	r8, r8, #1
 1333 00fe 9845     		cmp	r8, r3
 1334 0100 5ED0     		beq	.L231
 1335 0102 D5E90B23 		ldrd	r2, r3, [r5, #44]
 1336 0106 03FB02F3 		mul	r3, r3, r2
 1337 010a 4345     		cmp	r3, r8
 1338 010c 58D9     		bls	.L231
ARM GAS  D:\Programs\cygwin64\tmp\ccZRpSix.s 			page 24


 1339 010e 6B6A     		ldr	r3, [r5, #36]
 1340 0110 C3E7     		b	.L242
 1341              	.L232:
 1342 0112 8AF800B0 		strb	fp, [r10]
 1343 0116 D5E90B23 		ldrd	r2, r3, [r5, #44]
 1344 011a 03FB02F3 		mul	r3, r3, r2
 1345 011e B3F5803F 		cmp	r3, #65536
 1346 0122 9DF80C20 		ldrb	r2, [sp, #12]	@ zero_extendqisi2
 1347 0126 3DD2     		bcs	.L235
 1348 0128 049B     		ldr	r3, [sp, #16]
 1349 012a 89F80020 		strb	r2, [r9]
 1350 012e 89F80030 		strb	r3, [r9]
 1351 0132 3023     		movs	r3, #48
 1352 0134 89F80000 		strb	r0, [r9]
 1353 0138 89F80010 		strb	r1, [r9]
 1354 013c 8AF80030 		strb	r3, [r10]
 1355 0140 95F83C30 		ldrb	r3, [r5, #60]	@ zero_extendqisi2
 1356 0144 012B     		cmp	r3, #1
 1357 0146 CBD1     		bne	.L236
 1358              	.L259:
 1359 0148 FFF7FEFF 		bl	HAL_GetTick
 1360 014c 0794     		str	r4, [sp, #28]
 1361 014e 0446     		mov	r4, r0
 1362 0150 05E0     		b	.L237
 1363              	.L239:
 1364 0152 FFF7FEFF 		bl	HAL_GetTick
 1365 0156 001B     		subs	r0, r0, r4
 1366 0158 B0F1807F 		cmp	r0, #16777216
 1367 015c 3DD8     		bhi	.L244
 1368              	.L237:
 1369 015e 6B68     		ldr	r3, [r5, #4]
 1370 0160 102B     		cmp	r3, #16
 1371 0162 DDE90532 		ldrd	r3, r2, [sp, #20]
 1372 0166 0ABF     		itet	eq
 1373 0168 1A46     		moveq	r2, r3
 1374 016a 4FF00043 		movne	r3, #-2147483648
 1375 016e 4FF0E043 		moveq	r3, #1879048192
 1376 0172 4FF07001 		mov	r1, #112
 1377 0176 1170     		strb	r1, [r2]
 1378 0178 1B78     		ldrb	r3, [r3]	@ zero_extendqisi2
 1379 017a DBB2     		uxtb	r3, r3
 1380 017c 13F00102 		ands	r2, r3, #1
 1381 0180 E7D1     		bne	.L239
 1382 0182 5B06     		lsls	r3, r3, #25
 1383 0184 E5D5     		bpl	.L239
 1384 0186 079C     		ldr	r4, [sp, #28]
 1385 0188 8AF80020 		strb	r2, [r10]
 1386 018c A8E7     		b	.L236
 1387              	.L233:
 1388 018e C8F30743 		ubfx	r3, r8, #16, #8
 1389 0192 89F800B0 		strb	fp, [r9]
 1390 0196 89F80000 		strb	r0, [r9]
 1391 019a 89F80010 		strb	r1, [r9]
 1392 019e 89F80030 		strb	r3, [r9]
 1393 01a2 96E7     		b	.L234
 1394              	.L235:
 1395 01a4 89F80020 		strb	r2, [r9]
ARM GAS  D:\Programs\cygwin64\tmp\ccZRpSix.s 			page 25


 1396 01a8 C8F30743 		ubfx	r3, r8, #16, #8
 1397 01ac 049A     		ldr	r2, [sp, #16]
 1398 01ae 89F80020 		strb	r2, [r9]
 1399 01b2 89F80000 		strb	r0, [r9]
 1400 01b6 89F80010 		strb	r1, [r9]
 1401 01ba 89F80030 		strb	r3, [r9]
 1402 01be 88E7     		b	.L234
 1403              	.L231:
 1404 01c0 0020     		movs	r0, #0
 1405 01c2 0123     		movs	r3, #1
 1406 01c4 85F82130 		strb	r3, [r5, #33]
 1407 01c8 85F82000 		strb	r0, [r5, #32]
 1408 01cc 0BB0     		add	sp, sp, #44
 1409              		@ sp needed
 1410 01ce BDE8F08F 		pop	{r4, r5, r6, r7, r8, r9, r10, fp, pc}
 1411              	.L229:
 1412 01d2 0220     		movs	r0, #2
 1413 01d4 0BB0     		add	sp, sp, #44
 1414              		@ sp needed
 1415 01d6 BDE8F08F 		pop	{r4, r5, r6, r7, r8, r9, r10, fp, pc}
 1416              	.L244:
 1417 01da 0320     		movs	r0, #3
 1418 01dc 0BB0     		add	sp, sp, #44
 1419              		@ sp needed
 1420 01de BDE8F08F 		pop	{r4, r5, r6, r7, r8, r9, r10, fp, pc}
 1421              	.L261:
 1422 01e2 00BF     		.align	2
 1423              	.L260:
 1424 01e4 00000270 		.word	1879179264
 1425 01e8 00000170 		.word	1879113728
 1426 01ec 00000180 		.word	-2147418112
 1427 01f0 00000280 		.word	-2147352576
 1429              		.section	.text.HAL_NAND_Read_SpareArea_16b,"ax",%progbits
 1430              		.align	1
 1431              		.p2align 2,,3
 1432              		.global	HAL_NAND_Read_SpareArea_16b
 1433              		.syntax unified
 1434              		.thumb
 1435              		.thumb_func
 1436              		.fpu fpv4-sp-d16
 1438              	HAL_NAND_Read_SpareArea_16b:
 1439              		@ args = 0, pretend = 0, frame = 40
 1440              		@ frame_needed = 0, uses_anonymous_args = 0
 1441 0000 2DE9F04F 		push	{r4, r5, r6, r7, r8, r9, r10, fp, lr}
 1442 0004 0546     		mov	r5, r0
 1443 0006 90F82000 		ldrb	r0, [r0, #32]	@ zero_extendqisi2
 1444 000a 8BB0     		sub	sp, sp, #44
 1445 000c 0026     		movs	r6, #0
 1446 000e 0128     		cmp	r0, #1
 1447 0010 0996     		str	r6, [sp, #36]
 1448 0012 0792     		str	r2, [sp, #28]
 1449 0014 00F0E280 		beq	.L265
 1450 0018 95F82120 		ldrb	r2, [r5, #33]	@ zero_extendqisi2
 1451 001c 0120     		movs	r0, #1
 1452 001e 022A     		cmp	r2, #2
 1453 0020 85F82000 		strb	r0, [r5, #32]
 1454 0024 00F0DA80 		beq	.L265
ARM GAS  D:\Programs\cygwin64\tmp\ccZRpSix.s 			page 26


 1455 0028 6C68     		ldr	r4, [r5, #4]
 1456 002a B1F804A0 		ldrh	r10, [r1, #4]
 1457 002e 4888     		ldrh	r0, [r1, #2]
 1458 0030 D5F82C80 		ldr	r8, [r5, #44]
 1459 0034 0988     		ldrh	r1, [r1]
 1460 0036 6A6A     		ldr	r2, [r5, #36]
 1461 0038 6C4F     		ldr	r7, .L296
 1462 003a DFF8B4E1 		ldr	lr, .L296+4
 1463 003e DFF8B4C1 		ldr	ip, .L296+8
 1464 0042 DFF8B491 		ldr	r9, .L296+12
 1465 0046 102C     		cmp	r4, #16
 1466 0048 AC6B     		ldr	r4, [r5, #56]
 1467 004a 04FB00A0 		mla	r0, r4, r0, r10
 1468 004e 08FB0010 		mla	r0, r8, r0, r1
 1469 0052 4FF0020A 		mov	r10, #2
 1470 0056 4FEA4201 		lsl	r1, r2, #1
 1471 005a 15BF     		itete	ne
 1472 005c B946     		movne	r9, r7
 1473 005e F346     		moveq	fp, lr
 1474 0060 E346     		movne	fp, ip
 1475 0062 4FF0E047 		moveq	r7, #1879048192
 1476 0066 18BF     		it	ne
 1477 0068 4FF00047 		movne	r7, #-2147483648
 1478 006c 0C46     		mov	r4, r1
 1479 006e 0391     		str	r1, [sp, #12]
 1480 0070 85F821A0 		strb	r10, [r5, #33]
 1481 0074 002B     		cmp	r3, #0
 1482 0076 00F0A880 		beq	.L267
 1483 007a 296B     		ldr	r1, [r5, #48]
 1484 007c 01FB08F1 		mul	r1, r1, r8
 1485 0080 8842     		cmp	r0, r1
 1486 0082 80F0A280 		bcs	.L267
 1487 0086 C318     		adds	r3, r0, r3
 1488 0088 CDE905EC 		strd	lr, ip, [sp, #20]
 1489 008c CDE90163 		strd	r6, r3, [sp, #4]
 1490 0090 C4F30723 		ubfx	r3, r4, #8, #8
 1491 0094 079C     		ldr	r4, [sp, #28]
 1492 0096 0493     		str	r3, [sp, #16]
 1493 0098 8046     		mov	r8, r0
 1494 009a C0F1010A 		rsb	r10, r0, #1
 1495              	.L278:
 1496 009e AE6A     		ldr	r6, [r5, #40]
 1497 00a0 0AEB0803 		add	r3, r10, r8
 1498 00a4 B2F5007F 		cmp	r2, #512
 1499 00a8 06FB03F6 		mul	r6, r6, r3
 1500 00ac 5FFA88FC 		uxtb	ip, r8
 1501 00b0 C8F30720 		ubfx	r0, r8, #8, #8
 1502 00b4 30D8     		bhi	.L268
 1503 00b6 5023     		movs	r3, #80
 1504 00b8 8BF80030 		strb	r3, [fp]
 1505 00bc D5E90B23 		ldrd	r2, r3, [r5, #44]
 1506 00c0 03FB02F3 		mul	r3, r3, r2
 1507 00c4 B3F5803F 		cmp	r3, #65536
 1508 00c8 65D2     		bcs	.L269
 1509 00ca 019B     		ldr	r3, [sp, #4]
 1510 00cc 89F80030 		strb	r3, [r9]
 1511 00d0 89F800C0 		strb	ip, [r9]
ARM GAS  D:\Programs\cygwin64\tmp\ccZRpSix.s 			page 27


 1512 00d4 89F80000 		strb	r0, [r9]
 1513              	.L270:
 1514 00d8 3023     		movs	r3, #48
 1515 00da 8BF80030 		strb	r3, [fp]
 1516 00de 95F83C30 		ldrb	r3, [r5, #60]	@ zero_extendqisi2
 1517 00e2 012B     		cmp	r3, #1
 1518 00e4 34D0     		beq	.L295
 1519              	.L272:
 1520 00e6 099B     		ldr	r3, [sp, #36]
 1521 00e8 9E42     		cmp	r6, r3
 1522 00ea 08D9     		bls	.L276
 1523              	.L277:
 1524 00ec 099B     		ldr	r3, [sp, #36]
 1525 00ee 3A88     		ldrh	r2, [r7]
 1526 00f0 24F8022B 		strh	r2, [r4], #2	@ movhi
 1527 00f4 0133     		adds	r3, r3, #1
 1528 00f6 0993     		str	r3, [sp, #36]
 1529 00f8 099B     		ldr	r3, [sp, #36]
 1530 00fa B342     		cmp	r3, r6
 1531 00fc F6D3     		bcc	.L277
 1532              	.L276:
 1533 00fe 029B     		ldr	r3, [sp, #8]
 1534 0100 08F10108 		add	r8, r8, #1
 1535 0104 9845     		cmp	r8, r3
 1536 0106 60D0     		beq	.L267
 1537 0108 D5E90B23 		ldrd	r2, r3, [r5, #44]
 1538 010c 03FB02F3 		mul	r3, r3, r2
 1539 0110 4345     		cmp	r3, r8
 1540 0112 5AD9     		bls	.L267
 1541 0114 6A6A     		ldr	r2, [r5, #36]
 1542 0116 C2E7     		b	.L278
 1543              	.L268:
 1544 0118 019B     		ldr	r3, [sp, #4]
 1545 011a 8BF80030 		strb	r3, [fp]
 1546 011e D5E90B23 		ldrd	r2, r3, [r5, #44]
 1547 0122 03FB02F3 		mul	r3, r3, r2
 1548 0126 B3F5803F 		cmp	r3, #65536
 1549 012a 9DF80C20 		ldrb	r2, [sp, #12]	@ zero_extendqisi2
 1550 012e 3ED2     		bcs	.L271
 1551 0130 049B     		ldr	r3, [sp, #16]
 1552 0132 89F80020 		strb	r2, [r9]
 1553 0136 89F80030 		strb	r3, [r9]
 1554 013a 3023     		movs	r3, #48
 1555 013c 89F800C0 		strb	ip, [r9]
 1556 0140 89F80000 		strb	r0, [r9]
 1557 0144 8BF80030 		strb	r3, [fp]
 1558 0148 95F83C30 		ldrb	r3, [r5, #60]	@ zero_extendqisi2
 1559 014c 012B     		cmp	r3, #1
 1560 014e CAD1     		bne	.L272
 1561              	.L295:
 1562 0150 FFF7FEFF 		bl	HAL_GetTick
 1563 0154 0794     		str	r4, [sp, #28]
 1564 0156 0446     		mov	r4, r0
 1565 0158 05E0     		b	.L273
 1566              	.L275:
 1567 015a FFF7FEFF 		bl	HAL_GetTick
 1568 015e 001B     		subs	r0, r0, r4
ARM GAS  D:\Programs\cygwin64\tmp\ccZRpSix.s 			page 28


 1569 0160 B0F1807F 		cmp	r0, #16777216
 1570 0164 3ED8     		bhi	.L280
 1571              	.L273:
 1572 0166 6B68     		ldr	r3, [r5, #4]
 1573 0168 102B     		cmp	r3, #16
 1574 016a DDE90532 		ldrd	r3, r2, [sp, #20]
 1575 016e 0ABF     		itet	eq
 1576 0170 1A46     		moveq	r2, r3
 1577 0172 4FF00043 		movne	r3, #-2147483648
 1578 0176 4FF0E043 		moveq	r3, #1879048192
 1579 017a 4FF07001 		mov	r1, #112
 1580 017e 1170     		strb	r1, [r2]
 1581 0180 1B78     		ldrb	r3, [r3]	@ zero_extendqisi2
 1582 0182 DBB2     		uxtb	r3, r3
 1583 0184 13F00102 		ands	r2, r3, #1
 1584 0188 E7D1     		bne	.L275
 1585 018a 5B06     		lsls	r3, r3, #25
 1586 018c E5D5     		bpl	.L275
 1587 018e 079C     		ldr	r4, [sp, #28]
 1588 0190 8BF80020 		strb	r2, [fp]
 1589 0194 A7E7     		b	.L272
 1590              	.L269:
 1591 0196 019A     		ldr	r2, [sp, #4]
 1592 0198 89F80020 		strb	r2, [r9]
 1593 019c C8F30743 		ubfx	r3, r8, #16, #8
 1594 01a0 89F800C0 		strb	ip, [r9]
 1595 01a4 89F80000 		strb	r0, [r9]
 1596 01a8 89F80030 		strb	r3, [r9]
 1597 01ac 94E7     		b	.L270
 1598              	.L271:
 1599 01ae 89F80020 		strb	r2, [r9]
 1600 01b2 C8F30743 		ubfx	r3, r8, #16, #8
 1601 01b6 049A     		ldr	r2, [sp, #16]
 1602 01b8 89F80020 		strb	r2, [r9]
 1603 01bc 89F800C0 		strb	ip, [r9]
 1604 01c0 89F80000 		strb	r0, [r9]
 1605 01c4 89F80030 		strb	r3, [r9]
 1606 01c8 86E7     		b	.L270
 1607              	.L267:
 1608 01ca 0020     		movs	r0, #0
 1609 01cc 0123     		movs	r3, #1
 1610 01ce 85F82130 		strb	r3, [r5, #33]
 1611 01d2 85F82000 		strb	r0, [r5, #32]
 1612 01d6 0BB0     		add	sp, sp, #44
 1613              		@ sp needed
 1614 01d8 BDE8F08F 		pop	{r4, r5, r6, r7, r8, r9, r10, fp, pc}
 1615              	.L265:
 1616 01dc 0220     		movs	r0, #2
 1617 01de 0BB0     		add	sp, sp, #44
 1618              		@ sp needed
 1619 01e0 BDE8F08F 		pop	{r4, r5, r6, r7, r8, r9, r10, fp, pc}
 1620              	.L280:
 1621 01e4 0320     		movs	r0, #3
 1622 01e6 0BB0     		add	sp, sp, #44
 1623              		@ sp needed
 1624 01e8 BDE8F08F 		pop	{r4, r5, r6, r7, r8, r9, r10, fp, pc}
 1625              	.L297:
ARM GAS  D:\Programs\cygwin64\tmp\ccZRpSix.s 			page 29


 1626              		.align	2
 1627              	.L296:
 1628 01ec 00000280 		.word	-2147352576
 1629 01f0 00000170 		.word	1879113728
 1630 01f4 00000180 		.word	-2147418112
 1631 01f8 00000270 		.word	1879179264
 1633              		.section	.text.HAL_NAND_Write_SpareArea_8b,"ax",%progbits
 1634              		.align	1
 1635              		.p2align 2,,3
 1636              		.global	HAL_NAND_Write_SpareArea_8b
 1637              		.syntax unified
 1638              		.thumb
 1639              		.thumb_func
 1640              		.fpu fpv4-sp-d16
 1642              	HAL_NAND_Write_SpareArea_8b:
 1643              		@ args = 0, pretend = 0, frame = 40
 1644              		@ frame_needed = 0, uses_anonymous_args = 0
 1645 0000 2DE9F04F 		push	{r4, r5, r6, r7, r8, r9, r10, fp, lr}
 1646 0004 0546     		mov	r5, r0
 1647 0006 90F82000 		ldrb	r0, [r0, #32]	@ zero_extendqisi2
 1648 000a 8BB0     		sub	sp, sp, #44
 1649 000c 0027     		movs	r7, #0
 1650 000e 0128     		cmp	r0, #1
 1651 0010 0997     		str	r7, [sp, #36]
 1652 0012 00F0D180 		beq	.L301
 1653 0016 9446     		mov	ip, r2
 1654 0018 95F82120 		ldrb	r2, [r5, #33]	@ zero_extendqisi2
 1655 001c 0120     		movs	r0, #1
 1656 001e 022A     		cmp	r2, #2
 1657 0020 85F82000 		strb	r0, [r5, #32]
 1658 0024 00F0C880 		beq	.L301
 1659 0028 6C68     		ldr	r4, [r5, #4]
 1660 002a 4E88     		ldrh	r6, [r1, #2]
 1661 002c B1F804A0 		ldrh	r10, [r1, #4]
 1662 0030 DFF8A881 		ldr	r8, .L330+8
 1663 0034 0988     		ldrh	r1, [r1]
 1664 0036 DFF8A891 		ldr	r9, .L330+12
 1665 003a D5F82CE0 		ldr	lr, [r5, #44]
 1666 003e 6548     		ldr	r0, .L330
 1667 0040 654A     		ldr	r2, .L330+4
 1668 0042 102C     		cmp	r4, #16
 1669 0044 AC6B     		ldr	r4, [r5, #56]
 1670 0046 04FB06A6 		mla	r6, r4, r6, r10
 1671 004a 0EFB0616 		mla	r6, lr, r6, r1
 1672 004e 14BF     		ite	ne
 1673 0050 4446     		movne	r4, r8
 1674 0052 4C46     		moveq	r4, r9
 1675 0054 696A     		ldr	r1, [r5, #36]
 1676 0056 0294     		str	r4, [sp, #8]
 1677 0058 4FF0020B 		mov	fp, #2
 1678 005c 0CBF     		ite	eq
 1679 005e 0446     		moveq	r4, r0
 1680 0060 1446     		movne	r4, r2
 1681 0062 0194     		str	r4, [sp, #4]
 1682 0064 0CBF     		ite	eq
 1683 0066 4FF0E048 		moveq	r8, #1879048192
 1684 006a 4FF00048 		movne	r8, #-2147483648
ARM GAS  D:\Programs\cygwin64\tmp\ccZRpSix.s 			page 30


 1685 006e 85F821B0 		strb	fp, [r5, #33]
 1686 0072 0C46     		mov	r4, r1
 1687 0074 0691     		str	r1, [sp, #24]
 1688 0076 002B     		cmp	r3, #0
 1689 0078 00F0A280 		beq	.L303
 1690 007c 296B     		ldr	r1, [r5, #48]
 1691 007e 01FB0EF1 		mul	r1, r1, lr
 1692 0082 8E42     		cmp	r6, r1
 1693 0084 80F09C80 		bcs	.L303
 1694 0088 F318     		adds	r3, r6, r3
 1695 008a B146     		mov	r9, r6
 1696 008c CDE90473 		strd	r7, r3, [sp, #16]
 1697 0090 C9F10103 		rsb	r3, r9, #1
 1698 0094 0393     		str	r3, [sp, #12]
 1699 0096 C4F30723 		ubfx	r3, r4, #8, #8
 1700 009a 1646     		mov	r6, r2
 1701 009c 8246     		mov	r10, r0
 1702 009e 2246     		mov	r2, r4
 1703 00a0 0793     		str	r3, [sp, #28]
 1704 00a2 6446     		mov	r4, ip
 1705              	.L313:
 1706 00a4 039B     		ldr	r3, [sp, #12]
 1707 00a6 A86A     		ldr	r0, [r5, #40]
 1708 00a8 03EB0901 		add	r1, r3, r9
 1709 00ac B2F5007F 		cmp	r2, #512
 1710 00b0 00FB01F0 		mul	r0, r0, r1
 1711 00b4 5FFA89FC 		uxtb	ip, r9
 1712 00b8 C9F30727 		ubfx	r7, r9, #8, #8
 1713 00bc 4CD8     		bhi	.L304
 1714 00be 019B     		ldr	r3, [sp, #4]
 1715 00c0 5021     		movs	r1, #80
 1716 00c2 4FF0800E 		mov	lr, #128
 1717 00c6 1970     		strb	r1, [r3]
 1718 00c8 83F800E0 		strb	lr, [r3]
 1719 00cc D5E90B12 		ldrd	r1, r2, [r5, #44]
 1720 00d0 02FB01F2 		mul	r2, r2, r1
 1721 00d4 B2F5803F 		cmp	r2, #65536
 1722 00d8 54D2     		bcs	.L305
 1723 00da 029B     		ldr	r3, [sp, #8]
 1724 00dc 0499     		ldr	r1, [sp, #16]
 1725 00de 1970     		strb	r1, [r3]
 1726 00e0 83F800C0 		strb	ip, [r3]
 1727 00e4 1F70     		strb	r7, [r3]
 1728              	.L306:
 1729 00e6 099A     		ldr	r2, [sp, #36]
 1730 00e8 9042     		cmp	r0, r2
 1731 00ea 09D9     		bls	.L308
 1732              	.L309:
 1733 00ec 14F8013B 		ldrb	r3, [r4], #1	@ zero_extendqisi2
 1734 00f0 88F80030 		strb	r3, [r8]
 1735 00f4 099B     		ldr	r3, [sp, #36]
 1736 00f6 0133     		adds	r3, r3, #1
 1737 00f8 0993     		str	r3, [sp, #36]
 1738 00fa 099B     		ldr	r3, [sp, #36]
 1739 00fc 8342     		cmp	r3, r0
 1740 00fe F5D3     		bcc	.L309
 1741              	.L308:
ARM GAS  D:\Programs\cygwin64\tmp\ccZRpSix.s 			page 31


 1742 0100 019B     		ldr	r3, [sp, #4]
 1743 0102 1022     		movs	r2, #16
 1744 0104 1A70     		strb	r2, [r3]
 1745 0106 FFF7FEFF 		bl	HAL_GetTick
 1746 010a 7027     		movs	r7, #112
 1747 010c 8346     		mov	fp, r0
 1748 010e 06E0     		b	.L310
 1749              	.L312:
 1750 0110 FFF7FEFF 		bl	HAL_GetTick
 1751 0114 A0EB0B00 		sub	r0, r0, fp
 1752 0118 B0F1807F 		cmp	r0, #16777216
 1753 011c 48D8     		bhi	.L315
 1754              	.L310:
 1755 011e 6B68     		ldr	r3, [r5, #4]
 1756 0120 102B     		cmp	r3, #16
 1757 0122 0BBF     		itete	eq
 1758 0124 5246     		moveq	r2, r10
 1759 0126 3246     		movne	r2, r6
 1760 0128 4FF0E043 		moveq	r3, #1879048192
 1761 012c 4FF00043 		movne	r3, #-2147483648
 1762 0130 1770     		strb	r7, [r2]
 1763 0132 1B78     		ldrb	r3, [r3]	@ zero_extendqisi2
 1764 0134 DBB2     		uxtb	r3, r3
 1765 0136 DA07     		lsls	r2, r3, #31
 1766 0138 EAD4     		bmi	.L312
 1767 013a 5B06     		lsls	r3, r3, #25
 1768 013c E8D5     		bpl	.L312
 1769 013e 059B     		ldr	r3, [sp, #20]
 1770 0140 09F10109 		add	r9, r9, #1
 1771 0144 9945     		cmp	r9, r3
 1772 0146 3BD0     		beq	.L303
 1773 0148 D5E90B12 		ldrd	r1, r2, [r5, #44]
 1774 014c 02FB01F2 		mul	r2, r2, r1
 1775 0150 4A45     		cmp	r2, r9
 1776 0152 35D9     		bls	.L303
 1777 0154 6A6A     		ldr	r2, [r5, #36]
 1778 0156 A5E7     		b	.L313
 1779              	.L304:
 1780 0158 019B     		ldr	r3, [sp, #4]
 1781 015a 0499     		ldr	r1, [sp, #16]
 1782 015c 1970     		strb	r1, [r3]
 1783 015e 8022     		movs	r2, #128
 1784 0160 1A70     		strb	r2, [r3]
 1785 0162 D5E90B12 		ldrd	r1, r2, [r5, #44]
 1786 0166 02FB01F2 		mul	r2, r2, r1
 1787 016a B2F5803F 		cmp	r2, #65536
 1788 016e 9DF81810 		ldrb	r1, [sp, #24]	@ zero_extendqisi2
 1789 0172 11D2     		bcs	.L307
 1790 0174 029B     		ldr	r3, [sp, #8]
 1791 0176 1970     		strb	r1, [r3]
 1792 0178 0799     		ldr	r1, [sp, #28]
 1793 017a 1970     		strb	r1, [r3]
 1794 017c 83F800C0 		strb	ip, [r3]
 1795 0180 1F70     		strb	r7, [r3]
 1796 0182 B0E7     		b	.L306
 1797              	.L305:
 1798 0184 029B     		ldr	r3, [sp, #8]
ARM GAS  D:\Programs\cygwin64\tmp\ccZRpSix.s 			page 32


 1799 0186 0499     		ldr	r1, [sp, #16]
 1800 0188 1970     		strb	r1, [r3]
 1801 018a C9F30742 		ubfx	r2, r9, #16, #8
 1802 018e 83F800C0 		strb	ip, [r3]
 1803 0192 1F70     		strb	r7, [r3]
 1804 0194 1A70     		strb	r2, [r3]
 1805 0196 A6E7     		b	.L306
 1806              	.L307:
 1807 0198 029B     		ldr	r3, [sp, #8]
 1808 019a C9F3074E 		ubfx	lr, r9, #16, #8
 1809 019e 1970     		strb	r1, [r3]
 1810 01a0 0799     		ldr	r1, [sp, #28]
 1811 01a2 1970     		strb	r1, [r3]
 1812 01a4 83F800C0 		strb	ip, [r3]
 1813 01a8 1F70     		strb	r7, [r3]
 1814 01aa 83F800E0 		strb	lr, [r3]
 1815 01ae 9AE7     		b	.L306
 1816              	.L315:
 1817 01b0 0320     		movs	r0, #3
 1818 01b2 0BB0     		add	sp, sp, #44
 1819              		@ sp needed
 1820 01b4 BDE8F08F 		pop	{r4, r5, r6, r7, r8, r9, r10, fp, pc}
 1821              	.L301:
 1822 01b8 0220     		movs	r0, #2
 1823 01ba 0BB0     		add	sp, sp, #44
 1824              		@ sp needed
 1825 01bc BDE8F08F 		pop	{r4, r5, r6, r7, r8, r9, r10, fp, pc}
 1826              	.L303:
 1827 01c0 0020     		movs	r0, #0
 1828 01c2 0123     		movs	r3, #1
 1829 01c4 85F82130 		strb	r3, [r5, #33]
 1830 01c8 85F82000 		strb	r0, [r5, #32]
 1831 01cc 0BB0     		add	sp, sp, #44
 1832              		@ sp needed
 1833 01ce BDE8F08F 		pop	{r4, r5, r6, r7, r8, r9, r10, fp, pc}
 1834              	.L331:
 1835 01d2 00BF     		.align	2
 1836              	.L330:
 1837 01d4 00000170 		.word	1879113728
 1838 01d8 00000180 		.word	-2147418112
 1839 01dc 00000280 		.word	-2147352576
 1840 01e0 00000270 		.word	1879179264
 1842              		.section	.text.HAL_NAND_Write_SpareArea_16b,"ax",%progbits
 1843              		.align	1
 1844              		.p2align 2,,3
 1845              		.global	HAL_NAND_Write_SpareArea_16b
 1846              		.syntax unified
 1847              		.thumb
 1848              		.thumb_func
 1849              		.fpu fpv4-sp-d16
 1851              	HAL_NAND_Write_SpareArea_16b:
 1852              		@ args = 0, pretend = 0, frame = 40
 1853              		@ frame_needed = 0, uses_anonymous_args = 0
 1854 0000 2DE9F04F 		push	{r4, r5, r6, r7, r8, r9, r10, fp, lr}
 1855 0004 0446     		mov	r4, r0
 1856 0006 90F82000 		ldrb	r0, [r0, #32]	@ zero_extendqisi2
 1857 000a 8BB0     		sub	sp, sp, #44
ARM GAS  D:\Programs\cygwin64\tmp\ccZRpSix.s 			page 33


 1858 000c 4FF0000C 		mov	ip, #0
 1859 0010 0128     		cmp	r0, #1
 1860 0012 CDF824C0 		str	ip, [sp, #36]
 1861 0016 00F0D880 		beq	.L335
 1862 001a 9346     		mov	fp, r2
 1863 001c 94F82120 		ldrb	r2, [r4, #33]	@ zero_extendqisi2
 1864 0020 0120     		movs	r0, #1
 1865 0022 022A     		cmp	r2, #2
 1866 0024 84F82000 		strb	r0, [r4, #32]
 1867 0028 00F0CF80 		beq	.L335
 1868 002c A66B     		ldr	r6, [r4, #56]
 1869 002e 0196     		str	r6, [sp, #4]
 1870 0030 6668     		ldr	r6, [r4, #4]
 1871 0032 DFF8BC91 		ldr	r9, .L364+12
 1872 0036 6B48     		ldr	r0, .L364
 1873 0038 6B4A     		ldr	r2, .L364+4
 1874 003a 6C4F     		ldr	r7, .L364+8
 1875 003c 4D88     		ldrh	r5, [r1, #2]
 1876 003e B1F804A0 		ldrh	r10, [r1, #4]
 1877 0042 B1F80080 		ldrh	r8, [r1]
 1878 0046 616A     		ldr	r1, [r4, #36]
 1879 0048 D4F82CE0 		ldr	lr, [r4, #44]
 1880 004c 102E     		cmp	r6, #16
 1881 004e 08BF     		it	eq
 1882 0050 4F46     		moveq	r7, r9
 1883 0052 019E     		ldr	r6, [sp, #4]
 1884 0054 0297     		str	r7, [sp, #8]
 1885 0056 0CBF     		ite	eq
 1886 0058 0746     		moveq	r7, r0
 1887 005a 1746     		movne	r7, r2
 1888 005c 06FB05A5 		mla	r5, r6, r5, r10
 1889 0060 0197     		str	r7, [sp, #4]
 1890 0062 4FF00206 		mov	r6, #2
 1891 0066 4FEA4107 		lsl	r7, r1, #1
 1892 006a 0CBF     		ite	eq
 1893 006c 4FF0E049 		moveq	r9, #1879048192
 1894 0070 4FF00049 		movne	r9, #-2147483648
 1895 0074 0EFB0585 		mla	r5, lr, r5, r8
 1896 0078 0697     		str	r7, [sp, #24]
 1897 007a 84F82160 		strb	r6, [r4, #33]
 1898 007e 002B     		cmp	r3, #0
 1899 0080 00F0A780 		beq	.L337
 1900 0084 266B     		ldr	r6, [r4, #48]
 1901 0086 06FB0EF6 		mul	r6, r6, lr
 1902 008a B542     		cmp	r5, r6
 1903 008c 80F0A180 		bcs	.L337
 1904 0090 EB18     		adds	r3, r5, r3
 1905 0092 A846     		mov	r8, r5
 1906 0094 CDE904C3 		strd	ip, r3, [sp, #16]
 1907 0098 C8F10103 		rsb	r3, r8, #1
 1908 009c 0393     		str	r3, [sp, #12]
 1909 009e C7F30723 		ubfx	r3, r7, #8, #8
 1910 00a2 0546     		mov	r5, r0
 1911 00a4 1646     		mov	r6, r2
 1912 00a6 0793     		str	r3, [sp, #28]
 1913 00a8 4F46     		mov	r7, r9
 1914              	.L347:
ARM GAS  D:\Programs\cygwin64\tmp\ccZRpSix.s 			page 34


 1915 00aa 039B     		ldr	r3, [sp, #12]
 1916 00ac A06A     		ldr	r0, [r4, #40]
 1917 00ae 4344     		add	r3, r3, r8
 1918 00b0 B1F5007F 		cmp	r1, #512
 1919 00b4 00FB03F0 		mul	r0, r0, r3
 1920 00b8 5FFA88FE 		uxtb	lr, r8
 1921 00bc C8F3072C 		ubfx	ip, r8, #8, #8
 1922 00c0 4ED8     		bhi	.L338
 1923 00c2 0199     		ldr	r1, [sp, #4]
 1924 00c4 5022     		movs	r2, #80
 1925 00c6 4FF08009 		mov	r9, #128
 1926 00ca 0A70     		strb	r2, [r1]
 1927 00cc 81F80090 		strb	r9, [r1]
 1928 00d0 D4E90B23 		ldrd	r2, r3, [r4, #44]
 1929 00d4 03FB02F3 		mul	r3, r3, r2
 1930 00d8 B3F5803F 		cmp	r3, #65536
 1931 00dc 57D2     		bcs	.L339
 1932 00de 029B     		ldr	r3, [sp, #8]
 1933 00e0 0499     		ldr	r1, [sp, #16]
 1934 00e2 1970     		strb	r1, [r3]
 1935 00e4 83F800E0 		strb	lr, [r3]
 1936 00e8 83F800C0 		strb	ip, [r3]
 1937              	.L340:
 1938 00ec 099B     		ldr	r3, [sp, #36]
 1939 00ee 9842     		cmp	r0, r3
 1940 00f0 08D9     		bls	.L342
 1941              	.L343:
 1942 00f2 3BF8023B 		ldrh	r3, [fp], #2
 1943 00f6 3B80     		strh	r3, [r7]	@ movhi
 1944 00f8 099B     		ldr	r3, [sp, #36]
 1945 00fa 0133     		adds	r3, r3, #1
 1946 00fc 0993     		str	r3, [sp, #36]
 1947 00fe 099B     		ldr	r3, [sp, #36]
 1948 0100 8342     		cmp	r3, r0
 1949 0102 F6D3     		bcc	.L343
 1950              	.L342:
 1951 0104 019A     		ldr	r2, [sp, #4]
 1952 0106 1023     		movs	r3, #16
 1953 0108 1370     		strb	r3, [r2]
 1954 010a 4FF0700A 		mov	r10, #112
 1955 010e 09E0     		b	.L344
 1956              	.L346:
 1957 0110 FFF7FEFF 		bl	HAL_GetTick
 1958 0114 8146     		mov	r9, r0
 1959 0116 FFF7FEFF 		bl	HAL_GetTick
 1960 011a A0EB0900 		sub	r0, r0, r9
 1961 011e B0F1807F 		cmp	r0, #16777216
 1962 0122 4ED8     		bhi	.L349
 1963              	.L344:
 1964 0124 6368     		ldr	r3, [r4, #4]
 1965 0126 102B     		cmp	r3, #16
 1966 0128 0BBF     		itete	eq
 1967 012a 2A46     		moveq	r2, r5
 1968 012c 3246     		movne	r2, r6
 1969 012e 4FF0E043 		moveq	r3, #1879048192
 1970 0132 4FF00043 		movne	r3, #-2147483648
 1971 0136 82F800A0 		strb	r10, [r2]
ARM GAS  D:\Programs\cygwin64\tmp\ccZRpSix.s 			page 35


 1972 013a 1B78     		ldrb	r3, [r3]	@ zero_extendqisi2
 1973 013c DBB2     		uxtb	r3, r3
 1974 013e DA07     		lsls	r2, r3, #31
 1975 0140 E6D4     		bmi	.L346
 1976 0142 5B06     		lsls	r3, r3, #25
 1977 0144 E4D5     		bpl	.L346
 1978 0146 059B     		ldr	r3, [sp, #20]
 1979 0148 08F10108 		add	r8, r8, #1
 1980 014c 9845     		cmp	r8, r3
 1981 014e 40D0     		beq	.L337
 1982 0150 D4E90B23 		ldrd	r2, r3, [r4, #44]
 1983 0154 03FB02F3 		mul	r3, r3, r2
 1984 0158 4345     		cmp	r3, r8
 1985 015a 3AD9     		bls	.L337
 1986 015c 616A     		ldr	r1, [r4, #36]
 1987 015e A4E7     		b	.L347
 1988              	.L338:
 1989 0160 019A     		ldr	r2, [sp, #4]
 1990 0162 0499     		ldr	r1, [sp, #16]
 1991 0164 1170     		strb	r1, [r2]
 1992 0166 8023     		movs	r3, #128
 1993 0168 1370     		strb	r3, [r2]
 1994 016a D4E90B23 		ldrd	r2, r3, [r4, #44]
 1995 016e 03FB02F3 		mul	r3, r3, r2
 1996 0172 B3F5803F 		cmp	r3, #65536
 1997 0176 9DF81820 		ldrb	r2, [sp, #24]	@ zero_extendqisi2
 1998 017a 13D2     		bcs	.L341
 1999 017c 029B     		ldr	r3, [sp, #8]
 2000 017e 0799     		ldr	r1, [sp, #28]
 2001 0180 1A70     		strb	r2, [r3]
 2002 0182 1970     		strb	r1, [r3]
 2003 0184 83F800E0 		strb	lr, [r3]
 2004 0188 83F800C0 		strb	ip, [r3]
 2005 018c AEE7     		b	.L340
 2006              	.L339:
 2007 018e 029A     		ldr	r2, [sp, #8]
 2008 0190 0499     		ldr	r1, [sp, #16]
 2009 0192 1170     		strb	r1, [r2]
 2010 0194 C8F30743 		ubfx	r3, r8, #16, #8
 2011 0198 82F800E0 		strb	lr, [r2]
 2012 019c 82F800C0 		strb	ip, [r2]
 2013 01a0 1370     		strb	r3, [r2]
 2014 01a2 A3E7     		b	.L340
 2015              	.L341:
 2016 01a4 0299     		ldr	r1, [sp, #8]
 2017 01a6 0A70     		strb	r2, [r1]
 2018 01a8 0B46     		mov	r3, r1
 2019 01aa 0A46     		mov	r2, r1
 2020 01ac C8F30749 		ubfx	r9, r8, #16, #8
 2021 01b0 0799     		ldr	r1, [sp, #28]
 2022 01b2 1970     		strb	r1, [r3]
 2023 01b4 83F800E0 		strb	lr, [r3]
 2024 01b8 83F800C0 		strb	ip, [r3]
 2025 01bc 82F80090 		strb	r9, [r2]
 2026 01c0 94E7     		b	.L340
 2027              	.L349:
 2028 01c2 0320     		movs	r0, #3
ARM GAS  D:\Programs\cygwin64\tmp\ccZRpSix.s 			page 36


 2029 01c4 0BB0     		add	sp, sp, #44
 2030              		@ sp needed
 2031 01c6 BDE8F08F 		pop	{r4, r5, r6, r7, r8, r9, r10, fp, pc}
 2032              	.L335:
 2033 01ca 0220     		movs	r0, #2
 2034 01cc 0BB0     		add	sp, sp, #44
 2035              		@ sp needed
 2036 01ce BDE8F08F 		pop	{r4, r5, r6, r7, r8, r9, r10, fp, pc}
 2037              	.L337:
 2038 01d2 0020     		movs	r0, #0
 2039 01d4 0123     		movs	r3, #1
 2040 01d6 84F82130 		strb	r3, [r4, #33]
 2041 01da 84F82000 		strb	r0, [r4, #32]
 2042 01de 0BB0     		add	sp, sp, #44
 2043              		@ sp needed
 2044 01e0 BDE8F08F 		pop	{r4, r5, r6, r7, r8, r9, r10, fp, pc}
 2045              	.L365:
 2046              		.align	2
 2047              	.L364:
 2048 01e4 00000170 		.word	1879113728
 2049 01e8 00000180 		.word	-2147418112
 2050 01ec 00000280 		.word	-2147352576
 2051 01f0 00000270 		.word	1879179264
 2053              		.section	.text.HAL_NAND_Erase_Block,"ax",%progbits
 2054              		.align	1
 2055              		.p2align 2,,3
 2056              		.global	HAL_NAND_Erase_Block
 2057              		.syntax unified
 2058              		.thumb
 2059              		.thumb_func
 2060              		.fpu fpv4-sp-d16
 2062              	HAL_NAND_Erase_Block:
 2063              		@ args = 0, pretend = 0, frame = 0
 2064              		@ frame_needed = 0, uses_anonymous_args = 0
 2065 0000 2DE9F843 		push	{r3, r4, r5, r6, r7, r8, r9, lr}
 2066 0004 90F82030 		ldrb	r3, [r0, #32]	@ zero_extendqisi2
 2067 0008 012B     		cmp	r3, #1
 2068 000a 6DD0     		beq	.L369
 2069 000c 90F82130 		ldrb	r3, [r0, #33]	@ zero_extendqisi2
 2070 0010 0127     		movs	r7, #1
 2071 0012 022B     		cmp	r3, #2
 2072 0014 80F82070 		strb	r7, [r0, #32]
 2073 0018 66D0     		beq	.L369
 2074 001a 4368     		ldr	r3, [r0, #4]
 2075 001c 374E     		ldr	r6, .L385
 2076 001e 384D     		ldr	r5, .L385+4
 2077 0020 DFF8E080 		ldr	r8, .L385+8
 2078 0024 DFF8E090 		ldr	r9, .L385+12
 2079 0028 102B     		cmp	r3, #16
 2080 002a 0446     		mov	r4, r0
 2081 002c 0CBF     		ite	eq
 2082 002e B446     		moveq	ip, r6
 2083 0030 AC46     		movne	ip, r5
 2084 0032 4FF00200 		mov	r0, #2
 2085 0036 4FF06003 		mov	r3, #96
 2086 003a 84F82100 		strb	r0, [r4, #33]
 2087 003e 8CF80030 		strb	r3, [ip]
ARM GAS  D:\Programs\cygwin64\tmp\ccZRpSix.s 			page 37


 2088 0042 B1F804E0 		ldrh	lr, [r1, #4]
 2089 0046 4B88     		ldrh	r3, [r1, #2]
 2090 0048 A26B     		ldr	r2, [r4, #56]
 2091 004a E06A     		ldr	r0, [r4, #44]
 2092 004c 02FB03E3 		mla	r3, r2, r3, lr
 2093 0050 91F800E0 		ldrb	lr, [r1]	@ zero_extendqisi2
 2094 0054 0CBF     		ite	eq
 2095 0056 4246     		moveq	r2, r8
 2096 0058 4A46     		movne	r2, r9
 2097 005a 13FB00E3 		smlabb	r3, r3, r0, lr
 2098 005e DBB2     		uxtb	r3, r3
 2099 0060 1370     		strb	r3, [r2]
 2100 0062 B1F802E0 		ldrh	lr, [r1, #2]
 2101 0066 B1F80490 		ldrh	r9, [r1, #4]
 2102 006a A06B     		ldr	r0, [r4, #56]
 2103 006c B1F80080 		ldrh	r8, [r1]
 2104 0070 E36A     		ldr	r3, [r4, #44]
 2105 0072 00FB0E90 		mla	r0, r0, lr, r9
 2106 0076 03FB0083 		mla	r3, r3, r0, r8
 2107 007a C3F30723 		ubfx	r3, r3, #8, #8
 2108 007e 1370     		strb	r3, [r2]
 2109 0080 B1F80480 		ldrh	r8, [r1, #4]
 2110 0084 4B88     		ldrh	r3, [r1, #2]
 2111 0086 A06B     		ldr	r0, [r4, #56]
 2112 0088 B1F800E0 		ldrh	lr, [r1]
 2113 008c E16A     		ldr	r1, [r4, #44]
 2114 008e 00FB0383 		mla	r3, r0, r3, r8
 2115 0092 01FB03E3 		mla	r3, r1, r3, lr
 2116 0096 C3F30743 		ubfx	r3, r3, #16, #8
 2117 009a D021     		movs	r1, #208
 2118 009c 1370     		strb	r3, [r2]
 2119 009e 8CF80010 		strb	r1, [ip]
 2120 00a2 84F82170 		strb	r7, [r4, #33]
 2121 00a6 FFF7FEFF 		bl	HAL_GetTick
 2122 00aa 7027     		movs	r7, #112
 2123 00ac 8046     		mov	r8, r0
 2124 00ae 06E0     		b	.L371
 2125              	.L373:
 2126 00b0 FFF7FEFF 		bl	HAL_GetTick
 2127 00b4 A0EB0800 		sub	r0, r0, r8
 2128 00b8 B0F1807F 		cmp	r0, #16777216
 2129 00bc 17D8     		bhi	.L384
 2130              	.L371:
 2131 00be 6368     		ldr	r3, [r4, #4]
 2132 00c0 102B     		cmp	r3, #16
 2133 00c2 0BBF     		itete	eq
 2134 00c4 3246     		moveq	r2, r6
 2135 00c6 2A46     		movne	r2, r5
 2136 00c8 4FF0E043 		moveq	r3, #1879048192
 2137 00cc 4FF00043 		movne	r3, #-2147483648
 2138 00d0 1770     		strb	r7, [r2]
 2139 00d2 1B78     		ldrb	r3, [r3]	@ zero_extendqisi2
 2140 00d4 DBB2     		uxtb	r3, r3
 2141 00d6 13F00100 		ands	r0, r3, #1
 2142 00da E9D1     		bne	.L373
 2143 00dc 5B06     		lsls	r3, r3, #25
 2144 00de E7D5     		bpl	.L373
ARM GAS  D:\Programs\cygwin64\tmp\ccZRpSix.s 			page 38


 2145 00e0 84F82000 		strb	r0, [r4, #32]
 2146 00e4 BDE8F883 		pop	{r3, r4, r5, r6, r7, r8, r9, pc}
 2147              	.L369:
 2148 00e8 0220     		movs	r0, #2
 2149 00ea BDE8F883 		pop	{r3, r4, r5, r6, r7, r8, r9, pc}
 2150              	.L384:
 2151 00ee 0023     		movs	r3, #0
 2152 00f0 84F82030 		strb	r3, [r4, #32]
 2153 00f4 0320     		movs	r0, #3
 2154 00f6 BDE8F883 		pop	{r3, r4, r5, r6, r7, r8, r9, pc}
 2155              	.L386:
 2156 00fa 00BF     		.align	2
 2157              	.L385:
 2158 00fc 00000170 		.word	1879113728
 2159 0100 00000180 		.word	-2147418112
 2160 0104 00000270 		.word	1879179264
 2161 0108 00000280 		.word	-2147352576
 2163              		.section	.text.HAL_NAND_Read_Status,"ax",%progbits
 2164              		.align	1
 2165              		.p2align 2,,3
 2166              		.global	HAL_NAND_Read_Status
 2167              		.syntax unified
 2168              		.thumb
 2169              		.thumb_func
 2170              		.fpu fpv4-sp-d16
 2172              	HAL_NAND_Read_Status:
 2173              		@ args = 0, pretend = 0, frame = 0
 2174              		@ frame_needed = 0, uses_anonymous_args = 0
 2175              		@ link register save eliminated.
 2176 0000 4168     		ldr	r1, [r0, #4]
 2177 0002 094A     		ldr	r2, .L393
 2178 0004 094B     		ldr	r3, .L393+4
 2179 0006 1029     		cmp	r1, #16
 2180 0008 16BF     		itet	ne
 2181 000a 1346     		movne	r3, r2
 2182 000c 4FF0E042 		moveq	r2, #1879048192
 2183 0010 4FF00042 		movne	r2, #-2147483648
 2184 0014 7021     		movs	r1, #112
 2185 0016 1970     		strb	r1, [r3]
 2186 0018 1078     		ldrb	r0, [r2]	@ zero_extendqisi2
 2187 001a C0B2     		uxtb	r0, r0
 2188 001c C307     		lsls	r3, r0, #31
 2189 001e 54BF     		ite	pl
 2190 0020 00F04000 		andpl	r0, r0, #64
 2191 0024 0120     		movmi	r0, #1
 2192 0026 7047     		bx	lr
 2193              	.L394:
 2194              		.align	2
 2195              	.L393:
 2196 0028 00000180 		.word	-2147418112
 2197 002c 00000170 		.word	1879113728
 2199              		.section	.text.HAL_NAND_Address_Inc,"ax",%progbits
 2200              		.align	1
 2201              		.p2align 2,,3
 2202              		.global	HAL_NAND_Address_Inc
 2203              		.syntax unified
 2204              		.thumb
ARM GAS  D:\Programs\cygwin64\tmp\ccZRpSix.s 			page 39


 2205              		.thumb_func
 2206              		.fpu fpv4-sp-d16
 2208              	HAL_NAND_Address_Inc:
 2209              		@ args = 0, pretend = 0, frame = 0
 2210              		@ frame_needed = 0, uses_anonymous_args = 0
 2211              		@ link register save eliminated.
 2212 0000 0B88     		ldrh	r3, [r1]
 2213 0002 C26A     		ldr	r2, [r0, #44]
 2214 0004 0133     		adds	r3, r3, #1
 2215 0006 9BB2     		uxth	r3, r3
 2216 0008 9342     		cmp	r3, r2
 2217 000a 0B80     		strh	r3, [r1]	@ movhi
 2218 000c 02D0     		beq	.L396
 2219 000e 4FF48070 		mov	r0, #256
 2220 0012 7047     		bx	lr
 2221              	.L396:
 2222 0014 8B88     		ldrh	r3, [r1, #4]
 2223 0016 10B4     		push	{r4}
 2224 0018 0133     		adds	r3, r3, #1
 2225 001a 846B     		ldr	r4, [r0, #56]
 2226 001c 9BB2     		uxth	r3, r3
 2227 001e 0022     		movs	r2, #0
 2228 0020 A342     		cmp	r3, r4
 2229 0022 8B80     		strh	r3, [r1, #4]	@ movhi
 2230 0024 0A80     		strh	r2, [r1]	@ movhi
 2231 0026 04D0     		beq	.L402
 2232              	.L398:
 2233 0028 4FF48070 		mov	r0, #256
 2234              	.L395:
 2235 002c 5DF8044B 		ldr	r4, [sp], #4
 2236 0030 7047     		bx	lr
 2237              	.L402:
 2238 0032 4B88     		ldrh	r3, [r1, #2]
 2239 0034 406B     		ldr	r0, [r0, #52]
 2240 0036 8A80     		strh	r2, [r1, #4]	@ movhi
 2241 0038 0133     		adds	r3, r3, #1
 2242 003a 9BB2     		uxth	r3, r3
 2243 003c 8342     		cmp	r3, r0
 2244 003e 4B80     		strh	r3, [r1, #2]	@ movhi
 2245 0040 F2D1     		bne	.L398
 2246 0042 4FF40070 		mov	r0, #512
 2247 0046 F1E7     		b	.L395
 2249              		.section	.text.HAL_NAND_ECC_Enable,"ax",%progbits
 2250              		.align	1
 2251              		.p2align 2,,3
 2252              		.global	HAL_NAND_ECC_Enable
 2253              		.syntax unified
 2254              		.thumb
 2255              		.thumb_func
 2256              		.fpu fpv4-sp-d16
 2258              	HAL_NAND_ECC_Enable:
 2259              		@ args = 0, pretend = 0, frame = 0
 2260              		@ frame_needed = 0, uses_anonymous_args = 0
 2261 0000 90F82130 		ldrb	r3, [r0, #33]	@ zero_extendqisi2
 2262 0004 DBB2     		uxtb	r3, r3
 2263 0006 022B     		cmp	r3, #2
 2264 0008 0DD0     		beq	.L405
ARM GAS  D:\Programs\cygwin64\tmp\ccZRpSix.s 			page 40


 2265 000a 10B5     		push	{r4, lr}
 2266 000c 0223     		movs	r3, #2
 2267 000e 0446     		mov	r4, r0
 2268 0010 80F82130 		strb	r3, [r0, #33]
 2269 0014 D0E90001 		ldrd	r0, r1, [r0]
 2270 0018 FFF7FEFF 		bl	FMC_NAND_ECC_Enable
 2271 001c 0123     		movs	r3, #1
 2272 001e 84F82130 		strb	r3, [r4, #33]
 2273 0022 0020     		movs	r0, #0
 2274 0024 10BD     		pop	{r4, pc}
 2275              	.L405:
 2276 0026 1846     		mov	r0, r3
 2277 0028 7047     		bx	lr
 2279 002a 00BF     		.section	.text.HAL_NAND_ECC_Disable,"ax",%progbits
 2280              		.align	1
 2281              		.p2align 2,,3
 2282              		.global	HAL_NAND_ECC_Disable
 2283              		.syntax unified
 2284              		.thumb
 2285              		.thumb_func
 2286              		.fpu fpv4-sp-d16
 2288              	HAL_NAND_ECC_Disable:
 2289              		@ args = 0, pretend = 0, frame = 0
 2290              		@ frame_needed = 0, uses_anonymous_args = 0
 2291 0000 90F82130 		ldrb	r3, [r0, #33]	@ zero_extendqisi2
 2292 0004 DBB2     		uxtb	r3, r3
 2293 0006 022B     		cmp	r3, #2
 2294 0008 0DD0     		beq	.L412
 2295 000a 10B5     		push	{r4, lr}
 2296 000c 0223     		movs	r3, #2
 2297 000e 0446     		mov	r4, r0
 2298 0010 80F82130 		strb	r3, [r0, #33]
 2299 0014 D0E90001 		ldrd	r0, r1, [r0]
 2300 0018 FFF7FEFF 		bl	FMC_NAND_ECC_Disable
 2301 001c 0123     		movs	r3, #1
 2302 001e 84F82130 		strb	r3, [r4, #33]
 2303 0022 0020     		movs	r0, #0
 2304 0024 10BD     		pop	{r4, pc}
 2305              	.L412:
 2306 0026 1846     		mov	r0, r3
 2307 0028 7047     		bx	lr
 2309 002a 00BF     		.section	.text.HAL_NAND_GetECC,"ax",%progbits
 2310              		.align	1
 2311              		.p2align 2,,3
 2312              		.global	HAL_NAND_GetECC
 2313              		.syntax unified
 2314              		.thumb
 2315              		.thumb_func
 2316              		.fpu fpv4-sp-d16
 2318              	HAL_NAND_GetECC:
 2319              		@ args = 0, pretend = 0, frame = 0
 2320              		@ frame_needed = 0, uses_anonymous_args = 0
 2321 0000 10B5     		push	{r4, lr}
 2322 0002 90F82140 		ldrb	r4, [r0, #33]	@ zero_extendqisi2
 2323 0006 E4B2     		uxtb	r4, r4
 2324 0008 022C     		cmp	r4, #2
 2325 000a 0CD0     		beq	.L419
ARM GAS  D:\Programs\cygwin64\tmp\ccZRpSix.s 			page 41


 2326 000c 1346     		mov	r3, r2
 2327 000e 0222     		movs	r2, #2
 2328 0010 0446     		mov	r4, r0
 2329 0012 80F82120 		strb	r2, [r0, #33]
 2330 0016 D0E90002 		ldrd	r0, r2, [r0]
 2331 001a FFF7FEFF 		bl	FMC_NAND_GetECC
 2332 001e 0123     		movs	r3, #1
 2333 0020 84F82130 		strb	r3, [r4, #33]
 2334 0024 10BD     		pop	{r4, pc}
 2335              	.L419:
 2336 0026 2046     		mov	r0, r4
 2337 0028 10BD     		pop	{r4, pc}
 2339 002a 00BF     		.section	.text.HAL_NAND_GetState,"ax",%progbits
 2340              		.align	1
 2341              		.p2align 2,,3
 2342              		.global	HAL_NAND_GetState
 2343              		.syntax unified
 2344              		.thumb
 2345              		.thumb_func
 2346              		.fpu fpv4-sp-d16
 2348              	HAL_NAND_GetState:
 2349              		@ args = 0, pretend = 0, frame = 0
 2350              		@ frame_needed = 0, uses_anonymous_args = 0
 2351              		@ link register save eliminated.
 2352 0000 90F82100 		ldrb	r0, [r0, #33]	@ zero_extendqisi2
 2353 0004 7047     		bx	lr
 2355 0006 00BF     		.ident	"GCC: (GNU Tools for Arm Embedded Processors 8-2018-q4-major) 8.2.1 20181213 (release) [gcc
ARM GAS  D:\Programs\cygwin64\tmp\ccZRpSix.s 			page 42


DEFINED SYMBOLS
                            *ABS*:00000000 stm32f4xx_hal_nand.c
D:\Programs\cygwin64\tmp\ccZRpSix.s:16     .text.HAL_NAND_MspInit:00000000 $t
D:\Programs\cygwin64\tmp\ccZRpSix.s:25     .text.HAL_NAND_MspInit:00000000 HAL_NAND_MspInit
D:\Programs\cygwin64\tmp\ccZRpSix.s:32     .text.HAL_NAND_Init:00000000 $t
D:\Programs\cygwin64\tmp\ccZRpSix.s:40     .text.HAL_NAND_Init:00000000 HAL_NAND_Init
D:\Programs\cygwin64\tmp\ccZRpSix.s:88     .text.HAL_NAND_MspDeInit:00000000 $t
D:\Programs\cygwin64\tmp\ccZRpSix.s:96     .text.HAL_NAND_MspDeInit:00000000 HAL_NAND_MspDeInit
D:\Programs\cygwin64\tmp\ccZRpSix.s:103    .text.HAL_NAND_DeInit:00000000 $t
D:\Programs\cygwin64\tmp\ccZRpSix.s:111    .text.HAL_NAND_DeInit:00000000 HAL_NAND_DeInit
D:\Programs\cygwin64\tmp\ccZRpSix.s:125    .text.HAL_NAND_ITCallback:00000000 $t
D:\Programs\cygwin64\tmp\ccZRpSix.s:133    .text.HAL_NAND_ITCallback:00000000 HAL_NAND_ITCallback
D:\Programs\cygwin64\tmp\ccZRpSix.s:140    .text.HAL_NAND_IRQHandler:00000000 $t
D:\Programs\cygwin64\tmp\ccZRpSix.s:148    .text.HAL_NAND_IRQHandler:00000000 HAL_NAND_IRQHandler
D:\Programs\cygwin64\tmp\ccZRpSix.s:266    .text.HAL_NAND_Read_ID:00000000 $t
D:\Programs\cygwin64\tmp\ccZRpSix.s:274    .text.HAL_NAND_Read_ID:00000000 HAL_NAND_Read_ID
D:\Programs\cygwin64\tmp\ccZRpSix.s:362    .text.HAL_NAND_Read_ID:000000b0 $d
D:\Programs\cygwin64\tmp\ccZRpSix.s:369    .text.HAL_NAND_Reset:00000000 $t
D:\Programs\cygwin64\tmp\ccZRpSix.s:377    .text.HAL_NAND_Reset:00000000 HAL_NAND_Reset
D:\Programs\cygwin64\tmp\ccZRpSix.s:413    .text.HAL_NAND_Reset:00000044 $d
D:\Programs\cygwin64\tmp\ccZRpSix.s:417    .text.HAL_NAND_ConfigDevice:00000000 $t
D:\Programs\cygwin64\tmp\ccZRpSix.s:425    .text.HAL_NAND_ConfigDevice:00000000 HAL_NAND_ConfigDevice
D:\Programs\cygwin64\tmp\ccZRpSix.s:444    .text.HAL_NAND_Read_Page_8b:00000000 $t
D:\Programs\cygwin64\tmp\ccZRpSix.s:452    .text.HAL_NAND_Read_Page_8b:00000000 HAL_NAND_Read_Page_8b
D:\Programs\cygwin64\tmp\ccZRpSix.s:629    .text.HAL_NAND_Read_Page_8b:000001b0 $d
D:\Programs\cygwin64\tmp\ccZRpSix.s:635    .text.HAL_NAND_Read_Page_16b:00000000 $t
D:\Programs\cygwin64\tmp\ccZRpSix.s:643    .text.HAL_NAND_Read_Page_16b:00000000 HAL_NAND_Read_Page_16b
D:\Programs\cygwin64\tmp\ccZRpSix.s:820    .text.HAL_NAND_Read_Page_16b:000001b0 $d
D:\Programs\cygwin64\tmp\ccZRpSix.s:826    .text.HAL_NAND_Write_Page_8b:00000000 $t
D:\Programs\cygwin64\tmp\ccZRpSix.s:834    .text.HAL_NAND_Write_Page_8b:00000000 HAL_NAND_Write_Page_8b
D:\Programs\cygwin64\tmp\ccZRpSix.s:1019   .text.HAL_NAND_Write_Page_8b:000001ac $d
D:\Programs\cygwin64\tmp\ccZRpSix.s:1025   .text.HAL_NAND_Write_Page_16b:00000000 $t
D:\Programs\cygwin64\tmp\ccZRpSix.s:1033   .text.HAL_NAND_Write_Page_16b:00000000 HAL_NAND_Write_Page_16b
D:\Programs\cygwin64\tmp\ccZRpSix.s:1222   .text.HAL_NAND_Write_Page_16b:000001ac $d
D:\Programs\cygwin64\tmp\ccZRpSix.s:1228   .text.HAL_NAND_Read_SpareArea_8b:00000000 $t
D:\Programs\cygwin64\tmp\ccZRpSix.s:1236   .text.HAL_NAND_Read_SpareArea_8b:00000000 HAL_NAND_Read_SpareArea_8b
D:\Programs\cygwin64\tmp\ccZRpSix.s:1424   .text.HAL_NAND_Read_SpareArea_8b:000001e4 $d
D:\Programs\cygwin64\tmp\ccZRpSix.s:1430   .text.HAL_NAND_Read_SpareArea_16b:00000000 $t
D:\Programs\cygwin64\tmp\ccZRpSix.s:1438   .text.HAL_NAND_Read_SpareArea_16b:00000000 HAL_NAND_Read_SpareArea_16b
D:\Programs\cygwin64\tmp\ccZRpSix.s:1628   .text.HAL_NAND_Read_SpareArea_16b:000001ec $d
D:\Programs\cygwin64\tmp\ccZRpSix.s:1634   .text.HAL_NAND_Write_SpareArea_8b:00000000 $t
D:\Programs\cygwin64\tmp\ccZRpSix.s:1642   .text.HAL_NAND_Write_SpareArea_8b:00000000 HAL_NAND_Write_SpareArea_8b
D:\Programs\cygwin64\tmp\ccZRpSix.s:1837   .text.HAL_NAND_Write_SpareArea_8b:000001d4 $d
D:\Programs\cygwin64\tmp\ccZRpSix.s:1843   .text.HAL_NAND_Write_SpareArea_16b:00000000 $t
D:\Programs\cygwin64\tmp\ccZRpSix.s:1851   .text.HAL_NAND_Write_SpareArea_16b:00000000 HAL_NAND_Write_SpareArea_16b
D:\Programs\cygwin64\tmp\ccZRpSix.s:2048   .text.HAL_NAND_Write_SpareArea_16b:000001e4 $d
D:\Programs\cygwin64\tmp\ccZRpSix.s:2054   .text.HAL_NAND_Erase_Block:00000000 $t
D:\Programs\cygwin64\tmp\ccZRpSix.s:2062   .text.HAL_NAND_Erase_Block:00000000 HAL_NAND_Erase_Block
D:\Programs\cygwin64\tmp\ccZRpSix.s:2158   .text.HAL_NAND_Erase_Block:000000fc $d
D:\Programs\cygwin64\tmp\ccZRpSix.s:2164   .text.HAL_NAND_Read_Status:00000000 $t
D:\Programs\cygwin64\tmp\ccZRpSix.s:2172   .text.HAL_NAND_Read_Status:00000000 HAL_NAND_Read_Status
D:\Programs\cygwin64\tmp\ccZRpSix.s:2196   .text.HAL_NAND_Read_Status:00000028 $d
D:\Programs\cygwin64\tmp\ccZRpSix.s:2200   .text.HAL_NAND_Address_Inc:00000000 $t
D:\Programs\cygwin64\tmp\ccZRpSix.s:2208   .text.HAL_NAND_Address_Inc:00000000 HAL_NAND_Address_Inc
D:\Programs\cygwin64\tmp\ccZRpSix.s:2250   .text.HAL_NAND_ECC_Enable:00000000 $t
D:\Programs\cygwin64\tmp\ccZRpSix.s:2258   .text.HAL_NAND_ECC_Enable:00000000 HAL_NAND_ECC_Enable
D:\Programs\cygwin64\tmp\ccZRpSix.s:2280   .text.HAL_NAND_ECC_Disable:00000000 $t
ARM GAS  D:\Programs\cygwin64\tmp\ccZRpSix.s 			page 43


D:\Programs\cygwin64\tmp\ccZRpSix.s:2288   .text.HAL_NAND_ECC_Disable:00000000 HAL_NAND_ECC_Disable
D:\Programs\cygwin64\tmp\ccZRpSix.s:2310   .text.HAL_NAND_GetECC:00000000 $t
D:\Programs\cygwin64\tmp\ccZRpSix.s:2318   .text.HAL_NAND_GetECC:00000000 HAL_NAND_GetECC
D:\Programs\cygwin64\tmp\ccZRpSix.s:2340   .text.HAL_NAND_GetState:00000000 $t
D:\Programs\cygwin64\tmp\ccZRpSix.s:2348   .text.HAL_NAND_GetState:00000000 HAL_NAND_GetState

UNDEFINED SYMBOLS
FMC_NAND_Init
FMC_NAND_CommonSpace_Timing_Init
FMC_NAND_AttributeSpace_Timing_Init
FMC_NAND_DeInit
HAL_GetTick
FMC_NAND_ECC_Enable
FMC_NAND_ECC_Disable
FMC_NAND_GetECC
