ARM GAS  D:\Programs\cygwin64\tmp\cc3eLv9O.s 			page 1


   1              		.cpu cortex-m4
   2              		.eabi_attribute 27, 1
   3              		.eabi_attribute 28, 1
   4              		.eabi_attribute 20, 1
   5              		.eabi_attribute 21, 1
   6              		.eabi_attribute 23, 3
   7              		.eabi_attribute 24, 1
   8              		.eabi_attribute 25, 1
   9              		.eabi_attribute 26, 1
  10              		.eabi_attribute 30, 2
  11              		.eabi_attribute 34, 1
  12              		.eabi_attribute 18, 4
  13              		.file	"stm32f4xx_hal_sai_ex.c"
  14              		.text
  15              		.section	.text.SAI_BlockSynchroConfig,"ax",%progbits
  16              		.align	1
  17              		.p2align 2,,3
  18              		.global	SAI_BlockSynchroConfig
  19              		.arch armv7e-m
  20              		.syntax unified
  21              		.thumb
  22              		.thumb_func
  23              		.fpu fpv4-sp-d16
  25              	SAI_BlockSynchroConfig:
  26              		@ args = 0, pretend = 0, frame = 0
  27              		@ frame_needed = 0, uses_anonymous_args = 0
  28              		@ link register save eliminated.
  29 0000 C368     		ldr	r3, [r0, #12]
  30 0002 012B     		cmp	r3, #1
  31 0004 06D0     		beq	.L3
  32 0006 022B     		cmp	r3, #2
  33 0008 044A     		ldr	r2, .L6
  34 000a 0CBF     		ite	eq
  35 000c 2023     		moveq	r3, #32
  36 000e 0023     		movne	r3, #0
  37 0010 1360     		str	r3, [r2]
  38 0012 7047     		bx	lr
  39              	.L3:
  40 0014 014A     		ldr	r2, .L6
  41 0016 1023     		movs	r3, #16
  42 0018 1360     		str	r3, [r2]
  43 001a 7047     		bx	lr
  44              	.L7:
  45              		.align	2
  46              	.L6:
  47 001c 00580140 		.word	1073829888
  49              		.section	.text.SAI_GetInputClock,"ax",%progbits
  50              		.align	1
  51              		.p2align 2,,3
  52              		.global	SAI_GetInputClock
  53              		.syntax unified
  54              		.thumb
  55              		.thumb_func
  56              		.fpu fpv4-sp-d16
  58              	SAI_GetInputClock:
  59              		@ args = 0, pretend = 0, frame = 0
  60              		@ frame_needed = 0, uses_anonymous_args = 0
ARM GAS  D:\Programs\cygwin64\tmp\cc3eLv9O.s 			page 2


  61              		@ link register save eliminated.
  62 0000 0268     		ldr	r2, [r0]
  63 0002 224B     		ldr	r3, .L17
  64 0004 C169     		ldr	r1, [r0, #28]
  65 0006 9A42     		cmp	r2, r3
  66 0008 214A     		ldr	r2, .L17+4
  67 000a D2F88C30 		ldr	r3, [r2, #140]
  68 000e 0BBF     		itete	eq
  69 0010 23F44013 		biceq	r3, r3, #3145728
  70 0014 23F44003 		bicne	r3, r3, #12582912
  71 0018 0B43     		orreq	r3, r3, r1
  72 001a 43EA8103 		orrne	r3, r3, r1, lsl #2
  73 001e C2F88C30 		str	r3, [r2, #140]
  74 0022 1B4B     		ldr	r3, .L17+4
  75 0024 5A68     		ldr	r2, [r3, #4]
  76 0026 5B68     		ldr	r3, [r3, #4]
  77 0028 5202     		lsls	r2, r2, #9
  78 002a 54BF     		ite	pl
  79 002c 194A     		ldrpl	r2, .L17+8
  80 002e 1A4A     		ldrmi	r2, .L17+12
  81 0030 03F03F03 		and	r3, r3, #63
  82 0034 B2FBF3F2 		udiv	r2, r2, r3
  83 0038 A1B9     		cbnz	r1, .L13
  84 003a 154B     		ldr	r3, .L17+4
  85 003c D3F88810 		ldr	r1, [r3, #136]
  86 0040 D3F88800 		ldr	r0, [r3, #136]
  87 0044 D3F88C30 		ldr	r3, [r3, #140]
  88 0048 C0F38810 		ubfx	r0, r0, #6, #9
  89 004c C3F30423 		ubfx	r3, r3, #8, #5
  90              	.L16:
  91 0050 C1F30361 		ubfx	r1, r1, #24, #4
  92 0054 02FB00F0 		mul	r0, r2, r0
  93 0058 0133     		adds	r3, r3, #1
  94 005a B0FBF1F0 		udiv	r0, r0, r1
  95 005e B0FBF3F0 		udiv	r0, r0, r3
  96 0062 7047     		bx	lr
  97              	.L13:
  98 0064 B1F5801F 		cmp	r1, #1048576
  99 0068 0BD1     		bne	.L15
 100 006a 094B     		ldr	r3, .L17+4
 101 006c D3F88410 		ldr	r1, [r3, #132]
 102 0070 D3F88400 		ldr	r0, [r3, #132]
 103 0074 D3F88C30 		ldr	r3, [r3, #140]
 104 0078 C0F38810 		ubfx	r0, r0, #6, #9
 105 007c 03F01F03 		and	r3, r3, #31
 106 0080 E6E7     		b	.L16
 107              	.L15:
 108 0082 064B     		ldr	r3, .L17+16
 109 0084 0648     		ldr	r0, .L17+20
 110 0086 0122     		movs	r2, #1
 111 0088 1A60     		str	r2, [r3]
 112 008a 7047     		bx	lr
 113              	.L18:
 114              		.align	2
 115              	.L17:
 116 008c 04580140 		.word	1073829892
 117 0090 00380240 		.word	1073887232
ARM GAS  D:\Programs\cygwin64\tmp\cc3eLv9O.s 			page 3


 118 0094 0024F400 		.word	16000000
 119 0098 00127A00 		.word	8000000
 120 009c 5C014742 		.word	1111949660
 121 00a0 0080BB00 		.word	12288000
 123              		.ident	"GCC: (GNU Tools for Arm Embedded Processors 8-2018-q4-major) 8.2.1 20181213 (release) [gcc
ARM GAS  D:\Programs\cygwin64\tmp\cc3eLv9O.s 			page 4


DEFINED SYMBOLS
                            *ABS*:00000000 stm32f4xx_hal_sai_ex.c
D:\Programs\cygwin64\tmp\cc3eLv9O.s:16     .text.SAI_BlockSynchroConfig:00000000 $t
D:\Programs\cygwin64\tmp\cc3eLv9O.s:25     .text.SAI_BlockSynchroConfig:00000000 SAI_BlockSynchroConfig
D:\Programs\cygwin64\tmp\cc3eLv9O.s:47     .text.SAI_BlockSynchroConfig:0000001c $d
D:\Programs\cygwin64\tmp\cc3eLv9O.s:50     .text.SAI_GetInputClock:00000000 $t
D:\Programs\cygwin64\tmp\cc3eLv9O.s:58     .text.SAI_GetInputClock:00000000 SAI_GetInputClock
D:\Programs\cygwin64\tmp\cc3eLv9O.s:116    .text.SAI_GetInputClock:0000008c $d

NO UNDEFINED SYMBOLS
