ARM GAS  D:\Programs\cygwin64\tmp\ccXfKDJ3.s 			page 1


   1              		.cpu cortex-m4
   2              		.eabi_attribute 27, 1
   3              		.eabi_attribute 28, 1
   4              		.eabi_attribute 20, 1
   5              		.eabi_attribute 21, 1
   6              		.eabi_attribute 23, 3
   7              		.eabi_attribute 24, 1
   8              		.eabi_attribute 25, 1
   9              		.eabi_attribute 26, 1
  10              		.eabi_attribute 30, 2
  11              		.eabi_attribute 34, 1
  12              		.eabi_attribute 18, 4
  13              		.file	"stm32f429i_discovery_sdram.c"
  14              		.text
  15              		.section	.text.BSP_SDRAM_Initialization_sequence,"ax",%progbits
  16              		.align	1
  17              		.p2align 2,,3
  18              		.global	BSP_SDRAM_Initialization_sequence
  19              		.arch armv7e-m
  20              		.syntax unified
  21              		.thumb
  22              		.thumb_func
  23              		.fpu fpv4-sp-d16
  25              	BSP_SDRAM_Initialization_sequence:
  26              		@ args = 0, pretend = 0, frame = 8
  27              		@ frame_needed = 0, uses_anonymous_args = 0
  28 0000 2DE9F041 		push	{r4, r5, r6, r7, r8, lr}
  29 0004 244C     		ldr	r4, .L4
  30 0006 254D     		ldr	r5, .L4+4
  31 0008 82B0     		sub	sp, sp, #8
  32 000a 0126     		movs	r6, #1
  33 000c 0023     		movs	r3, #0
  34 000e 2146     		mov	r1, r4
  35 0010 8046     		mov	r8, r0
  36 0012 0827     		movs	r7, #8
  37 0014 4FF6FF72 		movw	r2, #65535
  38 0018 2846     		mov	r0, r5
  39 001a E360     		str	r3, [r4, #12]
  40 001c 0193     		str	r3, [sp, #4]
  41 001e 2660     		str	r6, [r4]
  42 0020 C4E90176 		strd	r7, r6, [r4, #4]
  43 0024 FFF7FEFF 		bl	HAL_SDRAM_SendCommand
  44 0028 3046     		mov	r0, r6
  45 002a FFF7FEFF 		bl	HAL_Delay
  46 002e 0222     		movs	r2, #2
  47 0030 0823     		movs	r3, #8
  48 0032 C4E90023 		strd	r2, [r4]
  49 0036 0023     		movs	r3, #0
  50 0038 0122     		movs	r2, #1
  51 003a C4E90223 		strd	r2, [r4, #8]
  52 003e 2146     		mov	r1, r4
  53 0040 2846     		mov	r0, r5
  54 0042 4FF6FF72 		movw	r2, #65535
  55 0046 FFF7FEFF 		bl	HAL_SDRAM_SendCommand
  56 004a 0322     		movs	r2, #3
  57 004c 0823     		movs	r3, #8
  58 004e C4E90023 		strd	r2, [r4]
ARM GAS  D:\Programs\cygwin64\tmp\ccXfKDJ3.s 			page 2


  59 0052 0023     		movs	r3, #0
  60 0054 0422     		movs	r2, #4
  61 0056 C4E90223 		strd	r2, [r4, #8]
  62 005a 2146     		mov	r1, r4
  63 005c 2846     		mov	r0, r5
  64 005e 4FF6FF72 		movw	r2, #65535
  65 0062 FFF7FEFF 		bl	HAL_SDRAM_SendCommand
  66 0066 4FF40C73 		mov	r3, #560
  67 006a 0193     		str	r3, [sp, #4]
  68 006c 4FF0040C 		mov	ip, #4
  69 0070 019B     		ldr	r3, [sp, #4]
  70 0072 6760     		str	r7, [r4, #4]
  71 0074 2146     		mov	r1, r4
  72 0076 2846     		mov	r0, r5
  73 0078 4FF6FF72 		movw	r2, #65535
  74 007c A660     		str	r6, [r4, #8]
  75 007e C4F800C0 		str	ip, [r4]
  76 0082 E360     		str	r3, [r4, #12]
  77 0084 FFF7FEFF 		bl	HAL_SDRAM_SendCommand
  78 0088 4146     		mov	r1, r8
  79 008a 2846     		mov	r0, r5
  80 008c 02B0     		add	sp, sp, #8
  81              		@ sp needed
  82 008e BDE8F041 		pop	{r4, r5, r6, r7, r8, lr}
  83 0092 FFF7FEBF 		b	HAL_SDRAM_ProgramRefreshRate
  84              	.L5:
  85 0096 00BF     		.align	2
  86              	.L4:
  87 0098 00000000 		.word	.LANCHOR0
  88 009c 00000000 		.word	.LANCHOR1
  90              		.section	.text.BSP_SDRAM_ReadData,"ax",%progbits
  91              		.align	1
  92              		.p2align 2,,3
  93              		.global	BSP_SDRAM_ReadData
  94              		.syntax unified
  95              		.thumb
  96              		.thumb_func
  97              		.fpu fpv4-sp-d16
  99              	BSP_SDRAM_ReadData:
 100              		@ args = 0, pretend = 0, frame = 0
 101              		@ frame_needed = 0, uses_anonymous_args = 0
 102 0000 08B5     		push	{r3, lr}
 103 0002 1346     		mov	r3, r2
 104 0004 0A46     		mov	r2, r1
 105 0006 0146     		mov	r1, r0
 106 0008 0348     		ldr	r0, .L8
 107 000a FFF7FEFF 		bl	HAL_SDRAM_Read_32b
 108 000e 0030     		adds	r0, r0, #0
 109 0010 18BF     		it	ne
 110 0012 0120     		movne	r0, #1
 111 0014 08BD     		pop	{r3, pc}
 112              	.L9:
 113 0016 00BF     		.align	2
 114              	.L8:
 115 0018 00000000 		.word	.LANCHOR1
 117              		.section	.text.BSP_SDRAM_ReadData_DMA,"ax",%progbits
 118              		.align	1
ARM GAS  D:\Programs\cygwin64\tmp\ccXfKDJ3.s 			page 3


 119              		.p2align 2,,3
 120              		.global	BSP_SDRAM_ReadData_DMA
 121              		.syntax unified
 122              		.thumb
 123              		.thumb_func
 124              		.fpu fpv4-sp-d16
 126              	BSP_SDRAM_ReadData_DMA:
 127              		@ args = 0, pretend = 0, frame = 0
 128              		@ frame_needed = 0, uses_anonymous_args = 0
 129 0000 08B5     		push	{r3, lr}
 130 0002 1346     		mov	r3, r2
 131 0004 0A46     		mov	r2, r1
 132 0006 0146     		mov	r1, r0
 133 0008 0348     		ldr	r0, .L12
 134 000a FFF7FEFF 		bl	HAL_SDRAM_Read_DMA
 135 000e 0030     		adds	r0, r0, #0
 136 0010 18BF     		it	ne
 137 0012 0120     		movne	r0, #1
 138 0014 08BD     		pop	{r3, pc}
 139              	.L13:
 140 0016 00BF     		.align	2
 141              	.L12:
 142 0018 00000000 		.word	.LANCHOR1
 144              		.section	.text.BSP_SDRAM_WriteData,"ax",%progbits
 145              		.align	1
 146              		.p2align 2,,3
 147              		.global	BSP_SDRAM_WriteData
 148              		.syntax unified
 149              		.thumb
 150              		.thumb_func
 151              		.fpu fpv4-sp-d16
 153              	BSP_SDRAM_WriteData:
 154              		@ args = 0, pretend = 0, frame = 0
 155              		@ frame_needed = 0, uses_anonymous_args = 0
 156 0000 F8B5     		push	{r3, r4, r5, r6, r7, lr}
 157 0002 084C     		ldr	r4, .L16
 158 0004 0E46     		mov	r6, r1
 159 0006 1746     		mov	r7, r2
 160 0008 0546     		mov	r5, r0
 161 000a 2046     		mov	r0, r4
 162 000c FFF7FEFF 		bl	HAL_SDRAM_WriteProtection_Disable
 163 0010 3B46     		mov	r3, r7
 164 0012 3246     		mov	r2, r6
 165 0014 2946     		mov	r1, r5
 166 0016 2046     		mov	r0, r4
 167 0018 FFF7FEFF 		bl	HAL_SDRAM_Write_32b
 168 001c 0030     		adds	r0, r0, #0
 169 001e 18BF     		it	ne
 170 0020 0120     		movne	r0, #1
 171 0022 F8BD     		pop	{r3, r4, r5, r6, r7, pc}
 172              	.L17:
 173              		.align	2
 174              	.L16:
 175 0024 00000000 		.word	.LANCHOR1
 177              		.section	.text.BSP_SDRAM_WriteData_DMA,"ax",%progbits
 178              		.align	1
 179              		.p2align 2,,3
ARM GAS  D:\Programs\cygwin64\tmp\ccXfKDJ3.s 			page 4


 180              		.global	BSP_SDRAM_WriteData_DMA
 181              		.syntax unified
 182              		.thumb
 183              		.thumb_func
 184              		.fpu fpv4-sp-d16
 186              	BSP_SDRAM_WriteData_DMA:
 187              		@ args = 0, pretend = 0, frame = 0
 188              		@ frame_needed = 0, uses_anonymous_args = 0
 189 0000 08B5     		push	{r3, lr}
 190 0002 1346     		mov	r3, r2
 191 0004 0A46     		mov	r2, r1
 192 0006 0146     		mov	r1, r0
 193 0008 0348     		ldr	r0, .L20
 194 000a FFF7FEFF 		bl	HAL_SDRAM_Write_DMA
 195 000e 0030     		adds	r0, r0, #0
 196 0010 18BF     		it	ne
 197 0012 0120     		movne	r0, #1
 198 0014 08BD     		pop	{r3, pc}
 199              	.L21:
 200 0016 00BF     		.align	2
 201              	.L20:
 202 0018 00000000 		.word	.LANCHOR1
 204              		.section	.text.BSP_SDRAM_Sendcmd,"ax",%progbits
 205              		.align	1
 206              		.p2align 2,,3
 207              		.global	BSP_SDRAM_Sendcmd
 208              		.syntax unified
 209              		.thumb
 210              		.thumb_func
 211              		.fpu fpv4-sp-d16
 213              	BSP_SDRAM_Sendcmd:
 214              		@ args = 0, pretend = 0, frame = 0
 215              		@ frame_needed = 0, uses_anonymous_args = 0
 216 0000 0146     		mov	r1, r0
 217 0002 08B5     		push	{r3, lr}
 218 0004 4FF6FF72 		movw	r2, #65535
 219 0008 0348     		ldr	r0, .L24
 220 000a FFF7FEFF 		bl	HAL_SDRAM_SendCommand
 221 000e 0030     		adds	r0, r0, #0
 222 0010 18BF     		it	ne
 223 0012 0120     		movne	r0, #1
 224 0014 08BD     		pop	{r3, pc}
 225              	.L25:
 226 0016 00BF     		.align	2
 227              	.L24:
 228 0018 00000000 		.word	.LANCHOR1
 230              		.section	.text.BSP_SDRAM_DMA_IRQHandler,"ax",%progbits
 231              		.align	1
 232              		.p2align 2,,3
 233              		.global	BSP_SDRAM_DMA_IRQHandler
 234              		.syntax unified
 235              		.thumb
 236              		.thumb_func
 237              		.fpu fpv4-sp-d16
 239              	BSP_SDRAM_DMA_IRQHandler:
 240              		@ args = 0, pretend = 0, frame = 0
 241              		@ frame_needed = 0, uses_anonymous_args = 0
ARM GAS  D:\Programs\cygwin64\tmp\ccXfKDJ3.s 			page 5


 242              		@ link register save eliminated.
 243 0000 014B     		ldr	r3, .L27
 244 0002 186B     		ldr	r0, [r3, #48]
 245 0004 FFF7FEBF 		b	HAL_DMA_IRQHandler
 246              	.L28:
 247              		.align	2
 248              	.L27:
 249 0008 00000000 		.word	.LANCHOR1
 251              		.section	.text.BSP_SDRAM_MspInit,"ax",%progbits
 252              		.align	1
 253              		.p2align 2,,3
 254              		.weak	BSP_SDRAM_MspInit
 255              		.syntax unified
 256              		.thumb
 257              		.thumb_func
 258              		.fpu fpv4-sp-d16
 260              	BSP_SDRAM_MspInit:
 261              		@ args = 0, pretend = 0, frame = 56
 262              		@ frame_needed = 0, uses_anonymous_args = 0
 263 0000 0028     		cmp	r0, #0
 264 0002 00F0B080 		beq	.L35
 265 0006 70B5     		push	{r4, r5, r6, lr}
 266 0008 8EB0     		sub	sp, sp, #56
 267 000a 574B     		ldr	r3, .L38
 268 000c 574C     		ldr	r4, .L38+4
 269 000e 0025     		movs	r5, #0
 270 0010 0195     		str	r5, [sp, #4]
 271 0012 9A6B     		ldr	r2, [r3, #56]
 272 0014 42F00102 		orr	r2, r2, #1
 273 0018 9A63     		str	r2, [r3, #56]
 274 001a 9A6B     		ldr	r2, [r3, #56]
 275 001c 02F00102 		and	r2, r2, #1
 276 0020 0192     		str	r2, [sp, #4]
 277 0022 019A     		ldr	r2, [sp, #4]
 278 0024 0295     		str	r5, [sp, #8]
 279 0026 1A6B     		ldr	r2, [r3, #48]
 280 0028 42F48002 		orr	r2, r2, #4194304
 281 002c 1A63     		str	r2, [r3, #48]
 282 002e 1A6B     		ldr	r2, [r3, #48]
 283 0030 02F48002 		and	r2, r2, #4194304
 284 0034 0292     		str	r2, [sp, #8]
 285 0036 029A     		ldr	r2, [sp, #8]
 286 0038 0395     		str	r5, [sp, #12]
 287 003a 1A6B     		ldr	r2, [r3, #48]
 288 003c 42F00202 		orr	r2, r2, #2
 289 0040 1A63     		str	r2, [r3, #48]
 290 0042 1A6B     		ldr	r2, [r3, #48]
 291 0044 02F00202 		and	r2, r2, #2
 292 0048 0392     		str	r2, [sp, #12]
 293 004a 039A     		ldr	r2, [sp, #12]
 294 004c 0495     		str	r5, [sp, #16]
 295 004e 1A6B     		ldr	r2, [r3, #48]
 296 0050 42F00402 		orr	r2, r2, #4
 297 0054 1A63     		str	r2, [r3, #48]
 298 0056 1A6B     		ldr	r2, [r3, #48]
 299 0058 02F00402 		and	r2, r2, #4
 300 005c 0492     		str	r2, [sp, #16]
ARM GAS  D:\Programs\cygwin64\tmp\ccXfKDJ3.s 			page 6


 301 005e 049A     		ldr	r2, [sp, #16]
 302 0060 0595     		str	r5, [sp, #20]
 303 0062 1A6B     		ldr	r2, [r3, #48]
 304 0064 42F00802 		orr	r2, r2, #8
 305 0068 1A63     		str	r2, [r3, #48]
 306 006a 1A6B     		ldr	r2, [r3, #48]
 307 006c 02F00802 		and	r2, r2, #8
 308 0070 0592     		str	r2, [sp, #20]
 309 0072 059A     		ldr	r2, [sp, #20]
 310 0074 0695     		str	r5, [sp, #24]
 311 0076 1A6B     		ldr	r2, [r3, #48]
 312 0078 42F01002 		orr	r2, r2, #16
 313 007c 1A63     		str	r2, [r3, #48]
 314 007e 1A6B     		ldr	r2, [r3, #48]
 315 0080 02F01002 		and	r2, r2, #16
 316 0084 0692     		str	r2, [sp, #24]
 317 0086 069A     		ldr	r2, [sp, #24]
 318 0088 0795     		str	r5, [sp, #28]
 319 008a 1A6B     		ldr	r2, [r3, #48]
 320 008c 42F02002 		orr	r2, r2, #32
 321 0090 1A63     		str	r2, [r3, #48]
 322 0092 1A6B     		ldr	r2, [r3, #48]
 323 0094 02F02002 		and	r2, r2, #32
 324 0098 0792     		str	r2, [sp, #28]
 325 009a 079A     		ldr	r2, [sp, #28]
 326 009c 0895     		str	r5, [sp, #32]
 327 009e 1A6B     		ldr	r2, [r3, #48]
 328 00a0 42F04002 		orr	r2, r2, #64
 329 00a4 1A63     		str	r2, [r3, #48]
 330 00a6 1B6B     		ldr	r3, [r3, #48]
 331 00a8 0B95     		str	r5, [sp, #44]
 332 00aa 03F04003 		and	r3, r3, #64
 333 00ae 0893     		str	r3, [sp, #32]
 334 00b0 0223     		movs	r3, #2
 335 00b2 0A93     		str	r3, [sp, #40]
 336 00b4 0C93     		str	r3, [sp, #48]
 337 00b6 0C23     		movs	r3, #12
 338 00b8 0646     		mov	r6, r0
 339 00ba 09A9     		add	r1, sp, #36
 340 00bc 0D93     		str	r3, [sp, #52]
 341 00be 2C48     		ldr	r0, .L38+8
 342 00c0 089A     		ldr	r2, [sp, #32]
 343 00c2 6023     		movs	r3, #96
 344 00c4 0993     		str	r3, [sp, #36]
 345 00c6 FFF7FEFF 		bl	HAL_GPIO_Init
 346 00ca 09A9     		add	r1, sp, #36
 347 00cc 0123     		movs	r3, #1
 348 00ce 2948     		ldr	r0, .L38+12
 349 00d0 0993     		str	r3, [sp, #36]
 350 00d2 FFF7FEFF 		bl	HAL_GPIO_Init
 351 00d6 09A9     		add	r1, sp, #36
 352 00d8 4CF20373 		movw	r3, #50947
 353 00dc 2648     		ldr	r0, .L38+16
 354 00de 0993     		str	r3, [sp, #36]
 355 00e0 FFF7FEFF 		bl	HAL_GPIO_Init
 356 00e4 09A9     		add	r1, sp, #36
 357 00e6 4FF68373 		movw	r3, #65411
ARM GAS  D:\Programs\cygwin64\tmp\ccXfKDJ3.s 			page 7


 358 00ea 2448     		ldr	r0, .L38+20
 359 00ec 0993     		str	r3, [sp, #36]
 360 00ee FFF7FEFF 		bl	HAL_GPIO_Init
 361 00f2 09A9     		add	r1, sp, #36
 362 00f4 4FF63F03 		movw	r3, #63551
 363 00f8 2148     		ldr	r0, .L38+24
 364 00fa 0993     		str	r3, [sp, #36]
 365 00fc FFF7FEFF 		bl	HAL_GPIO_Init
 366 0100 09A9     		add	r1, sp, #36
 367 0102 48F23313 		movw	r3, #33075
 368 0106 1F48     		ldr	r0, .L38+28
 369 0108 0993     		str	r3, [sp, #36]
 370 010a FFF7FEFF 		bl	HAL_GPIO_Init
 371 010e 8020     		movs	r0, #128
 372 0110 A060     		str	r0, [r4, #8]
 373 0112 4FF40071 		mov	r1, #512
 374 0116 4FF48062 		mov	r2, #1024
 375 011a 4FF48053 		mov	r3, #4096
 376 011e 4FF48040 		mov	r0, #16384
 377 0122 2563     		str	r5, [r4, #48]
 378 0124 E160     		str	r1, [r4, #12]
 379 0126 3463     		str	r4, [r6, #48]
 380 0128 4FF40031 		mov	r1, #131072
 381 012c 2261     		str	r2, [r4, #16]
 382 012e 6361     		str	r3, [r4, #20]
 383 0130 0322     		movs	r2, #3
 384 0132 154B     		ldr	r3, .L38+32
 385 0134 A061     		str	r0, [r4, #24]
 386 0136 2046     		mov	r0, r4
 387 0138 2360     		str	r3, [r4]
 388 013a 2162     		str	r1, [r4, #32]
 389 013c A262     		str	r2, [r4, #40]
 390 013e 6560     		str	r5, [r4, #4]
 391 0140 E561     		str	r5, [r4, #28]
 392 0142 6562     		str	r5, [r4, #36]
 393 0144 E562     		str	r5, [r4, #44]
 394 0146 A663     		str	r6, [r4, #56]
 395 0148 FFF7FEFF 		bl	HAL_DMA_DeInit
 396 014c 2046     		mov	r0, r4
 397 014e FFF7FEFF 		bl	HAL_DMA_Init
 398 0152 2A46     		mov	r2, r5
 399 0154 0F21     		movs	r1, #15
 400 0156 3820     		movs	r0, #56
 401 0158 FFF7FEFF 		bl	HAL_NVIC_SetPriority
 402 015c 3820     		movs	r0, #56
 403 015e FFF7FEFF 		bl	HAL_NVIC_EnableIRQ
 404 0162 0EB0     		add	sp, sp, #56
 405              		@ sp needed
 406 0164 70BD     		pop	{r4, r5, r6, pc}
 407              	.L35:
 408 0166 7047     		bx	lr
 409              	.L39:
 410              		.align	2
 411              	.L38:
 412 0168 00380240 		.word	1073887232
 413 016c 00000000 		.word	.LANCHOR2
 414 0170 00040240 		.word	1073873920
ARM GAS  D:\Programs\cygwin64\tmp\ccXfKDJ3.s 			page 8


 415 0174 00080240 		.word	1073874944
 416 0178 000C0240 		.word	1073875968
 417 017c 00100240 		.word	1073876992
 418 0180 00140240 		.word	1073878016
 419 0184 00180240 		.word	1073879040
 420 0188 10640240 		.word	1073898512
 422              		.section	.text.BSP_SDRAM_Init,"ax",%progbits
 423              		.align	1
 424              		.p2align 2,,3
 425              		.global	BSP_SDRAM_Init
 426              		.syntax unified
 427              		.thumb
 428              		.thumb_func
 429              		.fpu fpv4-sp-d16
 431              	BSP_SDRAM_Init:
 432              		@ args = 0, pretend = 0, frame = 0
 433              		@ frame_needed = 0, uses_anonymous_args = 0
 434 0000 F8B5     		push	{r3, r4, r5, r6, r7, lr}
 435 0002 1D4C     		ldr	r4, .L42
 436 0004 1D4D     		ldr	r5, .L42+4
 437 0006 1E4B     		ldr	r3, .L42+8
 438 0008 2360     		str	r3, [r4]
 439 000a 1026     		movs	r6, #16
 440 000c 2661     		str	r6, [r4, #16]
 441 000e 4FF40056 		mov	r6, #8192
 442 0012 A662     		str	r6, [r4, #40]
 443 0014 0121     		movs	r1, #1
 444 0016 0422     		movs	r2, #4
 445 0018 0226     		movs	r6, #2
 446 001a 0727     		movs	r7, #7
 447 001c 0023     		movs	r3, #0
 448 001e C5E90067 		strd	r6, [r5]
 449 0022 6160     		str	r1, [r4, #4]
 450 0024 E260     		str	r2, [r4, #12]
 451 0026 4020     		movs	r0, #64
 452 0028 4FF4C071 		mov	r1, #384
 453 002c 4FF40062 		mov	r2, #2048
 454 0030 0426     		movs	r6, #4
 455 0032 0727     		movs	r7, #7
 456 0034 C5E90267 		strd	r6, [r5, #8]
 457 0038 6061     		str	r0, [r4, #20]
 458 003a A161     		str	r1, [r4, #24]
 459 003c 2046     		mov	r0, r4
 460 003e 1946     		mov	r1, r3
 461 0040 2262     		str	r2, [r4, #32]
 462 0042 0226     		movs	r6, #2
 463 0044 0222     		movs	r2, #2
 464 0046 0227     		movs	r7, #2
 465 0048 A360     		str	r3, [r4, #8]
 466 004a E361     		str	r3, [r4, #28]
 467 004c 6362     		str	r3, [r4, #36]
 468 004e AA61     		str	r2, [r5, #24]
 469 0050 C5E90467 		strd	r6, [r5, #16]
 470 0054 FFF7FEFF 		bl	BSP_SDRAM_MspInit
 471 0058 2946     		mov	r1, r5
 472 005a 2046     		mov	r0, r4
 473 005c FFF7FEFF 		bl	HAL_SDRAM_Init
ARM GAS  D:\Programs\cygwin64\tmp\ccXfKDJ3.s 			page 9


 474 0060 084C     		ldr	r4, .L42+12
 475 0062 031C     		adds	r3, r0, #0
 476 0064 18BF     		it	ne
 477 0066 0123     		movne	r3, #1
 478 0068 40F26A50 		movw	r0, #1386
 479 006c 2370     		strb	r3, [r4]
 480 006e FFF7FEFF 		bl	BSP_SDRAM_Initialization_sequence
 481 0072 2078     		ldrb	r0, [r4]	@ zero_extendqisi2
 482 0074 F8BD     		pop	{r3, r4, r5, r6, r7, pc}
 483              	.L43:
 484 0076 00BF     		.align	2
 485              	.L42:
 486 0078 00000000 		.word	.LANCHOR1
 487 007c 00000000 		.word	.LANCHOR3
 488 0080 400100A0 		.word	-1610612416
 489 0084 00000000 		.word	.LANCHOR4
 491              		.section	.text.BSP_SDRAM_MspDeInit,"ax",%progbits
 492              		.align	1
 493              		.p2align 2,,3
 494              		.weak	BSP_SDRAM_MspDeInit
 495              		.syntax unified
 496              		.thumb
 497              		.thumb_func
 498              		.fpu fpv4-sp-d16
 500              	BSP_SDRAM_MspDeInit:
 501              		@ args = 0, pretend = 0, frame = 0
 502              		@ frame_needed = 0, uses_anonymous_args = 0
 503 0000 50B1     		cbz	r0, .L44
 504 0002 08B5     		push	{r3, lr}
 505 0004 3820     		movs	r0, #56
 506 0006 FFF7FEFF 		bl	HAL_NVIC_DisableIRQ
 507 000a 0448     		ldr	r0, .L49
 508 000c 044B     		ldr	r3, .L49+4
 509 000e 0360     		str	r3, [r0]
 510 0010 BDE80840 		pop	{r3, lr}
 511 0014 FFF7FEBF 		b	HAL_DMA_DeInit
 512              	.L44:
 513 0018 7047     		bx	lr
 514              	.L50:
 515 001a 00BF     		.align	2
 516              	.L49:
 517 001c 00000000 		.word	.LANCHOR5
 518 0020 10640240 		.word	1073898512
 520              		.section	.bss.Command,"aw",%nobits
 521              		.align	3
 522              		.set	.LANCHOR0,. + 0
 525              	Command:
 526 0000 00000000 		.space	16
 526      00000000 
 526      00000000 
 526      00000000 
 527              		.section	.bss.SdramHandle,"aw",%nobits
 528              		.align	2
 529              		.set	.LANCHOR1,. + 0
 532              	SdramHandle:
 533 0000 00000000 		.space	52
 533      00000000 
ARM GAS  D:\Programs\cygwin64\tmp\ccXfKDJ3.s 			page 10


 533      00000000 
 533      00000000 
 533      00000000 
 534              		.section	.bss.Timing,"aw",%nobits
 535              		.align	3
 536              		.set	.LANCHOR3,. + 0
 539              	Timing:
 540 0000 00000000 		.space	28
 540      00000000 
 540      00000000 
 540      00000000 
 540      00000000 
 541              		.section	.bss.dmaHandle.11840,"aw",%nobits
 542              		.align	2
 543              		.set	.LANCHOR2,. + 0
 546              	dmaHandle.11840:
 547 0000 00000000 		.space	96
 547      00000000 
 547      00000000 
 547      00000000 
 547      00000000 
 548              		.section	.bss.dma_handle.11854,"aw",%nobits
 549              		.align	2
 550              		.set	.LANCHOR5,. + 0
 553              	dma_handle.11854:
 554 0000 00000000 		.space	96
 554      00000000 
 554      00000000 
 554      00000000 
 554      00000000 
 555              		.section	.data.sdramstatus.11805,"aw"
 556              		.set	.LANCHOR4,. + 0
 559              	sdramstatus.11805:
 560 0000 01       		.byte	1
 561              		.ident	"GCC: (GNU Tools for Arm Embedded Processors 8-2018-q4-major) 8.2.1 20181213 (release) [gcc
ARM GAS  D:\Programs\cygwin64\tmp\ccXfKDJ3.s 			page 11


DEFINED SYMBOLS
                            *ABS*:00000000 stm32f429i_discovery_sdram.c
D:\Programs\cygwin64\tmp\ccXfKDJ3.s:16     .text.BSP_SDRAM_Initialization_sequence:00000000 $t
D:\Programs\cygwin64\tmp\ccXfKDJ3.s:25     .text.BSP_SDRAM_Initialization_sequence:00000000 BSP_SDRAM_Initialization_sequence
D:\Programs\cygwin64\tmp\ccXfKDJ3.s:87     .text.BSP_SDRAM_Initialization_sequence:00000098 $d
D:\Programs\cygwin64\tmp\ccXfKDJ3.s:91     .text.BSP_SDRAM_ReadData:00000000 $t
D:\Programs\cygwin64\tmp\ccXfKDJ3.s:99     .text.BSP_SDRAM_ReadData:00000000 BSP_SDRAM_ReadData
D:\Programs\cygwin64\tmp\ccXfKDJ3.s:115    .text.BSP_SDRAM_ReadData:00000018 $d
D:\Programs\cygwin64\tmp\ccXfKDJ3.s:118    .text.BSP_SDRAM_ReadData_DMA:00000000 $t
D:\Programs\cygwin64\tmp\ccXfKDJ3.s:126    .text.BSP_SDRAM_ReadData_DMA:00000000 BSP_SDRAM_ReadData_DMA
D:\Programs\cygwin64\tmp\ccXfKDJ3.s:142    .text.BSP_SDRAM_ReadData_DMA:00000018 $d
D:\Programs\cygwin64\tmp\ccXfKDJ3.s:145    .text.BSP_SDRAM_WriteData:00000000 $t
D:\Programs\cygwin64\tmp\ccXfKDJ3.s:153    .text.BSP_SDRAM_WriteData:00000000 BSP_SDRAM_WriteData
D:\Programs\cygwin64\tmp\ccXfKDJ3.s:175    .text.BSP_SDRAM_WriteData:00000024 $d
D:\Programs\cygwin64\tmp\ccXfKDJ3.s:178    .text.BSP_SDRAM_WriteData_DMA:00000000 $t
D:\Programs\cygwin64\tmp\ccXfKDJ3.s:186    .text.BSP_SDRAM_WriteData_DMA:00000000 BSP_SDRAM_WriteData_DMA
D:\Programs\cygwin64\tmp\ccXfKDJ3.s:202    .text.BSP_SDRAM_WriteData_DMA:00000018 $d
D:\Programs\cygwin64\tmp\ccXfKDJ3.s:205    .text.BSP_SDRAM_Sendcmd:00000000 $t
D:\Programs\cygwin64\tmp\ccXfKDJ3.s:213    .text.BSP_SDRAM_Sendcmd:00000000 BSP_SDRAM_Sendcmd
D:\Programs\cygwin64\tmp\ccXfKDJ3.s:228    .text.BSP_SDRAM_Sendcmd:00000018 $d
D:\Programs\cygwin64\tmp\ccXfKDJ3.s:231    .text.BSP_SDRAM_DMA_IRQHandler:00000000 $t
D:\Programs\cygwin64\tmp\ccXfKDJ3.s:239    .text.BSP_SDRAM_DMA_IRQHandler:00000000 BSP_SDRAM_DMA_IRQHandler
D:\Programs\cygwin64\tmp\ccXfKDJ3.s:249    .text.BSP_SDRAM_DMA_IRQHandler:00000008 $d
D:\Programs\cygwin64\tmp\ccXfKDJ3.s:252    .text.BSP_SDRAM_MspInit:00000000 $t
D:\Programs\cygwin64\tmp\ccXfKDJ3.s:260    .text.BSP_SDRAM_MspInit:00000000 BSP_SDRAM_MspInit
D:\Programs\cygwin64\tmp\ccXfKDJ3.s:412    .text.BSP_SDRAM_MspInit:00000168 $d
D:\Programs\cygwin64\tmp\ccXfKDJ3.s:423    .text.BSP_SDRAM_Init:00000000 $t
D:\Programs\cygwin64\tmp\ccXfKDJ3.s:431    .text.BSP_SDRAM_Init:00000000 BSP_SDRAM_Init
D:\Programs\cygwin64\tmp\ccXfKDJ3.s:486    .text.BSP_SDRAM_Init:00000078 $d
D:\Programs\cygwin64\tmp\ccXfKDJ3.s:492    .text.BSP_SDRAM_MspDeInit:00000000 $t
D:\Programs\cygwin64\tmp\ccXfKDJ3.s:500    .text.BSP_SDRAM_MspDeInit:00000000 BSP_SDRAM_MspDeInit
D:\Programs\cygwin64\tmp\ccXfKDJ3.s:517    .text.BSP_SDRAM_MspDeInit:0000001c $d
D:\Programs\cygwin64\tmp\ccXfKDJ3.s:521    .bss.Command:00000000 $d
D:\Programs\cygwin64\tmp\ccXfKDJ3.s:525    .bss.Command:00000000 Command
D:\Programs\cygwin64\tmp\ccXfKDJ3.s:528    .bss.SdramHandle:00000000 $d
D:\Programs\cygwin64\tmp\ccXfKDJ3.s:532    .bss.SdramHandle:00000000 SdramHandle
D:\Programs\cygwin64\tmp\ccXfKDJ3.s:535    .bss.Timing:00000000 $d
D:\Programs\cygwin64\tmp\ccXfKDJ3.s:539    .bss.Timing:00000000 Timing
D:\Programs\cygwin64\tmp\ccXfKDJ3.s:542    .bss.dmaHandle.11840:00000000 $d
D:\Programs\cygwin64\tmp\ccXfKDJ3.s:546    .bss.dmaHandle.11840:00000000 dmaHandle.11840
D:\Programs\cygwin64\tmp\ccXfKDJ3.s:549    .bss.dma_handle.11854:00000000 $d
D:\Programs\cygwin64\tmp\ccXfKDJ3.s:553    .bss.dma_handle.11854:00000000 dma_handle.11854
D:\Programs\cygwin64\tmp\ccXfKDJ3.s:559    .data.sdramstatus.11805:00000000 sdramstatus.11805

UNDEFINED SYMBOLS
HAL_SDRAM_SendCommand
HAL_Delay
HAL_SDRAM_ProgramRefreshRate
HAL_SDRAM_Read_32b
HAL_SDRAM_Read_DMA
HAL_SDRAM_WriteProtection_Disable
HAL_SDRAM_Write_32b
HAL_SDRAM_Write_DMA
HAL_DMA_IRQHandler
HAL_GPIO_Init
HAL_DMA_DeInit
HAL_DMA_Init
ARM GAS  D:\Programs\cygwin64\tmp\ccXfKDJ3.s 			page 12


HAL_NVIC_SetPriority
HAL_NVIC_EnableIRQ
HAL_SDRAM_Init
HAL_NVIC_DisableIRQ
