ARM GAS  D:\Programs\cygwin64\tmp\cc8nAzO1.s 			page 1


   1              		.cpu cortex-m4
   2              		.eabi_attribute 27, 1
   3              		.eabi_attribute 28, 1
   4              		.eabi_attribute 20, 1
   5              		.eabi_attribute 21, 1
   6              		.eabi_attribute 23, 3
   7              		.eabi_attribute 24, 1
   8              		.eabi_attribute 25, 1
   9              		.eabi_attribute 26, 1
  10              		.eabi_attribute 30, 2
  11              		.eabi_attribute 34, 1
  12              		.eabi_attribute 18, 4
  13              		.file	"stm32f4xx_hal_hcd.c"
  14              		.text
  15              		.section	.text.HAL_HCD_HC_Init,"ax",%progbits
  16              		.align	1
  17              		.p2align 2,,3
  18              		.global	HAL_HCD_HC_Init
  19              		.arch armv7e-m
  20              		.syntax unified
  21              		.thumb
  22              		.thumb_func
  23              		.fpu fpv4-sp-d16
  25              	HAL_HCD_HC_Init:
  26              		@ args = 12, pretend = 0, frame = 0
  27              		@ frame_needed = 0, uses_anonymous_args = 0
  28 0000 2DE9F047 		push	{r4, r5, r6, r7, r8, r9, r10, lr}
  29 0004 90F8B842 		ldrb	r4, [r0, #696]	@ zero_extendqisi2
  30 0008 84B0     		sub	sp, sp, #16
  31 000a 012C     		cmp	r4, #1
  32 000c 9DF83070 		ldrb	r7, [sp, #48]	@ zero_extendqisi2
  33 0010 9DF834C0 		ldrb	ip, [sp, #52]	@ zero_extendqisi2
  34 0014 BDF838E0 		ldrh	lr, [sp, #56]
  35 0018 28D0     		beq	.L3
  36 001a 0546     		mov	r5, r0
  37 001c 01EB8104 		add	r4, r1, r1, lsl #2
  38 0020 00EBC404 		add	r4, r0, r4, lsl #3
  39 0024 4FF00108 		mov	r8, #1
  40 0028 85F8B882 		strb	r8, [r5, #696]
  41 002c 02F07F00 		and	r0, r2, #127
  42 0030 D609     		lsrs	r6, r2, #7
  43 0032 4FF00008 		mov	r8, #0
  44 0036 84F83830 		strb	r3, [r4, #56]
  45 003a 84F83910 		strb	r1, [r4, #57]
  46 003e 84F83FC0 		strb	ip, [r4, #63]
  47 0042 84F83C70 		strb	r7, [r4, #60]
  48 0046 84F83A00 		strb	r0, [r4, #58]
  49 004a 84F83B60 		strb	r6, [r4, #59]
  50 004e 84F83D80 		strb	r8, [r4, #61]
  51 0052 A4F840E0 		strh	lr, [r4, #64]	@ movhi
  52 0056 2868     		ldr	r0, [r5]
  53 0058 0097     		str	r7, [sp]
  54 005a CDE901CE 		strd	ip, lr, [sp, #4]
  55 005e FFF7FEFF 		bl	USB_HC_Init
  56 0062 85F8B882 		strb	r8, [r5, #696]
  57 0066 04B0     		add	sp, sp, #16
  58              		@ sp needed
ARM GAS  D:\Programs\cygwin64\tmp\cc8nAzO1.s 			page 2


  59 0068 BDE8F087 		pop	{r4, r5, r6, r7, r8, r9, r10, pc}
  60              	.L3:
  61 006c 0220     		movs	r0, #2
  62 006e 04B0     		add	sp, sp, #16
  63              		@ sp needed
  64 0070 BDE8F087 		pop	{r4, r5, r6, r7, r8, r9, r10, pc}
  66              		.section	.text.HAL_HCD_HC_Halt,"ax",%progbits
  67              		.align	1
  68              		.p2align 2,,3
  69              		.global	HAL_HCD_HC_Halt
  70              		.syntax unified
  71              		.thumb
  72              		.thumb_func
  73              		.fpu fpv4-sp-d16
  75              	HAL_HCD_HC_Halt:
  76              		@ args = 0, pretend = 0, frame = 0
  77              		@ frame_needed = 0, uses_anonymous_args = 0
  78 0000 90F8B832 		ldrb	r3, [r0, #696]	@ zero_extendqisi2
  79 0004 012B     		cmp	r3, #1
  80 0006 0BD0     		beq	.L8
  81 0008 10B5     		push	{r4, lr}
  82 000a 0123     		movs	r3, #1
  83 000c 0446     		mov	r4, r0
  84 000e 80F8B832 		strb	r3, [r0, #696]
  85 0012 0068     		ldr	r0, [r0]
  86 0014 FFF7FEFF 		bl	USB_HC_Halt
  87 0018 0020     		movs	r0, #0
  88 001a 84F8B802 		strb	r0, [r4, #696]
  89 001e 10BD     		pop	{r4, pc}
  90              	.L8:
  91 0020 0220     		movs	r0, #2
  92 0022 7047     		bx	lr
  94              		.section	.text.HAL_HCD_MspInit,"ax",%progbits
  95              		.align	1
  96              		.p2align 2,,3
  97              		.weak	HAL_HCD_MspInit
  98              		.syntax unified
  99              		.thumb
 100              		.thumb_func
 101              		.fpu fpv4-sp-d16
 103              	HAL_HCD_MspInit:
 104              		@ args = 0, pretend = 0, frame = 0
 105              		@ frame_needed = 0, uses_anonymous_args = 0
 106              		@ link register save eliminated.
 107 0000 7047     		bx	lr
 109 0002 00BF     		.section	.text.HAL_HCD_Init,"ax",%progbits
 110              		.align	1
 111              		.p2align 2,,3
 112              		.global	HAL_HCD_Init
 113              		.syntax unified
 114              		.thumb
 115              		.thumb_func
 116              		.fpu fpv4-sp-d16
 118              	HAL_HCD_Init:
 119              		@ args = 0, pretend = 0, frame = 0
 120              		@ frame_needed = 0, uses_anonymous_args = 0
 121 0000 0028     		cmp	r0, #0
ARM GAS  D:\Programs\cygwin64\tmp\cc8nAzO1.s 			page 3


 122 0002 4AD0     		beq	.L18
 123 0004 2DE9F041 		push	{r4, r5, r6, r7, r8, lr}
 124 0008 90F8B932 		ldrb	r3, [r0, #697]	@ zero_extendqisi2
 125 000c 0468     		ldr	r4, [r0]
 126 000e 8AB0     		sub	sp, sp, #40
 127 0010 0746     		mov	r7, r0
 128 0012 03F0FF02 		and	r2, r3, #255
 129 0016 002B     		cmp	r3, #0
 130 0018 39D0     		beq	.L24
 131 001a 2046     		mov	r0, r4
 132              	.L16:
 133 001c 0323     		movs	r3, #3
 134 001e 87F8B932 		strb	r3, [r7, #697]
 135 0022 E36B     		ldr	r3, [r4, #60]
 136 0024 3C46     		mov	r4, r7
 137 0026 13F48073 		ands	r3, r3, #256
 138 002a 08BF     		it	eq
 139 002c 3B61     		streq	r3, [r7, #16]
 140 002e FFF7FEFF 		bl	USB_DisableGlobalInt
 141 0032 54F8106B 		ldr	r6, [r4], #16
 142 0036 0FCC     		ldmia	r4!, {r0, r1, r2, r3}
 143 0038 6D46     		mov	r5, sp
 144 003a 0FC5     		stmia	r5!, {r0, r1, r2, r3}
 145 003c 0FCC     		ldmia	r4!, {r0, r1, r2, r3}
 146 003e 0FC5     		stmia	r5!, {r0, r1, r2, r3}
 147 0040 94E80300 		ldm	r4, {r0, r1}
 148 0044 85E80300 		stm	r5, {r0, r1}
 149 0048 07F10408 		add	r8, r7, #4
 150 004c 98E80E00 		ldm	r8, {r1, r2, r3}
 151 0050 3046     		mov	r0, r6
 152 0052 3E46     		mov	r6, r7
 153 0054 FFF7FEFF 		bl	USB_CoreInit
 154 0058 0121     		movs	r1, #1
 155 005a 3868     		ldr	r0, [r7]
 156 005c FFF7FEFF 		bl	USB_SetCurrentMode
 157 0060 56F810CB 		ldr	ip, [r6], #16
 158 0064 0FCE     		ldmia	r6!, {r0, r1, r2, r3}
 159 0066 6D46     		mov	r5, sp
 160 0068 0FC5     		stmia	r5!, {r0, r1, r2, r3}
 161 006a 0FCE     		ldmia	r6!, {r0, r1, r2, r3}
 162 006c 0FC5     		stmia	r5!, {r0, r1, r2, r3}
 163 006e 94E80300 		ldm	r4, {r0, r1}
 164 0072 85E80300 		stm	r5, {r0, r1}
 165 0076 6046     		mov	r0, ip
 166 0078 98E80E00 		ldm	r8, {r1, r2, r3}
 167 007c FFF7FEFF 		bl	USB_HostInit
 168 0080 0123     		movs	r3, #1
 169 0082 0020     		movs	r0, #0
 170 0084 87F8B932 		strb	r3, [r7, #697]
 171 0088 0AB0     		add	sp, sp, #40
 172              		@ sp needed
 173 008a BDE8F081 		pop	{r4, r5, r6, r7, r8, pc}
 174              	.L24:
 175 008e 80F8B822 		strb	r2, [r0, #696]
 176 0092 FFF7FEFF 		bl	HAL_HCD_MspInit
 177 0096 3868     		ldr	r0, [r7]
 178 0098 C0E7     		b	.L16
ARM GAS  D:\Programs\cygwin64\tmp\cc8nAzO1.s 			page 4


 179              	.L18:
 180 009a 0120     		movs	r0, #1
 181 009c 7047     		bx	lr
 183 009e 00BF     		.section	.text.HAL_HCD_MspDeInit,"ax",%progbits
 184              		.align	1
 185              		.p2align 2,,3
 186              		.weak	HAL_HCD_MspDeInit
 187              		.syntax unified
 188              		.thumb
 189              		.thumb_func
 190              		.fpu fpv4-sp-d16
 192              	HAL_HCD_MspDeInit:
 193              		@ args = 0, pretend = 0, frame = 0
 194              		@ frame_needed = 0, uses_anonymous_args = 0
 195              		@ link register save eliminated.
 196 0000 7047     		bx	lr
 198 0002 00BF     		.section	.text.HAL_HCD_DeInit,"ax",%progbits
 199              		.align	1
 200              		.p2align 2,,3
 201              		.global	HAL_HCD_DeInit
 202              		.syntax unified
 203              		.thumb
 204              		.thumb_func
 205              		.fpu fpv4-sp-d16
 207              	HAL_HCD_DeInit:
 208              		@ args = 0, pretend = 0, frame = 0
 209              		@ frame_needed = 0, uses_anonymous_args = 0
 210 0000 68B1     		cbz	r0, .L28
 211 0002 10B5     		push	{r4, lr}
 212 0004 0323     		movs	r3, #3
 213 0006 0446     		mov	r4, r0
 214 0008 80F8B932 		strb	r3, [r0, #697]
 215 000c FFF7FEFF 		bl	HAL_HCD_MspDeInit
 216 0010 2068     		ldr	r0, [r4]
 217 0012 FFF7FEFF 		bl	USB_DisableGlobalInt
 218 0016 0020     		movs	r0, #0
 219 0018 84F8B902 		strb	r0, [r4, #697]
 220 001c 10BD     		pop	{r4, pc}
 221              	.L28:
 222 001e 0120     		movs	r0, #1
 223 0020 7047     		bx	lr
 225 0022 00BF     		.section	.text.HAL_HCD_HC_SubmitRequest,"ax",%progbits
 226              		.align	1
 227              		.p2align 2,,3
 228              		.global	HAL_HCD_HC_SubmitRequest
 229              		.syntax unified
 230              		.thumb
 231              		.thumb_func
 232              		.fpu fpv4-sp-d16
 234              	HAL_HCD_HC_SubmitRequest:
 235              		@ args = 16, pretend = 0, frame = 0
 236              		@ frame_needed = 0, uses_anonymous_args = 0
 237              		@ link register save eliminated.
 238 0000 F0B4     		push	{r4, r5, r6, r7}
 239 0002 8C00     		lsls	r4, r1, #2
 240 0004 9DF81070 		ldrb	r7, [sp, #16]	@ zero_extendqisi2
 241 0008 059E     		ldr	r6, [sp, #20]
ARM GAS  D:\Programs\cygwin64\tmp\cc8nAzO1.s 			page 5


 242 000a 6518     		adds	r5, r4, r1
 243 000c 00EBC505 		add	r5, r0, r5, lsl #3
 244 0010 002F     		cmp	r7, #0
 245 0012 14BF     		ite	ne
 246 0014 4FF0020C 		movne	ip, #2
 247 0018 4FF0030C 		moveq	ip, #3
 248 001c 85F83B20 		strb	r2, [r5, #59]
 249 0020 85F83F30 		strb	r3, [r5, #63]
 250 0024 85F842C0 		strb	ip, [r5, #66]
 251 0028 BDF81850 		ldrh	r5, [sp, #24]
 252 002c 032B     		cmp	r3, #3
 253 002e 12D8     		bhi	.L35
 254 0030 DFE803F0 		tbb	[pc, r3]
 255              	.L37:
 256 0034 02       		.byte	(.L40-.L37)/2
 257 0035 32       		.byte	(.L39-.L37)/2
 258 0036 27       		.byte	(.L36-.L37)/2
 259 0037 27       		.byte	(.L36-.L37)/2
 260              		.p2align 1
 261              	.L40:
 262 0038 012F     		cmp	r7, #1
 263 003a 0CD1     		bne	.L35
 264 003c 5AB9     		cbnz	r2, .L35
 265 003e 6318     		adds	r3, r4, r1
 266 0040 00EBC303 		add	r3, r0, r3, lsl #3
 267 0044 A5BB     		cbnz	r5, .L41
 268 0046 83F85170 		strb	r7, [r3, #81]
 269              	.L42:
 270 004a 6318     		adds	r3, r4, r1
 271 004c 00EBC303 		add	r3, r0, r3, lsl #3
 272 0050 0222     		movs	r2, #2
 273 0052 83F84220 		strb	r2, [r3, #66]
 274              	.L35:
 275 0056 6318     		adds	r3, r4, r1
 276 0058 00EBC303 		add	r3, r0, r3, lsl #3
 277 005c 2822     		movs	r2, #40
 278 005e 83F83910 		strb	r1, [r3, #57]
 279 0062 0024     		movs	r4, #0
 280 0064 02FB0101 		mla	r1, r2, r1, r0
 281 0068 C3E91165 		strd	r6, r5, [r3, #68]
 282 006c 027C     		ldrb	r2, [r0, #16]	@ zero_extendqisi2
 283 006e 0068     		ldr	r0, [r0]
 284 0070 83F85C40 		strb	r4, [r3, #92]
 285 0074 DC64     		str	r4, [r3, #76]
 286 0076 83F85D40 		strb	r4, [r3, #93]
 287 007a 3831     		adds	r1, r1, #56
 288 007c F0BC     		pop	{r4, r5, r6, r7}
 289 007e FFF7FEBF 		b	USB_HC_StartXfer
 290              	.L36:
 291 0082 6318     		adds	r3, r4, r1
 292 0084 00EBC303 		add	r3, r0, r3, lsl #3
 293 0088 6AB9     		cbnz	r2, .L46
 294 008a 93F85170 		ldrb	r7, [r3, #81]	@ zero_extendqisi2
 295 008e 3FB1     		cbz	r7, .L51
 296              	.L48:
 297 0090 0222     		movs	r2, #2
 298 0092 83F84220 		strb	r2, [r3, #66]
ARM GAS  D:\Programs\cygwin64\tmp\cc8nAzO1.s 			page 6


 299 0096 DEE7     		b	.L35
 300              	.L39:
 301 0098 6318     		adds	r3, r4, r1
 302 009a 00EBC303 		add	r3, r0, r3, lsl #3
 303 009e 0022     		movs	r2, #0
 304              	.L51:
 305 00a0 83F84220 		strb	r2, [r3, #66]
 306 00a4 D7E7     		b	.L35
 307              	.L46:
 308 00a6 93F85020 		ldrb	r2, [r3, #80]	@ zero_extendqisi2
 309 00aa 002A     		cmp	r2, #0
 310 00ac F0D1     		bne	.L48
 311 00ae F7E7     		b	.L51
 312              	.L41:
 313 00b0 93F85170 		ldrb	r7, [r3, #81]	@ zero_extendqisi2
 314 00b4 002F     		cmp	r7, #0
 315 00b6 F3D0     		beq	.L51
 316 00b8 C7E7     		b	.L42
 318 00ba 00BF     		.section	.text.HAL_HCD_SOF_Callback,"ax",%progbits
 319              		.align	1
 320              		.p2align 2,,3
 321              		.weak	HAL_HCD_SOF_Callback
 322              		.syntax unified
 323              		.thumb
 324              		.thumb_func
 325              		.fpu fpv4-sp-d16
 327              	HAL_HCD_SOF_Callback:
 328              		@ args = 0, pretend = 0, frame = 0
 329              		@ frame_needed = 0, uses_anonymous_args = 0
 330              		@ link register save eliminated.
 331 0000 7047     		bx	lr
 333 0002 00BF     		.section	.text.HAL_HCD_Connect_Callback,"ax",%progbits
 334              		.align	1
 335              		.p2align 2,,3
 336              		.weak	HAL_HCD_Connect_Callback
 337              		.syntax unified
 338              		.thumb
 339              		.thumb_func
 340              		.fpu fpv4-sp-d16
 342              	HAL_HCD_Connect_Callback:
 343              		@ args = 0, pretend = 0, frame = 0
 344              		@ frame_needed = 0, uses_anonymous_args = 0
 345              		@ link register save eliminated.
 346 0000 7047     		bx	lr
 348 0002 00BF     		.section	.text.HAL_HCD_Disconnect_Callback,"ax",%progbits
 349              		.align	1
 350              		.p2align 2,,3
 351              		.weak	HAL_HCD_Disconnect_Callback
 352              		.syntax unified
 353              		.thumb
 354              		.thumb_func
 355              		.fpu fpv4-sp-d16
 357              	HAL_HCD_Disconnect_Callback:
 358              		@ args = 0, pretend = 0, frame = 0
 359              		@ frame_needed = 0, uses_anonymous_args = 0
 360              		@ link register save eliminated.
 361 0000 7047     		bx	lr
ARM GAS  D:\Programs\cygwin64\tmp\cc8nAzO1.s 			page 7


 363 0002 00BF     		.section	.text.HAL_HCD_PortEnabled_Callback,"ax",%progbits
 364              		.align	1
 365              		.p2align 2,,3
 366              		.weak	HAL_HCD_PortEnabled_Callback
 367              		.syntax unified
 368              		.thumb
 369              		.thumb_func
 370              		.fpu fpv4-sp-d16
 372              	HAL_HCD_PortEnabled_Callback:
 373              		@ args = 0, pretend = 0, frame = 0
 374              		@ frame_needed = 0, uses_anonymous_args = 0
 375              		@ link register save eliminated.
 376 0000 7047     		bx	lr
 378 0002 00BF     		.section	.text.HAL_HCD_PortDisabled_Callback,"ax",%progbits
 379              		.align	1
 380              		.p2align 2,,3
 381              		.weak	HAL_HCD_PortDisabled_Callback
 382              		.syntax unified
 383              		.thumb
 384              		.thumb_func
 385              		.fpu fpv4-sp-d16
 387              	HAL_HCD_PortDisabled_Callback:
 388              		@ args = 0, pretend = 0, frame = 0
 389              		@ frame_needed = 0, uses_anonymous_args = 0
 390              		@ link register save eliminated.
 391 0000 7047     		bx	lr
 393 0002 00BF     		.section	.text.HAL_HCD_HC_NotifyURBChange_Callback,"ax",%progbits
 394              		.align	1
 395              		.p2align 2,,3
 396              		.weak	HAL_HCD_HC_NotifyURBChange_Callback
 397              		.syntax unified
 398              		.thumb
 399              		.thumb_func
 400              		.fpu fpv4-sp-d16
 402              	HAL_HCD_HC_NotifyURBChange_Callback:
 403              		@ args = 0, pretend = 0, frame = 0
 404              		@ frame_needed = 0, uses_anonymous_args = 0
 405              		@ link register save eliminated.
 406 0000 7047     		bx	lr
 408 0002 00BF     		.section	.text.HAL_HCD_IRQHandler,"ax",%progbits
 409              		.align	1
 410              		.p2align 2,,3
 411              		.global	HAL_HCD_IRQHandler
 412              		.syntax unified
 413              		.thumb
 414              		.thumb_func
 415              		.fpu fpv4-sp-d16
 417              	HAL_HCD_IRQHandler:
 418              		@ args = 0, pretend = 0, frame = 16
 419              		@ frame_needed = 0, uses_anonymous_args = 0
 420 0000 2DE9F04F 		push	{r4, r5, r6, r7, r8, r9, r10, fp, lr}
 421 0004 0568     		ldr	r5, [r0]
 422 0006 85B0     		sub	sp, sp, #20
 423 0008 0446     		mov	r4, r0
 424 000a 2846     		mov	r0, r5
 425 000c FFF7FEFF 		bl	USB_GetMode
 426 0010 0128     		cmp	r0, #1
ARM GAS  D:\Programs\cygwin64\tmp\cc8nAzO1.s 			page 8


 427 0012 02D0     		beq	.L188
 428              	.L62:
 429 0014 05B0     		add	sp, sp, #20
 430              		@ sp needed
 431 0016 BDE8F08F 		pop	{r4, r5, r6, r7, r8, r9, r10, fp, pc}
 432              	.L188:
 433 001a 2068     		ldr	r0, [r4]
 434 001c FFF7FEFF 		bl	USB_ReadInterrupts
 435 0020 0028     		cmp	r0, #0
 436 0022 F7D0     		beq	.L62
 437 0024 2068     		ldr	r0, [r4]
 438 0026 FFF7FEFF 		bl	USB_ReadInterrupts
 439 002a 10F4001F 		tst	r0, #2097152
 440 002e 2068     		ldr	r0, [r4]
 441 0030 1CBF     		itt	ne
 442 0032 4FF40013 		movne	r3, #2097152
 443 0036 4361     		strne	r3, [r0, #20]
 444 0038 FFF7FEFF 		bl	USB_ReadInterrupts
 445 003c 10F4801F 		tst	r0, #1048576
 446 0040 2068     		ldr	r0, [r4]
 447 0042 1CBF     		itt	ne
 448 0044 4FF48013 		movne	r3, #1048576
 449 0048 4361     		strne	r3, [r0, #20]
 450 004a FFF7FEFF 		bl	USB_ReadInterrupts
 451 004e 10F0806F 		tst	r0, #67108864
 452 0052 2068     		ldr	r0, [r4]
 453 0054 1CBF     		itt	ne
 454 0056 4FF08063 		movne	r3, #67108864
 455 005a 4361     		strne	r3, [r0, #20]
 456 005c FFF7FEFF 		bl	USB_ReadInterrupts
 457 0060 10F0020F 		tst	r0, #2
 458 0064 2068     		ldr	r0, [r4]
 459 0066 1CBF     		itt	ne
 460 0068 0223     		movne	r3, #2
 461 006a 4361     		strne	r3, [r0, #20]
 462 006c FFF7FEFF 		bl	USB_ReadInterrupts
 463 0070 8700     		lsls	r7, r0, #2
 464 0072 00F1F680 		bmi	.L74
 465 0076 2068     		ldr	r0, [r4]
 466              	.L75:
 467 0078 FFF7FEFF 		bl	USB_ReadInterrupts
 468 007c C601     		lsls	r6, r0, #7
 469 007e 00F1B280 		bmi	.L76
 470 0082 2068     		ldr	r0, [r4]
 471              	.L77:
 472 0084 FFF7FEFF 		bl	USB_ReadInterrupts
 473 0088 0107     		lsls	r1, r0, #28
 474 008a 00F1FC80 		bmi	.L87
 475 008e 2068     		ldr	r0, [r4]
 476              	.L88:
 477 0090 FFF7FEFF 		bl	USB_ReadInterrupts
 478 0094 10F0007F 		tst	r0, #33554432
 479 0098 2068     		ldr	r0, [r4]
 480 009a 13D1     		bne	.L89
 481              	.L90:
 482 009c FFF7FEFF 		bl	USB_ReadInterrupts
 483 00a0 C306     		lsls	r3, r0, #27
ARM GAS  D:\Programs\cygwin64\tmp\cc8nAzO1.s 			page 9


 484 00a2 B7D5     		bpl	.L62
 485 00a4 2568     		ldr	r5, [r4]
 486 00a6 AB69     		ldr	r3, [r5, #24]
 487 00a8 23F01003 		bic	r3, r3, #16
 488 00ac AB61     		str	r3, [r5, #24]
 489 00ae 2E6A     		ldr	r6, [r5, #32]
 490 00b0 C6F34342 		ubfx	r2, r6, #17, #4
 491 00b4 022A     		cmp	r2, #2
 492 00b6 00F0A781 		beq	.L189
 493              	.L138:
 494 00ba AB69     		ldr	r3, [r5, #24]
 495 00bc 43F01003 		orr	r3, r3, #16
 496 00c0 AB61     		str	r3, [r5, #24]
 497 00c2 A7E7     		b	.L62
 498              	.L89:
 499 00c4 FFF7FEFF 		bl	USB_HC_ReadInterrupt
 500 00c8 A168     		ldr	r1, [r4, #8]
 501 00ca 8046     		mov	r8, r0
 502 00cc 2068     		ldr	r0, [r4]
 503 00ce 0029     		cmp	r1, #0
 504 00d0 00F08580 		beq	.L137
 505 00d4 05F5A065 		add	r5, r5, #1280
 506 00d8 0026     		movs	r6, #0
 507 00da 4FF00209 		mov	r9, #2
 508 00de 38E0     		b	.L136
 509              	.L193:
 510 00e0 5B07     		lsls	r3, r3, #29
 511 00e2 54D5     		bpl	.L94
 512 00e4 0423     		movs	r3, #4
 513 00e6 BB60     		str	r3, [r7, #8]
 514 00e8 FB68     		ldr	r3, [r7, #12]
 515 00ea 43F00203 		orr	r3, r3, #2
 516 00ee FB60     		str	r3, [r7, #12]
 517              	.L95:
 518 00f0 BB68     		ldr	r3, [r7, #8]
 519 00f2 9B05     		lsls	r3, r3, #22
 520 00f4 00F1FB80 		bmi	.L190
 521 00f8 BB68     		ldr	r3, [r7, #8]
 522 00fa D807     		lsls	r0, r3, #31
 523 00fc 40F1CA80 		bpl	.L99
 524 0100 2369     		ldr	r3, [r4, #16]
 525 0102 002B     		cmp	r3, #0
 526 0104 40F06681 		bne	.L179
 527 0108 4FEA8A03 		lsl	r3, r10, #2
 528              	.L100:
 529 010c 03EB0A01 		add	r1, r3, r10
 530 0110 04EBC101 		add	r1, r4, r1, lsl #3
 531 0114 0020     		movs	r0, #0
 532 0116 4FF0010C 		mov	ip, #1
 533 011a 8865     		str	r0, [r1, #88]
 534 011c 81F85DC0 		strb	ip, [r1, #93]
 535 0120 C7F808C0 		str	ip, [r7, #8]
 536 0124 91F83F00 		ldrb	r0, [r1, #63]	@ zero_extendqisi2
 537 0128 10F0FD0F 		tst	r0, #253
 538 012c 00F04581 		beq	.L191
 539 0130 0328     		cmp	r0, #3
 540 0132 00F04A82 		beq	.L192
ARM GAS  D:\Programs\cygwin64\tmp\cc8nAzO1.s 			page 10


 541              	.L102:
 542 0136 5344     		add	r3, r3, r10
 543 0138 04EBC303 		add	r3, r4, r3, lsl #3
 544 013c 93F85020 		ldrb	r2, [r3, #80]	@ zero_extendqisi2
 545 0140 82F00102 		eor	r2, r2, #1
 546 0144 83F85020 		strb	r2, [r3, #80]
 547 0148 A168     		ldr	r1, [r4, #8]
 548 014a 2068     		ldr	r0, [r4]
 549              	.L92:
 550 014c 0136     		adds	r6, r6, #1
 551 014e 8E42     		cmp	r6, r1
 552 0150 45D2     		bcs	.L137
 553              	.L136:
 554 0152 06F00F03 		and	r3, r6, #15
 555 0156 28FA03F3 		lsr	r3, r8, r3
 556 015a DA07     		lsls	r2, r3, #31
 557 015c F6D5     		bpl	.L92
 558 015e 7301     		lsls	r3, r6, #5
 559 0160 5FFA86FA 		uxtb	r10, r6
 560 0164 5B59     		ldr	r3, [r3, r5]
 561 0166 4FEA4A1B 		lsl	fp, r10, #5
 562 016a 00F5A062 		add	r2, r0, #1280
 563 016e 02EB0B07 		add	r7, r2, fp
 564 0172 13F4004F 		tst	r3, #32768
 565 0176 BB68     		ldr	r3, [r7, #8]
 566 0178 B2D1     		bne	.L193
 567 017a 13F00403 		ands	r3, r3, #4
 568 017e 0DD0     		beq	.L116
 569 0180 0423     		movs	r3, #4
 570 0182 BB60     		str	r3, [r7, #8]
 571 0184 FB68     		ldr	r3, [r7, #12]
 572 0186 43F00203 		orr	r3, r3, #2
 573 018a FB60     		str	r3, [r7, #12]
 574 018c DEE7     		b	.L92
 575              	.L94:
 576 018e BB68     		ldr	r3, [r7, #8]
 577 0190 9906     		lsls	r1, r3, #26
 578 0192 40F1BA80 		bpl	.L96
 579 0196 2023     		movs	r3, #32
 580 0198 BB60     		str	r3, [r7, #8]
 581 019a A9E7     		b	.L95
 582              	.L116:
 583 019c D7F808C0 		ldr	ip, [r7, #8]
 584 01a0 1CF0200C 		ands	ip, ip, #32
 585 01a4 00F0CF80 		beq	.L117
 586 01a8 0AEB8A02 		add	r2, r10, r10, lsl #2
 587 01ac 4FF0200C 		mov	ip, #32
 588 01b0 04EBC202 		add	r2, r4, r2, lsl #3
 589 01b4 C7F808C0 		str	ip, [r7, #8]
 590 01b8 92F83DC0 		ldrb	ip, [r2, #61]	@ zero_extendqisi2
 591 01bc BCF1010F 		cmp	ip, #1
 592 01c0 C4D1     		bne	.L92
 593 01c2 82F83D30 		strb	r3, [r2, #61]
 594 01c6 FB68     		ldr	r3, [r7, #12]
 595 01c8 82F85C90 		strb	r9, [r2, #92]
 596 01cc 43F00203 		orr	r3, r3, #2
 597 01d0 5146     		mov	r1, r10
ARM GAS  D:\Programs\cygwin64\tmp\cc8nAzO1.s 			page 11


 598 01d2 FB60     		str	r3, [r7, #12]
 599 01d4 FFF7FEFF 		bl	USB_HC_Halt
 600 01d8 A168     		ldr	r1, [r4, #8]
 601 01da 2068     		ldr	r0, [r4]
 602 01dc B6E7     		b	.L92
 603              	.L137:
 604 01de 4FF00073 		mov	r3, #33554432
 605 01e2 4361     		str	r3, [r0, #20]
 606 01e4 5AE7     		b	.L90
 607              	.L76:
 608 01e6 2668     		ldr	r6, [r4]
 609 01e8 D6F84034 		ldr	r3, [r6, #1088]
 610 01ec 0293     		str	r3, [sp, #8]
 611 01ee D6F84034 		ldr	r3, [r6, #1088]
 612 01f2 0393     		str	r3, [sp, #12]
 613 01f4 039B     		ldr	r3, [sp, #12]
 614 01f6 23F02E03 		bic	r3, r3, #46
 615 01fa 0393     		str	r3, [sp, #12]
 616 01fc 029B     		ldr	r3, [sp, #8]
 617 01fe 9807     		lsls	r0, r3, #30
 618 0200 07D5     		bpl	.L78
 619 0202 029B     		ldr	r3, [sp, #8]
 620 0204 D907     		lsls	r1, r3, #31
 621 0206 00F14A81 		bmi	.L194
 622              	.L79:
 623 020a 039B     		ldr	r3, [sp, #12]
 624 020c 43F00203 		orr	r3, r3, #2
 625 0210 0393     		str	r3, [sp, #12]
 626              	.L78:
 627 0212 029B     		ldr	r3, [sp, #8]
 628 0214 1A07     		lsls	r2, r3, #28
 629 0216 18D5     		bpl	.L182
 630 0218 039B     		ldr	r3, [sp, #12]
 631 021a 43F00803 		orr	r3, r3, #8
 632 021e 0393     		str	r3, [sp, #12]
 633 0220 029B     		ldr	r3, [sp, #8]
 634 0222 5B07     		lsls	r3, r3, #29
 635 0224 40F15C81 		bpl	.L82
 636 0228 A169     		ldr	r1, [r4, #24]
 637 022a 0229     		cmp	r1, #2
 638 022c 00F06981 		beq	.L195
 639 0230 E368     		ldr	r3, [r4, #12]
 640 0232 012B     		cmp	r3, #1
 641 0234 04BF     		itt	eq
 642 0236 4EF66022 		movweq	r2, #60000
 643 023a C6F80424 		streq	r2, [r6, #1028]
 644              	.L85:
 645 023e 2046     		mov	r0, r4
 646 0240 FFF7FEFF 		bl	HAL_HCD_PortEnabled_Callback
 647 0244 2046     		mov	r0, r4
 648 0246 FFF7FEFF 		bl	HAL_HCD_Connect_Callback
 649              	.L182:
 650 024a 2068     		ldr	r0, [r4]
 651              	.L81:
 652 024c 029B     		ldr	r3, [sp, #8]
 653 024e 9F06     		lsls	r7, r3, #26
 654 0250 03D5     		bpl	.L86
ARM GAS  D:\Programs\cygwin64\tmp\cc8nAzO1.s 			page 12


 655 0252 039B     		ldr	r3, [sp, #12]
 656 0254 43F02003 		orr	r3, r3, #32
 657 0258 0393     		str	r3, [sp, #12]
 658              	.L86:
 659 025a 039B     		ldr	r3, [sp, #12]
 660 025c C6F84034 		str	r3, [r6, #1088]
 661 0260 10E7     		b	.L77
 662              	.L74:
 663 0262 D5F84034 		ldr	r3, [r5, #1088]
 664 0266 23F02E03 		bic	r3, r3, #46
 665 026a C5F84034 		str	r3, [r5, #1088]
 666 026e 2046     		mov	r0, r4
 667 0270 FFF7FEFF 		bl	HAL_HCD_Disconnect_Callback
 668 0274 0121     		movs	r1, #1
 669 0276 2068     		ldr	r0, [r4]
 670 0278 FFF7FEFF 		bl	USB_InitFSLSPClkSel
 671 027c 2068     		ldr	r0, [r4]
 672 027e 4FF00053 		mov	r3, #536870912
 673 0282 4361     		str	r3, [r0, #20]
 674 0284 F8E6     		b	.L75
 675              	.L87:
 676 0286 2046     		mov	r0, r4
 677 0288 FFF7FEFF 		bl	HAL_HCD_SOF_Callback
 678 028c 2068     		ldr	r0, [r4]
 679 028e 0823     		movs	r3, #8
 680 0290 4361     		str	r3, [r0, #20]
 681 0292 FDE6     		b	.L88
 682              	.L99:
 683 0294 BB68     		ldr	r3, [r7, #8]
 684 0296 9907     		lsls	r1, r3, #30
 685 0298 40F1AA80 		bpl	.L103
 686 029c 4FEA8A03 		lsl	r3, r10, #2
 687 02a0 03EB0A01 		add	r1, r3, r10
 688 02a4 04EBC101 		add	r1, r4, r1, lsl #3
 689 02a8 D7F80CC0 		ldr	ip, [r7, #12]
 690 02ac 91F85D00 		ldrb	r0, [r1, #93]	@ zero_extendqisi2
 691 02b0 2CF0020C 		bic	ip, ip, #2
 692 02b4 0128     		cmp	r0, #1
 693 02b6 C7F80CC0 		str	ip, [r7, #12]
 694 02ba 00F0D580 		beq	.L183
 695 02be 0528     		cmp	r0, #5
 696 02c0 00F0D280 		beq	.L183
 697 02c4 0628     		cmp	r0, #6
 698 02c6 00F05481 		beq	.L107
 699 02ca 0828     		cmp	r0, #8
 700 02cc 00F05181 		beq	.L107
 701 02d0 0328     		cmp	r0, #3
 702 02d2 00F0D981 		beq	.L111
 703 02d6 91F85C00 		ldrb	r0, [r1, #92]	@ zero_extendqisi2
 704              	.L105:
 705 02da C7F80890 		str	r9, [r7, #8]
 706 02de 0246     		mov	r2, r0
 707              	.L186:
 708 02e0 5146     		mov	r1, r10
 709 02e2 2046     		mov	r0, r4
 710 02e4 FFF7FEFF 		bl	HAL_HCD_HC_NotifyURBChange_Callback
 711 02e8 A168     		ldr	r1, [r4, #8]
ARM GAS  D:\Programs\cygwin64\tmp\cc8nAzO1.s 			page 13


 712 02ea 2068     		ldr	r0, [r4]
 713 02ec 2EE7     		b	.L92
 714              	.L190:
 715 02ee FB68     		ldr	r3, [r7, #12]
 716 02f0 2068     		ldr	r0, [r4]
 717              	.L185:
 718 02f2 43F00203 		orr	r3, r3, #2
 719 02f6 5146     		mov	r1, r10
 720 02f8 FB60     		str	r3, [r7, #12]
 721 02fa FFF7FEFF 		bl	USB_HC_Halt
 722 02fe 4FF40073 		mov	r3, #512
 723 0302 BB60     		str	r3, [r7, #8]
 724 0304 A168     		ldr	r1, [r4, #8]
 725 0306 2068     		ldr	r0, [r4]
 726 0308 20E7     		b	.L92
 727              	.L96:
 728 030a BB68     		ldr	r3, [r7, #8]
 729 030c 1B07     		lsls	r3, r3, #28
 730 030e 00F1AE80 		bmi	.L196
 731 0312 BB68     		ldr	r3, [r7, #8]
 732 0314 5905     		lsls	r1, r3, #21
 733 0316 7FF5EBAE 		bpl	.L95
 734 031a FB68     		ldr	r3, [r7, #12]
 735 031c 0192     		str	r2, [sp, #4]
 736 031e 43F00203 		orr	r3, r3, #2
 737 0322 FB60     		str	r3, [r7, #12]
 738 0324 5146     		mov	r1, r10
 739 0326 FFF7FEFF 		bl	USB_HC_Halt
 740 032a 0AEB8A03 		add	r3, r10, r10, lsl #2
 741 032e 1021     		movs	r1, #16
 742 0330 04EBC303 		add	r3, r4, r3, lsl #3
 743 0334 B960     		str	r1, [r7, #8]
 744 0336 0820     		movs	r0, #8
 745 0338 4FF48061 		mov	r1, #1024
 746 033c 83F85D00 		strb	r0, [r3, #93]
 747 0340 019A     		ldr	r2, [sp, #4]
 748 0342 B960     		str	r1, [r7, #8]
 749 0344 D4E6     		b	.L95
 750              	.L117:
 751 0346 BB68     		ldr	r3, [r7, #8]
 752 0348 5B06     		lsls	r3, r3, #25
 753 034a 00F1B080 		bmi	.L197
 754 034e BB68     		ldr	r3, [r7, #8]
 755 0350 13F40073 		ands	r3, r3, #512
 756 0354 40F0D380 		bne	.L198
 757 0358 D7F808C0 		ldr	ip, [r7, #8]
 758 035c 1CF0010F 		tst	ip, #1
 759 0360 40F01F81 		bne	.L199
 760 0364 BB68     		ldr	r3, [r7, #8]
 761 0366 13F00803 		ands	r3, r3, #8
 762 036a 40F06981 		bne	.L200
 763 036e D7F808C0 		ldr	ip, [r7, #8]
 764 0372 1CF0100F 		tst	ip, #16
 765 0376 00F03881 		beq	.L122
 766 037a 0AEB8A02 		add	r2, r10, r10, lsl #2
 767 037e 04EBC202 		add	r2, r4, r2, lsl #3
 768 0382 0321     		movs	r1, #3
ARM GAS  D:\Programs\cygwin64\tmp\cc8nAzO1.s 			page 14


 769 0384 9365     		str	r3, [r2, #88]
 770 0386 92F83D30 		ldrb	r3, [r2, #61]	@ zero_extendqisi2
 771 038a 82F85D10 		strb	r1, [r2, #93]
 772 038e 43B9     		cbnz	r3, .L123
 773 0390 2823     		movs	r3, #40
 774 0392 03FB0A43 		mla	r3, r3, r10, r4
 775 0396 93F83C20 		ldrb	r2, [r3, #60]	@ zero_extendqisi2
 776 039a 12B9     		cbnz	r2, .L123
 777 039c 0122     		movs	r2, #1
 778 039e 83F83D20 		strb	r2, [r3, #61]
 779              	.L123:
 780 03a2 FB68     		ldr	r3, [r7, #12]
 781 03a4 43F00203 		orr	r3, r3, #2
 782 03a8 5146     		mov	r1, r10
 783 03aa FB60     		str	r3, [r7, #12]
 784 03ac FFF7FEFF 		bl	USB_HC_Halt
 785 03b0 1023     		movs	r3, #16
 786 03b2 BB60     		str	r3, [r7, #8]
 787 03b4 A168     		ldr	r1, [r4, #8]
 788 03b6 2068     		ldr	r0, [r4]
 789 03b8 C8E6     		b	.L92
 790              	.L191:
 791 03ba FA68     		ldr	r2, [r7, #12]
 792 03bc 2068     		ldr	r0, [r4]
 793 03be 0193     		str	r3, [sp, #4]
 794 03c0 42F00202 		orr	r2, r2, #2
 795 03c4 FA60     		str	r2, [r7, #12]
 796 03c6 5146     		mov	r1, r10
 797 03c8 FFF7FEFF 		bl	USB_HC_Halt
 798 03cc 1022     		movs	r2, #16
 799 03ce BA60     		str	r2, [r7, #8]
 800 03d0 019B     		ldr	r3, [sp, #4]
 801 03d2 B0E6     		b	.L102
 802              	.L179:
 803 03d4 4FEA8A03 		lsl	r3, r10, #2
 804 03d8 03EB0A01 		add	r1, r3, r10
 805 03dc 3869     		ldr	r0, [r7, #16]
 806 03de 04EBC101 		add	r1, r4, r1, lsl #3
 807 03e2 C0F3120C 		ubfx	ip, r0, #0, #19
 808 03e6 886C     		ldr	r0, [r1, #72]
 809 03e8 A0EB0C00 		sub	r0, r0, ip
 810 03ec C864     		str	r0, [r1, #76]
 811 03ee 8DE6     		b	.L100
 812              	.L103:
 813 03f0 BB68     		ldr	r3, [r7, #8]
 814 03f2 2068     		ldr	r0, [r4]
 815 03f4 13F08003 		ands	r3, r3, #128
 816 03f8 40F0A380 		bne	.L201
 817 03fc BA68     		ldr	r2, [r7, #8]
 818 03fe D206     		lsls	r2, r2, #27
 819 0400 00F18A80 		bmi	.L113
 820 0404 A168     		ldr	r1, [r4, #8]
 821 0406 A1E6     		b	.L92
 822              	.L189:
 823 0408 C6F30A18 		ubfx	r8, r6, #4, #11
 824 040c B8F1000F 		cmp	r8, #0
 825 0410 3FF453AE 		beq	.L138
ARM GAS  D:\Programs\cygwin64\tmp\cc8nAzO1.s 			page 15


 826 0414 06F00F06 		and	r6, r6, #15
 827 0418 06EB8607 		add	r7, r6, r6, lsl #2
 828 041c 04EBC707 		add	r7, r4, r7, lsl #3
 829 0420 796C     		ldr	r1, [r7, #68]
 830 0422 0029     		cmp	r1, #0
 831 0424 3FF449AE 		beq	.L138
 832 0428 4246     		mov	r2, r8
 833 042a 2846     		mov	r0, r5
 834 042c FFF7FEFF 		bl	USB_ReadPacket
 835 0430 05F5A065 		add	r5, r5, #1280
 836 0434 7301     		lsls	r3, r6, #5
 837 0436 E918     		adds	r1, r5, r3
 838 0438 786C     		ldr	r0, [r7, #68]
 839 043a 0E69     		ldr	r6, [r1, #16]
 840 043c BE4A     		ldr	r2, .L208
 841 043e F96C     		ldr	r1, [r7, #76]
 842 0440 4044     		add	r0, r0, r8
 843 0442 4144     		add	r1, r1, r8
 844 0444 3240     		ands	r2, r2, r6
 845 0446 7864     		str	r0, [r7, #68]
 846 0448 F964     		str	r1, [r7, #76]
 847 044a 5AB1     		cbz	r2, .L187
 848 044c EA58     		ldr	r2, [r5, r3]
 849 044e 22F08042 		bic	r2, r2, #1073741824
 850 0452 42F00042 		orr	r2, r2, #-2147483648
 851 0456 EA50     		str	r2, [r5, r3]
 852 0458 97F85030 		ldrb	r3, [r7, #80]	@ zero_extendqisi2
 853 045c 83F00103 		eor	r3, r3, #1
 854 0460 87F85030 		strb	r3, [r7, #80]
 855              	.L187:
 856 0464 2568     		ldr	r5, [r4]
 857 0466 28E6     		b	.L138
 858              	.L183:
 859 0468 81F85C00 		strb	r0, [r1, #92]
 860 046c 35E7     		b	.L105
 861              	.L196:
 862 046e FB68     		ldr	r3, [r7, #12]
 863 0470 0192     		str	r2, [sp, #4]
 864 0472 0AEB8A01 		add	r1, r10, r10, lsl #2
 865 0476 04EBC101 		add	r1, r4, r1, lsl #3
 866 047a 43F00203 		orr	r3, r3, #2
 867 047e FB60     		str	r3, [r7, #12]
 868 0480 4FF0050C 		mov	ip, #5
 869 0484 4FF0100E 		mov	lr, #16
 870 0488 0823     		movs	r3, #8
 871 048a 81F85DC0 		strb	ip, [r1, #93]
 872 048e C7F808E0 		str	lr, [r7, #8]
 873 0492 5146     		mov	r1, r10
 874 0494 BB60     		str	r3, [r7, #8]
 875 0496 FFF7FEFF 		bl	USB_HC_Halt
 876 049a 019A     		ldr	r2, [sp, #4]
 877 049c 28E6     		b	.L95
 878              	.L194:
 879 049e B369     		ldr	r3, [r6, #24]
 880 04a0 23F00053 		bic	r3, r3, #536870912
 881 04a4 B361     		str	r3, [r6, #24]
 882 04a6 2046     		mov	r0, r4
ARM GAS  D:\Programs\cygwin64\tmp\cc8nAzO1.s 			page 16


 883 04a8 FFF7FEFF 		bl	HAL_HCD_Connect_Callback
 884 04ac ADE6     		b	.L79
 885              	.L197:
 886 04ae 0AEB8A03 		add	r3, r10, r10, lsl #2
 887 04b2 04EBC303 		add	r3, r4, r3, lsl #3
 888 04b6 0122     		movs	r2, #1
 889 04b8 83F83D20 		strb	r2, [r3, #61]
 890 04bc FA68     		ldr	r2, [r7, #12]
 891 04be C3F858C0 		str	ip, [r3, #88]
 892 04c2 42F00202 		orr	r2, r2, #2
 893 04c6 4FF0040C 		mov	ip, #4
 894 04ca 83F85DC0 		strb	ip, [r3, #93]
 895 04ce 5146     		mov	r1, r10
 896 04d0 FA60     		str	r2, [r7, #12]
 897 04d2 FFF7FEFF 		bl	USB_HC_Halt
 898 04d6 4023     		movs	r3, #64
 899 04d8 BB60     		str	r3, [r7, #8]
 900 04da A168     		ldr	r1, [r4, #8]
 901 04dc 2068     		ldr	r0, [r4]
 902 04de 35E6     		b	.L92
 903              	.L82:
 904 04e0 2046     		mov	r0, r4
 905 04e2 FFF7FEFF 		bl	HAL_HCD_PortDisabled_Callback
 906 04e6 D6F84034 		ldr	r3, [r6, #1088]
 907 04ea 2068     		ldr	r0, [r4]
 908 04ec 23F02E03 		bic	r3, r3, #46
 909 04f0 C6F84034 		str	r3, [r6, #1088]
 910 04f4 8369     		ldr	r3, [r0, #24]
 911 04f6 43F00053 		orr	r3, r3, #536870912
 912 04fa 8361     		str	r3, [r0, #24]
 913 04fc A6E6     		b	.L81
 914              	.L198:
 915 04fe FB68     		ldr	r3, [r7, #12]
 916 0500 F7E6     		b	.L185
 917              	.L195:
 918 0502 029B     		ldr	r3, [sp, #8]
 919 0504 2068     		ldr	r0, [r4]
 920 0506 03F4C023 		and	r3, r3, #393216
 921 050a B3F5802F 		cmp	r3, #262144
 922 050e 18BF     		it	ne
 923 0510 0121     		movne	r1, #1
 924 0512 FFF7FEFF 		bl	USB_InitFSLSPClkSel
 925 0516 92E6     		b	.L85
 926              	.L113:
 927 0518 0AEB8A01 		add	r1, r10, r10, lsl #2
 928 051c 04EBC101 		add	r1, r4, r1, lsl #3
 929 0520 91F83F20 		ldrb	r2, [r1, #63]	@ zero_extendqisi2
 930 0524 032A     		cmp	r2, #3
 931 0526 00F0A280 		beq	.L202
 932 052a 12F0FD02 		ands	r2, r2, #253
 933 052e 04D1     		bne	.L115
 934 0530 2369     		ldr	r3, [r4, #16]
 935 0532 8A65     		str	r2, [r1, #88]
 936 0534 002B     		cmp	r3, #0
 937 0536 00F0B680 		beq	.L203
 938              	.L115:
 939 053a 1023     		movs	r3, #16
ARM GAS  D:\Programs\cygwin64\tmp\cc8nAzO1.s 			page 17


 940 053c A168     		ldr	r1, [r4, #8]
 941 053e BB60     		str	r3, [r7, #8]
 942 0540 04E6     		b	.L92
 943              	.L201:
 944 0542 0AEB8A03 		add	r3, r10, r10, lsl #2
 945 0546 04EBC303 		add	r3, r4, r3, lsl #3
 946 054a F968     		ldr	r1, [r7, #12]
 947 054c 9A6D     		ldr	r2, [r3, #88]
 948 054e 41F0020C 		orr	ip, r1, #2
 949 0552 0132     		adds	r2, r2, #1
 950 0554 4FF0060E 		mov	lr, #6
 951 0558 C7F80CC0 		str	ip, [r7, #12]
 952 055c 5146     		mov	r1, r10
 953 055e 9A65     		str	r2, [r3, #88]
 954 0560 83F85DE0 		strb	lr, [r3, #93]
 955 0564 FFF7FEFF 		bl	USB_HC_Halt
 956 0568 8023     		movs	r3, #128
 957 056a BB60     		str	r3, [r7, #8]
 958 056c A168     		ldr	r1, [r4, #8]
 959 056e 2068     		ldr	r0, [r4]
 960 0570 ECE5     		b	.L92
 961              	.L107:
 962 0572 03EB0A01 		add	r1, r3, r10
 963 0576 04EBC101 		add	r1, r4, r1, lsl #3
 964 057a 886D     		ldr	r0, [r1, #88]
 965 057c 0130     		adds	r0, r0, #1
 966 057e 0328     		cmp	r0, #3
 967 0580 71D8     		bhi	.L109
 968 0582 8865     		str	r0, [r1, #88]
 969 0584 0220     		movs	r0, #2
 970              	.L110:
 971 0586 52F80B10 		ldr	r1, [r2, fp]
 972 058a 5344     		add	r3, r3, r10
 973 058c 04EBC303 		add	r3, r4, r3, lsl #3
 974 0590 21F08041 		bic	r1, r1, #1073741824
 975 0594 41F00041 		orr	r1, r1, #-2147483648
 976 0598 83F85C00 		strb	r0, [r3, #92]
 977 059c 42F80B10 		str	r1, [r2, fp]
 978 05a0 9BE6     		b	.L105
 979              	.L199:
 980 05a2 FA68     		ldr	r2, [r7, #12]
 981 05a4 0AEB8A0B 		add	fp, r10, r10, lsl #2
 982 05a8 04EBCB0B 		add	fp, r4, fp, lsl #3
 983 05ac 42F00202 		orr	r2, r2, #2
 984 05b0 CBF85830 		str	r3, [fp, #88]
 985 05b4 5146     		mov	r1, r10
 986 05b6 FA60     		str	r2, [r7, #12]
 987 05b8 FFF7FEFF 		bl	USB_HC_Halt
 988 05bc 0123     		movs	r3, #1
 989 05be BB60     		str	r3, [r7, #8]
 990 05c0 A168     		ldr	r1, [r4, #8]
 991 05c2 2068     		ldr	r0, [r4]
 992 05c4 8BF85D30 		strb	r3, [fp, #93]
 993 05c8 C0E5     		b	.L92
 994              	.L192:
 995 05ca 52F80B00 		ldr	r0, [r2, fp]
 996 05ce 0193     		str	r3, [sp, #4]
ARM GAS  D:\Programs\cygwin64\tmp\cc8nAzO1.s 			page 18


 997 05d0 40F00050 		orr	r0, r0, #536870912
 998 05d4 42F80B00 		str	r0, [r2, fp]
 999 05d8 81F85CC0 		strb	ip, [r1, #92]
 1000 05dc 6246     		mov	r2, ip
 1001 05de 5146     		mov	r1, r10
 1002 05e0 2046     		mov	r0, r4
 1003 05e2 FFF7FEFF 		bl	HAL_HCD_HC_NotifyURBChange_Callback
 1004 05e6 019B     		ldr	r3, [sp, #4]
 1005 05e8 A5E5     		b	.L102
 1006              	.L122:
 1007 05ea BB68     		ldr	r3, [r7, #8]
 1008 05ec 1B06     		lsls	r3, r3, #24
 1009 05ee 6AD4     		bmi	.L204
 1010 05f0 BB68     		ldr	r3, [r7, #8]
 1011 05f2 5B05     		lsls	r3, r3, #21
 1012 05f4 79D4     		bmi	.L205
 1013 05f6 BB68     		ldr	r3, [r7, #8]
 1014 05f8 9B07     		lsls	r3, r3, #30
 1015 05fa 7FF5A7AD 		bpl	.L92
 1016 05fe 2823     		movs	r3, #40
 1017 0600 03FB0A43 		mla	r3, r3, r10, r4
 1018 0604 F868     		ldr	r0, [r7, #12]
 1019 0606 93F85D10 		ldrb	r1, [r3, #93]	@ zero_extendqisi2
 1020 060a 20F00200 		bic	r0, r0, #2
 1021 060e 0129     		cmp	r1, #1
 1022 0610 F860     		str	r0, [r7, #12]
 1023 0612 00F08280 		beq	.L206
 1024 0616 0329     		cmp	r1, #3
 1025 0618 7CD0     		beq	.L184
 1026 061a 0429     		cmp	r1, #4
 1027 061c 7AD0     		beq	.L184
 1028 061e 0529     		cmp	r1, #5
 1029 0620 00F0A380 		beq	.L207
 1030 0624 0629     		cmp	r1, #6
 1031 0626 00F08980 		beq	.L132
 1032 062a 0829     		cmp	r1, #8
 1033 062c 00F08680 		beq	.L132
 1034              	.L128:
 1035 0630 2823     		movs	r3, #40
 1036 0632 03FB0A43 		mla	r3, r3, r10, r4
 1037 0636 C7F80890 		str	r9, [r7, #8]
 1038 063a 93F85C20 		ldrb	r2, [r3, #92]	@ zero_extendqisi2
 1039 063e 4FE6     		b	.L186
 1040              	.L200:
 1041 0640 0823     		movs	r3, #8
 1042 0642 BB60     		str	r3, [r7, #8]
 1043 0644 FB68     		ldr	r3, [r7, #12]
 1044 0646 43F00203 		orr	r3, r3, #2
 1045 064a 5146     		mov	r1, r10
 1046 064c FB60     		str	r3, [r7, #12]
 1047 064e 0AEB8A0A 		add	r10, r10, r10, lsl #2
 1048 0652 FFF7FEFF 		bl	USB_HC_Halt
 1049 0656 04EBCA03 		add	r3, r4, r10, lsl #3
 1050 065a 0522     		movs	r2, #5
 1051 065c 83F85D20 		strb	r2, [r3, #93]
 1052 0660 A168     		ldr	r1, [r4, #8]
 1053 0662 2068     		ldr	r0, [r4]
ARM GAS  D:\Programs\cygwin64\tmp\cc8nAzO1.s 			page 19


 1054 0664 72E5     		b	.L92
 1055              	.L109:
 1056 0666 0020     		movs	r0, #0
 1057 0668 8865     		str	r0, [r1, #88]
 1058 066a 0420     		movs	r0, #4
 1059 066c 8BE7     		b	.L110
 1060              	.L202:
 1061 066e FA68     		ldr	r2, [r7, #12]
 1062 0670 2821     		movs	r1, #40
 1063 0672 01FB0A41 		mla	r1, r1, r10, r4
 1064 0676 42F00202 		orr	r2, r2, #2
 1065 067a 8B65     		str	r3, [r1, #88]
 1066 067c 5146     		mov	r1, r10
 1067 067e FA60     		str	r2, [r7, #12]
 1068 0680 FFF7FEFF 		bl	USB_HC_Halt
 1069 0684 2068     		ldr	r0, [r4]
 1070 0686 58E7     		b	.L115
 1071              	.L111:
 1072 0688 52F80B30 		ldr	r3, [r2, fp]
 1073 068c 2821     		movs	r1, #40
 1074 068e 23F08043 		bic	r3, r3, #1073741824
 1075 0692 01FB0A41 		mla	r1, r1, r10, r4
 1076 0696 43F00043 		orr	r3, r3, #-2147483648
 1077 069a 81F85C90 		strb	r9, [r1, #92]
 1078 069e 0220     		movs	r0, #2
 1079 06a0 42F80B30 		str	r3, [r2, fp]
 1080 06a4 19E6     		b	.L105
 1081              	.L203:
 1082 06a6 FB68     		ldr	r3, [r7, #12]
 1083 06a8 2822     		movs	r2, #40
 1084 06aa 02FB0A42 		mla	r2, r2, r10, r4
 1085 06ae 4FF0030C 		mov	ip, #3
 1086 06b2 43F00203 		orr	r3, r3, #2
 1087 06b6 82F85DC0 		strb	ip, [r2, #93]
 1088 06ba 5146     		mov	r1, r10
 1089 06bc FB60     		str	r3, [r7, #12]
 1090 06be FFF7FEFF 		bl	USB_HC_Halt
 1091 06c2 2068     		ldr	r0, [r4]
 1092 06c4 39E7     		b	.L115
 1093              	.L204:
 1094 06c6 FB68     		ldr	r3, [r7, #12]
 1095 06c8 43F00203 		orr	r3, r3, #2
 1096 06cc 5146     		mov	r1, r10
 1097 06ce FB60     		str	r3, [r7, #12]
 1098 06d0 FFF7FEFF 		bl	USB_HC_Halt
 1099 06d4 2823     		movs	r3, #40
 1100 06d6 03FB0A4A 		mla	r10, r3, r10, r4
 1101 06da 0622     		movs	r2, #6
 1102 06dc 8023     		movs	r3, #128
 1103 06de 8AF85D20 		strb	r2, [r10, #93]
 1104 06e2 A168     		ldr	r1, [r4, #8]
 1105 06e4 2068     		ldr	r0, [r4]
 1106 06e6 BB60     		str	r3, [r7, #8]
 1107 06e8 30E5     		b	.L92
 1108              	.L205:
 1109 06ea FB68     		ldr	r3, [r7, #12]
 1110 06ec 43F00203 		orr	r3, r3, #2
ARM GAS  D:\Programs\cygwin64\tmp\cc8nAzO1.s 			page 20


 1111 06f0 5146     		mov	r1, r10
 1112 06f2 FB60     		str	r3, [r7, #12]
 1113 06f4 FFF7FEFF 		bl	USB_HC_Halt
 1114 06f8 2823     		movs	r3, #40
 1115 06fa 03FB0A4A 		mla	r10, r3, r10, r4
 1116 06fe 1021     		movs	r1, #16
 1117 0700 4FF48062 		mov	r2, #1024
 1118 0704 0823     		movs	r3, #8
 1119 0706 B960     		str	r1, [r7, #8]
 1120 0708 2068     		ldr	r0, [r4]
 1121 070a BA60     		str	r2, [r7, #8]
 1122 070c A168     		ldr	r1, [r4, #8]
 1123 070e 8AF85D30 		strb	r3, [r10, #93]
 1124 0712 1BE5     		b	.L92
 1125              	.L184:
 1126 0714 83F85C90 		strb	r9, [r3, #92]
 1127 0718 8AE7     		b	.L128
 1128              	.L206:
 1129 071a 93F83F20 		ldrb	r2, [r3, #63]	@ zero_extendqisi2
 1130 071e 83F85C10 		strb	r1, [r3, #92]
 1131 0722 023A     		subs	r2, r2, #2
 1132 0724 012A     		cmp	r2, #1
 1133 0726 83D8     		bhi	.L128
 1134 0728 93F85120 		ldrb	r2, [r3, #81]	@ zero_extendqisi2
 1135 072c 82F00102 		eor	r2, r2, #1
 1136 0730 83F85120 		strb	r2, [r3, #81]
 1137 0734 7CE7     		b	.L128
 1138              	.L209:
 1139 0736 00BF     		.align	2
 1140              	.L208:
 1141 0738 0000F81F 		.word	536346624
 1142              	.L132:
 1143 073c 2823     		movs	r3, #40
 1144 073e 03FB0A43 		mla	r3, r3, r10, r4
 1145 0742 996D     		ldr	r1, [r3, #88]
 1146 0744 0131     		adds	r1, r1, #1
 1147 0746 0329     		cmp	r1, #3
 1148 0748 12D8     		bhi	.L134
 1149 074a 9965     		str	r1, [r3, #88]
 1150 074c 0220     		movs	r0, #2
 1151              	.L135:
 1152 074e 52F80B30 		ldr	r3, [r2, fp]
 1153 0752 2821     		movs	r1, #40
 1154 0754 23F08043 		bic	r3, r3, #1073741824
 1155 0758 01FB0A41 		mla	r1, r1, r10, r4
 1156 075c 43F00043 		orr	r3, r3, #-2147483648
 1157 0760 81F85C00 		strb	r0, [r1, #92]
 1158 0764 42F80B30 		str	r3, [r2, fp]
 1159 0768 62E7     		b	.L128
 1160              	.L207:
 1161 076a 83F85C10 		strb	r1, [r3, #92]
 1162 076e 5FE7     		b	.L128
 1163              	.L134:
 1164 0770 0021     		movs	r1, #0
 1165 0772 9965     		str	r1, [r3, #88]
 1166 0774 0420     		movs	r0, #4
 1167 0776 EAE7     		b	.L135
ARM GAS  D:\Programs\cygwin64\tmp\cc8nAzO1.s 			page 21


 1169              		.section	.text.HAL_HCD_Start,"ax",%progbits
 1170              		.align	1
 1171              		.p2align 2,,3
 1172              		.global	HAL_HCD_Start
 1173              		.syntax unified
 1174              		.thumb
 1175              		.thumb_func
 1176              		.fpu fpv4-sp-d16
 1178              	HAL_HCD_Start:
 1179              		@ args = 0, pretend = 0, frame = 0
 1180              		@ frame_needed = 0, uses_anonymous_args = 0
 1181 0000 38B5     		push	{r3, r4, r5, lr}
 1182 0002 90F8B832 		ldrb	r3, [r0, #696]	@ zero_extendqisi2
 1183 0006 012B     		cmp	r3, #1
 1184 0008 0ED0     		beq	.L212
 1185 000a 0446     		mov	r4, r0
 1186 000c 0125     		movs	r5, #1
 1187 000e 80F8B852 		strb	r5, [r0, #696]
 1188 0012 0068     		ldr	r0, [r0]
 1189 0014 FFF7FEFF 		bl	USB_EnableGlobalInt
 1190 0018 2946     		mov	r1, r5
 1191 001a 2068     		ldr	r0, [r4]
 1192 001c FFF7FEFF 		bl	USB_DriveVbus
 1193 0020 0020     		movs	r0, #0
 1194 0022 84F8B802 		strb	r0, [r4, #696]
 1195 0026 38BD     		pop	{r3, r4, r5, pc}
 1196              	.L212:
 1197 0028 0220     		movs	r0, #2
 1198 002a 38BD     		pop	{r3, r4, r5, pc}
 1200              		.section	.text.HAL_HCD_Stop,"ax",%progbits
 1201              		.align	1
 1202              		.p2align 2,,3
 1203              		.global	HAL_HCD_Stop
 1204              		.syntax unified
 1205              		.thumb
 1206              		.thumb_func
 1207              		.fpu fpv4-sp-d16
 1209              	HAL_HCD_Stop:
 1210              		@ args = 0, pretend = 0, frame = 0
 1211              		@ frame_needed = 0, uses_anonymous_args = 0
 1212 0000 90F8B832 		ldrb	r3, [r0, #696]	@ zero_extendqisi2
 1213 0004 012B     		cmp	r3, #1
 1214 0006 0BD0     		beq	.L216
 1215 0008 10B5     		push	{r4, lr}
 1216 000a 0123     		movs	r3, #1
 1217 000c 0446     		mov	r4, r0
 1218 000e 80F8B832 		strb	r3, [r0, #696]
 1219 0012 0068     		ldr	r0, [r0]
 1220 0014 FFF7FEFF 		bl	USB_StopHost
 1221 0018 0020     		movs	r0, #0
 1222 001a 84F8B802 		strb	r0, [r4, #696]
 1223 001e 10BD     		pop	{r4, pc}
 1224              	.L216:
 1225 0020 0220     		movs	r0, #2
 1226 0022 7047     		bx	lr
 1228              		.section	.text.HAL_HCD_ResetPort,"ax",%progbits
 1229              		.align	1
ARM GAS  D:\Programs\cygwin64\tmp\cc8nAzO1.s 			page 22


 1230              		.p2align 2,,3
 1231              		.global	HAL_HCD_ResetPort
 1232              		.syntax unified
 1233              		.thumb
 1234              		.thumb_func
 1235              		.fpu fpv4-sp-d16
 1237              	HAL_HCD_ResetPort:
 1238              		@ args = 0, pretend = 0, frame = 0
 1239              		@ frame_needed = 0, uses_anonymous_args = 0
 1240              		@ link register save eliminated.
 1241 0000 0068     		ldr	r0, [r0]
 1242 0002 FFF7FEBF 		b	USB_ResetPort
 1244 0006 00BF     		.section	.text.HAL_HCD_GetState,"ax",%progbits
 1245              		.align	1
 1246              		.p2align 2,,3
 1247              		.global	HAL_HCD_GetState
 1248              		.syntax unified
 1249              		.thumb
 1250              		.thumb_func
 1251              		.fpu fpv4-sp-d16
 1253              	HAL_HCD_GetState:
 1254              		@ args = 0, pretend = 0, frame = 0
 1255              		@ frame_needed = 0, uses_anonymous_args = 0
 1256              		@ link register save eliminated.
 1257 0000 90F8B902 		ldrb	r0, [r0, #697]	@ zero_extendqisi2
 1258 0004 7047     		bx	lr
 1260 0006 00BF     		.section	.text.HAL_HCD_HC_GetURBState,"ax",%progbits
 1261              		.align	1
 1262              		.p2align 2,,3
 1263              		.global	HAL_HCD_HC_GetURBState
 1264              		.syntax unified
 1265              		.thumb
 1266              		.thumb_func
 1267              		.fpu fpv4-sp-d16
 1269              	HAL_HCD_HC_GetURBState:
 1270              		@ args = 0, pretend = 0, frame = 0
 1271              		@ frame_needed = 0, uses_anonymous_args = 0
 1272              		@ link register save eliminated.
 1273 0000 01EB8101 		add	r1, r1, r1, lsl #2
 1274 0004 00EBC101 		add	r1, r0, r1, lsl #3
 1275 0008 91F85C00 		ldrb	r0, [r1, #92]	@ zero_extendqisi2
 1276 000c 7047     		bx	lr
 1278 000e 00BF     		.section	.text.HAL_HCD_HC_GetXferCount,"ax",%progbits
 1279              		.align	1
 1280              		.p2align 2,,3
 1281              		.global	HAL_HCD_HC_GetXferCount
 1282              		.syntax unified
 1283              		.thumb
 1284              		.thumb_func
 1285              		.fpu fpv4-sp-d16
 1287              	HAL_HCD_HC_GetXferCount:
 1288              		@ args = 0, pretend = 0, frame = 0
 1289              		@ frame_needed = 0, uses_anonymous_args = 0
 1290              		@ link register save eliminated.
 1291 0000 01EB8101 		add	r1, r1, r1, lsl #2
 1292 0004 00EBC101 		add	r1, r0, r1, lsl #3
 1293 0008 C86C     		ldr	r0, [r1, #76]
ARM GAS  D:\Programs\cygwin64\tmp\cc8nAzO1.s 			page 23


 1294 000a 7047     		bx	lr
 1296              		.section	.text.HAL_HCD_HC_GetState,"ax",%progbits
 1297              		.align	1
 1298              		.p2align 2,,3
 1299              		.global	HAL_HCD_HC_GetState
 1300              		.syntax unified
 1301              		.thumb
 1302              		.thumb_func
 1303              		.fpu fpv4-sp-d16
 1305              	HAL_HCD_HC_GetState:
 1306              		@ args = 0, pretend = 0, frame = 0
 1307              		@ frame_needed = 0, uses_anonymous_args = 0
 1308              		@ link register save eliminated.
 1309 0000 01EB8101 		add	r1, r1, r1, lsl #2
 1310 0004 00EBC101 		add	r1, r0, r1, lsl #3
 1311 0008 91F85D00 		ldrb	r0, [r1, #93]	@ zero_extendqisi2
 1312 000c 7047     		bx	lr
 1314 000e 00BF     		.section	.text.HAL_HCD_GetCurrentFrame,"ax",%progbits
 1315              		.align	1
 1316              		.p2align 2,,3
 1317              		.global	HAL_HCD_GetCurrentFrame
 1318              		.syntax unified
 1319              		.thumb
 1320              		.thumb_func
 1321              		.fpu fpv4-sp-d16
 1323              	HAL_HCD_GetCurrentFrame:
 1324              		@ args = 0, pretend = 0, frame = 0
 1325              		@ frame_needed = 0, uses_anonymous_args = 0
 1326              		@ link register save eliminated.
 1327 0000 0068     		ldr	r0, [r0]
 1328 0002 FFF7FEBF 		b	USB_GetCurrentFrame
 1330 0006 00BF     		.section	.text.HAL_HCD_GetCurrentSpeed,"ax",%progbits
 1331              		.align	1
 1332              		.p2align 2,,3
 1333              		.global	HAL_HCD_GetCurrentSpeed
 1334              		.syntax unified
 1335              		.thumb
 1336              		.thumb_func
 1337              		.fpu fpv4-sp-d16
 1339              	HAL_HCD_GetCurrentSpeed:
 1340              		@ args = 0, pretend = 0, frame = 0
 1341              		@ frame_needed = 0, uses_anonymous_args = 0
 1342              		@ link register save eliminated.
 1343 0000 0068     		ldr	r0, [r0]
 1344 0002 FFF7FEBF 		b	USB_GetHostSpeed
 1346 0006 00BF     		.ident	"GCC: (GNU Tools for Arm Embedded Processors 8-2018-q4-major) 8.2.1 20181213 (release) [gcc
ARM GAS  D:\Programs\cygwin64\tmp\cc8nAzO1.s 			page 24


DEFINED SYMBOLS
                            *ABS*:00000000 stm32f4xx_hal_hcd.c
D:\Programs\cygwin64\tmp\cc8nAzO1.s:16     .text.HAL_HCD_HC_Init:00000000 $t
D:\Programs\cygwin64\tmp\cc8nAzO1.s:25     .text.HAL_HCD_HC_Init:00000000 HAL_HCD_HC_Init
D:\Programs\cygwin64\tmp\cc8nAzO1.s:67     .text.HAL_HCD_HC_Halt:00000000 $t
D:\Programs\cygwin64\tmp\cc8nAzO1.s:75     .text.HAL_HCD_HC_Halt:00000000 HAL_HCD_HC_Halt
D:\Programs\cygwin64\tmp\cc8nAzO1.s:95     .text.HAL_HCD_MspInit:00000000 $t
D:\Programs\cygwin64\tmp\cc8nAzO1.s:103    .text.HAL_HCD_MspInit:00000000 HAL_HCD_MspInit
D:\Programs\cygwin64\tmp\cc8nAzO1.s:110    .text.HAL_HCD_Init:00000000 $t
D:\Programs\cygwin64\tmp\cc8nAzO1.s:118    .text.HAL_HCD_Init:00000000 HAL_HCD_Init
D:\Programs\cygwin64\tmp\cc8nAzO1.s:184    .text.HAL_HCD_MspDeInit:00000000 $t
D:\Programs\cygwin64\tmp\cc8nAzO1.s:192    .text.HAL_HCD_MspDeInit:00000000 HAL_HCD_MspDeInit
D:\Programs\cygwin64\tmp\cc8nAzO1.s:199    .text.HAL_HCD_DeInit:00000000 $t
D:\Programs\cygwin64\tmp\cc8nAzO1.s:207    .text.HAL_HCD_DeInit:00000000 HAL_HCD_DeInit
D:\Programs\cygwin64\tmp\cc8nAzO1.s:226    .text.HAL_HCD_HC_SubmitRequest:00000000 $t
D:\Programs\cygwin64\tmp\cc8nAzO1.s:234    .text.HAL_HCD_HC_SubmitRequest:00000000 HAL_HCD_HC_SubmitRequest
D:\Programs\cygwin64\tmp\cc8nAzO1.s:256    .text.HAL_HCD_HC_SubmitRequest:00000034 $d
D:\Programs\cygwin64\tmp\cc8nAzO1.s:260    .text.HAL_HCD_HC_SubmitRequest:00000038 $t
D:\Programs\cygwin64\tmp\cc8nAzO1.s:319    .text.HAL_HCD_SOF_Callback:00000000 $t
D:\Programs\cygwin64\tmp\cc8nAzO1.s:327    .text.HAL_HCD_SOF_Callback:00000000 HAL_HCD_SOF_Callback
D:\Programs\cygwin64\tmp\cc8nAzO1.s:334    .text.HAL_HCD_Connect_Callback:00000000 $t
D:\Programs\cygwin64\tmp\cc8nAzO1.s:342    .text.HAL_HCD_Connect_Callback:00000000 HAL_HCD_Connect_Callback
D:\Programs\cygwin64\tmp\cc8nAzO1.s:349    .text.HAL_HCD_Disconnect_Callback:00000000 $t
D:\Programs\cygwin64\tmp\cc8nAzO1.s:357    .text.HAL_HCD_Disconnect_Callback:00000000 HAL_HCD_Disconnect_Callback
D:\Programs\cygwin64\tmp\cc8nAzO1.s:364    .text.HAL_HCD_PortEnabled_Callback:00000000 $t
D:\Programs\cygwin64\tmp\cc8nAzO1.s:372    .text.HAL_HCD_PortEnabled_Callback:00000000 HAL_HCD_PortEnabled_Callback
D:\Programs\cygwin64\tmp\cc8nAzO1.s:379    .text.HAL_HCD_PortDisabled_Callback:00000000 $t
D:\Programs\cygwin64\tmp\cc8nAzO1.s:387    .text.HAL_HCD_PortDisabled_Callback:00000000 HAL_HCD_PortDisabled_Callback
D:\Programs\cygwin64\tmp\cc8nAzO1.s:394    .text.HAL_HCD_HC_NotifyURBChange_Callback:00000000 $t
D:\Programs\cygwin64\tmp\cc8nAzO1.s:402    .text.HAL_HCD_HC_NotifyURBChange_Callback:00000000 HAL_HCD_HC_NotifyURBChange_Callback
D:\Programs\cygwin64\tmp\cc8nAzO1.s:409    .text.HAL_HCD_IRQHandler:00000000 $t
D:\Programs\cygwin64\tmp\cc8nAzO1.s:417    .text.HAL_HCD_IRQHandler:00000000 HAL_HCD_IRQHandler
D:\Programs\cygwin64\tmp\cc8nAzO1.s:1141   .text.HAL_HCD_IRQHandler:00000738 $d
D:\Programs\cygwin64\tmp\cc8nAzO1.s:1143   .text.HAL_HCD_IRQHandler:0000073c $t
D:\Programs\cygwin64\tmp\cc8nAzO1.s:1170   .text.HAL_HCD_Start:00000000 $t
D:\Programs\cygwin64\tmp\cc8nAzO1.s:1178   .text.HAL_HCD_Start:00000000 HAL_HCD_Start
D:\Programs\cygwin64\tmp\cc8nAzO1.s:1201   .text.HAL_HCD_Stop:00000000 $t
D:\Programs\cygwin64\tmp\cc8nAzO1.s:1209   .text.HAL_HCD_Stop:00000000 HAL_HCD_Stop
D:\Programs\cygwin64\tmp\cc8nAzO1.s:1229   .text.HAL_HCD_ResetPort:00000000 $t
D:\Programs\cygwin64\tmp\cc8nAzO1.s:1237   .text.HAL_HCD_ResetPort:00000000 HAL_HCD_ResetPort
D:\Programs\cygwin64\tmp\cc8nAzO1.s:1245   .text.HAL_HCD_GetState:00000000 $t
D:\Programs\cygwin64\tmp\cc8nAzO1.s:1253   .text.HAL_HCD_GetState:00000000 HAL_HCD_GetState
D:\Programs\cygwin64\tmp\cc8nAzO1.s:1261   .text.HAL_HCD_HC_GetURBState:00000000 $t
D:\Programs\cygwin64\tmp\cc8nAzO1.s:1269   .text.HAL_HCD_HC_GetURBState:00000000 HAL_HCD_HC_GetURBState
D:\Programs\cygwin64\tmp\cc8nAzO1.s:1279   .text.HAL_HCD_HC_GetXferCount:00000000 $t
D:\Programs\cygwin64\tmp\cc8nAzO1.s:1287   .text.HAL_HCD_HC_GetXferCount:00000000 HAL_HCD_HC_GetXferCount
D:\Programs\cygwin64\tmp\cc8nAzO1.s:1297   .text.HAL_HCD_HC_GetState:00000000 $t
D:\Programs\cygwin64\tmp\cc8nAzO1.s:1305   .text.HAL_HCD_HC_GetState:00000000 HAL_HCD_HC_GetState
D:\Programs\cygwin64\tmp\cc8nAzO1.s:1315   .text.HAL_HCD_GetCurrentFrame:00000000 $t
D:\Programs\cygwin64\tmp\cc8nAzO1.s:1323   .text.HAL_HCD_GetCurrentFrame:00000000 HAL_HCD_GetCurrentFrame
D:\Programs\cygwin64\tmp\cc8nAzO1.s:1331   .text.HAL_HCD_GetCurrentSpeed:00000000 $t
D:\Programs\cygwin64\tmp\cc8nAzO1.s:1339   .text.HAL_HCD_GetCurrentSpeed:00000000 HAL_HCD_GetCurrentSpeed

UNDEFINED SYMBOLS
USB_HC_Init
USB_HC_Halt
USB_DisableGlobalInt
ARM GAS  D:\Programs\cygwin64\tmp\cc8nAzO1.s 			page 25


USB_CoreInit
USB_SetCurrentMode
USB_HostInit
USB_HC_StartXfer
USB_GetMode
USB_ReadInterrupts
USB_HC_ReadInterrupt
USB_InitFSLSPClkSel
USB_ReadPacket
USB_EnableGlobalInt
USB_DriveVbus
USB_StopHost
USB_ResetPort
USB_GetCurrentFrame
USB_GetHostSpeed
