ARM GAS  D:\Programs\cygwin64\tmp\cckKPO1U.s 			page 1


   1              		.cpu cortex-m4
   2              		.eabi_attribute 27, 1
   3              		.eabi_attribute 28, 1
   4              		.eabi_attribute 20, 1
   5              		.eabi_attribute 21, 1
   6              		.eabi_attribute 23, 3
   7              		.eabi_attribute 24, 1
   8              		.eabi_attribute 25, 1
   9              		.eabi_attribute 26, 1
  10              		.eabi_attribute 30, 2
  11              		.eabi_attribute 34, 1
  12              		.eabi_attribute 18, 4
  13              		.file	"stm32f4xx_hal_adc_ex.c"
  14              		.text
  15              		.section	.text.ADC_MultiModeDMAError,"ax",%progbits
  16              		.align	1
  17              		.p2align 2,,3
  18              		.arch armv7e-m
  19              		.syntax unified
  20              		.thumb
  21              		.thumb_func
  22              		.fpu fpv4-sp-d16
  24              	ADC_MultiModeDMAError:
  25              		@ args = 0, pretend = 0, frame = 0
  26              		@ frame_needed = 0, uses_anonymous_args = 0
  27              		@ link register save eliminated.
  28 0000 806B     		ldr	r0, [r0, #56]
  29 0002 4023     		movs	r3, #64
  30 0004 0364     		str	r3, [r0, #64]
  31 0006 436C     		ldr	r3, [r0, #68]
  32 0008 43F00403 		orr	r3, r3, #4
  33 000c 4364     		str	r3, [r0, #68]
  34 000e FFF7FEBF 		b	HAL_ADC_ErrorCallback
  36 0012 00BF     		.section	.text.ADC_MultiModeDMAHalfConvCplt,"ax",%progbits
  37              		.align	1
  38              		.p2align 2,,3
  39              		.syntax unified
  40              		.thumb
  41              		.thumb_func
  42              		.fpu fpv4-sp-d16
  44              	ADC_MultiModeDMAHalfConvCplt:
  45              		@ args = 0, pretend = 0, frame = 0
  46              		@ frame_needed = 0, uses_anonymous_args = 0
  47              		@ link register save eliminated.
  48 0000 806B     		ldr	r0, [r0, #56]
  49 0002 FFF7FEBF 		b	HAL_ADC_ConvHalfCpltCallback
  51 0006 00BF     		.section	.text.ADC_MultiModeDMAConvCplt,"ax",%progbits
  52              		.align	1
  53              		.p2align 2,,3
  54              		.syntax unified
  55              		.thumb
  56              		.thumb_func
  57              		.fpu fpv4-sp-d16
  59              	ADC_MultiModeDMAConvCplt:
  60              		@ args = 0, pretend = 0, frame = 0
  61              		@ frame_needed = 0, uses_anonymous_args = 0
  62              		@ link register save eliminated.
ARM GAS  D:\Programs\cygwin64\tmp\cckKPO1U.s 			page 2


  63 0000 836B     		ldr	r3, [r0, #56]
  64 0002 1A6C     		ldr	r2, [r3, #64]
  65 0004 12F0500F 		tst	r2, #80
  66 0008 23D1     		bne	.L5
  67 000a 1A6C     		ldr	r2, [r3, #64]
  68 000c 1968     		ldr	r1, [r3]
  69 000e 42F40072 		orr	r2, r2, #512
  70 0012 1A64     		str	r2, [r3, #64]
  71 0014 8A68     		ldr	r2, [r1, #8]
  72 0016 12F0405F 		tst	r2, #805306368
  73 001a 17D1     		bne	.L7
  74 001c 1A7E     		ldrb	r2, [r3, #24]	@ zero_extendqisi2
  75 001e AAB9     		cbnz	r2, .L7
  76 0020 CA6A     		ldr	r2, [r1, #44]
  77 0022 12F4700F 		tst	r2, #15728640
  78 0026 02D0     		beq	.L9
  79 0028 8A68     		ldr	r2, [r1, #8]
  80 002a 5005     		lsls	r0, r2, #21
  81 002c 0ED4     		bmi	.L7
  82              	.L9:
  83 002e 4A68     		ldr	r2, [r1, #4]
  84 0030 22F02002 		bic	r2, r2, #32
  85 0034 4A60     		str	r2, [r1, #4]
  86 0036 1A6C     		ldr	r2, [r3, #64]
  87 0038 22F48072 		bic	r2, r2, #256
  88 003c 1A64     		str	r2, [r3, #64]
  89 003e 1A6C     		ldr	r2, [r3, #64]
  90 0040 D204     		lsls	r2, r2, #19
  91 0042 03D4     		bmi	.L7
  92 0044 1A6C     		ldr	r2, [r3, #64]
  93 0046 42F00102 		orr	r2, r2, #1
  94 004a 1A64     		str	r2, [r3, #64]
  95              	.L7:
  96 004c 1846     		mov	r0, r3
  97 004e FFF7FEBF 		b	HAL_ADC_ConvCpltCallback
  98              	.L5:
  99 0052 9B6B     		ldr	r3, [r3, #56]
 100 0054 DB6C     		ldr	r3, [r3, #76]
 101 0056 1847     		bx	r3	@ indirect register sibling call
 103              		.section	.text.HAL_ADCEx_InjectedStart,"ax",%progbits
 104              		.align	1
 105              		.p2align 2,,3
 106              		.global	HAL_ADCEx_InjectedStart
 107              		.syntax unified
 108              		.thumb
 109              		.thumb_func
 110              		.fpu fpv4-sp-d16
 112              	HAL_ADCEx_InjectedStart:
 113              		@ args = 0, pretend = 0, frame = 8
 114              		@ frame_needed = 0, uses_anonymous_args = 0
 115              		@ link register save eliminated.
 116 0000 10B4     		push	{r4}
 117 0002 90F83C30 		ldrb	r3, [r0, #60]	@ zero_extendqisi2
 118 0006 83B0     		sub	sp, sp, #12
 119 0008 0022     		movs	r2, #0
 120 000a 012B     		cmp	r3, #1
 121 000c 0192     		str	r2, [sp, #4]
ARM GAS  D:\Programs\cygwin64\tmp\cckKPO1U.s 			page 3


 122 000e 52D0     		beq	.L21
 123 0010 0268     		ldr	r2, [r0]
 124 0012 9368     		ldr	r3, [r2, #8]
 125 0014 0121     		movs	r1, #1
 126 0016 DC07     		lsls	r4, r3, #31
 127 0018 80F83C10 		strb	r1, [r0, #60]
 128 001c 14D4     		bmi	.L15
 129 001e 284B     		ldr	r3, .L28
 130 0020 284C     		ldr	r4, .L28+4
 131 0022 1B68     		ldr	r3, [r3]
 132 0024 9168     		ldr	r1, [r2, #8]
 133 0026 A4FB0343 		umull	r4, r3, r4, r3
 134 002a 9B0C     		lsrs	r3, r3, #18
 135 002c 03EB4303 		add	r3, r3, r3, lsl #1
 136 0030 41F00101 		orr	r1, r1, #1
 137 0034 9160     		str	r1, [r2, #8]
 138 0036 0193     		str	r3, [sp, #4]
 139 0038 019B     		ldr	r3, [sp, #4]
 140 003a 2BB1     		cbz	r3, .L15
 141              	.L16:
 142 003c 019B     		ldr	r3, [sp, #4]
 143 003e 013B     		subs	r3, r3, #1
 144 0040 0193     		str	r3, [sp, #4]
 145 0042 019B     		ldr	r3, [sp, #4]
 146 0044 002B     		cmp	r3, #0
 147 0046 F9D1     		bne	.L16
 148              	.L15:
 149 0048 9368     		ldr	r3, [r2, #8]
 150 004a D907     		lsls	r1, r3, #31
 151 004c 1ED5     		bpl	.L20
 152 004e 036C     		ldr	r3, [r0, #64]
 153 0050 23F44053 		bic	r3, r3, #12288
 154 0054 23F00103 		bic	r3, r3, #1
 155 0058 43F48053 		orr	r3, r3, #4096
 156 005c 0364     		str	r3, [r0, #64]
 157 005e 036C     		ldr	r3, [r0, #64]
 158 0060 13F48073 		ands	r3, r3, #256
 159 0064 08BF     		it	eq
 160 0066 4364     		streq	r3, [r0, #68]
 161 0068 0024     		movs	r4, #0
 162 006a 6FF00401 		mvn	r1, #4
 163 006e 164B     		ldr	r3, .L28+8
 164 0070 80F83C40 		strb	r4, [r0, #60]
 165 0074 1160     		str	r1, [r2]
 166 0076 5B68     		ldr	r3, [r3, #4]
 167 0078 DB06     		lsls	r3, r3, #27
 168 007a 0CD1     		bne	.L19
 169 007c 9068     		ldr	r0, [r2, #8]
 170 007e 5368     		ldr	r3, [r2, #4]
 171 0080 00F44010 		and	r0, r0, #3145728
 172 0084 03F48063 		and	r3, r3, #1024
 173 0088 1843     		orrs	r0, r0, r3
 174 008a 0FD0     		beq	.L27
 175              	.L20:
 176 008c 0020     		movs	r0, #0
 177              	.L14:
 178 008e 03B0     		add	sp, sp, #12
ARM GAS  D:\Programs\cygwin64\tmp\cckKPO1U.s 			page 4


 179              		@ sp needed
 180 0090 5DF8044B 		ldr	r4, [sp], #4
 181 0094 7047     		bx	lr
 182              	.L19:
 183 0096 0D49     		ldr	r1, .L28+12
 184 0098 9368     		ldr	r3, [r2, #8]
 185 009a 5068     		ldr	r0, [r2, #4]
 186 009c 8A42     		cmp	r2, r1
 187 009e F5D1     		bne	.L20
 188 00a0 03F44013 		and	r3, r3, #3145728
 189 00a4 00F48060 		and	r0, r0, #1024
 190 00a8 1843     		orrs	r0, r3, r0
 191 00aa EFD1     		bne	.L20
 192              	.L27:
 193 00ac 9368     		ldr	r3, [r2, #8]
 194 00ae 43F48003 		orr	r3, r3, #4194304
 195 00b2 9360     		str	r3, [r2, #8]
 196 00b4 EBE7     		b	.L14
 197              	.L21:
 198 00b6 0220     		movs	r0, #2
 199 00b8 03B0     		add	sp, sp, #12
 200              		@ sp needed
 201 00ba 5DF8044B 		ldr	r4, [sp], #4
 202 00be 7047     		bx	lr
 203              	.L29:
 204              		.align	2
 205              	.L28:
 206 00c0 00000000 		.word	SystemCoreClock
 207 00c4 83DE1B43 		.word	1125899907
 208 00c8 00230140 		.word	1073816320
 209 00cc 00200140 		.word	1073815552
 211              		.section	.text.HAL_ADCEx_InjectedStart_IT,"ax",%progbits
 212              		.align	1
 213              		.p2align 2,,3
 214              		.global	HAL_ADCEx_InjectedStart_IT
 215              		.syntax unified
 216              		.thumb
 217              		.thumb_func
 218              		.fpu fpv4-sp-d16
 220              	HAL_ADCEx_InjectedStart_IT:
 221              		@ args = 0, pretend = 0, frame = 8
 222              		@ frame_needed = 0, uses_anonymous_args = 0
 223              		@ link register save eliminated.
 224 0000 10B4     		push	{r4}
 225 0002 90F83C30 		ldrb	r3, [r0, #60]	@ zero_extendqisi2
 226 0006 83B0     		sub	sp, sp, #12
 227 0008 0022     		movs	r2, #0
 228 000a 012B     		cmp	r3, #1
 229 000c 0192     		str	r2, [sp, #4]
 230 000e 56D0     		beq	.L38
 231 0010 0268     		ldr	r2, [r0]
 232 0012 9368     		ldr	r3, [r2, #8]
 233 0014 0121     		movs	r1, #1
 234 0016 DC07     		lsls	r4, r3, #31
 235 0018 80F83C10 		strb	r1, [r0, #60]
 236 001c 14D4     		bmi	.L32
 237 001e 2A4B     		ldr	r3, .L45
ARM GAS  D:\Programs\cygwin64\tmp\cckKPO1U.s 			page 5


 238 0020 2A4C     		ldr	r4, .L45+4
 239 0022 1B68     		ldr	r3, [r3]
 240 0024 9168     		ldr	r1, [r2, #8]
 241 0026 A4FB0343 		umull	r4, r3, r4, r3
 242 002a 9B0C     		lsrs	r3, r3, #18
 243 002c 03EB4303 		add	r3, r3, r3, lsl #1
 244 0030 41F00101 		orr	r1, r1, #1
 245 0034 9160     		str	r1, [r2, #8]
 246 0036 0193     		str	r3, [sp, #4]
 247 0038 019B     		ldr	r3, [sp, #4]
 248 003a 2BB1     		cbz	r3, .L32
 249              	.L33:
 250 003c 019B     		ldr	r3, [sp, #4]
 251 003e 013B     		subs	r3, r3, #1
 252 0040 0193     		str	r3, [sp, #4]
 253 0042 019B     		ldr	r3, [sp, #4]
 254 0044 002B     		cmp	r3, #0
 255 0046 F9D1     		bne	.L33
 256              	.L32:
 257 0048 9368     		ldr	r3, [r2, #8]
 258 004a D907     		lsls	r1, r3, #31
 259 004c 22D5     		bpl	.L37
 260 004e 036C     		ldr	r3, [r0, #64]
 261 0050 23F44053 		bic	r3, r3, #12288
 262 0054 23F00103 		bic	r3, r3, #1
 263 0058 43F48053 		orr	r3, r3, #4096
 264 005c 0364     		str	r3, [r0, #64]
 265 005e 036C     		ldr	r3, [r0, #64]
 266 0060 13F48073 		ands	r3, r3, #256
 267 0064 08BF     		it	eq
 268 0066 4364     		streq	r3, [r0, #68]
 269 0068 0021     		movs	r1, #0
 270 006a 6FF00403 		mvn	r3, #4
 271 006e 80F83C10 		strb	r1, [r0, #60]
 272 0072 1360     		str	r3, [r2]
 273 0074 5368     		ldr	r3, [r2, #4]
 274 0076 1649     		ldr	r1, .L45+8
 275 0078 43F08003 		orr	r3, r3, #128
 276 007c 5360     		str	r3, [r2, #4]
 277 007e 4B68     		ldr	r3, [r1, #4]
 278 0080 DB06     		lsls	r3, r3, #27
 279 0082 0CD1     		bne	.L36
 280 0084 9068     		ldr	r0, [r2, #8]
 281 0086 5368     		ldr	r3, [r2, #4]
 282 0088 00F44010 		and	r0, r0, #3145728
 283 008c 03F48063 		and	r3, r3, #1024
 284 0090 1843     		orrs	r0, r0, r3
 285 0092 0FD0     		beq	.L44
 286              	.L37:
 287 0094 0020     		movs	r0, #0
 288              	.L31:
 289 0096 03B0     		add	sp, sp, #12
 290              		@ sp needed
 291 0098 5DF8044B 		ldr	r4, [sp], #4
 292 009c 7047     		bx	lr
 293              	.L36:
 294 009e 0D49     		ldr	r1, .L45+12
ARM GAS  D:\Programs\cygwin64\tmp\cckKPO1U.s 			page 6


 295 00a0 9368     		ldr	r3, [r2, #8]
 296 00a2 5068     		ldr	r0, [r2, #4]
 297 00a4 8A42     		cmp	r2, r1
 298 00a6 F5D1     		bne	.L37
 299 00a8 03F44013 		and	r3, r3, #3145728
 300 00ac 00F48060 		and	r0, r0, #1024
 301 00b0 1843     		orrs	r0, r3, r0
 302 00b2 EFD1     		bne	.L37
 303              	.L44:
 304 00b4 9368     		ldr	r3, [r2, #8]
 305 00b6 43F48003 		orr	r3, r3, #4194304
 306 00ba 9360     		str	r3, [r2, #8]
 307 00bc EBE7     		b	.L31
 308              	.L38:
 309 00be 0220     		movs	r0, #2
 310 00c0 03B0     		add	sp, sp, #12
 311              		@ sp needed
 312 00c2 5DF8044B 		ldr	r4, [sp], #4
 313 00c6 7047     		bx	lr
 314              	.L46:
 315              		.align	2
 316              	.L45:
 317 00c8 00000000 		.word	SystemCoreClock
 318 00cc 83DE1B43 		.word	1125899907
 319 00d0 00230140 		.word	1073816320
 320 00d4 00200140 		.word	1073815552
 322              		.section	.text.HAL_ADCEx_InjectedStop,"ax",%progbits
 323              		.align	1
 324              		.p2align 2,,3
 325              		.global	HAL_ADCEx_InjectedStop
 326              		.syntax unified
 327              		.thumb
 328              		.thumb_func
 329              		.fpu fpv4-sp-d16
 331              	HAL_ADCEx_InjectedStop:
 332              		@ args = 0, pretend = 0, frame = 0
 333              		@ frame_needed = 0, uses_anonymous_args = 0
 334              		@ link register save eliminated.
 335 0000 90F83C20 		ldrb	r2, [r0, #60]	@ zero_extendqisi2
 336 0004 012A     		cmp	r2, #1
 337 0006 0346     		mov	r3, r0
 338 0008 28D0     		beq	.L51
 339 000a 026C     		ldr	r2, [r0, #64]
 340 000c 0121     		movs	r1, #1
 341 000e D205     		lsls	r2, r2, #23
 342 0010 80F83C10 		strb	r1, [r0, #60]
 343 0014 19D4     		bmi	.L49
 344 0016 0268     		ldr	r2, [r0]
 345 0018 5068     		ldr	r0, [r2, #4]
 346 001a 10F48060 		ands	r0, r0, #1024
 347 001e 14D1     		bne	.L49
 348 0020 9168     		ldr	r1, [r2, #8]
 349 0022 21F00101 		bic	r1, r1, #1
 350 0026 9160     		str	r1, [r2, #8]
 351 0028 9268     		ldr	r2, [r2, #8]
 352 002a 12F00102 		ands	r2, r2, #1
 353 002e 11D1     		bne	.L50
ARM GAS  D:\Programs\cygwin64\tmp\cckKPO1U.s 			page 7


 354 0030 196C     		ldr	r1, [r3, #64]
 355 0032 21F48851 		bic	r1, r1, #4352
 356 0036 21F00101 		bic	r1, r1, #1
 357 003a 41F00101 		orr	r1, r1, #1
 358 003e 1046     		mov	r0, r2
 359 0040 0022     		movs	r2, #0
 360 0042 1964     		str	r1, [r3, #64]
 361 0044 83F83C20 		strb	r2, [r3, #60]
 362 0048 7047     		bx	lr
 363              	.L49:
 364 004a 1A6C     		ldr	r2, [r3, #64]
 365 004c 42F02002 		orr	r2, r2, #32
 366 0050 1A64     		str	r2, [r3, #64]
 367 0052 0120     		movs	r0, #1
 368              	.L50:
 369 0054 0022     		movs	r2, #0
 370 0056 83F83C20 		strb	r2, [r3, #60]
 371 005a 7047     		bx	lr
 372              	.L51:
 373 005c 0220     		movs	r0, #2
 374 005e 7047     		bx	lr
 376              		.section	.text.HAL_ADCEx_InjectedPollForConversion,"ax",%progbits
 377              		.align	1
 378              		.p2align 2,,3
 379              		.global	HAL_ADCEx_InjectedPollForConversion
 380              		.syntax unified
 381              		.thumb
 382              		.thumb_func
 383              		.fpu fpv4-sp-d16
 385              	HAL_ADCEx_InjectedPollForConversion:
 386              		@ args = 0, pretend = 0, frame = 0
 387              		@ frame_needed = 0, uses_anonymous_args = 0
 388 0000 70B5     		push	{r4, r5, r6, lr}
 389 0002 0446     		mov	r4, r0
 390 0004 0D46     		mov	r5, r1
 391 0006 FFF7FEFF 		bl	HAL_GetTick
 392 000a 0646     		mov	r6, r0
 393              	.L54:
 394 000c 6B1C     		adds	r3, r5, #1
 395 000e 2268     		ldr	r2, [r4]
 396 0010 2DD1     		bne	.L58
 397              	.L59:
 398 0012 1368     		ldr	r3, [r2]
 399 0014 5D07     		lsls	r5, r3, #29
 400 0016 FCD5     		bpl	.L59
 401              	.L60:
 402 0018 6FF00C03 		mvn	r3, #12
 403 001c 1360     		str	r3, [r2]
 404 001e 236C     		ldr	r3, [r4, #64]
 405 0020 43F40053 		orr	r3, r3, #8192
 406 0024 2364     		str	r3, [r4, #64]
 407 0026 9368     		ldr	r3, [r2, #8]
 408 0028 13F4401F 		tst	r3, #3145728
 409 002c 1DD1     		bne	.L64
 410 002e 936B     		ldr	r3, [r2, #56]
 411 0030 13F4401F 		tst	r3, #3145728
 412 0034 02D0     		beq	.L63
ARM GAS  D:\Programs\cygwin64\tmp\cckKPO1U.s 			page 8


 413 0036 9368     		ldr	r3, [r2, #8]
 414 0038 5905     		lsls	r1, r3, #21
 415 003a 16D4     		bmi	.L64
 416              	.L63:
 417 003c 5368     		ldr	r3, [r2, #4]
 418 003e 5B05     		lsls	r3, r3, #21
 419 0040 13D4     		bmi	.L64
 420 0042 9368     		ldr	r3, [r2, #8]
 421 0044 13F0405F 		tst	r3, #805306368
 422 0048 0FD1     		bne	.L64
 423 004a 237E     		ldrb	r3, [r4, #24]	@ zero_extendqisi2
 424 004c 6BB9     		cbnz	r3, .L64
 425 004e 236C     		ldr	r3, [r4, #64]
 426 0050 23F48053 		bic	r3, r3, #4096
 427 0054 2364     		str	r3, [r4, #64]
 428 0056 236C     		ldr	r3, [r4, #64]
 429 0058 13F48073 		ands	r3, r3, #256
 430 005c 05D1     		bne	.L64
 431 005e 226C     		ldr	r2, [r4, #64]
 432 0060 42F00102 		orr	r2, r2, #1
 433 0064 1846     		mov	r0, r3
 434 0066 2264     		str	r2, [r4, #64]
 435 0068 70BD     		pop	{r4, r5, r6, pc}
 436              	.L64:
 437 006a 0020     		movs	r0, #0
 438 006c 70BD     		pop	{r4, r5, r6, pc}
 439              	.L58:
 440 006e 1368     		ldr	r3, [r2]
 441 0070 5807     		lsls	r0, r3, #29
 442 0072 D1D4     		bmi	.L60
 443 0074 25B1     		cbz	r5, .L57
 444 0076 FFF7FEFF 		bl	HAL_GetTick
 445 007a 801B     		subs	r0, r0, r6
 446 007c A842     		cmp	r0, r5
 447 007e C5D9     		bls	.L54
 448              	.L57:
 449 0080 0422     		movs	r2, #4
 450 0082 0023     		movs	r3, #0
 451 0084 2264     		str	r2, [r4, #64]
 452 0086 84F83C30 		strb	r3, [r4, #60]
 453 008a 0320     		movs	r0, #3
 454 008c 70BD     		pop	{r4, r5, r6, pc}
 456 008e 00BF     		.section	.text.HAL_ADCEx_InjectedStop_IT,"ax",%progbits
 457              		.align	1
 458              		.p2align 2,,3
 459              		.global	HAL_ADCEx_InjectedStop_IT
 460              		.syntax unified
 461              		.thumb
 462              		.thumb_func
 463              		.fpu fpv4-sp-d16
 465              	HAL_ADCEx_InjectedStop_IT:
 466              		@ args = 0, pretend = 0, frame = 0
 467              		@ frame_needed = 0, uses_anonymous_args = 0
 468              		@ link register save eliminated.
 469 0000 90F83C20 		ldrb	r2, [r0, #60]	@ zero_extendqisi2
 470 0004 012A     		cmp	r2, #1
 471 0006 0346     		mov	r3, r0
ARM GAS  D:\Programs\cygwin64\tmp\cckKPO1U.s 			page 9


 472 0008 2CD0     		beq	.L75
 473 000a 026C     		ldr	r2, [r0, #64]
 474 000c 0121     		movs	r1, #1
 475 000e D205     		lsls	r2, r2, #23
 476 0010 80F83C10 		strb	r1, [r0, #60]
 477 0014 1DD4     		bmi	.L73
 478 0016 0268     		ldr	r2, [r0]
 479 0018 5068     		ldr	r0, [r2, #4]
 480 001a 10F48060 		ands	r0, r0, #1024
 481 001e 18D1     		bne	.L73
 482 0020 9168     		ldr	r1, [r2, #8]
 483 0022 21F00101 		bic	r1, r1, #1
 484 0026 9160     		str	r1, [r2, #8]
 485 0028 9168     		ldr	r1, [r2, #8]
 486 002a 11F00101 		ands	r1, r1, #1
 487 002e 15D1     		bne	.L74
 488 0030 5068     		ldr	r0, [r2, #4]
 489 0032 20F08000 		bic	r0, r0, #128
 490 0036 5060     		str	r0, [r2, #4]
 491 0038 1A6C     		ldr	r2, [r3, #64]
 492 003a 22F48852 		bic	r2, r2, #4352
 493 003e 22F00102 		bic	r2, r2, #1
 494 0042 42F00102 		orr	r2, r2, #1
 495 0046 1A64     		str	r2, [r3, #64]
 496 0048 0022     		movs	r2, #0
 497 004a 0846     		mov	r0, r1
 498 004c 83F83C20 		strb	r2, [r3, #60]
 499 0050 7047     		bx	lr
 500              	.L73:
 501 0052 1A6C     		ldr	r2, [r3, #64]
 502 0054 42F02002 		orr	r2, r2, #32
 503 0058 1A64     		str	r2, [r3, #64]
 504 005a 0120     		movs	r0, #1
 505              	.L74:
 506 005c 0022     		movs	r2, #0
 507 005e 83F83C20 		strb	r2, [r3, #60]
 508 0062 7047     		bx	lr
 509              	.L75:
 510 0064 0220     		movs	r0, #2
 511 0066 7047     		bx	lr
 513              		.section	.text.HAL_ADCEx_InjectedGetValue,"ax",%progbits
 514              		.align	1
 515              		.p2align 2,,3
 516              		.global	HAL_ADCEx_InjectedGetValue
 517              		.syntax unified
 518              		.thumb
 519              		.thumb_func
 520              		.fpu fpv4-sp-d16
 522              	HAL_ADCEx_InjectedGetValue:
 523              		@ args = 0, pretend = 0, frame = 8
 524              		@ frame_needed = 0, uses_anonymous_args = 0
 525              		@ link register save eliminated.
 526 0000 0368     		ldr	r3, [r0]
 527 0002 82B0     		sub	sp, sp, #8
 528 0004 0020     		movs	r0, #0
 529 0006 6FF00402 		mvn	r2, #4
 530 000a 0139     		subs	r1, r1, #1
ARM GAS  D:\Programs\cygwin64\tmp\cckKPO1U.s 			page 10


 531 000c 0190     		str	r0, [sp, #4]
 532 000e 1A60     		str	r2, [r3]
 533 0010 0329     		cmp	r1, #3
 534 0012 05D8     		bhi	.L78
 535 0014 DFE801F0 		tbb	[pc, r1]
 536              	.L80:
 537 0018 11       		.byte	(.L83-.L80)/2
 538 0019 0C       		.byte	(.L82-.L80)/2
 539 001a 07       		.byte	(.L81-.L80)/2
 540 001b 02       		.byte	(.L79-.L80)/2
 541              		.p2align 1
 542              	.L79:
 543 001c 9B6C     		ldr	r3, [r3, #72]
 544 001e 0193     		str	r3, [sp, #4]
 545              	.L78:
 546 0020 0198     		ldr	r0, [sp, #4]
 547 0022 02B0     		add	sp, sp, #8
 548              		@ sp needed
 549 0024 7047     		bx	lr
 550              	.L81:
 551 0026 5B6C     		ldr	r3, [r3, #68]
 552 0028 0193     		str	r3, [sp, #4]
 553 002a 0198     		ldr	r0, [sp, #4]
 554 002c 02B0     		add	sp, sp, #8
 555              		@ sp needed
 556 002e 7047     		bx	lr
 557              	.L82:
 558 0030 1B6C     		ldr	r3, [r3, #64]
 559 0032 0193     		str	r3, [sp, #4]
 560 0034 0198     		ldr	r0, [sp, #4]
 561 0036 02B0     		add	sp, sp, #8
 562              		@ sp needed
 563 0038 7047     		bx	lr
 564              	.L83:
 565 003a DB6B     		ldr	r3, [r3, #60]
 566 003c 0193     		str	r3, [sp, #4]
 567 003e 0198     		ldr	r0, [sp, #4]
 568 0040 02B0     		add	sp, sp, #8
 569              		@ sp needed
 570 0042 7047     		bx	lr
 572              		.section	.text.HAL_ADCEx_MultiModeStart_DMA,"ax",%progbits
 573              		.align	1
 574              		.p2align 2,,3
 575              		.global	HAL_ADCEx_MultiModeStart_DMA
 576              		.syntax unified
 577              		.thumb
 578              		.thumb_func
 579              		.fpu fpv4-sp-d16
 581              	HAL_ADCEx_MultiModeStart_DMA:
 582              		@ args = 0, pretend = 0, frame = 8
 583              		@ frame_needed = 0, uses_anonymous_args = 0
 584 0000 F0B5     		push	{r4, r5, r6, r7, lr}
 585 0002 90F83C30 		ldrb	r3, [r0, #60]	@ zero_extendqisi2
 586 0006 83B0     		sub	sp, sp, #12
 587 0008 0024     		movs	r4, #0
 588 000a 012B     		cmp	r3, #1
 589 000c 0194     		str	r4, [sp, #4]
ARM GAS  D:\Programs\cygwin64\tmp\cckKPO1U.s 			page 11


 590 000e 6BD0     		beq	.L97
 591 0010 0568     		ldr	r5, [r0]
 592 0012 AB68     		ldr	r3, [r5, #8]
 593 0014 0124     		movs	r4, #1
 594 0016 DE07     		lsls	r6, r3, #31
 595 0018 80F83C40 		strb	r4, [r0, #60]
 596 001c 14D4     		bmi	.L90
 597 001e 344B     		ldr	r3, .L106
 598 0020 344E     		ldr	r6, .L106+4
 599 0022 1C68     		ldr	r4, [r3]
 600 0024 AB68     		ldr	r3, [r5, #8]
 601 0026 A6FB0464 		umull	r6, r4, r6, r4
 602 002a A40C     		lsrs	r4, r4, #18
 603 002c 43F00103 		orr	r3, r3, #1
 604 0030 04EB4404 		add	r4, r4, r4, lsl #1
 605 0034 AB60     		str	r3, [r5, #8]
 606 0036 0194     		str	r4, [sp, #4]
 607 0038 019B     		ldr	r3, [sp, #4]
 608 003a 2BB1     		cbz	r3, .L90
 609              	.L91:
 610 003c 019C     		ldr	r4, [sp, #4]
 611 003e 013C     		subs	r4, r4, #1
 612 0040 0194     		str	r4, [sp, #4]
 613 0042 019C     		ldr	r4, [sp, #4]
 614 0044 002C     		cmp	r4, #0
 615 0046 F9D1     		bne	.L91
 616              	.L90:
 617 0048 AB68     		ldr	r3, [r5, #8]
 618 004a DC07     		lsls	r4, r3, #31
 619 004c 43D5     		bpl	.L89
 620 004e 046C     		ldr	r4, [r0, #64]
 621 0050 24F4E064 		bic	r4, r4, #1792
 622 0054 24F00104 		bic	r4, r4, #1
 623 0058 44F48074 		orr	r4, r4, #256
 624 005c 0464     		str	r4, [r0, #64]
 625 005e 6B68     		ldr	r3, [r5, #4]
 626 0060 5B05     		lsls	r3, r3, #21
 627 0062 05D5     		bpl	.L92
 628 0064 036C     		ldr	r3, [r0, #64]
 629 0066 23F44053 		bic	r3, r3, #12288
 630 006a 43F48053 		orr	r3, r3, #4096
 631 006e 0364     		str	r3, [r0, #64]
 632              	.L92:
 633 0070 036C     		ldr	r3, [r0, #64]
 634 0072 866B     		ldr	r6, [r0, #56]
 635 0074 204C     		ldr	r4, .L106+8
 636 0076 13F48053 		ands	r3, r3, #4096
 637 007a 1CBF     		itt	ne
 638 007c 436C     		ldrne	r3, [r0, #68]
 639 007e 23F00603 		bicne	r3, r3, #6
 640 0082 4364     		str	r3, [r0, #68]
 641 0084 0027     		movs	r7, #0
 642 0086 1D4B     		ldr	r3, .L106+12
 643 0088 80F83C70 		strb	r7, [r0, #60]
 644 008c F463     		str	r4, [r6, #60]
 645 008e 3364     		str	r3, [r6, #64]
 646 0090 1B4C     		ldr	r4, .L106+16
ARM GAS  D:\Programs\cygwin64\tmp\cckKPO1U.s 			page 12


 647 0092 F464     		str	r4, [r6, #76]
 648 0094 6FF00203 		mvn	r3, #2
 649 0098 2B60     		str	r3, [r5]
 650 009a 6B68     		ldr	r3, [r5, #4]
 651 009c 90F83040 		ldrb	r4, [r0, #48]	@ zero_extendqisi2
 652 00a0 43F08063 		orr	r3, r3, #67108864
 653 00a4 6B60     		str	r3, [r5, #4]
 654 00a6 CCB1     		cbz	r4, .L95
 655 00a8 164C     		ldr	r4, .L106+20
 656 00aa 6368     		ldr	r3, [r4, #4]
 657 00ac 43F40053 		orr	r3, r3, #8192
 658 00b0 6360     		str	r3, [r4, #4]
 659              	.L96:
 660 00b2 0446     		mov	r4, r0
 661 00b4 1346     		mov	r3, r2
 662 00b6 3046     		mov	r0, r6
 663 00b8 0A46     		mov	r2, r1
 664 00ba 1349     		ldr	r1, .L106+24
 665 00bc FFF7FEFF 		bl	HAL_DMA_Start_IT
 666 00c0 2368     		ldr	r3, [r4]
 667 00c2 9868     		ldr	r0, [r3, #8]
 668 00c4 10F04050 		ands	r0, r0, #805306368
 669 00c8 05D1     		bne	.L89
 670 00ca 9A68     		ldr	r2, [r3, #8]
 671 00cc 42F08042 		orr	r2, r2, #1073741824
 672 00d0 9A60     		str	r2, [r3, #8]
 673 00d2 03B0     		add	sp, sp, #12
 674              		@ sp needed
 675 00d4 F0BD     		pop	{r4, r5, r6, r7, pc}
 676              	.L89:
 677 00d6 0020     		movs	r0, #0
 678 00d8 03B0     		add	sp, sp, #12
 679              		@ sp needed
 680 00da F0BD     		pop	{r4, r5, r6, r7, pc}
 681              	.L95:
 682 00dc 094C     		ldr	r4, .L106+20
 683 00de 6368     		ldr	r3, [r4, #4]
 684 00e0 23F40053 		bic	r3, r3, #8192
 685 00e4 6360     		str	r3, [r4, #4]
 686 00e6 E4E7     		b	.L96
 687              	.L97:
 688 00e8 0220     		movs	r0, #2
 689 00ea 03B0     		add	sp, sp, #12
 690              		@ sp needed
 691 00ec F0BD     		pop	{r4, r5, r6, r7, pc}
 692              	.L107:
 693 00ee 00BF     		.align	2
 694              	.L106:
 695 00f0 00000000 		.word	SystemCoreClock
 696 00f4 83DE1B43 		.word	1125899907
 697 00f8 00000000 		.word	ADC_MultiModeDMAConvCplt
 698 00fc 00000000 		.word	ADC_MultiModeDMAHalfConvCplt
 699 0100 00000000 		.word	ADC_MultiModeDMAError
 700 0104 00230140 		.word	1073816320
 701 0108 08230140 		.word	1073816328
 703              		.section	.text.HAL_ADCEx_MultiModeStop_DMA,"ax",%progbits
 704              		.align	1
ARM GAS  D:\Programs\cygwin64\tmp\cckKPO1U.s 			page 13


 705              		.p2align 2,,3
 706              		.global	HAL_ADCEx_MultiModeStop_DMA
 707              		.syntax unified
 708              		.thumb
 709              		.thumb_func
 710              		.fpu fpv4-sp-d16
 712              	HAL_ADCEx_MultiModeStop_DMA:
 713              		@ args = 0, pretend = 0, frame = 0
 714              		@ frame_needed = 0, uses_anonymous_args = 0
 715 0000 90F83C30 		ldrb	r3, [r0, #60]	@ zero_extendqisi2
 716 0004 012B     		cmp	r3, #1
 717 0006 2AD0     		beq	.L111
 718 0008 0368     		ldr	r3, [r0]
 719 000a 9A68     		ldr	r2, [r3, #8]
 720 000c 0121     		movs	r1, #1
 721 000e 22F00102 		bic	r2, r2, #1
 722 0012 10B5     		push	{r4, lr}
 723 0014 80F83C10 		strb	r1, [r0, #60]
 724 0018 9A60     		str	r2, [r3, #8]
 725 001a 9B68     		ldr	r3, [r3, #8]
 726 001c DB07     		lsls	r3, r3, #31
 727 001e 0446     		mov	r4, r0
 728 0020 04D5     		bpl	.L117
 729 0022 0023     		movs	r3, #0
 730 0024 0020     		movs	r0, #0
 731 0026 84F83C30 		strb	r3, [r4, #60]
 732 002a 10BD     		pop	{r4, pc}
 733              	.L117:
 734 002c 0D4A     		ldr	r2, .L118
 735 002e 806B     		ldr	r0, [r0, #56]
 736 0030 5368     		ldr	r3, [r2, #4]
 737 0032 23F40053 		bic	r3, r3, #8192
 738 0036 5360     		str	r3, [r2, #4]
 739 0038 FFF7FEFF 		bl	HAL_DMA_Abort
 740 003c 2268     		ldr	r2, [r4]
 741 003e 5368     		ldr	r3, [r2, #4]
 742 0040 23F08063 		bic	r3, r3, #67108864
 743 0044 5360     		str	r3, [r2, #4]
 744 0046 236C     		ldr	r3, [r4, #64]
 745 0048 23F48853 		bic	r3, r3, #4352
 746 004c 23F00103 		bic	r3, r3, #1
 747 0050 43F00103 		orr	r3, r3, #1
 748 0054 2364     		str	r3, [r4, #64]
 749 0056 0023     		movs	r3, #0
 750 0058 84F83C30 		strb	r3, [r4, #60]
 751 005c 10BD     		pop	{r4, pc}
 752              	.L111:
 753 005e 0220     		movs	r0, #2
 754 0060 7047     		bx	lr
 755              	.L119:
 756 0062 00BF     		.align	2
 757              	.L118:
 758 0064 00230140 		.word	1073816320
 760              		.section	.text.HAL_ADCEx_MultiModeGetValue,"ax",%progbits
 761              		.align	1
 762              		.p2align 2,,3
 763              		.global	HAL_ADCEx_MultiModeGetValue
ARM GAS  D:\Programs\cygwin64\tmp\cckKPO1U.s 			page 14


 764              		.syntax unified
 765              		.thumb
 766              		.thumb_func
 767              		.fpu fpv4-sp-d16
 769              	HAL_ADCEx_MultiModeGetValue:
 770              		@ args = 0, pretend = 0, frame = 0
 771              		@ frame_needed = 0, uses_anonymous_args = 0
 772              		@ link register save eliminated.
 773 0000 014B     		ldr	r3, .L121
 774 0002 9868     		ldr	r0, [r3, #8]
 775 0004 7047     		bx	lr
 776              	.L122:
 777 0006 00BF     		.align	2
 778              	.L121:
 779 0008 00230140 		.word	1073816320
 781              		.section	.text.HAL_ADCEx_InjectedConvCpltCallback,"ax",%progbits
 782              		.align	1
 783              		.p2align 2,,3
 784              		.weak	HAL_ADCEx_InjectedConvCpltCallback
 785              		.syntax unified
 786              		.thumb
 787              		.thumb_func
 788              		.fpu fpv4-sp-d16
 790              	HAL_ADCEx_InjectedConvCpltCallback:
 791              		@ args = 0, pretend = 0, frame = 0
 792              		@ frame_needed = 0, uses_anonymous_args = 0
 793              		@ link register save eliminated.
 794 0000 7047     		bx	lr
 796 0002 00BF     		.section	.text.HAL_ADCEx_InjectedConfigChannel,"ax",%progbits
 797              		.align	1
 798              		.p2align 2,,3
 799              		.global	HAL_ADCEx_InjectedConfigChannel
 800              		.syntax unified
 801              		.thumb
 802              		.thumb_func
 803              		.fpu fpv4-sp-d16
 805              	HAL_ADCEx_InjectedConfigChannel:
 806              		@ args = 0, pretend = 0, frame = 0
 807              		@ frame_needed = 0, uses_anonymous_args = 0
 808 0000 90F83C30 		ldrb	r3, [r0, #60]	@ zero_extendqisi2
 809 0004 012B     		cmp	r3, #1
 810 0006 F0B5     		push	{r4, r5, r6, r7, lr}
 811 0008 8F69     		ldr	r7, [r1, #24]
 812 000a 00F0DA80 		beq	.L142
 813 000e 0E68     		ldr	r6, [r1]
 814 0010 8D68     		ldr	r5, [r1, #8]
 815 0012 0368     		ldr	r3, [r0]
 816 0014 0122     		movs	r2, #1
 817 0016 092E     		cmp	r6, #9
 818 0018 B4B2     		uxth	r4, r6
 819 001a 80F83C20 		strb	r2, [r0, #60]
 820 001e 70D8     		bhi	.L146
 821 0020 1A69     		ldr	r2, [r3, #16]
 822 0022 06EB460E 		add	lr, r6, r6, lsl #1
 823 0026 4FF0070C 		mov	ip, #7
 824 002a 0CFA0EFC 		lsl	ip, ip, lr
 825 002e 22EA0C02 		bic	r2, r2, ip
ARM GAS  D:\Programs\cygwin64\tmp\cckKPO1U.s 			page 15


 826 0032 1A61     		str	r2, [r3, #16]
 827 0034 D3F810C0 		ldr	ip, [r3, #16]
 828 0038 05FA0EF2 		lsl	r2, r5, lr
 829 003c 42EA0C02 		orr	r2, r2, ip
 830 0040 1A61     		str	r2, [r3, #16]
 831              	.L127:
 832 0042 9A6B     		ldr	r2, [r3, #56]
 833 0044 D1F810E0 		ldr	lr, [r1, #16]
 834 0048 4D68     		ldr	r5, [r1, #4]
 835 004a 22F44012 		bic	r2, r2, #3145728
 836 004e 9A63     		str	r2, [r3, #56]
 837 0050 9A6B     		ldr	r2, [r3, #56]
 838 0052 0EF1FF3C 		add	ip, lr, #-1
 839 0056 42EA0C5C 		orr	ip, r2, ip, lsl #20
 840 005a EA1C     		adds	r2, r5, #3
 841 005c A2EB0E02 		sub	r2, r2, lr
 842 0060 C3F838C0 		str	ip, [r3, #56]
 843 0064 D2B2     		uxtb	r2, r2
 844 0066 D3F838C0 		ldr	ip, [r3, #56]
 845 006a 02EB8202 		add	r2, r2, r2, lsl #2
 846 006e 4FF01F0E 		mov	lr, #31
 847 0072 0EFA02FE 		lsl	lr, lr, r2
 848 0076 2CEA0E0C 		bic	ip, ip, lr
 849 007a C3F838C0 		str	ip, [r3, #56]
 850 007e D3F838E0 		ldr	lr, [r3, #56]
 851 0082 DFF850C1 		ldr	ip, .L152+12
 852 0086 04FA02F2 		lsl	r2, r4, r2
 853 008a 42EA0E02 		orr	r2, r2, lr
 854 008e 6745     		cmp	r7, ip
 855 0090 9A63     		str	r2, [r3, #56]
 856 0092 72D0     		beq	.L128
 857 0094 9C68     		ldr	r4, [r3, #8]
 858 0096 D1F81CC0 		ldr	ip, [r1, #28]
 859 009a 24F47024 		bic	r4, r4, #983040
 860 009e 9C60     		str	r4, [r3, #8]
 861 00a0 9A68     		ldr	r2, [r3, #8]
 862 00a2 1743     		orrs	r7, r7, r2
 863 00a4 9F60     		str	r7, [r3, #8]
 864 00a6 9C68     		ldr	r4, [r3, #8]
 865 00a8 24F44014 		bic	r4, r4, #3145728
 866 00ac 9C60     		str	r4, [r3, #8]
 867 00ae 9A68     		ldr	r2, [r3, #8]
 868 00b0 42EA0C02 		orr	r2, r2, ip
 869 00b4 9A60     		str	r2, [r3, #8]
 870              	.L129:
 871 00b6 4A7D     		ldrb	r2, [r1, #21]	@ zero_extendqisi2
 872 00b8 002A     		cmp	r2, #0
 873 00ba 37D0     		beq	.L130
 874 00bc 5A68     		ldr	r2, [r3, #4]
 875 00be 42F48062 		orr	r2, r2, #1024
 876 00c2 5A60     		str	r2, [r3, #4]
 877 00c4 0A7D     		ldrb	r2, [r1, #20]	@ zero_extendqisi2
 878 00c6 002A     		cmp	r2, #0
 879 00c8 37D0     		beq	.L132
 880              	.L149:
 881 00ca 5A68     		ldr	r2, [r3, #4]
 882 00cc 42F48052 		orr	r2, r2, #4096
ARM GAS  D:\Programs\cygwin64\tmp\cckKPO1U.s 			page 16


 883 00d0 5A60     		str	r2, [r3, #4]
 884 00d2 022D     		cmp	r5, #2
 885 00d4 CA68     		ldr	r2, [r1, #12]
 886 00d6 37D0     		beq	.L134
 887              	.L150:
 888 00d8 032D     		cmp	r5, #3
 889 00da 61D0     		beq	.L135
 890 00dc 012D     		cmp	r5, #1
 891 00de 55D0     		beq	.L147
 892 00e0 196A     		ldr	r1, [r3, #32]
 893 00e2 21F47F61 		bic	r1, r1, #4080
 894 00e6 21F00F01 		bic	r1, r1, #15
 895 00ea 1962     		str	r1, [r3, #32]
 896 00ec 196A     		ldr	r1, [r3, #32]
 897 00ee 0A43     		orrs	r2, r2, r1
 898 00f0 1A62     		str	r2, [r3, #32]
 899              	.L137:
 900 00f2 354A     		ldr	r2, .L152
 901 00f4 9342     		cmp	r3, r2
 902 00f6 33D0     		beq	.L148
 903              	.L138:
 904 00f8 0023     		movs	r3, #0
 905 00fa 80F83C30 		strb	r3, [r0, #60]
 906 00fe 1846     		mov	r0, r3
 907 0100 F0BD     		pop	{r4, r5, r6, r7, pc}
 908              	.L146:
 909 0102 04EB4402 		add	r2, r4, r4, lsl #1
 910 0106 D3F80CC0 		ldr	ip, [r3, #12]
 911 010a 1E3A     		subs	r2, r2, #30
 912 010c 4FF0070E 		mov	lr, #7
 913 0110 0EFA02FE 		lsl	lr, lr, r2
 914 0114 2CEA0E0C 		bic	ip, ip, lr
 915 0118 C3F80CC0 		str	ip, [r3, #12]
 916 011c D3F80CC0 		ldr	ip, [r3, #12]
 917 0120 05FA02F2 		lsl	r2, r5, r2
 918 0124 42EA0C02 		orr	r2, r2, ip
 919 0128 DA60     		str	r2, [r3, #12]
 920 012a 8AE7     		b	.L127
 921              	.L130:
 922 012c 5A68     		ldr	r2, [r3, #4]
 923 012e 22F48062 		bic	r2, r2, #1024
 924 0132 5A60     		str	r2, [r3, #4]
 925 0134 0A7D     		ldrb	r2, [r1, #20]	@ zero_extendqisi2
 926 0136 002A     		cmp	r2, #0
 927 0138 C7D1     		bne	.L149
 928              	.L132:
 929 013a 5A68     		ldr	r2, [r3, #4]
 930 013c 22F48052 		bic	r2, r2, #4096
 931 0140 5A60     		str	r2, [r3, #4]
 932 0142 022D     		cmp	r5, #2
 933 0144 CA68     		ldr	r2, [r1, #12]
 934 0146 C7D1     		bne	.L150
 935              	.L134:
 936 0148 9969     		ldr	r1, [r3, #24]
 937 014a 21F47F61 		bic	r1, r1, #4080
 938 014e 21F00F01 		bic	r1, r1, #15
 939 0152 9961     		str	r1, [r3, #24]
ARM GAS  D:\Programs\cygwin64\tmp\cckKPO1U.s 			page 17


 940 0154 9969     		ldr	r1, [r3, #24]
 941 0156 0A43     		orrs	r2, r2, r1
 942 0158 9A61     		str	r2, [r3, #24]
 943 015a 1B4A     		ldr	r2, .L152
 944 015c 9342     		cmp	r3, r2
 945 015e CBD1     		bne	.L138
 946              	.L148:
 947 0160 122E     		cmp	r6, #18
 948 0162 27D0     		beq	.L151
 949 0164 194B     		ldr	r3, .L152+4
 950 0166 9E42     		cmp	r6, r3
 951 0168 01D0     		beq	.L140
 952 016a 112E     		cmp	r6, #17
 953 016c C4D1     		bne	.L138
 954              	.L140:
 955 016e 184A     		ldr	r2, .L152+8
 956 0170 5368     		ldr	r3, [r2, #4]
 957 0172 43F40003 		orr	r3, r3, #8388608
 958 0176 5360     		str	r3, [r2, #4]
 959 0178 BEE7     		b	.L138
 960              	.L128:
 961 017a 9A68     		ldr	r2, [r3, #8]
 962 017c 22F47022 		bic	r2, r2, #983040
 963 0180 9A60     		str	r2, [r3, #8]
 964 0182 9A68     		ldr	r2, [r3, #8]
 965 0184 22F44012 		bic	r2, r2, #3145728
 966 0188 9A60     		str	r2, [r3, #8]
 967 018a 94E7     		b	.L129
 968              	.L147:
 969 018c 5969     		ldr	r1, [r3, #20]
 970 018e 21F47F61 		bic	r1, r1, #4080
 971 0192 21F00F01 		bic	r1, r1, #15
 972 0196 5961     		str	r1, [r3, #20]
 973 0198 5969     		ldr	r1, [r3, #20]
 974 019a 0A43     		orrs	r2, r2, r1
 975 019c 5A61     		str	r2, [r3, #20]
 976 019e A8E7     		b	.L137
 977              	.L135:
 978 01a0 D969     		ldr	r1, [r3, #28]
 979 01a2 21F47F61 		bic	r1, r1, #4080
 980 01a6 21F00F01 		bic	r1, r1, #15
 981 01aa D961     		str	r1, [r3, #28]
 982 01ac D969     		ldr	r1, [r3, #28]
 983 01ae 0A43     		orrs	r2, r2, r1
 984 01b0 DA61     		str	r2, [r3, #28]
 985 01b2 9EE7     		b	.L137
 986              	.L151:
 987 01b4 D2F80433 		ldr	r3, [r2, #772]
 988 01b8 43F48003 		orr	r3, r3, #4194304
 989 01bc C2F80433 		str	r3, [r2, #772]
 990 01c0 9AE7     		b	.L138
 991              	.L142:
 992 01c2 0220     		movs	r0, #2
 993 01c4 F0BD     		pop	{r4, r5, r6, r7, pc}
 994              	.L153:
 995 01c6 00BF     		.align	2
 996              	.L152:
ARM GAS  D:\Programs\cygwin64\tmp\cckKPO1U.s 			page 18


 997 01c8 00200140 		.word	1073815552
 998 01cc 12000010 		.word	268435474
 999 01d0 00230140 		.word	1073816320
 1000 01d4 01000F00 		.word	983041
 1002              		.section	.text.HAL_ADCEx_MultiModeConfigChannel,"ax",%progbits
 1003              		.align	1
 1004              		.p2align 2,,3
 1005              		.global	HAL_ADCEx_MultiModeConfigChannel
 1006              		.syntax unified
 1007              		.thumb
 1008              		.thumb_func
 1009              		.fpu fpv4-sp-d16
 1011              	HAL_ADCEx_MultiModeConfigChannel:
 1012              		@ args = 0, pretend = 0, frame = 0
 1013              		@ frame_needed = 0, uses_anonymous_args = 0
 1014              		@ link register save eliminated.
 1015 0000 90F83C30 		ldrb	r3, [r0, #60]	@ zero_extendqisi2
 1016 0004 012B     		cmp	r3, #1
 1017 0006 20D0     		beq	.L156
 1018 0008 114B     		ldr	r3, .L161
 1019 000a 5A68     		ldr	r2, [r3, #4]
 1020 000c 22F01F02 		bic	r2, r2, #31
 1021 0010 10B4     		push	{r4}
 1022 0012 5A60     		str	r2, [r3, #4]
 1023 0014 5A68     		ldr	r2, [r3, #4]
 1024 0016 0C68     		ldr	r4, [r1]
 1025 0018 2243     		orrs	r2, r2, r4
 1026 001a 5A60     		str	r2, [r3, #4]
 1027 001c 5A68     		ldr	r2, [r3, #4]
 1028 001e 22F44042 		bic	r2, r2, #49152
 1029 0022 5A60     		str	r2, [r3, #4]
 1030 0024 5A68     		ldr	r2, [r3, #4]
 1031 0026 4C68     		ldr	r4, [r1, #4]
 1032 0028 2243     		orrs	r2, r2, r4
 1033 002a 5A60     		str	r2, [r3, #4]
 1034 002c 5A68     		ldr	r2, [r3, #4]
 1035 002e 22F47062 		bic	r2, r2, #3840
 1036 0032 5A60     		str	r2, [r3, #4]
 1037 0034 8C68     		ldr	r4, [r1, #8]
 1038 0036 5A68     		ldr	r2, [r3, #4]
 1039 0038 0021     		movs	r1, #0
 1040 003a 2243     		orrs	r2, r2, r4
 1041 003c 5A60     		str	r2, [r3, #4]
 1042 003e 5DF8044B 		ldr	r4, [sp], #4
 1043 0042 80F83C10 		strb	r1, [r0, #60]
 1044 0046 0846     		mov	r0, r1
 1045 0048 7047     		bx	lr
 1046              	.L156:
 1047 004a 0223     		movs	r3, #2
 1048 004c 1846     		mov	r0, r3
 1049 004e 7047     		bx	lr
 1050              	.L162:
 1051              		.align	2
 1052              	.L161:
 1053 0050 00230140 		.word	1073816320
 1055              		.ident	"GCC: (GNU Tools for Arm Embedded Processors 8-2018-q4-major) 8.2.1 20181213 (release) [gcc
ARM GAS  D:\Programs\cygwin64\tmp\cckKPO1U.s 			page 19


DEFINED SYMBOLS
                            *ABS*:00000000 stm32f4xx_hal_adc_ex.c
D:\Programs\cygwin64\tmp\cckKPO1U.s:16     .text.ADC_MultiModeDMAError:00000000 $t
D:\Programs\cygwin64\tmp\cckKPO1U.s:24     .text.ADC_MultiModeDMAError:00000000 ADC_MultiModeDMAError
D:\Programs\cygwin64\tmp\cckKPO1U.s:37     .text.ADC_MultiModeDMAHalfConvCplt:00000000 $t
D:\Programs\cygwin64\tmp\cckKPO1U.s:44     .text.ADC_MultiModeDMAHalfConvCplt:00000000 ADC_MultiModeDMAHalfConvCplt
D:\Programs\cygwin64\tmp\cckKPO1U.s:52     .text.ADC_MultiModeDMAConvCplt:00000000 $t
D:\Programs\cygwin64\tmp\cckKPO1U.s:59     .text.ADC_MultiModeDMAConvCplt:00000000 ADC_MultiModeDMAConvCplt
D:\Programs\cygwin64\tmp\cckKPO1U.s:104    .text.HAL_ADCEx_InjectedStart:00000000 $t
D:\Programs\cygwin64\tmp\cckKPO1U.s:112    .text.HAL_ADCEx_InjectedStart:00000000 HAL_ADCEx_InjectedStart
D:\Programs\cygwin64\tmp\cckKPO1U.s:206    .text.HAL_ADCEx_InjectedStart:000000c0 $d
D:\Programs\cygwin64\tmp\cckKPO1U.s:212    .text.HAL_ADCEx_InjectedStart_IT:00000000 $t
D:\Programs\cygwin64\tmp\cckKPO1U.s:220    .text.HAL_ADCEx_InjectedStart_IT:00000000 HAL_ADCEx_InjectedStart_IT
D:\Programs\cygwin64\tmp\cckKPO1U.s:317    .text.HAL_ADCEx_InjectedStart_IT:000000c8 $d
D:\Programs\cygwin64\tmp\cckKPO1U.s:323    .text.HAL_ADCEx_InjectedStop:00000000 $t
D:\Programs\cygwin64\tmp\cckKPO1U.s:331    .text.HAL_ADCEx_InjectedStop:00000000 HAL_ADCEx_InjectedStop
D:\Programs\cygwin64\tmp\cckKPO1U.s:377    .text.HAL_ADCEx_InjectedPollForConversion:00000000 $t
D:\Programs\cygwin64\tmp\cckKPO1U.s:385    .text.HAL_ADCEx_InjectedPollForConversion:00000000 HAL_ADCEx_InjectedPollForConversion
D:\Programs\cygwin64\tmp\cckKPO1U.s:457    .text.HAL_ADCEx_InjectedStop_IT:00000000 $t
D:\Programs\cygwin64\tmp\cckKPO1U.s:465    .text.HAL_ADCEx_InjectedStop_IT:00000000 HAL_ADCEx_InjectedStop_IT
D:\Programs\cygwin64\tmp\cckKPO1U.s:514    .text.HAL_ADCEx_InjectedGetValue:00000000 $t
D:\Programs\cygwin64\tmp\cckKPO1U.s:522    .text.HAL_ADCEx_InjectedGetValue:00000000 HAL_ADCEx_InjectedGetValue
D:\Programs\cygwin64\tmp\cckKPO1U.s:537    .text.HAL_ADCEx_InjectedGetValue:00000018 $d
D:\Programs\cygwin64\tmp\cckKPO1U.s:541    .text.HAL_ADCEx_InjectedGetValue:0000001c $t
D:\Programs\cygwin64\tmp\cckKPO1U.s:573    .text.HAL_ADCEx_MultiModeStart_DMA:00000000 $t
D:\Programs\cygwin64\tmp\cckKPO1U.s:581    .text.HAL_ADCEx_MultiModeStart_DMA:00000000 HAL_ADCEx_MultiModeStart_DMA
D:\Programs\cygwin64\tmp\cckKPO1U.s:695    .text.HAL_ADCEx_MultiModeStart_DMA:000000f0 $d
D:\Programs\cygwin64\tmp\cckKPO1U.s:704    .text.HAL_ADCEx_MultiModeStop_DMA:00000000 $t
D:\Programs\cygwin64\tmp\cckKPO1U.s:712    .text.HAL_ADCEx_MultiModeStop_DMA:00000000 HAL_ADCEx_MultiModeStop_DMA
D:\Programs\cygwin64\tmp\cckKPO1U.s:758    .text.HAL_ADCEx_MultiModeStop_DMA:00000064 $d
D:\Programs\cygwin64\tmp\cckKPO1U.s:761    .text.HAL_ADCEx_MultiModeGetValue:00000000 $t
D:\Programs\cygwin64\tmp\cckKPO1U.s:769    .text.HAL_ADCEx_MultiModeGetValue:00000000 HAL_ADCEx_MultiModeGetValue
D:\Programs\cygwin64\tmp\cckKPO1U.s:779    .text.HAL_ADCEx_MultiModeGetValue:00000008 $d
D:\Programs\cygwin64\tmp\cckKPO1U.s:782    .text.HAL_ADCEx_InjectedConvCpltCallback:00000000 $t
D:\Programs\cygwin64\tmp\cckKPO1U.s:790    .text.HAL_ADCEx_InjectedConvCpltCallback:00000000 HAL_ADCEx_InjectedConvCpltCallback
D:\Programs\cygwin64\tmp\cckKPO1U.s:797    .text.HAL_ADCEx_InjectedConfigChannel:00000000 $t
D:\Programs\cygwin64\tmp\cckKPO1U.s:805    .text.HAL_ADCEx_InjectedConfigChannel:00000000 HAL_ADCEx_InjectedConfigChannel
D:\Programs\cygwin64\tmp\cckKPO1U.s:997    .text.HAL_ADCEx_InjectedConfigChannel:000001c8 $d
D:\Programs\cygwin64\tmp\cckKPO1U.s:1003   .text.HAL_ADCEx_MultiModeConfigChannel:00000000 $t
D:\Programs\cygwin64\tmp\cckKPO1U.s:1011   .text.HAL_ADCEx_MultiModeConfigChannel:00000000 HAL_ADCEx_MultiModeConfigChannel
D:\Programs\cygwin64\tmp\cckKPO1U.s:1053   .text.HAL_ADCEx_MultiModeConfigChannel:00000050 $d

UNDEFINED SYMBOLS
HAL_ADC_ErrorCallback
HAL_ADC_ConvHalfCpltCallback
HAL_ADC_ConvCpltCallback
SystemCoreClock
HAL_GetTick
HAL_DMA_Start_IT
HAL_DMA_Abort
