ARM GAS  D:\Programs\cygwin64\tmp\ccaiWqA3.s 			page 1


   1              		.cpu cortex-m4
   2              		.eabi_attribute 27, 1
   3              		.eabi_attribute 28, 1
   4              		.eabi_attribute 20, 1
   5              		.eabi_attribute 21, 1
   6              		.eabi_attribute 23, 3
   7              		.eabi_attribute 24, 1
   8              		.eabi_attribute 25, 1
   9              		.eabi_attribute 26, 1
  10              		.eabi_attribute 30, 2
  11              		.eabi_attribute 34, 1
  12              		.eabi_attribute 18, 4
  13              		.file	"stm32f4xx_hal_pcd_ex.c"
  14              		.text
  15              		.section	.text.HAL_PCDEx_SetTxFiFo,"ax",%progbits
  16              		.align	1
  17              		.p2align 2,,3
  18              		.global	HAL_PCDEx_SetTxFiFo
  19              		.arch armv7e-m
  20              		.syntax unified
  21              		.thumb
  22              		.thumb_func
  23              		.fpu fpv4-sp-d16
  25              	HAL_PCDEx_SetTxFiFo:
  26              		@ args = 0, pretend = 0, frame = 0
  27              		@ frame_needed = 0, uses_anonymous_args = 0
  28              		@ link register save eliminated.
  29 0000 30B4     		push	{r4, r5}
  30 0002 0568     		ldr	r5, [r0]
  31 0004 1204     		lsls	r2, r2, #16
  32 0006 6C6A     		ldr	r4, [r5, #36]
  33 0008 21B9     		cbnz	r1, .L2
  34 000a 1443     		orrs	r4, r4, r2
  35 000c AC62     		str	r4, [r5, #40]
  36 000e 0020     		movs	r0, #0
  37 0010 30BC     		pop	{r4, r5}
  38 0012 7047     		bx	lr
  39              	.L2:
  40 0014 AB6A     		ldr	r3, [r5, #40]
  41 0016 0139     		subs	r1, r1, #1
  42 0018 04EB1344 		add	r4, r4, r3, lsr #16
  43 001c 0BD0     		beq	.L4
  44 001e 0023     		movs	r3, #0
  45              	.L5:
  46 0020 03F14000 		add	r0, r3, #64
  47 0024 05EB8000 		add	r0, r5, r0, lsl #2
  48 0028 0133     		adds	r3, r3, #1
  49 002a 4068     		ldr	r0, [r0, #4]
  50 002c DBB2     		uxtb	r3, r3
  51 002e 8B42     		cmp	r3, r1
  52 0030 04EB1044 		add	r4, r4, r0, lsr #16
  53 0034 F4D3     		bcc	.L5
  54              	.L4:
  55 0036 4031     		adds	r1, r1, #64
  56 0038 05EB8101 		add	r1, r5, r1, lsl #2
  57 003c 1443     		orrs	r4, r4, r2
  58 003e 4C60     		str	r4, [r1, #4]
ARM GAS  D:\Programs\cygwin64\tmp\ccaiWqA3.s 			page 2


  59 0040 0020     		movs	r0, #0
  60 0042 30BC     		pop	{r4, r5}
  61 0044 7047     		bx	lr
  63 0046 00BF     		.section	.text.HAL_PCDEx_SetRxFiFo,"ax",%progbits
  64              		.align	1
  65              		.p2align 2,,3
  66              		.global	HAL_PCDEx_SetRxFiFo
  67              		.syntax unified
  68              		.thumb
  69              		.thumb_func
  70              		.fpu fpv4-sp-d16
  72              	HAL_PCDEx_SetRxFiFo:
  73              		@ args = 0, pretend = 0, frame = 0
  74              		@ frame_needed = 0, uses_anonymous_args = 0
  75              		@ link register save eliminated.
  76 0000 0368     		ldr	r3, [r0]
  77 0002 0020     		movs	r0, #0
  78 0004 5962     		str	r1, [r3, #36]
  79 0006 7047     		bx	lr
  81              		.section	.text.HAL_PCDEx_LPM_Callback,"ax",%progbits
  82              		.align	1
  83              		.p2align 2,,3
  84              		.weak	HAL_PCDEx_LPM_Callback
  85              		.syntax unified
  86              		.thumb
  87              		.thumb_func
  88              		.fpu fpv4-sp-d16
  90              	HAL_PCDEx_LPM_Callback:
  91              		@ args = 0, pretend = 0, frame = 0
  92              		@ frame_needed = 0, uses_anonymous_args = 0
  93              		@ link register save eliminated.
  94 0000 7047     		bx	lr
  96 0002 00BF     		.section	.text.HAL_PCDEx_BCD_Callback,"ax",%progbits
  97              		.align	1
  98              		.p2align 2,,3
  99              		.weak	HAL_PCDEx_BCD_Callback
 100              		.syntax unified
 101              		.thumb
 102              		.thumb_func
 103              		.fpu fpv4-sp-d16
 105              	HAL_PCDEx_BCD_Callback:
 106              		@ args = 0, pretend = 0, frame = 0
 107              		@ frame_needed = 0, uses_anonymous_args = 0
 108              		@ link register save eliminated.
 109 0000 7047     		bx	lr
 111 0002 00BF     		.ident	"GCC: (GNU Tools for Arm Embedded Processors 8-2018-q4-major) 8.2.1 20181213 (release) [gcc
ARM GAS  D:\Programs\cygwin64\tmp\ccaiWqA3.s 			page 3


DEFINED SYMBOLS
                            *ABS*:00000000 stm32f4xx_hal_pcd_ex.c
D:\Programs\cygwin64\tmp\ccaiWqA3.s:16     .text.HAL_PCDEx_SetTxFiFo:00000000 $t
D:\Programs\cygwin64\tmp\ccaiWqA3.s:25     .text.HAL_PCDEx_SetTxFiFo:00000000 HAL_PCDEx_SetTxFiFo
D:\Programs\cygwin64\tmp\ccaiWqA3.s:64     .text.HAL_PCDEx_SetRxFiFo:00000000 $t
D:\Programs\cygwin64\tmp\ccaiWqA3.s:72     .text.HAL_PCDEx_SetRxFiFo:00000000 HAL_PCDEx_SetRxFiFo
D:\Programs\cygwin64\tmp\ccaiWqA3.s:82     .text.HAL_PCDEx_LPM_Callback:00000000 $t
D:\Programs\cygwin64\tmp\ccaiWqA3.s:90     .text.HAL_PCDEx_LPM_Callback:00000000 HAL_PCDEx_LPM_Callback
D:\Programs\cygwin64\tmp\ccaiWqA3.s:97     .text.HAL_PCDEx_BCD_Callback:00000000 $t
D:\Programs\cygwin64\tmp\ccaiWqA3.s:105    .text.HAL_PCDEx_BCD_Callback:00000000 HAL_PCDEx_BCD_Callback

NO UNDEFINED SYMBOLS
