ARM GAS  D:\Programs\cygwin64\tmp\ccK5TSXK.s 			page 1


   1              		.cpu cortex-m4
   2              		.eabi_attribute 27, 1
   3              		.eabi_attribute 28, 1
   4              		.eabi_attribute 20, 1
   5              		.eabi_attribute 21, 1
   6              		.eabi_attribute 23, 3
   7              		.eabi_attribute 24, 1
   8              		.eabi_attribute 25, 1
   9              		.eabi_attribute 26, 1
  10              		.eabi_attribute 30, 2
  11              		.eabi_attribute 34, 1
  12              		.eabi_attribute 18, 4
  13              		.file	"stm32f4xx_ll_sdmmc.c"
  14              		.text
  15              		.section	.text.SDMMC_GetCmdResp1.part.2,"ax",%progbits
  16              		.align	1
  17              		.p2align 2,,3
  18              		.arch armv7e-m
  19              		.syntax unified
  20              		.thumb
  21              		.thumb_func
  22              		.fpu fpv4-sp-d16
  24              	SDMMC_GetCmdResp1.part.2:
  25              		@ args = 0, pretend = 0, frame = 8
  26              		@ frame_needed = 0, uses_anonymous_args = 0
  27              		@ link register save eliminated.
  28 0000 82B0     		sub	sp, sp, #8
  29 0002 00F11403 		add	r3, r0, #20
  30 0006 40F2FF51 		movw	r1, #1535
  31 000a 0022     		movs	r2, #0
  32 000c 8163     		str	r1, [r0, #56]
  33 000e 0192     		str	r2, [sp, #4]
  34 0010 0193     		str	r3, [sp, #4]
  35 0012 019B     		ldr	r3, [sp, #4]
  36 0014 3048     		ldr	r0, .L24
  37 0016 1B68     		ldr	r3, [r3]
  38 0018 1840     		ands	r0, r0, r3
  39 001a 40B3     		cbz	r0, .L1
  40 001c 9342     		cmp	r3, r2
  41 001e 2BDB     		blt	.L4
  42 0020 5900     		lsls	r1, r3, #1
  43 0022 26D4     		bmi	.L5
  44 0024 9A00     		lsls	r2, r3, #2
  45 0026 2BD4     		bmi	.L6
  46 0028 D900     		lsls	r1, r3, #3
  47 002a 2BD4     		bmi	.L7
  48 002c 1A01     		lsls	r2, r3, #4
  49 002e 2CD4     		bmi	.L8
  50 0030 5901     		lsls	r1, r3, #5
  51 0032 2DD4     		bmi	.L9
  52 0034 DA01     		lsls	r2, r3, #7
  53 0036 31D4     		bmi	.L10
  54 0038 1902     		lsls	r1, r3, #8
  55 003a 32D4     		bmi	.L11
  56 003c 5A02     		lsls	r2, r3, #9
  57 003e 33D4     		bmi	.L12
  58 0040 9902     		lsls	r1, r3, #10
ARM GAS  D:\Programs\cygwin64\tmp\ccK5TSXK.s 			page 2


  59 0042 34D4     		bmi	.L13
  60 0044 DA02     		lsls	r2, r3, #11
  61 0046 26D4     		bmi	.L14
  62 0048 5903     		lsls	r1, r3, #13
  63 004a 33D4     		bmi	.L15
  64 004c 9A03     		lsls	r2, r3, #14
  65 004e 34D4     		bmi	.L16
  66 0050 D903     		lsls	r1, r3, #15
  67 0052 35D4     		bmi	.L17
  68 0054 1A04     		lsls	r2, r3, #16
  69 0056 36D4     		bmi	.L18
  70 0058 5904     		lsls	r1, r3, #17
  71 005a 37D4     		bmi	.L19
  72 005c 9A04     		lsls	r2, r3, #18
  73 005e 38D4     		bmi	.L20
  74 0060 13F0080F 		tst	r3, #8
  75 0064 14BF     		ite	ne
  76 0066 4FF40000 		movne	r0, #8388608
  77 006a 4FF48030 		moveq	r0, #65536
  78              	.L1:
  79 006e 02B0     		add	sp, sp, #8
  80              		@ sp needed
  81 0070 7047     		bx	lr
  82              	.L5:
  83 0072 4020     		movs	r0, #64
  84 0074 02B0     		add	sp, sp, #8
  85              		@ sp needed
  86 0076 7047     		bx	lr
  87              	.L4:
  88 0078 4FF00070 		mov	r0, #33554432
  89 007c 02B0     		add	sp, sp, #8
  90              		@ sp needed
  91 007e 7047     		bx	lr
  92              	.L6:
  93 0080 8020     		movs	r0, #128
  94 0082 F4E7     		b	.L1
  95              	.L7:
  96 0084 4FF48070 		mov	r0, #256
  97 0088 F1E7     		b	.L1
  98              	.L8:
  99 008a 4FF40070 		mov	r0, #512
 100 008e EEE7     		b	.L1
 101              	.L9:
 102 0090 4FF48060 		mov	r0, #1024
 103 0094 EBE7     		b	.L1
 104              	.L14:
 105 0096 4FF40040 		mov	r0, #32768
 106 009a E8E7     		b	.L1
 107              	.L10:
 108 009c 4FF40060 		mov	r0, #2048
 109 00a0 E5E7     		b	.L1
 110              	.L11:
 111 00a2 4FF48050 		mov	r0, #4096
 112 00a6 E2E7     		b	.L1
 113              	.L12:
 114 00a8 4FF40050 		mov	r0, #8192
 115 00ac DFE7     		b	.L1
ARM GAS  D:\Programs\cygwin64\tmp\ccK5TSXK.s 			page 3


 116              	.L13:
 117 00ae 4FF48040 		mov	r0, #16384
 118 00b2 DCE7     		b	.L1
 119              	.L15:
 120 00b4 4FF40030 		mov	r0, #131072
 121 00b8 D9E7     		b	.L1
 122              	.L16:
 123 00ba 4FF48020 		mov	r0, #262144
 124 00be D6E7     		b	.L1
 125              	.L17:
 126 00c0 4FF40020 		mov	r0, #524288
 127 00c4 D3E7     		b	.L1
 128              	.L18:
 129 00c6 4FF48010 		mov	r0, #1048576
 130 00ca D0E7     		b	.L1
 131              	.L19:
 132 00cc 4FF40010 		mov	r0, #2097152
 133 00d0 CDE7     		b	.L1
 134              	.L20:
 135 00d2 4FF48000 		mov	r0, #4194304
 136 00d6 CAE7     		b	.L1
 137              	.L25:
 138              		.align	2
 139              	.L24:
 140 00d8 08E0FFFD 		.word	-33562616
 142              		.section	.text.SDIO_Init,"ax",%progbits
 143              		.align	1
 144              		.p2align 2,,3
 145              		.global	SDIO_Init
 146              		.syntax unified
 147              		.thumb
 148              		.thumb_func
 149              		.fpu fpv4-sp-d16
 151              	SDIO_Init:
 152              		@ args = 28, pretend = 16, frame = 0
 153              		@ frame_needed = 0, uses_anonymous_args = 0
 154              		@ link register save eliminated.
 155 0000 84B0     		sub	sp, sp, #16
 156 0002 30B4     		push	{r4, r5}
 157 0004 03AC     		add	r4, sp, #12
 158 0006 84E80E00 		stm	r4, {r1, r2, r3}
 159 000a 0B46     		mov	r3, r1
 160 000c DDE90412 		ldrd	r1, r2, [sp, #16]
 161 0010 DDE90654 		ldrd	r5, r4, [sp, #24]
 162 0014 0B43     		orrs	r3, r3, r1
 163 0016 1343     		orrs	r3, r3, r2
 164 0018 2B43     		orrs	r3, r3, r5
 165 001a 4268     		ldr	r2, [r0, #4]
 166 001c 0899     		ldr	r1, [sp, #32]
 167 001e 2343     		orrs	r3, r3, r4
 168 0020 30BC     		pop	{r4, r5}
 169 0022 22F4FD42 		bic	r2, r2, #32384
 170 0026 0B43     		orrs	r3, r3, r1
 171 0028 22F07F02 		bic	r2, r2, #127
 172 002c 1343     		orrs	r3, r3, r2
 173 002e 4360     		str	r3, [r0, #4]
 174 0030 04B0     		add	sp, sp, #16
ARM GAS  D:\Programs\cygwin64\tmp\ccK5TSXK.s 			page 4


 175 0032 0020     		movs	r0, #0
 176 0034 7047     		bx	lr
 178 0036 00BF     		.section	.text.SDIO_ReadFIFO,"ax",%progbits
 179              		.align	1
 180              		.p2align 2,,3
 181              		.global	SDIO_ReadFIFO
 182              		.syntax unified
 183              		.thumb
 184              		.thumb_func
 185              		.fpu fpv4-sp-d16
 187              	SDIO_ReadFIFO:
 188              		@ args = 0, pretend = 0, frame = 0
 189              		@ frame_needed = 0, uses_anonymous_args = 0
 190              		@ link register save eliminated.
 191 0000 D0F88000 		ldr	r0, [r0, #128]
 192 0004 7047     		bx	lr
 194 0006 00BF     		.section	.text.SDIO_WriteFIFO,"ax",%progbits
 195              		.align	1
 196              		.p2align 2,,3
 197              		.global	SDIO_WriteFIFO
 198              		.syntax unified
 199              		.thumb
 200              		.thumb_func
 201              		.fpu fpv4-sp-d16
 203              	SDIO_WriteFIFO:
 204              		@ args = 0, pretend = 0, frame = 0
 205              		@ frame_needed = 0, uses_anonymous_args = 0
 206              		@ link register save eliminated.
 207 0000 0B68     		ldr	r3, [r1]
 208 0002 C0F88030 		str	r3, [r0, #128]
 209 0006 0020     		movs	r0, #0
 210 0008 7047     		bx	lr
 212 000a 00BF     		.section	.text.SDIO_PowerState_ON,"ax",%progbits
 213              		.align	1
 214              		.p2align 2,,3
 215              		.global	SDIO_PowerState_ON
 216              		.syntax unified
 217              		.thumb
 218              		.thumb_func
 219              		.fpu fpv4-sp-d16
 221              	SDIO_PowerState_ON:
 222              		@ args = 0, pretend = 0, frame = 0
 223              		@ frame_needed = 0, uses_anonymous_args = 0
 224              		@ link register save eliminated.
 225 0000 0323     		movs	r3, #3
 226 0002 0360     		str	r3, [r0]
 227 0004 0020     		movs	r0, #0
 228 0006 7047     		bx	lr
 230              		.section	.text.SDIO_PowerState_OFF,"ax",%progbits
 231              		.align	1
 232              		.p2align 2,,3
 233              		.global	SDIO_PowerState_OFF
 234              		.syntax unified
 235              		.thumb
 236              		.thumb_func
 237              		.fpu fpv4-sp-d16
 239              	SDIO_PowerState_OFF:
ARM GAS  D:\Programs\cygwin64\tmp\ccK5TSXK.s 			page 5


 240              		@ args = 0, pretend = 0, frame = 0
 241              		@ frame_needed = 0, uses_anonymous_args = 0
 242              		@ link register save eliminated.
 243 0000 0023     		movs	r3, #0
 244 0002 0360     		str	r3, [r0]
 245 0004 1846     		mov	r0, r3
 246 0006 7047     		bx	lr
 248              		.section	.text.SDIO_GetPowerState,"ax",%progbits
 249              		.align	1
 250              		.p2align 2,,3
 251              		.global	SDIO_GetPowerState
 252              		.syntax unified
 253              		.thumb
 254              		.thumb_func
 255              		.fpu fpv4-sp-d16
 257              	SDIO_GetPowerState:
 258              		@ args = 0, pretend = 0, frame = 0
 259              		@ frame_needed = 0, uses_anonymous_args = 0
 260              		@ link register save eliminated.
 261 0000 0068     		ldr	r0, [r0]
 262 0002 00F00300 		and	r0, r0, #3
 263 0006 7047     		bx	lr
 265              		.section	.text.SDIO_SendCommand,"ax",%progbits
 266              		.align	1
 267              		.p2align 2,,3
 268              		.global	SDIO_SendCommand
 269              		.syntax unified
 270              		.thumb
 271              		.thumb_func
 272              		.fpu fpv4-sp-d16
 274              	SDIO_SendCommand:
 275              		@ args = 0, pretend = 0, frame = 0
 276              		@ frame_needed = 0, uses_anonymous_args = 0
 277              		@ link register save eliminated.
 278 0000 0B68     		ldr	r3, [r1]
 279 0002 30B4     		push	{r4, r5}
 280 0004 8360     		str	r3, [r0, #8]
 281 0006 D1E90135 		ldrd	r3, r5, [r1, #4]
 282 000a D1E90341 		ldrd	r4, r1, [r1, #12]
 283 000e C268     		ldr	r2, [r0, #12]
 284 0010 2B43     		orrs	r3, r3, r5
 285 0012 2343     		orrs	r3, r3, r4
 286 0014 22F47F62 		bic	r2, r2, #4080
 287 0018 22F00F02 		bic	r2, r2, #15
 288 001c 0B43     		orrs	r3, r3, r1
 289 001e 1343     		orrs	r3, r3, r2
 290 0020 C360     		str	r3, [r0, #12]
 291 0022 30BC     		pop	{r4, r5}
 292 0024 0020     		movs	r0, #0
 293 0026 7047     		bx	lr
 295              		.section	.text.SDIO_GetCommandResponse,"ax",%progbits
 296              		.align	1
 297              		.p2align 2,,3
 298              		.global	SDIO_GetCommandResponse
 299              		.syntax unified
 300              		.thumb
 301              		.thumb_func
ARM GAS  D:\Programs\cygwin64\tmp\ccK5TSXK.s 			page 6


 302              		.fpu fpv4-sp-d16
 304              	SDIO_GetCommandResponse:
 305              		@ args = 0, pretend = 0, frame = 0
 306              		@ frame_needed = 0, uses_anonymous_args = 0
 307              		@ link register save eliminated.
 308 0000 0069     		ldr	r0, [r0, #16]
 309 0002 C0B2     		uxtb	r0, r0
 310 0004 7047     		bx	lr
 312 0006 00BF     		.section	.text.SDIO_GetResponse,"ax",%progbits
 313              		.align	1
 314              		.p2align 2,,3
 315              		.global	SDIO_GetResponse
 316              		.syntax unified
 317              		.thumb
 318              		.thumb_func
 319              		.fpu fpv4-sp-d16
 321              	SDIO_GetResponse:
 322              		@ args = 0, pretend = 0, frame = 8
 323              		@ frame_needed = 0, uses_anonymous_args = 0
 324              		@ link register save eliminated.
 325 0000 82B0     		sub	sp, sp, #8
 326 0002 1430     		adds	r0, r0, #20
 327 0004 0144     		add	r1, r1, r0
 328 0006 0023     		movs	r3, #0
 329 0008 0193     		str	r3, [sp, #4]
 330 000a 0191     		str	r1, [sp, #4]
 331 000c 019B     		ldr	r3, [sp, #4]
 332 000e 1868     		ldr	r0, [r3]
 333 0010 02B0     		add	sp, sp, #8
 334              		@ sp needed
 335 0012 7047     		bx	lr
 337              		.section	.text.SDIO_ConfigData,"ax",%progbits
 338              		.align	1
 339              		.p2align 2,,3
 340              		.global	SDIO_ConfigData
 341              		.syntax unified
 342              		.thumb
 343              		.thumb_func
 344              		.fpu fpv4-sp-d16
 346              	SDIO_ConfigData:
 347              		@ args = 0, pretend = 0, frame = 0
 348              		@ frame_needed = 0, uses_anonymous_args = 0
 349              		@ link register save eliminated.
 350 0000 30B4     		push	{r4, r5}
 351 0002 D1E90042 		ldrd	r4, r2, [r1]
 352 0006 D1E90235 		ldrd	r3, r5, [r1, #8]
 353 000a 4462     		str	r4, [r0, #36]
 354 000c 0C69     		ldr	r4, [r1, #16]
 355 000e 8262     		str	r2, [r0, #40]
 356 0010 C26A     		ldr	r2, [r0, #44]
 357 0012 4969     		ldr	r1, [r1, #20]
 358 0014 2B43     		orrs	r3, r3, r5
 359 0016 2343     		orrs	r3, r3, r4
 360 0018 22F0F702 		bic	r2, r2, #247
 361 001c 0B43     		orrs	r3, r3, r1
 362 001e 1343     		orrs	r3, r3, r2
 363 0020 C362     		str	r3, [r0, #44]
ARM GAS  D:\Programs\cygwin64\tmp\ccK5TSXK.s 			page 7


 364 0022 30BC     		pop	{r4, r5}
 365 0024 0020     		movs	r0, #0
 366 0026 7047     		bx	lr
 368              		.section	.text.SDIO_GetDataCounter,"ax",%progbits
 369              		.align	1
 370              		.p2align 2,,3
 371              		.global	SDIO_GetDataCounter
 372              		.syntax unified
 373              		.thumb
 374              		.thumb_func
 375              		.fpu fpv4-sp-d16
 377              	SDIO_GetDataCounter:
 378              		@ args = 0, pretend = 0, frame = 0
 379              		@ frame_needed = 0, uses_anonymous_args = 0
 380              		@ link register save eliminated.
 381 0000 006B     		ldr	r0, [r0, #48]
 382 0002 7047     		bx	lr
 384              		.section	.text.SDIO_GetFIFOCount,"ax",%progbits
 385              		.align	1
 386              		.p2align 2,,3
 387              		.global	SDIO_GetFIFOCount
 388              		.syntax unified
 389              		.thumb
 390              		.thumb_func
 391              		.fpu fpv4-sp-d16
 393              	SDIO_GetFIFOCount:
 394              		@ args = 0, pretend = 0, frame = 0
 395              		@ frame_needed = 0, uses_anonymous_args = 0
 396              		@ link register save eliminated.
 397 0000 D0F88000 		ldr	r0, [r0, #128]
 398 0004 7047     		bx	lr
 400 0006 00BF     		.section	.text.SDIO_SetSDMMCReadWaitMode,"ax",%progbits
 401              		.align	1
 402              		.p2align 2,,3
 403              		.global	SDIO_SetSDMMCReadWaitMode
 404              		.syntax unified
 405              		.thumb
 406              		.thumb_func
 407              		.fpu fpv4-sp-d16
 409              	SDIO_SetSDMMCReadWaitMode:
 410              		@ args = 0, pretend = 0, frame = 0
 411              		@ frame_needed = 0, uses_anonymous_args = 0
 412              		@ link register save eliminated.
 413 0000 0246     		mov	r2, r0
 414 0002 0020     		movs	r0, #0
 415 0004 D36A     		ldr	r3, [r2, #44]
 416 0006 23F48063 		bic	r3, r3, #1024
 417 000a 1943     		orrs	r1, r1, r3
 418 000c D162     		str	r1, [r2, #44]
 419 000e 7047     		bx	lr
 421              		.section	.text.SDMMC_CmdBlockLength,"ax",%progbits
 422              		.align	1
 423              		.p2align 2,,3
 424              		.global	SDMMC_CmdBlockLength
 425              		.syntax unified
 426              		.thumb
 427              		.thumb_func
ARM GAS  D:\Programs\cygwin64\tmp\ccK5TSXK.s 			page 8


 428              		.fpu fpv4-sp-d16
 430              	SDMMC_CmdBlockLength:
 431              		@ args = 0, pretend = 0, frame = 0
 432              		@ frame_needed = 0, uses_anonymous_args = 0
 433              		@ link register save eliminated.
 434 0000 8160     		str	r1, [r0, #8]
 435 0002 194A     		ldr	r2, .L58
 436 0004 C368     		ldr	r3, [r0, #12]
 437 0006 1168     		ldr	r1, [r2]
 438 0008 184A     		ldr	r2, .L58+4
 439 000a 23F47F63 		bic	r3, r3, #4080
 440 000e A2FB0121 		umull	r2, r1, r2, r1
 441 0012 23F00F03 		bic	r3, r3, #15
 442 0016 43F48A63 		orr	r3, r3, #1104
 443 001a 490A     		lsrs	r1, r1, #9
 444 001c 41F28832 		movw	r2, #5000
 445 0020 C360     		str	r3, [r0, #12]
 446 0022 02FB01F3 		mul	r3, r2, r1
 447 0026 03E0     		b	.L45
 448              	.L54:
 449 0028 426B     		ldr	r2, [r0, #52]
 450 002a 12F0450F 		tst	r2, #69
 451 002e 05D1     		bne	.L53
 452              	.L45:
 453 0030 13F1FF33 		adds	r3, r3, #-1
 454 0034 F8D2     		bcs	.L54
 455 0036 4FF00040 		mov	r0, #-2147483648
 456 003a 7047     		bx	lr
 457              	.L53:
 458 003c 436B     		ldr	r3, [r0, #52]
 459 003e 5A07     		lsls	r2, r3, #29
 460 0040 0ED4     		bmi	.L55
 461 0042 436B     		ldr	r3, [r0, #52]
 462 0044 DB07     		lsls	r3, r3, #31
 463 0046 07D4     		bmi	.L56
 464 0048 0369     		ldr	r3, [r0, #16]
 465 004a DBB2     		uxtb	r3, r3
 466 004c 102B     		cmp	r3, #16
 467 004e 01D0     		beq	.L57
 468 0050 0120     		movs	r0, #1
 469 0052 7047     		bx	lr
 470              	.L57:
 471 0054 FFF7FEBF 		b	SDMMC_GetCmdResp1.part.2
 472              	.L56:
 473 0058 0123     		movs	r3, #1
 474 005a 8363     		str	r3, [r0, #56]
 475 005c 1846     		mov	r0, r3
 476 005e 7047     		bx	lr
 477              	.L55:
 478 0060 0423     		movs	r3, #4
 479 0062 8363     		str	r3, [r0, #56]
 480 0064 1846     		mov	r0, r3
 481 0066 7047     		bx	lr
 482              	.L59:
 483              		.align	2
 484              	.L58:
 485 0068 00000000 		.word	SystemCoreClock
ARM GAS  D:\Programs\cygwin64\tmp\ccK5TSXK.s 			page 9


 486 006c D34D6210 		.word	274877907
 488              		.section	.text.SDMMC_CmdReadSingleBlock,"ax",%progbits
 489              		.align	1
 490              		.p2align 2,,3
 491              		.global	SDMMC_CmdReadSingleBlock
 492              		.syntax unified
 493              		.thumb
 494              		.thumb_func
 495              		.fpu fpv4-sp-d16
 497              	SDMMC_CmdReadSingleBlock:
 498              		@ args = 0, pretend = 0, frame = 0
 499              		@ frame_needed = 0, uses_anonymous_args = 0
 500              		@ link register save eliminated.
 501 0000 8160     		str	r1, [r0, #8]
 502 0002 C368     		ldr	r3, [r0, #12]
 503 0004 1949     		ldr	r1, .L75
 504 0006 1A4A     		ldr	r2, .L75+4
 505 0008 0968     		ldr	r1, [r1]
 506 000a 23F47F63 		bic	r3, r3, #4080
 507 000e 23F00F03 		bic	r3, r3, #15
 508 0012 A2FB0121 		umull	r2, r1, r2, r1
 509 0016 43F48A63 		orr	r3, r3, #1104
 510 001a 43F00103 		orr	r3, r3, #1
 511 001e 490A     		lsrs	r1, r1, #9
 512 0020 41F28832 		movw	r2, #5000
 513 0024 C360     		str	r3, [r0, #12]
 514 0026 02FB01F3 		mul	r3, r2, r1
 515 002a 03E0     		b	.L62
 516              	.L71:
 517 002c 426B     		ldr	r2, [r0, #52]
 518 002e 12F0450F 		tst	r2, #69
 519 0032 05D1     		bne	.L70
 520              	.L62:
 521 0034 13F1FF33 		adds	r3, r3, #-1
 522 0038 F8D2     		bcs	.L71
 523 003a 4FF00040 		mov	r0, #-2147483648
 524 003e 7047     		bx	lr
 525              	.L70:
 526 0040 436B     		ldr	r3, [r0, #52]
 527 0042 5A07     		lsls	r2, r3, #29
 528 0044 0ED4     		bmi	.L72
 529 0046 436B     		ldr	r3, [r0, #52]
 530 0048 DB07     		lsls	r3, r3, #31
 531 004a 07D4     		bmi	.L73
 532 004c 0369     		ldr	r3, [r0, #16]
 533 004e DBB2     		uxtb	r3, r3
 534 0050 112B     		cmp	r3, #17
 535 0052 01D0     		beq	.L74
 536 0054 0120     		movs	r0, #1
 537 0056 7047     		bx	lr
 538              	.L74:
 539 0058 FFF7FEBF 		b	SDMMC_GetCmdResp1.part.2
 540              	.L73:
 541 005c 0123     		movs	r3, #1
 542 005e 8363     		str	r3, [r0, #56]
 543 0060 1846     		mov	r0, r3
 544 0062 7047     		bx	lr
ARM GAS  D:\Programs\cygwin64\tmp\ccK5TSXK.s 			page 10


 545              	.L72:
 546 0064 0423     		movs	r3, #4
 547 0066 8363     		str	r3, [r0, #56]
 548 0068 1846     		mov	r0, r3
 549 006a 7047     		bx	lr
 550              	.L76:
 551              		.align	2
 552              	.L75:
 553 006c 00000000 		.word	SystemCoreClock
 554 0070 D34D6210 		.word	274877907
 556              		.section	.text.SDMMC_CmdReadMultiBlock,"ax",%progbits
 557              		.align	1
 558              		.p2align 2,,3
 559              		.global	SDMMC_CmdReadMultiBlock
 560              		.syntax unified
 561              		.thumb
 562              		.thumb_func
 563              		.fpu fpv4-sp-d16
 565              	SDMMC_CmdReadMultiBlock:
 566              		@ args = 0, pretend = 0, frame = 0
 567              		@ frame_needed = 0, uses_anonymous_args = 0
 568              		@ link register save eliminated.
 569 0000 8160     		str	r1, [r0, #8]
 570 0002 C368     		ldr	r3, [r0, #12]
 571 0004 1949     		ldr	r1, .L92
 572 0006 1A4A     		ldr	r2, .L92+4
 573 0008 0968     		ldr	r1, [r1]
 574 000a 23F47F63 		bic	r3, r3, #4080
 575 000e 23F00F03 		bic	r3, r3, #15
 576 0012 A2FB0121 		umull	r2, r1, r2, r1
 577 0016 43F48A63 		orr	r3, r3, #1104
 578 001a 43F00203 		orr	r3, r3, #2
 579 001e 490A     		lsrs	r1, r1, #9
 580 0020 41F28832 		movw	r2, #5000
 581 0024 C360     		str	r3, [r0, #12]
 582 0026 02FB01F3 		mul	r3, r2, r1
 583 002a 03E0     		b	.L79
 584              	.L88:
 585 002c 426B     		ldr	r2, [r0, #52]
 586 002e 12F0450F 		tst	r2, #69
 587 0032 05D1     		bne	.L87
 588              	.L79:
 589 0034 13F1FF33 		adds	r3, r3, #-1
 590 0038 F8D2     		bcs	.L88
 591 003a 4FF00040 		mov	r0, #-2147483648
 592 003e 7047     		bx	lr
 593              	.L87:
 594 0040 436B     		ldr	r3, [r0, #52]
 595 0042 5A07     		lsls	r2, r3, #29
 596 0044 0ED4     		bmi	.L89
 597 0046 436B     		ldr	r3, [r0, #52]
 598 0048 DB07     		lsls	r3, r3, #31
 599 004a 07D4     		bmi	.L90
 600 004c 0369     		ldr	r3, [r0, #16]
 601 004e DBB2     		uxtb	r3, r3
 602 0050 122B     		cmp	r3, #18
 603 0052 01D0     		beq	.L91
ARM GAS  D:\Programs\cygwin64\tmp\ccK5TSXK.s 			page 11


 604 0054 0120     		movs	r0, #1
 605 0056 7047     		bx	lr
 606              	.L91:
 607 0058 FFF7FEBF 		b	SDMMC_GetCmdResp1.part.2
 608              	.L90:
 609 005c 0123     		movs	r3, #1
 610 005e 8363     		str	r3, [r0, #56]
 611 0060 1846     		mov	r0, r3
 612 0062 7047     		bx	lr
 613              	.L89:
 614 0064 0423     		movs	r3, #4
 615 0066 8363     		str	r3, [r0, #56]
 616 0068 1846     		mov	r0, r3
 617 006a 7047     		bx	lr
 618              	.L93:
 619              		.align	2
 620              	.L92:
 621 006c 00000000 		.word	SystemCoreClock
 622 0070 D34D6210 		.word	274877907
 624              		.section	.text.SDMMC_CmdWriteSingleBlock,"ax",%progbits
 625              		.align	1
 626              		.p2align 2,,3
 627              		.global	SDMMC_CmdWriteSingleBlock
 628              		.syntax unified
 629              		.thumb
 630              		.thumb_func
 631              		.fpu fpv4-sp-d16
 633              	SDMMC_CmdWriteSingleBlock:
 634              		@ args = 0, pretend = 0, frame = 0
 635              		@ frame_needed = 0, uses_anonymous_args = 0
 636              		@ link register save eliminated.
 637 0000 8160     		str	r1, [r0, #8]
 638 0002 194A     		ldr	r2, .L109
 639 0004 C368     		ldr	r3, [r0, #12]
 640 0006 1168     		ldr	r1, [r2]
 641 0008 184A     		ldr	r2, .L109+4
 642 000a 23F47F63 		bic	r3, r3, #4080
 643 000e A2FB0121 		umull	r2, r1, r2, r1
 644 0012 23F00F03 		bic	r3, r3, #15
 645 0016 43F48B63 		orr	r3, r3, #1112
 646 001a 490A     		lsrs	r1, r1, #9
 647 001c 41F28832 		movw	r2, #5000
 648 0020 C360     		str	r3, [r0, #12]
 649 0022 02FB01F3 		mul	r3, r2, r1
 650 0026 03E0     		b	.L96
 651              	.L105:
 652 0028 426B     		ldr	r2, [r0, #52]
 653 002a 12F0450F 		tst	r2, #69
 654 002e 05D1     		bne	.L104
 655              	.L96:
 656 0030 13F1FF33 		adds	r3, r3, #-1
 657 0034 F8D2     		bcs	.L105
 658 0036 4FF00040 		mov	r0, #-2147483648
 659 003a 7047     		bx	lr
 660              	.L104:
 661 003c 436B     		ldr	r3, [r0, #52]
 662 003e 5A07     		lsls	r2, r3, #29
ARM GAS  D:\Programs\cygwin64\tmp\ccK5TSXK.s 			page 12


 663 0040 0ED4     		bmi	.L106
 664 0042 436B     		ldr	r3, [r0, #52]
 665 0044 DB07     		lsls	r3, r3, #31
 666 0046 07D4     		bmi	.L107
 667 0048 0369     		ldr	r3, [r0, #16]
 668 004a DBB2     		uxtb	r3, r3
 669 004c 182B     		cmp	r3, #24
 670 004e 01D0     		beq	.L108
 671 0050 0120     		movs	r0, #1
 672 0052 7047     		bx	lr
 673              	.L108:
 674 0054 FFF7FEBF 		b	SDMMC_GetCmdResp1.part.2
 675              	.L107:
 676 0058 0123     		movs	r3, #1
 677 005a 8363     		str	r3, [r0, #56]
 678 005c 1846     		mov	r0, r3
 679 005e 7047     		bx	lr
 680              	.L106:
 681 0060 0423     		movs	r3, #4
 682 0062 8363     		str	r3, [r0, #56]
 683 0064 1846     		mov	r0, r3
 684 0066 7047     		bx	lr
 685              	.L110:
 686              		.align	2
 687              	.L109:
 688 0068 00000000 		.word	SystemCoreClock
 689 006c D34D6210 		.word	274877907
 691              		.section	.text.SDMMC_CmdWriteMultiBlock,"ax",%progbits
 692              		.align	1
 693              		.p2align 2,,3
 694              		.global	SDMMC_CmdWriteMultiBlock
 695              		.syntax unified
 696              		.thumb
 697              		.thumb_func
 698              		.fpu fpv4-sp-d16
 700              	SDMMC_CmdWriteMultiBlock:
 701              		@ args = 0, pretend = 0, frame = 0
 702              		@ frame_needed = 0, uses_anonymous_args = 0
 703              		@ link register save eliminated.
 704 0000 8160     		str	r1, [r0, #8]
 705 0002 C368     		ldr	r3, [r0, #12]
 706 0004 1949     		ldr	r1, .L126
 707 0006 1A4A     		ldr	r2, .L126+4
 708 0008 0968     		ldr	r1, [r1]
 709 000a 23F47F63 		bic	r3, r3, #4080
 710 000e 23F00F03 		bic	r3, r3, #15
 711 0012 A2FB0121 		umull	r2, r1, r2, r1
 712 0016 43F48B63 		orr	r3, r3, #1112
 713 001a 43F00103 		orr	r3, r3, #1
 714 001e 490A     		lsrs	r1, r1, #9
 715 0020 41F28832 		movw	r2, #5000
 716 0024 C360     		str	r3, [r0, #12]
 717 0026 02FB01F3 		mul	r3, r2, r1
 718 002a 03E0     		b	.L113
 719              	.L122:
 720 002c 426B     		ldr	r2, [r0, #52]
 721 002e 12F0450F 		tst	r2, #69
ARM GAS  D:\Programs\cygwin64\tmp\ccK5TSXK.s 			page 13


 722 0032 05D1     		bne	.L121
 723              	.L113:
 724 0034 13F1FF33 		adds	r3, r3, #-1
 725 0038 F8D2     		bcs	.L122
 726 003a 4FF00040 		mov	r0, #-2147483648
 727 003e 7047     		bx	lr
 728              	.L121:
 729 0040 436B     		ldr	r3, [r0, #52]
 730 0042 5A07     		lsls	r2, r3, #29
 731 0044 0ED4     		bmi	.L123
 732 0046 436B     		ldr	r3, [r0, #52]
 733 0048 DB07     		lsls	r3, r3, #31
 734 004a 07D4     		bmi	.L124
 735 004c 0369     		ldr	r3, [r0, #16]
 736 004e DBB2     		uxtb	r3, r3
 737 0050 192B     		cmp	r3, #25
 738 0052 01D0     		beq	.L125
 739 0054 0120     		movs	r0, #1
 740 0056 7047     		bx	lr
 741              	.L125:
 742 0058 FFF7FEBF 		b	SDMMC_GetCmdResp1.part.2
 743              	.L124:
 744 005c 0123     		movs	r3, #1
 745 005e 8363     		str	r3, [r0, #56]
 746 0060 1846     		mov	r0, r3
 747 0062 7047     		bx	lr
 748              	.L123:
 749 0064 0423     		movs	r3, #4
 750 0066 8363     		str	r3, [r0, #56]
 751 0068 1846     		mov	r0, r3
 752 006a 7047     		bx	lr
 753              	.L127:
 754              		.align	2
 755              	.L126:
 756 006c 00000000 		.word	SystemCoreClock
 757 0070 D34D6210 		.word	274877907
 759              		.section	.text.SDMMC_CmdSDEraseStartAdd,"ax",%progbits
 760              		.align	1
 761              		.p2align 2,,3
 762              		.global	SDMMC_CmdSDEraseStartAdd
 763              		.syntax unified
 764              		.thumb
 765              		.thumb_func
 766              		.fpu fpv4-sp-d16
 768              	SDMMC_CmdSDEraseStartAdd:
 769              		@ args = 0, pretend = 0, frame = 0
 770              		@ frame_needed = 0, uses_anonymous_args = 0
 771              		@ link register save eliminated.
 772 0000 8160     		str	r1, [r0, #8]
 773 0002 194A     		ldr	r2, .L143
 774 0004 C368     		ldr	r3, [r0, #12]
 775 0006 1168     		ldr	r1, [r2]
 776 0008 184A     		ldr	r2, .L143+4
 777 000a 23F47F63 		bic	r3, r3, #4080
 778 000e A2FB0121 		umull	r2, r1, r2, r1
 779 0012 23F00F03 		bic	r3, r3, #15
 780 0016 43F48C63 		orr	r3, r3, #1120
ARM GAS  D:\Programs\cygwin64\tmp\ccK5TSXK.s 			page 14


 781 001a 490A     		lsrs	r1, r1, #9
 782 001c 41F28832 		movw	r2, #5000
 783 0020 C360     		str	r3, [r0, #12]
 784 0022 02FB01F3 		mul	r3, r2, r1
 785 0026 03E0     		b	.L130
 786              	.L139:
 787 0028 426B     		ldr	r2, [r0, #52]
 788 002a 12F0450F 		tst	r2, #69
 789 002e 05D1     		bne	.L138
 790              	.L130:
 791 0030 13F1FF33 		adds	r3, r3, #-1
 792 0034 F8D2     		bcs	.L139
 793 0036 4FF00040 		mov	r0, #-2147483648
 794 003a 7047     		bx	lr
 795              	.L138:
 796 003c 436B     		ldr	r3, [r0, #52]
 797 003e 5A07     		lsls	r2, r3, #29
 798 0040 0ED4     		bmi	.L140
 799 0042 436B     		ldr	r3, [r0, #52]
 800 0044 DB07     		lsls	r3, r3, #31
 801 0046 07D4     		bmi	.L141
 802 0048 0369     		ldr	r3, [r0, #16]
 803 004a DBB2     		uxtb	r3, r3
 804 004c 202B     		cmp	r3, #32
 805 004e 01D0     		beq	.L142
 806 0050 0120     		movs	r0, #1
 807 0052 7047     		bx	lr
 808              	.L142:
 809 0054 FFF7FEBF 		b	SDMMC_GetCmdResp1.part.2
 810              	.L141:
 811 0058 0123     		movs	r3, #1
 812 005a 8363     		str	r3, [r0, #56]
 813 005c 1846     		mov	r0, r3
 814 005e 7047     		bx	lr
 815              	.L140:
 816 0060 0423     		movs	r3, #4
 817 0062 8363     		str	r3, [r0, #56]
 818 0064 1846     		mov	r0, r3
 819 0066 7047     		bx	lr
 820              	.L144:
 821              		.align	2
 822              	.L143:
 823 0068 00000000 		.word	SystemCoreClock
 824 006c D34D6210 		.word	274877907
 826              		.section	.text.SDMMC_CmdSDEraseEndAdd,"ax",%progbits
 827              		.align	1
 828              		.p2align 2,,3
 829              		.global	SDMMC_CmdSDEraseEndAdd
 830              		.syntax unified
 831              		.thumb
 832              		.thumb_func
 833              		.fpu fpv4-sp-d16
 835              	SDMMC_CmdSDEraseEndAdd:
 836              		@ args = 0, pretend = 0, frame = 0
 837              		@ frame_needed = 0, uses_anonymous_args = 0
 838              		@ link register save eliminated.
 839 0000 8160     		str	r1, [r0, #8]
ARM GAS  D:\Programs\cygwin64\tmp\ccK5TSXK.s 			page 15


 840 0002 C368     		ldr	r3, [r0, #12]
 841 0004 1949     		ldr	r1, .L160
 842 0006 1A4A     		ldr	r2, .L160+4
 843 0008 0968     		ldr	r1, [r1]
 844 000a 23F47F63 		bic	r3, r3, #4080
 845 000e 23F00F03 		bic	r3, r3, #15
 846 0012 A2FB0121 		umull	r2, r1, r2, r1
 847 0016 43F48C63 		orr	r3, r3, #1120
 848 001a 43F00103 		orr	r3, r3, #1
 849 001e 490A     		lsrs	r1, r1, #9
 850 0020 41F28832 		movw	r2, #5000
 851 0024 C360     		str	r3, [r0, #12]
 852 0026 02FB01F3 		mul	r3, r2, r1
 853 002a 03E0     		b	.L147
 854              	.L156:
 855 002c 426B     		ldr	r2, [r0, #52]
 856 002e 12F0450F 		tst	r2, #69
 857 0032 05D1     		bne	.L155
 858              	.L147:
 859 0034 13F1FF33 		adds	r3, r3, #-1
 860 0038 F8D2     		bcs	.L156
 861 003a 4FF00040 		mov	r0, #-2147483648
 862 003e 7047     		bx	lr
 863              	.L155:
 864 0040 436B     		ldr	r3, [r0, #52]
 865 0042 5A07     		lsls	r2, r3, #29
 866 0044 0ED4     		bmi	.L157
 867 0046 436B     		ldr	r3, [r0, #52]
 868 0048 DB07     		lsls	r3, r3, #31
 869 004a 07D4     		bmi	.L158
 870 004c 0369     		ldr	r3, [r0, #16]
 871 004e DBB2     		uxtb	r3, r3
 872 0050 212B     		cmp	r3, #33
 873 0052 01D0     		beq	.L159
 874 0054 0120     		movs	r0, #1
 875 0056 7047     		bx	lr
 876              	.L159:
 877 0058 FFF7FEBF 		b	SDMMC_GetCmdResp1.part.2
 878              	.L158:
 879 005c 0123     		movs	r3, #1
 880 005e 8363     		str	r3, [r0, #56]
 881 0060 1846     		mov	r0, r3
 882 0062 7047     		bx	lr
 883              	.L157:
 884 0064 0423     		movs	r3, #4
 885 0066 8363     		str	r3, [r0, #56]
 886 0068 1846     		mov	r0, r3
 887 006a 7047     		bx	lr
 888              	.L161:
 889              		.align	2
 890              	.L160:
 891 006c 00000000 		.word	SystemCoreClock
 892 0070 D34D6210 		.word	274877907
 894              		.section	.text.SDMMC_CmdEraseStartAdd,"ax",%progbits
 895              		.align	1
 896              		.p2align 2,,3
 897              		.global	SDMMC_CmdEraseStartAdd
ARM GAS  D:\Programs\cygwin64\tmp\ccK5TSXK.s 			page 16


 898              		.syntax unified
 899              		.thumb
 900              		.thumb_func
 901              		.fpu fpv4-sp-d16
 903              	SDMMC_CmdEraseStartAdd:
 904              		@ args = 0, pretend = 0, frame = 0
 905              		@ frame_needed = 0, uses_anonymous_args = 0
 906              		@ link register save eliminated.
 907 0000 8160     		str	r1, [r0, #8]
 908 0002 C368     		ldr	r3, [r0, #12]
 909 0004 1949     		ldr	r1, .L177
 910 0006 1A4A     		ldr	r2, .L177+4
 911 0008 0968     		ldr	r1, [r1]
 912 000a 23F47F63 		bic	r3, r3, #4080
 913 000e 23F00F03 		bic	r3, r3, #15
 914 0012 A2FB0121 		umull	r2, r1, r2, r1
 915 0016 43F48C63 		orr	r3, r3, #1120
 916 001a 43F00303 		orr	r3, r3, #3
 917 001e 490A     		lsrs	r1, r1, #9
 918 0020 41F28832 		movw	r2, #5000
 919 0024 C360     		str	r3, [r0, #12]
 920 0026 02FB01F3 		mul	r3, r2, r1
 921 002a 03E0     		b	.L164
 922              	.L173:
 923 002c 426B     		ldr	r2, [r0, #52]
 924 002e 12F0450F 		tst	r2, #69
 925 0032 05D1     		bne	.L172
 926              	.L164:
 927 0034 13F1FF33 		adds	r3, r3, #-1
 928 0038 F8D2     		bcs	.L173
 929 003a 4FF00040 		mov	r0, #-2147483648
 930 003e 7047     		bx	lr
 931              	.L172:
 932 0040 436B     		ldr	r3, [r0, #52]
 933 0042 5A07     		lsls	r2, r3, #29
 934 0044 0ED4     		bmi	.L174
 935 0046 436B     		ldr	r3, [r0, #52]
 936 0048 DB07     		lsls	r3, r3, #31
 937 004a 07D4     		bmi	.L175
 938 004c 0369     		ldr	r3, [r0, #16]
 939 004e DBB2     		uxtb	r3, r3
 940 0050 232B     		cmp	r3, #35
 941 0052 01D0     		beq	.L176
 942 0054 0120     		movs	r0, #1
 943 0056 7047     		bx	lr
 944              	.L176:
 945 0058 FFF7FEBF 		b	SDMMC_GetCmdResp1.part.2
 946              	.L175:
 947 005c 0123     		movs	r3, #1
 948 005e 8363     		str	r3, [r0, #56]
 949 0060 1846     		mov	r0, r3
 950 0062 7047     		bx	lr
 951              	.L174:
 952 0064 0423     		movs	r3, #4
 953 0066 8363     		str	r3, [r0, #56]
 954 0068 1846     		mov	r0, r3
 955 006a 7047     		bx	lr
ARM GAS  D:\Programs\cygwin64\tmp\ccK5TSXK.s 			page 17


 956              	.L178:
 957              		.align	2
 958              	.L177:
 959 006c 00000000 		.word	SystemCoreClock
 960 0070 D34D6210 		.word	274877907
 962              		.section	.text.SDMMC_CmdEraseEndAdd,"ax",%progbits
 963              		.align	1
 964              		.p2align 2,,3
 965              		.global	SDMMC_CmdEraseEndAdd
 966              		.syntax unified
 967              		.thumb
 968              		.thumb_func
 969              		.fpu fpv4-sp-d16
 971              	SDMMC_CmdEraseEndAdd:
 972              		@ args = 0, pretend = 0, frame = 0
 973              		@ frame_needed = 0, uses_anonymous_args = 0
 974              		@ link register save eliminated.
 975 0000 8160     		str	r1, [r0, #8]
 976 0002 C368     		ldr	r3, [r0, #12]
 977 0004 1949     		ldr	r1, .L194
 978 0006 1A4A     		ldr	r2, .L194+4
 979 0008 0968     		ldr	r1, [r1]
 980 000a 23F47F63 		bic	r3, r3, #4080
 981 000e 23F00F03 		bic	r3, r3, #15
 982 0012 A2FB0121 		umull	r2, r1, r2, r1
 983 0016 43F48C63 		orr	r3, r3, #1120
 984 001a 43F00403 		orr	r3, r3, #4
 985 001e 490A     		lsrs	r1, r1, #9
 986 0020 41F28832 		movw	r2, #5000
 987 0024 C360     		str	r3, [r0, #12]
 988 0026 02FB01F3 		mul	r3, r2, r1
 989 002a 03E0     		b	.L181
 990              	.L190:
 991 002c 426B     		ldr	r2, [r0, #52]
 992 002e 12F0450F 		tst	r2, #69
 993 0032 05D1     		bne	.L189
 994              	.L181:
 995 0034 13F1FF33 		adds	r3, r3, #-1
 996 0038 F8D2     		bcs	.L190
 997 003a 4FF00040 		mov	r0, #-2147483648
 998 003e 7047     		bx	lr
 999              	.L189:
 1000 0040 436B     		ldr	r3, [r0, #52]
 1001 0042 5A07     		lsls	r2, r3, #29
 1002 0044 0ED4     		bmi	.L191
 1003 0046 436B     		ldr	r3, [r0, #52]
 1004 0048 DB07     		lsls	r3, r3, #31
 1005 004a 07D4     		bmi	.L192
 1006 004c 0369     		ldr	r3, [r0, #16]
 1007 004e DBB2     		uxtb	r3, r3
 1008 0050 242B     		cmp	r3, #36
 1009 0052 01D0     		beq	.L193
 1010 0054 0120     		movs	r0, #1
 1011 0056 7047     		bx	lr
 1012              	.L193:
 1013 0058 FFF7FEBF 		b	SDMMC_GetCmdResp1.part.2
 1014              	.L192:
ARM GAS  D:\Programs\cygwin64\tmp\ccK5TSXK.s 			page 18


 1015 005c 0123     		movs	r3, #1
 1016 005e 8363     		str	r3, [r0, #56]
 1017 0060 1846     		mov	r0, r3
 1018 0062 7047     		bx	lr
 1019              	.L191:
 1020 0064 0423     		movs	r3, #4
 1021 0066 8363     		str	r3, [r0, #56]
 1022 0068 1846     		mov	r0, r3
 1023 006a 7047     		bx	lr
 1024              	.L195:
 1025              		.align	2
 1026              	.L194:
 1027 006c 00000000 		.word	SystemCoreClock
 1028 0070 D34D6210 		.word	274877907
 1030              		.section	.text.SDMMC_CmdErase,"ax",%progbits
 1031              		.align	1
 1032              		.p2align 2,,3
 1033              		.global	SDMMC_CmdErase
 1034              		.syntax unified
 1035              		.thumb
 1036              		.thumb_func
 1037              		.fpu fpv4-sp-d16
 1039              	SDMMC_CmdErase:
 1040              		@ args = 0, pretend = 0, frame = 0
 1041              		@ frame_needed = 0, uses_anonymous_args = 0
 1042              		@ link register save eliminated.
 1043 0000 0023     		movs	r3, #0
 1044 0002 8360     		str	r3, [r0, #8]
 1045 0004 C368     		ldr	r3, [r0, #12]
 1046 0006 1949     		ldr	r1, .L209
 1047 0008 194A     		ldr	r2, .L209+4
 1048 000a 0968     		ldr	r1, [r1]
 1049 000c 23F47F63 		bic	r3, r3, #4080
 1050 0010 23F00F03 		bic	r3, r3, #15
 1051 0014 A2FB0121 		umull	r2, r1, r2, r1
 1052 0018 43F48C63 		orr	r3, r3, #1120
 1053 001c 43F00603 		orr	r3, r3, #6
 1054 0020 490A     		lsrs	r1, r1, #9
 1055 0022 4FF21862 		movw	r2, #63000
 1056 0026 C360     		str	r3, [r0, #12]
 1057 0028 02FB01F1 		mul	r1, r2, r1
 1058              	.L198:
 1059 002c 89B1     		cbz	r1, .L201
 1060 002e 426B     		ldr	r2, [r0, #52]
 1061 0030 12F0450F 		tst	r2, #69
 1062 0034 01F1FF31 		add	r1, r1, #-1
 1063 0038 F8D0     		beq	.L198
 1064 003a 436B     		ldr	r3, [r0, #52]
 1065 003c 5A07     		lsls	r2, r3, #29
 1066 003e 11D4     		bmi	.L206
 1067 0040 436B     		ldr	r3, [r0, #52]
 1068 0042 DB07     		lsls	r3, r3, #31
 1069 0044 0AD4     		bmi	.L207
 1070 0046 0369     		ldr	r3, [r0, #16]
 1071 0048 DBB2     		uxtb	r3, r3
 1072 004a 262B     		cmp	r3, #38
 1073 004c 04D0     		beq	.L208
ARM GAS  D:\Programs\cygwin64\tmp\ccK5TSXK.s 			page 19


 1074 004e 0120     		movs	r0, #1
 1075 0050 7047     		bx	lr
 1076              	.L201:
 1077 0052 4FF00040 		mov	r0, #-2147483648
 1078 0056 7047     		bx	lr
 1079              	.L208:
 1080 0058 FFF7FEBF 		b	SDMMC_GetCmdResp1.part.2
 1081              	.L207:
 1082 005c 0123     		movs	r3, #1
 1083 005e 8363     		str	r3, [r0, #56]
 1084 0060 1846     		mov	r0, r3
 1085 0062 7047     		bx	lr
 1086              	.L206:
 1087 0064 0423     		movs	r3, #4
 1088 0066 8363     		str	r3, [r0, #56]
 1089 0068 1846     		mov	r0, r3
 1090 006a 7047     		bx	lr
 1091              	.L210:
 1092              		.align	2
 1093              	.L209:
 1094 006c 00000000 		.word	SystemCoreClock
 1095 0070 D34D6210 		.word	274877907
 1097              		.section	.text.SDMMC_CmdStopTransfer,"ax",%progbits
 1098              		.align	1
 1099              		.p2align 2,,3
 1100              		.global	SDMMC_CmdStopTransfer
 1101              		.syntax unified
 1102              		.thumb
 1103              		.thumb_func
 1104              		.fpu fpv4-sp-d16
 1106              	SDMMC_CmdStopTransfer:
 1107              		@ args = 0, pretend = 0, frame = 0
 1108              		@ frame_needed = 0, uses_anonymous_args = 0
 1109              		@ link register save eliminated.
 1110 0000 0023     		movs	r3, #0
 1111 0002 10B4     		push	{r4}
 1112 0004 8360     		str	r3, [r0, #8]
 1113 0006 C368     		ldr	r3, [r0, #12]
 1114 0008 1D4A     		ldr	r2, .L225
 1115 000a 1E4C     		ldr	r4, .L225+4
 1116 000c 1168     		ldr	r1, [r2]
 1117 000e 1E4A     		ldr	r2, .L225+8
 1118 0010 23F47F63 		bic	r3, r3, #4080
 1119 0014 23F00F03 		bic	r3, r3, #15
 1120 0018 43F48963 		orr	r3, r3, #1096
 1121 001c A4FB0141 		umull	r4, r1, r4, r1
 1122 0020 43F00403 		orr	r3, r3, #4
 1123 0024 490A     		lsrs	r1, r1, #9
 1124 0026 C360     		str	r3, [r0, #12]
 1125 0028 02FB01F1 		mul	r1, r2, r1
 1126              	.L213:
 1127 002c 99B1     		cbz	r1, .L216
 1128 002e 426B     		ldr	r2, [r0, #52]
 1129 0030 12F0450F 		tst	r2, #69
 1130 0034 01F1FF31 		add	r1, r1, #-1
 1131 0038 F8D0     		beq	.L213
 1132 003a 436B     		ldr	r3, [r0, #52]
ARM GAS  D:\Programs\cygwin64\tmp\ccK5TSXK.s 			page 20


 1133 003c 5A07     		lsls	r2, r3, #29
 1134 003e 19D4     		bmi	.L222
 1135 0040 436B     		ldr	r3, [r0, #52]
 1136 0042 DB07     		lsls	r3, r3, #31
 1137 0044 10D4     		bmi	.L223
 1138 0046 0369     		ldr	r3, [r0, #16]
 1139 0048 DBB2     		uxtb	r3, r3
 1140 004a 0C2B     		cmp	r3, #12
 1141 004c 08D0     		beq	.L224
 1142 004e 0120     		movs	r0, #1
 1143 0050 5DF8044B 		ldr	r4, [sp], #4
 1144 0054 7047     		bx	lr
 1145              	.L216:
 1146 0056 4FF00040 		mov	r0, #-2147483648
 1147 005a 5DF8044B 		ldr	r4, [sp], #4
 1148 005e 7047     		bx	lr
 1149              	.L224:
 1150 0060 5DF8044B 		ldr	r4, [sp], #4
 1151 0064 FFF7FEBF 		b	SDMMC_GetCmdResp1.part.2
 1152              	.L223:
 1153 0068 0123     		movs	r3, #1
 1154 006a 8363     		str	r3, [r0, #56]
 1155 006c 5DF8044B 		ldr	r4, [sp], #4
 1156 0070 1846     		mov	r0, r3
 1157 0072 7047     		bx	lr
 1158              	.L222:
 1159 0074 0423     		movs	r3, #4
 1160 0076 8363     		str	r3, [r0, #56]
 1161 0078 5DF8044B 		ldr	r4, [sp], #4
 1162 007c 1846     		mov	r0, r3
 1163 007e 7047     		bx	lr
 1164              	.L226:
 1165              		.align	2
 1166              	.L225:
 1167 0080 00000000 		.word	SystemCoreClock
 1168 0084 D34D6210 		.word	274877907
 1169 0088 00E1F505 		.word	100000000
 1171              		.section	.text.SDMMC_CmdSelDesel,"ax",%progbits
 1172              		.align	1
 1173              		.p2align 2,,3
 1174              		.global	SDMMC_CmdSelDesel
 1175              		.syntax unified
 1176              		.thumb
 1177              		.thumb_func
 1178              		.fpu fpv4-sp-d16
 1180              	SDMMC_CmdSelDesel:
 1181              		@ args = 0, pretend = 0, frame = 0
 1182              		@ frame_needed = 0, uses_anonymous_args = 0
 1183              		@ link register save eliminated.
 1184 0000 8260     		str	r2, [r0, #8]
 1185 0002 C368     		ldr	r3, [r0, #12]
 1186 0004 1949     		ldr	r1, .L242
 1187 0006 1A4A     		ldr	r2, .L242+4
 1188 0008 0968     		ldr	r1, [r1]
 1189 000a 23F47F63 		bic	r3, r3, #4080
 1190 000e 23F00F03 		bic	r3, r3, #15
 1191 0012 A2FB0121 		umull	r2, r1, r2, r1
ARM GAS  D:\Programs\cygwin64\tmp\ccK5TSXK.s 			page 21


 1192 0016 43F48863 		orr	r3, r3, #1088
 1193 001a 43F00703 		orr	r3, r3, #7
 1194 001e 490A     		lsrs	r1, r1, #9
 1195 0020 41F28832 		movw	r2, #5000
 1196 0024 C360     		str	r3, [r0, #12]
 1197 0026 02FB01F3 		mul	r3, r2, r1
 1198 002a 03E0     		b	.L229
 1199              	.L238:
 1200 002c 426B     		ldr	r2, [r0, #52]
 1201 002e 12F0450F 		tst	r2, #69
 1202 0032 05D1     		bne	.L237
 1203              	.L229:
 1204 0034 13F1FF33 		adds	r3, r3, #-1
 1205 0038 F8D2     		bcs	.L238
 1206 003a 4FF00040 		mov	r0, #-2147483648
 1207 003e 7047     		bx	lr
 1208              	.L237:
 1209 0040 436B     		ldr	r3, [r0, #52]
 1210 0042 5A07     		lsls	r2, r3, #29
 1211 0044 0ED4     		bmi	.L239
 1212 0046 436B     		ldr	r3, [r0, #52]
 1213 0048 DB07     		lsls	r3, r3, #31
 1214 004a 07D4     		bmi	.L240
 1215 004c 0369     		ldr	r3, [r0, #16]
 1216 004e DBB2     		uxtb	r3, r3
 1217 0050 072B     		cmp	r3, #7
 1218 0052 01D0     		beq	.L241
 1219 0054 0120     		movs	r0, #1
 1220 0056 7047     		bx	lr
 1221              	.L241:
 1222 0058 FFF7FEBF 		b	SDMMC_GetCmdResp1.part.2
 1223              	.L240:
 1224 005c 0123     		movs	r3, #1
 1225 005e 8363     		str	r3, [r0, #56]
 1226 0060 1846     		mov	r0, r3
 1227 0062 7047     		bx	lr
 1228              	.L239:
 1229 0064 0423     		movs	r3, #4
 1230 0066 8363     		str	r3, [r0, #56]
 1231 0068 1846     		mov	r0, r3
 1232 006a 7047     		bx	lr
 1233              	.L243:
 1234              		.align	2
 1235              	.L242:
 1236 006c 00000000 		.word	SystemCoreClock
 1237 0070 D34D6210 		.word	274877907
 1239              		.section	.text.SDMMC_CmdGoIdleState,"ax",%progbits
 1240              		.align	1
 1241              		.p2align 2,,3
 1242              		.global	SDMMC_CmdGoIdleState
 1243              		.syntax unified
 1244              		.thumb
 1245              		.thumb_func
 1246              		.fpu fpv4-sp-d16
 1248              	SDMMC_CmdGoIdleState:
 1249              		@ args = 0, pretend = 0, frame = 0
 1250              		@ frame_needed = 0, uses_anonymous_args = 0
ARM GAS  D:\Programs\cygwin64\tmp\ccK5TSXK.s 			page 22


 1251              		@ link register save eliminated.
 1252 0000 0023     		movs	r3, #0
 1253 0002 8360     		str	r3, [r0, #8]
 1254 0004 104B     		ldr	r3, .L253
 1255 0006 C268     		ldr	r2, [r0, #12]
 1256 0008 1049     		ldr	r1, .L253+4
 1257 000a 1B68     		ldr	r3, [r3]
 1258 000c 22F47F62 		bic	r2, r2, #4080
 1259 0010 A1FB0313 		umull	r1, r3, r1, r3
 1260 0014 22F00F02 		bic	r2, r2, #15
 1261 0018 590A     		lsrs	r1, r3, #9
 1262 001a 42F48062 		orr	r2, r2, #1024
 1263 001e 41F28833 		movw	r3, #5000
 1264 0022 C260     		str	r2, [r0, #12]
 1265 0024 03FB01F3 		mul	r3, r3, r1
 1266 0028 02E0     		b	.L246
 1267              	.L252:
 1268 002a 426B     		ldr	r2, [r0, #52]
 1269 002c 1206     		lsls	r2, r2, #24
 1270 002e 05D4     		bmi	.L251
 1271              	.L246:
 1272 0030 13F1FF33 		adds	r3, r3, #-1
 1273 0034 F9D2     		bcs	.L252
 1274 0036 4FF00040 		mov	r0, #-2147483648
 1275 003a 7047     		bx	lr
 1276              	.L251:
 1277 003c 40F2FF53 		movw	r3, #1535
 1278 0040 8363     		str	r3, [r0, #56]
 1279 0042 0020     		movs	r0, #0
 1280 0044 7047     		bx	lr
 1281              	.L254:
 1282 0046 00BF     		.align	2
 1283              	.L253:
 1284 0048 00000000 		.word	SystemCoreClock
 1285 004c D34D6210 		.word	274877907
 1287              		.section	.text.SDMMC_CmdOperCond,"ax",%progbits
 1288              		.align	1
 1289              		.p2align 2,,3
 1290              		.global	SDMMC_CmdOperCond
 1291              		.syntax unified
 1292              		.thumb
 1293              		.thumb_func
 1294              		.fpu fpv4-sp-d16
 1296              	SDMMC_CmdOperCond:
 1297              		@ args = 0, pretend = 0, frame = 0
 1298              		@ frame_needed = 0, uses_anonymous_args = 0
 1299              		@ link register save eliminated.
 1300 0000 4FF4D573 		mov	r3, #426
 1301 0004 8360     		str	r3, [r0, #8]
 1302 0006 1749     		ldr	r1, .L267
 1303 0008 C368     		ldr	r3, [r0, #12]
 1304 000a 0246     		mov	r2, r0
 1305 000c 0868     		ldr	r0, [r1]
 1306 000e 1649     		ldr	r1, .L267+4
 1307 0010 23F47F63 		bic	r3, r3, #4080
 1308 0014 A1FB0010 		umull	r1, r0, r1, r0
 1309 0018 23F00F03 		bic	r3, r3, #15
ARM GAS  D:\Programs\cygwin64\tmp\ccK5TSXK.s 			page 23


 1310 001c 43F48963 		orr	r3, r3, #1096
 1311 0020 400A     		lsrs	r0, r0, #9
 1312 0022 41F28831 		movw	r1, #5000
 1313 0026 D360     		str	r3, [r2, #12]
 1314 0028 01FB00F3 		mul	r3, r1, r0
 1315 002c 03E0     		b	.L257
 1316              	.L265:
 1317 002e 516B     		ldr	r1, [r2, #52]
 1318 0030 11F0450F 		tst	r1, #69
 1319 0034 05D1     		bne	.L264
 1320              	.L257:
 1321 0036 13F1FF33 		adds	r3, r3, #-1
 1322 003a F8D2     		bcs	.L265
 1323 003c 4FF00040 		mov	r0, #-2147483648
 1324              	.L255:
 1325 0040 7047     		bx	lr
 1326              	.L264:
 1327 0042 516B     		ldr	r1, [r2, #52]
 1328 0044 11F00401 		ands	r1, r1, #4
 1329 0048 07D1     		bne	.L266
 1330 004a 506B     		ldr	r0, [r2, #52]
 1331 004c 10F04000 		ands	r0, r0, #64
 1332 0050 F6D0     		beq	.L255
 1333 0052 4023     		movs	r3, #64
 1334 0054 0846     		mov	r0, r1
 1335 0056 9363     		str	r3, [r2, #56]
 1336 0058 7047     		bx	lr
 1337              	.L266:
 1338 005a 4023     		movs	r3, #64
 1339 005c 9363     		str	r3, [r2, #56]
 1340 005e 0420     		movs	r0, #4
 1341 0060 7047     		bx	lr
 1342              	.L268:
 1343 0062 00BF     		.align	2
 1344              	.L267:
 1345 0064 00000000 		.word	SystemCoreClock
 1346 0068 D34D6210 		.word	274877907
 1348              		.section	.text.SDMMC_CmdAppCommand,"ax",%progbits
 1349              		.align	1
 1350              		.p2align 2,,3
 1351              		.global	SDMMC_CmdAppCommand
 1352              		.syntax unified
 1353              		.thumb
 1354              		.thumb_func
 1355              		.fpu fpv4-sp-d16
 1357              	SDMMC_CmdAppCommand:
 1358              		@ args = 0, pretend = 0, frame = 0
 1359              		@ frame_needed = 0, uses_anonymous_args = 0
 1360              		@ link register save eliminated.
 1361 0000 8160     		str	r1, [r0, #8]
 1362 0002 C368     		ldr	r3, [r0, #12]
 1363 0004 1949     		ldr	r1, .L284
 1364 0006 1A4A     		ldr	r2, .L284+4
 1365 0008 0968     		ldr	r1, [r1]
 1366 000a 23F47F63 		bic	r3, r3, #4080
 1367 000e 23F00F03 		bic	r3, r3, #15
 1368 0012 A2FB0121 		umull	r2, r1, r2, r1
ARM GAS  D:\Programs\cygwin64\tmp\ccK5TSXK.s 			page 24


 1369 0016 43F48E63 		orr	r3, r3, #1136
 1370 001a 43F00703 		orr	r3, r3, #7
 1371 001e 490A     		lsrs	r1, r1, #9
 1372 0020 41F28832 		movw	r2, #5000
 1373 0024 C360     		str	r3, [r0, #12]
 1374 0026 02FB01F3 		mul	r3, r2, r1
 1375 002a 03E0     		b	.L271
 1376              	.L280:
 1377 002c 426B     		ldr	r2, [r0, #52]
 1378 002e 12F0450F 		tst	r2, #69
 1379 0032 05D1     		bne	.L279
 1380              	.L271:
 1381 0034 13F1FF33 		adds	r3, r3, #-1
 1382 0038 F8D2     		bcs	.L280
 1383 003a 4FF00040 		mov	r0, #-2147483648
 1384 003e 7047     		bx	lr
 1385              	.L279:
 1386 0040 436B     		ldr	r3, [r0, #52]
 1387 0042 5A07     		lsls	r2, r3, #29
 1388 0044 0ED4     		bmi	.L281
 1389 0046 436B     		ldr	r3, [r0, #52]
 1390 0048 DB07     		lsls	r3, r3, #31
 1391 004a 07D4     		bmi	.L282
 1392 004c 0369     		ldr	r3, [r0, #16]
 1393 004e DBB2     		uxtb	r3, r3
 1394 0050 372B     		cmp	r3, #55
 1395 0052 01D0     		beq	.L283
 1396 0054 0120     		movs	r0, #1
 1397 0056 7047     		bx	lr
 1398              	.L283:
 1399 0058 FFF7FEBF 		b	SDMMC_GetCmdResp1.part.2
 1400              	.L282:
 1401 005c 0123     		movs	r3, #1
 1402 005e 8363     		str	r3, [r0, #56]
 1403 0060 1846     		mov	r0, r3
 1404 0062 7047     		bx	lr
 1405              	.L281:
 1406 0064 0423     		movs	r3, #4
 1407 0066 8363     		str	r3, [r0, #56]
 1408 0068 1846     		mov	r0, r3
 1409 006a 7047     		bx	lr
 1410              	.L285:
 1411              		.align	2
 1412              	.L284:
 1413 006c 00000000 		.word	SystemCoreClock
 1414 0070 D34D6210 		.word	274877907
 1416              		.section	.text.SDMMC_CmdAppOperCommand,"ax",%progbits
 1417              		.align	1
 1418              		.p2align 2,,3
 1419              		.global	SDMMC_CmdAppOperCommand
 1420              		.syntax unified
 1421              		.thumb
 1422              		.thumb_func
 1423              		.fpu fpv4-sp-d16
 1425              	SDMMC_CmdAppOperCommand:
 1426              		@ args = 0, pretend = 0, frame = 0
 1427              		@ frame_needed = 0, uses_anonymous_args = 0
ARM GAS  D:\Programs\cygwin64\tmp\ccK5TSXK.s 			page 25


 1428              		@ link register save eliminated.
 1429 0000 41F00041 		orr	r1, r1, #-2147483648
 1430 0004 41F48011 		orr	r1, r1, #1048576
 1431 0008 10B4     		push	{r4}
 1432 000a 8160     		str	r1, [r0, #8]
 1433 000c C368     		ldr	r3, [r0, #12]
 1434 000e 1649     		ldr	r1, .L297
 1435 0010 164A     		ldr	r2, .L297+4
 1436 0012 0968     		ldr	r1, [r1]
 1437 0014 23F47F63 		bic	r3, r3, #4080
 1438 0018 23F00F03 		bic	r3, r3, #15
 1439 001c A2FB0121 		umull	r2, r1, r2, r1
 1440 0020 43F48D63 		orr	r3, r3, #1128
 1441 0024 43F00103 		orr	r3, r3, #1
 1442 0028 490A     		lsrs	r1, r1, #9
 1443 002a 41F28832 		movw	r2, #5000
 1444 002e C360     		str	r3, [r0, #12]
 1445 0030 0446     		mov	r4, r0
 1446 0032 02FB01F3 		mul	r3, r2, r1
 1447 0036 03E0     		b	.L288
 1448              	.L296:
 1449 0038 626B     		ldr	r2, [r4, #52]
 1450 003a 12F0450F 		tst	r2, #69
 1451 003e 07D1     		bne	.L295
 1452              	.L288:
 1453 0040 13F1FF33 		adds	r3, r3, #-1
 1454 0044 F8D2     		bcs	.L296
 1455 0046 4FF00040 		mov	r0, #-2147483648
 1456 004a 5DF8044B 		ldr	r4, [sp], #4
 1457 004e 7047     		bx	lr
 1458              	.L295:
 1459 0050 606B     		ldr	r0, [r4, #52]
 1460 0052 10F00400 		ands	r0, r0, #4
 1461 0056 15BF     		itete	ne
 1462 0058 0420     		movne	r0, #4
 1463 005a 40F2FF53 		movweq	r3, #1535
 1464 005e A063     		strne	r0, [r4, #56]
 1465 0060 A363     		streq	r3, [r4, #56]
 1466 0062 5DF8044B 		ldr	r4, [sp], #4
 1467 0066 7047     		bx	lr
 1468              	.L298:
 1469              		.align	2
 1470              	.L297:
 1471 0068 00000000 		.word	SystemCoreClock
 1472 006c D34D6210 		.word	274877907
 1474              		.section	.text.SDMMC_CmdBusWidth,"ax",%progbits
 1475              		.align	1
 1476              		.p2align 2,,3
 1477              		.global	SDMMC_CmdBusWidth
 1478              		.syntax unified
 1479              		.thumb
 1480              		.thumb_func
 1481              		.fpu fpv4-sp-d16
 1483              	SDMMC_CmdBusWidth:
 1484              		@ args = 0, pretend = 0, frame = 0
 1485              		@ frame_needed = 0, uses_anonymous_args = 0
 1486              		@ link register save eliminated.
ARM GAS  D:\Programs\cygwin64\tmp\ccK5TSXK.s 			page 26


 1487 0000 8160     		str	r1, [r0, #8]
 1488 0002 C368     		ldr	r3, [r0, #12]
 1489 0004 1949     		ldr	r1, .L314
 1490 0006 1A4A     		ldr	r2, .L314+4
 1491 0008 0968     		ldr	r1, [r1]
 1492 000a 23F47F63 		bic	r3, r3, #4080
 1493 000e 23F00F03 		bic	r3, r3, #15
 1494 0012 A2FB0121 		umull	r2, r1, r2, r1
 1495 0016 43F48863 		orr	r3, r3, #1088
 1496 001a 43F00603 		orr	r3, r3, #6
 1497 001e 490A     		lsrs	r1, r1, #9
 1498 0020 41F28832 		movw	r2, #5000
 1499 0024 C360     		str	r3, [r0, #12]
 1500 0026 02FB01F3 		mul	r3, r2, r1
 1501 002a 03E0     		b	.L301
 1502              	.L310:
 1503 002c 426B     		ldr	r2, [r0, #52]
 1504 002e 12F0450F 		tst	r2, #69
 1505 0032 05D1     		bne	.L309
 1506              	.L301:
 1507 0034 13F1FF33 		adds	r3, r3, #-1
 1508 0038 F8D2     		bcs	.L310
 1509 003a 4FF00040 		mov	r0, #-2147483648
 1510 003e 7047     		bx	lr
 1511              	.L309:
 1512 0040 436B     		ldr	r3, [r0, #52]
 1513 0042 5A07     		lsls	r2, r3, #29
 1514 0044 0ED4     		bmi	.L311
 1515 0046 436B     		ldr	r3, [r0, #52]
 1516 0048 DB07     		lsls	r3, r3, #31
 1517 004a 07D4     		bmi	.L312
 1518 004c 0369     		ldr	r3, [r0, #16]
 1519 004e DBB2     		uxtb	r3, r3
 1520 0050 062B     		cmp	r3, #6
 1521 0052 01D0     		beq	.L313
 1522 0054 0120     		movs	r0, #1
 1523 0056 7047     		bx	lr
 1524              	.L313:
 1525 0058 FFF7FEBF 		b	SDMMC_GetCmdResp1.part.2
 1526              	.L312:
 1527 005c 0123     		movs	r3, #1
 1528 005e 8363     		str	r3, [r0, #56]
 1529 0060 1846     		mov	r0, r3
 1530 0062 7047     		bx	lr
 1531              	.L311:
 1532 0064 0423     		movs	r3, #4
 1533 0066 8363     		str	r3, [r0, #56]
 1534 0068 1846     		mov	r0, r3
 1535 006a 7047     		bx	lr
 1536              	.L315:
 1537              		.align	2
 1538              	.L314:
 1539 006c 00000000 		.word	SystemCoreClock
 1540 0070 D34D6210 		.word	274877907
 1542              		.section	.text.SDMMC_CmdSendSCR,"ax",%progbits
 1543              		.align	1
 1544              		.p2align 2,,3
ARM GAS  D:\Programs\cygwin64\tmp\ccK5TSXK.s 			page 27


 1545              		.global	SDMMC_CmdSendSCR
 1546              		.syntax unified
 1547              		.thumb
 1548              		.thumb_func
 1549              		.fpu fpv4-sp-d16
 1551              	SDMMC_CmdSendSCR:
 1552              		@ args = 0, pretend = 0, frame = 0
 1553              		@ frame_needed = 0, uses_anonymous_args = 0
 1554              		@ link register save eliminated.
 1555 0000 0023     		movs	r3, #0
 1556 0002 8360     		str	r3, [r0, #8]
 1557 0004 C368     		ldr	r3, [r0, #12]
 1558 0006 1A49     		ldr	r1, .L331
 1559 0008 1A4A     		ldr	r2, .L331+4
 1560 000a 0968     		ldr	r1, [r1]
 1561 000c 23F47F63 		bic	r3, r3, #4080
 1562 0010 23F00F03 		bic	r3, r3, #15
 1563 0014 A2FB0121 		umull	r2, r1, r2, r1
 1564 0018 43F48E63 		orr	r3, r3, #1136
 1565 001c 43F00303 		orr	r3, r3, #3
 1566 0020 490A     		lsrs	r1, r1, #9
 1567 0022 41F28832 		movw	r2, #5000
 1568 0026 C360     		str	r3, [r0, #12]
 1569 0028 02FB01F3 		mul	r3, r2, r1
 1570 002c 03E0     		b	.L318
 1571              	.L327:
 1572 002e 426B     		ldr	r2, [r0, #52]
 1573 0030 12F0450F 		tst	r2, #69
 1574 0034 05D1     		bne	.L326
 1575              	.L318:
 1576 0036 13F1FF33 		adds	r3, r3, #-1
 1577 003a F8D2     		bcs	.L327
 1578 003c 4FF00040 		mov	r0, #-2147483648
 1579 0040 7047     		bx	lr
 1580              	.L326:
 1581 0042 436B     		ldr	r3, [r0, #52]
 1582 0044 5A07     		lsls	r2, r3, #29
 1583 0046 0ED4     		bmi	.L328
 1584 0048 436B     		ldr	r3, [r0, #52]
 1585 004a DB07     		lsls	r3, r3, #31
 1586 004c 07D4     		bmi	.L329
 1587 004e 0369     		ldr	r3, [r0, #16]
 1588 0050 DBB2     		uxtb	r3, r3
 1589 0052 332B     		cmp	r3, #51
 1590 0054 01D0     		beq	.L330
 1591 0056 0120     		movs	r0, #1
 1592 0058 7047     		bx	lr
 1593              	.L330:
 1594 005a FFF7FEBF 		b	SDMMC_GetCmdResp1.part.2
 1595              	.L329:
 1596 005e 0123     		movs	r3, #1
 1597 0060 8363     		str	r3, [r0, #56]
 1598 0062 1846     		mov	r0, r3
 1599 0064 7047     		bx	lr
 1600              	.L328:
 1601 0066 0423     		movs	r3, #4
 1602 0068 8363     		str	r3, [r0, #56]
ARM GAS  D:\Programs\cygwin64\tmp\ccK5TSXK.s 			page 28


 1603 006a 1846     		mov	r0, r3
 1604 006c 7047     		bx	lr
 1605              	.L332:
 1606 006e 00BF     		.align	2
 1607              	.L331:
 1608 0070 00000000 		.word	SystemCoreClock
 1609 0074 D34D6210 		.word	274877907
 1611              		.section	.text.SDMMC_CmdSendCID,"ax",%progbits
 1612              		.align	1
 1613              		.p2align 2,,3
 1614              		.global	SDMMC_CmdSendCID
 1615              		.syntax unified
 1616              		.thumb
 1617              		.thumb_func
 1618              		.fpu fpv4-sp-d16
 1620              	SDMMC_CmdSendCID:
 1621              		@ args = 0, pretend = 0, frame = 0
 1622              		@ frame_needed = 0, uses_anonymous_args = 0
 1623              		@ link register save eliminated.
 1624 0000 0023     		movs	r3, #0
 1625 0002 8360     		str	r3, [r0, #8]
 1626 0004 C368     		ldr	r3, [r0, #12]
 1627 0006 1749     		ldr	r1, .L345
 1628 0008 0246     		mov	r2, r0
 1629 000a 1748     		ldr	r0, .L345+4
 1630 000c 23F47F63 		bic	r3, r3, #4080
 1631 0010 0068     		ldr	r0, [r0]
 1632 0012 23F00F03 		bic	r3, r3, #15
 1633 0016 A1FB0010 		umull	r1, r0, r1, r0
 1634 001a 43F49863 		orr	r3, r3, #1216
 1635 001e 43F00203 		orr	r3, r3, #2
 1636 0022 400A     		lsrs	r0, r0, #9
 1637 0024 41F28831 		movw	r1, #5000
 1638 0028 D360     		str	r3, [r2, #12]
 1639 002a 01FB00F3 		mul	r3, r1, r0
 1640 002e 03E0     		b	.L335
 1641              	.L343:
 1642 0030 516B     		ldr	r1, [r2, #52]
 1643 0032 11F0450F 		tst	r1, #69
 1644 0036 05D1     		bne	.L342
 1645              	.L335:
 1646 0038 13F1FF33 		adds	r3, r3, #-1
 1647 003c F8D2     		bcs	.L343
 1648 003e 4FF00040 		mov	r0, #-2147483648
 1649 0042 7047     		bx	lr
 1650              	.L342:
 1651 0044 536B     		ldr	r3, [r2, #52]
 1652 0046 5B07     		lsls	r3, r3, #29
 1653 0048 09D4     		bmi	.L344
 1654 004a 506B     		ldr	r0, [r2, #52]
 1655 004c 10F00100 		ands	r0, r0, #1
 1656 0050 15BF     		itete	ne
 1657 0052 0120     		movne	r0, #1
 1658 0054 40F2FF53 		movweq	r3, #1535
 1659 0058 9063     		strne	r0, [r2, #56]
 1660 005a 9363     		streq	r3, [r2, #56]
 1661 005c 7047     		bx	lr
ARM GAS  D:\Programs\cygwin64\tmp\ccK5TSXK.s 			page 29


 1662              	.L344:
 1663 005e 0420     		movs	r0, #4
 1664 0060 9063     		str	r0, [r2, #56]
 1665 0062 7047     		bx	lr
 1666              	.L346:
 1667              		.align	2
 1668              	.L345:
 1669 0064 D34D6210 		.word	274877907
 1670 0068 00000000 		.word	SystemCoreClock
 1672              		.section	.text.SDMMC_CmdSendCSD,"ax",%progbits
 1673              		.align	1
 1674              		.p2align 2,,3
 1675              		.global	SDMMC_CmdSendCSD
 1676              		.syntax unified
 1677              		.thumb
 1678              		.thumb_func
 1679              		.fpu fpv4-sp-d16
 1681              	SDMMC_CmdSendCSD:
 1682              		@ args = 0, pretend = 0, frame = 0
 1683              		@ frame_needed = 0, uses_anonymous_args = 0
 1684              		@ link register save eliminated.
 1685 0000 8160     		str	r1, [r0, #8]
 1686 0002 C368     		ldr	r3, [r0, #12]
 1687 0004 1749     		ldr	r1, .L359
 1688 0006 0246     		mov	r2, r0
 1689 0008 1748     		ldr	r0, .L359+4
 1690 000a 23F47F63 		bic	r3, r3, #4080
 1691 000e 0068     		ldr	r0, [r0]
 1692 0010 23F00F03 		bic	r3, r3, #15
 1693 0014 A1FB0010 		umull	r1, r0, r1, r0
 1694 0018 43F49963 		orr	r3, r3, #1224
 1695 001c 43F00103 		orr	r3, r3, #1
 1696 0020 400A     		lsrs	r0, r0, #9
 1697 0022 41F28831 		movw	r1, #5000
 1698 0026 D360     		str	r3, [r2, #12]
 1699 0028 01FB00F3 		mul	r3, r1, r0
 1700 002c 03E0     		b	.L349
 1701              	.L357:
 1702 002e 516B     		ldr	r1, [r2, #52]
 1703 0030 11F0450F 		tst	r1, #69
 1704 0034 05D1     		bne	.L356
 1705              	.L349:
 1706 0036 13F1FF33 		adds	r3, r3, #-1
 1707 003a F8D2     		bcs	.L357
 1708 003c 4FF00040 		mov	r0, #-2147483648
 1709 0040 7047     		bx	lr
 1710              	.L356:
 1711 0042 536B     		ldr	r3, [r2, #52]
 1712 0044 5B07     		lsls	r3, r3, #29
 1713 0046 09D4     		bmi	.L358
 1714 0048 506B     		ldr	r0, [r2, #52]
 1715 004a 10F00100 		ands	r0, r0, #1
 1716 004e 15BF     		itete	ne
 1717 0050 0120     		movne	r0, #1
 1718 0052 40F2FF53 		movweq	r3, #1535
 1719 0056 9063     		strne	r0, [r2, #56]
 1720 0058 9363     		streq	r3, [r2, #56]
ARM GAS  D:\Programs\cygwin64\tmp\ccK5TSXK.s 			page 30


 1721 005a 7047     		bx	lr
 1722              	.L358:
 1723 005c 0420     		movs	r0, #4
 1724 005e 9063     		str	r0, [r2, #56]
 1725 0060 7047     		bx	lr
 1726              	.L360:
 1727 0062 00BF     		.align	2
 1728              	.L359:
 1729 0064 D34D6210 		.word	274877907
 1730 0068 00000000 		.word	SystemCoreClock
 1732              		.section	.text.SDMMC_CmdSetRelAdd,"ax",%progbits
 1733              		.align	1
 1734              		.p2align 2,,3
 1735              		.global	SDMMC_CmdSetRelAdd
 1736              		.syntax unified
 1737              		.thumb
 1738              		.thumb_func
 1739              		.fpu fpv4-sp-d16
 1741              	SDMMC_CmdSetRelAdd:
 1742              		@ args = 0, pretend = 0, frame = 8
 1743              		@ frame_needed = 0, uses_anonymous_args = 0
 1744              		@ link register save eliminated.
 1745 0000 0023     		movs	r3, #0
 1746 0002 10B4     		push	{r4}
 1747 0004 8360     		str	r3, [r0, #8]
 1748 0006 C368     		ldr	r3, [r0, #12]
 1749 0008 2D4C     		ldr	r4, .L380
 1750 000a 2E4A     		ldr	r2, .L380+4
 1751 000c 2468     		ldr	r4, [r4]
 1752 000e 23F47F63 		bic	r3, r3, #4080
 1753 0012 23F00F03 		bic	r3, r3, #15
 1754 0016 A2FB0424 		umull	r2, r4, r2, r4
 1755 001a 43F48863 		orr	r3, r3, #1088
 1756 001e 43F00303 		orr	r3, r3, #3
 1757 0022 640A     		lsrs	r4, r4, #9
 1758 0024 41F28832 		movw	r2, #5000
 1759 0028 C360     		str	r3, [r0, #12]
 1760 002a 83B0     		sub	sp, sp, #12
 1761 002c 02FB04F3 		mul	r3, r2, r4
 1762 0030 03E0     		b	.L363
 1763              	.L376:
 1764 0032 426B     		ldr	r2, [r0, #52]
 1765 0034 12F0450F 		tst	r2, #69
 1766 0038 08D1     		bne	.L375
 1767              	.L363:
 1768 003a 13F1FF33 		adds	r3, r3, #-1
 1769 003e F8D2     		bcs	.L376
 1770 0040 4FF00040 		mov	r0, #-2147483648
 1771              	.L361:
 1772 0044 03B0     		add	sp, sp, #12
 1773              		@ sp needed
 1774 0046 5DF8044B 		ldr	r4, [sp], #4
 1775 004a 7047     		bx	lr
 1776              	.L375:
 1777 004c 436B     		ldr	r3, [r0, #52]
 1778 004e 5C07     		lsls	r4, r3, #29
 1779 0050 29D4     		bmi	.L377
ARM GAS  D:\Programs\cygwin64\tmp\ccK5TSXK.s 			page 31


 1780 0052 436B     		ldr	r3, [r0, #52]
 1781 0054 13F00103 		ands	r3, r3, #1
 1782 0058 1ED1     		bne	.L378
 1783 005a 0269     		ldr	r2, [r0, #16]
 1784 005c D2B2     		uxtb	r2, r2
 1785 005e 032A     		cmp	r2, #3
 1786 0060 15D1     		bne	.L368
 1787 0062 00F11402 		add	r2, r0, #20
 1788 0066 40F2FF54 		movw	r4, #1535
 1789 006a 8463     		str	r4, [r0, #56]
 1790 006c 0193     		str	r3, [sp, #4]
 1791 006e 0192     		str	r2, [sp, #4]
 1792 0070 019B     		ldr	r3, [sp, #4]
 1793 0072 1B68     		ldr	r3, [r3]
 1794 0074 13F46040 		ands	r0, r3, #57344
 1795 0078 1CD0     		beq	.L379
 1796 007a 5A04     		lsls	r2, r3, #17
 1797 007c 1DD4     		bmi	.L369
 1798 007e 13F4004F 		tst	r3, #32768
 1799 0082 14BF     		ite	ne
 1800 0084 4FF48050 		movne	r0, #4096
 1801 0088 4FF48030 		moveq	r0, #65536
 1802 008c DAE7     		b	.L361
 1803              	.L368:
 1804 008e 0120     		movs	r0, #1
 1805 0090 03B0     		add	sp, sp, #12
 1806              		@ sp needed
 1807 0092 5DF8044B 		ldr	r4, [sp], #4
 1808 0096 7047     		bx	lr
 1809              	.L378:
 1810 0098 0123     		movs	r3, #1
 1811 009a 8363     		str	r3, [r0, #56]
 1812 009c 1846     		mov	r0, r3
 1813 009e 03B0     		add	sp, sp, #12
 1814              		@ sp needed
 1815 00a0 5DF8044B 		ldr	r4, [sp], #4
 1816 00a4 7047     		bx	lr
 1817              	.L377:
 1818 00a6 0423     		movs	r3, #4
 1819 00a8 8363     		str	r3, [r0, #56]
 1820 00aa 1846     		mov	r0, r3
 1821 00ac 03B0     		add	sp, sp, #12
 1822              		@ sp needed
 1823 00ae 5DF8044B 		ldr	r4, [sp], #4
 1824 00b2 7047     		bx	lr
 1825              	.L379:
 1826 00b4 1B0C     		lsrs	r3, r3, #16
 1827 00b6 0B80     		strh	r3, [r1]	@ movhi
 1828 00b8 C4E7     		b	.L361
 1829              	.L369:
 1830 00ba 4FF40050 		mov	r0, #8192
 1831 00be C1E7     		b	.L361
 1832              	.L381:
 1833              		.align	2
 1834              	.L380:
 1835 00c0 00000000 		.word	SystemCoreClock
 1836 00c4 D34D6210 		.word	274877907
ARM GAS  D:\Programs\cygwin64\tmp\ccK5TSXK.s 			page 32


 1838              		.section	.text.SDMMC_CmdSendStatus,"ax",%progbits
 1839              		.align	1
 1840              		.p2align 2,,3
 1841              		.global	SDMMC_CmdSendStatus
 1842              		.syntax unified
 1843              		.thumb
 1844              		.thumb_func
 1845              		.fpu fpv4-sp-d16
 1847              	SDMMC_CmdSendStatus:
 1848              		@ args = 0, pretend = 0, frame = 0
 1849              		@ frame_needed = 0, uses_anonymous_args = 0
 1850              		@ link register save eliminated.
 1851 0000 8160     		str	r1, [r0, #8]
 1852 0002 C368     		ldr	r3, [r0, #12]
 1853 0004 1949     		ldr	r1, .L397
 1854 0006 1A4A     		ldr	r2, .L397+4
 1855 0008 0968     		ldr	r1, [r1]
 1856 000a 23F47F63 		bic	r3, r3, #4080
 1857 000e 23F00F03 		bic	r3, r3, #15
 1858 0012 A2FB0121 		umull	r2, r1, r2, r1
 1859 0016 43F48963 		orr	r3, r3, #1096
 1860 001a 43F00503 		orr	r3, r3, #5
 1861 001e 490A     		lsrs	r1, r1, #9
 1862 0020 41F28832 		movw	r2, #5000
 1863 0024 C360     		str	r3, [r0, #12]
 1864 0026 02FB01F3 		mul	r3, r2, r1
 1865 002a 03E0     		b	.L384
 1866              	.L393:
 1867 002c 426B     		ldr	r2, [r0, #52]
 1868 002e 12F0450F 		tst	r2, #69
 1869 0032 05D1     		bne	.L392
 1870              	.L384:
 1871 0034 13F1FF33 		adds	r3, r3, #-1
 1872 0038 F8D2     		bcs	.L393
 1873 003a 4FF00040 		mov	r0, #-2147483648
 1874 003e 7047     		bx	lr
 1875              	.L392:
 1876 0040 436B     		ldr	r3, [r0, #52]
 1877 0042 5A07     		lsls	r2, r3, #29
 1878 0044 0ED4     		bmi	.L394
 1879 0046 436B     		ldr	r3, [r0, #52]
 1880 0048 DB07     		lsls	r3, r3, #31
 1881 004a 07D4     		bmi	.L395
 1882 004c 0369     		ldr	r3, [r0, #16]
 1883 004e DBB2     		uxtb	r3, r3
 1884 0050 0D2B     		cmp	r3, #13
 1885 0052 01D0     		beq	.L396
 1886 0054 0120     		movs	r0, #1
 1887 0056 7047     		bx	lr
 1888              	.L396:
 1889 0058 FFF7FEBF 		b	SDMMC_GetCmdResp1.part.2
 1890              	.L395:
 1891 005c 0123     		movs	r3, #1
 1892 005e 8363     		str	r3, [r0, #56]
 1893 0060 1846     		mov	r0, r3
 1894 0062 7047     		bx	lr
 1895              	.L394:
ARM GAS  D:\Programs\cygwin64\tmp\ccK5TSXK.s 			page 33


 1896 0064 0423     		movs	r3, #4
 1897 0066 8363     		str	r3, [r0, #56]
 1898 0068 1846     		mov	r0, r3
 1899 006a 7047     		bx	lr
 1900              	.L398:
 1901              		.align	2
 1902              	.L397:
 1903 006c 00000000 		.word	SystemCoreClock
 1904 0070 D34D6210 		.word	274877907
 1906              		.section	.text.SDMMC_CmdStatusRegister,"ax",%progbits
 1907              		.align	1
 1908              		.p2align 2,,3
 1909              		.global	SDMMC_CmdStatusRegister
 1910              		.syntax unified
 1911              		.thumb
 1912              		.thumb_func
 1913              		.fpu fpv4-sp-d16
 1915              	SDMMC_CmdStatusRegister:
 1916              		@ args = 0, pretend = 0, frame = 0
 1917              		@ frame_needed = 0, uses_anonymous_args = 0
 1918              		@ link register save eliminated.
 1919 0000 0023     		movs	r3, #0
 1920 0002 8360     		str	r3, [r0, #8]
 1921 0004 C368     		ldr	r3, [r0, #12]
 1922 0006 1A49     		ldr	r1, .L414
 1923 0008 1A4A     		ldr	r2, .L414+4
 1924 000a 0968     		ldr	r1, [r1]
 1925 000c 23F47F63 		bic	r3, r3, #4080
 1926 0010 23F00F03 		bic	r3, r3, #15
 1927 0014 A2FB0121 		umull	r2, r1, r2, r1
 1928 0018 43F48963 		orr	r3, r3, #1096
 1929 001c 43F00503 		orr	r3, r3, #5
 1930 0020 490A     		lsrs	r1, r1, #9
 1931 0022 41F28832 		movw	r2, #5000
 1932 0026 C360     		str	r3, [r0, #12]
 1933 0028 02FB01F3 		mul	r3, r2, r1
 1934 002c 03E0     		b	.L401
 1935              	.L410:
 1936 002e 426B     		ldr	r2, [r0, #52]
 1937 0030 12F0450F 		tst	r2, #69
 1938 0034 05D1     		bne	.L409
 1939              	.L401:
 1940 0036 13F1FF33 		adds	r3, r3, #-1
 1941 003a F8D2     		bcs	.L410
 1942 003c 4FF00040 		mov	r0, #-2147483648
 1943 0040 7047     		bx	lr
 1944              	.L409:
 1945 0042 436B     		ldr	r3, [r0, #52]
 1946 0044 5A07     		lsls	r2, r3, #29
 1947 0046 0ED4     		bmi	.L411
 1948 0048 436B     		ldr	r3, [r0, #52]
 1949 004a DB07     		lsls	r3, r3, #31
 1950 004c 07D4     		bmi	.L412
 1951 004e 0369     		ldr	r3, [r0, #16]
 1952 0050 DBB2     		uxtb	r3, r3
 1953 0052 0D2B     		cmp	r3, #13
 1954 0054 01D0     		beq	.L413
ARM GAS  D:\Programs\cygwin64\tmp\ccK5TSXK.s 			page 34


 1955 0056 0120     		movs	r0, #1
 1956 0058 7047     		bx	lr
 1957              	.L413:
 1958 005a FFF7FEBF 		b	SDMMC_GetCmdResp1.part.2
 1959              	.L412:
 1960 005e 0123     		movs	r3, #1
 1961 0060 8363     		str	r3, [r0, #56]
 1962 0062 1846     		mov	r0, r3
 1963 0064 7047     		bx	lr
 1964              	.L411:
 1965 0066 0423     		movs	r3, #4
 1966 0068 8363     		str	r3, [r0, #56]
 1967 006a 1846     		mov	r0, r3
 1968 006c 7047     		bx	lr
 1969              	.L415:
 1970 006e 00BF     		.align	2
 1971              	.L414:
 1972 0070 00000000 		.word	SystemCoreClock
 1973 0074 D34D6210 		.word	274877907
 1975              		.section	.text.SDMMC_CmdOpCondition,"ax",%progbits
 1976              		.align	1
 1977              		.p2align 2,,3
 1978              		.global	SDMMC_CmdOpCondition
 1979              		.syntax unified
 1980              		.thumb
 1981              		.thumb_func
 1982              		.fpu fpv4-sp-d16
 1984              	SDMMC_CmdOpCondition:
 1985              		@ args = 0, pretend = 0, frame = 0
 1986              		@ frame_needed = 0, uses_anonymous_args = 0
 1987              		@ link register save eliminated.
 1988 0000 10B4     		push	{r4}
 1989 0002 8160     		str	r1, [r0, #8]
 1990 0004 C368     		ldr	r3, [r0, #12]
 1991 0006 1649     		ldr	r1, .L427
 1992 0008 164A     		ldr	r2, .L427+4
 1993 000a 0968     		ldr	r1, [r1]
 1994 000c 23F47F63 		bic	r3, r3, #4080
 1995 0010 23F00F03 		bic	r3, r3, #15
 1996 0014 A2FB0121 		umull	r2, r1, r2, r1
 1997 0018 43F48863 		orr	r3, r3, #1088
 1998 001c 43F00103 		orr	r3, r3, #1
 1999 0020 490A     		lsrs	r1, r1, #9
 2000 0022 41F28832 		movw	r2, #5000
 2001 0026 C360     		str	r3, [r0, #12]
 2002 0028 0446     		mov	r4, r0
 2003 002a 02FB01F3 		mul	r3, r2, r1
 2004 002e 03E0     		b	.L418
 2005              	.L426:
 2006 0030 626B     		ldr	r2, [r4, #52]
 2007 0032 12F0450F 		tst	r2, #69
 2008 0036 07D1     		bne	.L425
 2009              	.L418:
 2010 0038 13F1FF33 		adds	r3, r3, #-1
 2011 003c F8D2     		bcs	.L426
 2012 003e 4FF00040 		mov	r0, #-2147483648
 2013 0042 5DF8044B 		ldr	r4, [sp], #4
ARM GAS  D:\Programs\cygwin64\tmp\ccK5TSXK.s 			page 35


 2014 0046 7047     		bx	lr
 2015              	.L425:
 2016 0048 606B     		ldr	r0, [r4, #52]
 2017 004a 10F00400 		ands	r0, r0, #4
 2018 004e 15BF     		itete	ne
 2019 0050 0420     		movne	r0, #4
 2020 0052 40F2FF53 		movweq	r3, #1535
 2021 0056 A063     		strne	r0, [r4, #56]
 2022 0058 A363     		streq	r3, [r4, #56]
 2023 005a 5DF8044B 		ldr	r4, [sp], #4
 2024 005e 7047     		bx	lr
 2025              	.L428:
 2026              		.align	2
 2027              	.L427:
 2028 0060 00000000 		.word	SystemCoreClock
 2029 0064 D34D6210 		.word	274877907
 2031              		.section	.text.SDMMC_CmdSwitch,"ax",%progbits
 2032              		.align	1
 2033              		.p2align 2,,3
 2034              		.global	SDMMC_CmdSwitch
 2035              		.syntax unified
 2036              		.thumb
 2037              		.thumb_func
 2038              		.fpu fpv4-sp-d16
 2040              	SDMMC_CmdSwitch:
 2041              		@ args = 0, pretend = 0, frame = 0
 2042              		@ frame_needed = 0, uses_anonymous_args = 0
 2043              		@ link register save eliminated.
 2044 0000 8160     		str	r1, [r0, #8]
 2045 0002 C368     		ldr	r3, [r0, #12]
 2046 0004 1949     		ldr	r1, .L444
 2047 0006 1A4A     		ldr	r2, .L444+4
 2048 0008 0968     		ldr	r1, [r1]
 2049 000a 23F47F63 		bic	r3, r3, #4080
 2050 000e 23F00F03 		bic	r3, r3, #15
 2051 0012 A2FB0121 		umull	r2, r1, r2, r1
 2052 0016 43F48863 		orr	r3, r3, #1088
 2053 001a 43F00603 		orr	r3, r3, #6
 2054 001e 490A     		lsrs	r1, r1, #9
 2055 0020 41F28832 		movw	r2, #5000
 2056 0024 C360     		str	r3, [r0, #12]
 2057 0026 02FB01F3 		mul	r3, r2, r1
 2058 002a 03E0     		b	.L431
 2059              	.L440:
 2060 002c 426B     		ldr	r2, [r0, #52]
 2061 002e 12F0450F 		tst	r2, #69
 2062 0032 05D1     		bne	.L439
 2063              	.L431:
 2064 0034 13F1FF33 		adds	r3, r3, #-1
 2065 0038 F8D2     		bcs	.L440
 2066 003a 4FF00040 		mov	r0, #-2147483648
 2067 003e 7047     		bx	lr
 2068              	.L439:
 2069 0040 436B     		ldr	r3, [r0, #52]
 2070 0042 5A07     		lsls	r2, r3, #29
 2071 0044 0ED4     		bmi	.L441
 2072 0046 436B     		ldr	r3, [r0, #52]
ARM GAS  D:\Programs\cygwin64\tmp\ccK5TSXK.s 			page 36


 2073 0048 DB07     		lsls	r3, r3, #31
 2074 004a 07D4     		bmi	.L442
 2075 004c 0369     		ldr	r3, [r0, #16]
 2076 004e DBB2     		uxtb	r3, r3
 2077 0050 062B     		cmp	r3, #6
 2078 0052 01D0     		beq	.L443
 2079 0054 0120     		movs	r0, #1
 2080 0056 7047     		bx	lr
 2081              	.L443:
 2082 0058 FFF7FEBF 		b	SDMMC_GetCmdResp1.part.2
 2083              	.L442:
 2084 005c 0123     		movs	r3, #1
 2085 005e 8363     		str	r3, [r0, #56]
 2086 0060 1846     		mov	r0, r3
 2087 0062 7047     		bx	lr
 2088              	.L441:
 2089 0064 0423     		movs	r3, #4
 2090 0066 8363     		str	r3, [r0, #56]
 2091 0068 1846     		mov	r0, r3
 2092 006a 7047     		bx	lr
 2093              	.L445:
 2094              		.align	2
 2095              	.L444:
 2096 006c 00000000 		.word	SystemCoreClock
 2097 0070 D34D6210 		.word	274877907
 2099              		.ident	"GCC: (GNU Tools for Arm Embedded Processors 8-2018-q4-major) 8.2.1 20181213 (release) [gcc
ARM GAS  D:\Programs\cygwin64\tmp\ccK5TSXK.s 			page 37


DEFINED SYMBOLS
                            *ABS*:00000000 stm32f4xx_ll_sdmmc.c
D:\Programs\cygwin64\tmp\ccK5TSXK.s:16     .text.SDMMC_GetCmdResp1.part.2:00000000 $t
D:\Programs\cygwin64\tmp\ccK5TSXK.s:24     .text.SDMMC_GetCmdResp1.part.2:00000000 SDMMC_GetCmdResp1.part.2
D:\Programs\cygwin64\tmp\ccK5TSXK.s:140    .text.SDMMC_GetCmdResp1.part.2:000000d8 $d
D:\Programs\cygwin64\tmp\ccK5TSXK.s:143    .text.SDIO_Init:00000000 $t
D:\Programs\cygwin64\tmp\ccK5TSXK.s:151    .text.SDIO_Init:00000000 SDIO_Init
D:\Programs\cygwin64\tmp\ccK5TSXK.s:179    .text.SDIO_ReadFIFO:00000000 $t
D:\Programs\cygwin64\tmp\ccK5TSXK.s:187    .text.SDIO_ReadFIFO:00000000 SDIO_ReadFIFO
D:\Programs\cygwin64\tmp\ccK5TSXK.s:195    .text.SDIO_WriteFIFO:00000000 $t
D:\Programs\cygwin64\tmp\ccK5TSXK.s:203    .text.SDIO_WriteFIFO:00000000 SDIO_WriteFIFO
D:\Programs\cygwin64\tmp\ccK5TSXK.s:213    .text.SDIO_PowerState_ON:00000000 $t
D:\Programs\cygwin64\tmp\ccK5TSXK.s:221    .text.SDIO_PowerState_ON:00000000 SDIO_PowerState_ON
D:\Programs\cygwin64\tmp\ccK5TSXK.s:231    .text.SDIO_PowerState_OFF:00000000 $t
D:\Programs\cygwin64\tmp\ccK5TSXK.s:239    .text.SDIO_PowerState_OFF:00000000 SDIO_PowerState_OFF
D:\Programs\cygwin64\tmp\ccK5TSXK.s:249    .text.SDIO_GetPowerState:00000000 $t
D:\Programs\cygwin64\tmp\ccK5TSXK.s:257    .text.SDIO_GetPowerState:00000000 SDIO_GetPowerState
D:\Programs\cygwin64\tmp\ccK5TSXK.s:266    .text.SDIO_SendCommand:00000000 $t
D:\Programs\cygwin64\tmp\ccK5TSXK.s:274    .text.SDIO_SendCommand:00000000 SDIO_SendCommand
D:\Programs\cygwin64\tmp\ccK5TSXK.s:296    .text.SDIO_GetCommandResponse:00000000 $t
D:\Programs\cygwin64\tmp\ccK5TSXK.s:304    .text.SDIO_GetCommandResponse:00000000 SDIO_GetCommandResponse
D:\Programs\cygwin64\tmp\ccK5TSXK.s:313    .text.SDIO_GetResponse:00000000 $t
D:\Programs\cygwin64\tmp\ccK5TSXK.s:321    .text.SDIO_GetResponse:00000000 SDIO_GetResponse
D:\Programs\cygwin64\tmp\ccK5TSXK.s:338    .text.SDIO_ConfigData:00000000 $t
D:\Programs\cygwin64\tmp\ccK5TSXK.s:346    .text.SDIO_ConfigData:00000000 SDIO_ConfigData
D:\Programs\cygwin64\tmp\ccK5TSXK.s:369    .text.SDIO_GetDataCounter:00000000 $t
D:\Programs\cygwin64\tmp\ccK5TSXK.s:377    .text.SDIO_GetDataCounter:00000000 SDIO_GetDataCounter
D:\Programs\cygwin64\tmp\ccK5TSXK.s:385    .text.SDIO_GetFIFOCount:00000000 $t
D:\Programs\cygwin64\tmp\ccK5TSXK.s:393    .text.SDIO_GetFIFOCount:00000000 SDIO_GetFIFOCount
D:\Programs\cygwin64\tmp\ccK5TSXK.s:401    .text.SDIO_SetSDMMCReadWaitMode:00000000 $t
D:\Programs\cygwin64\tmp\ccK5TSXK.s:409    .text.SDIO_SetSDMMCReadWaitMode:00000000 SDIO_SetSDMMCReadWaitMode
D:\Programs\cygwin64\tmp\ccK5TSXK.s:422    .text.SDMMC_CmdBlockLength:00000000 $t
D:\Programs\cygwin64\tmp\ccK5TSXK.s:430    .text.SDMMC_CmdBlockLength:00000000 SDMMC_CmdBlockLength
D:\Programs\cygwin64\tmp\ccK5TSXK.s:485    .text.SDMMC_CmdBlockLength:00000068 $d
D:\Programs\cygwin64\tmp\ccK5TSXK.s:489    .text.SDMMC_CmdReadSingleBlock:00000000 $t
D:\Programs\cygwin64\tmp\ccK5TSXK.s:497    .text.SDMMC_CmdReadSingleBlock:00000000 SDMMC_CmdReadSingleBlock
D:\Programs\cygwin64\tmp\ccK5TSXK.s:553    .text.SDMMC_CmdReadSingleBlock:0000006c $d
D:\Programs\cygwin64\tmp\ccK5TSXK.s:557    .text.SDMMC_CmdReadMultiBlock:00000000 $t
D:\Programs\cygwin64\tmp\ccK5TSXK.s:565    .text.SDMMC_CmdReadMultiBlock:00000000 SDMMC_CmdReadMultiBlock
D:\Programs\cygwin64\tmp\ccK5TSXK.s:621    .text.SDMMC_CmdReadMultiBlock:0000006c $d
D:\Programs\cygwin64\tmp\ccK5TSXK.s:625    .text.SDMMC_CmdWriteSingleBlock:00000000 $t
D:\Programs\cygwin64\tmp\ccK5TSXK.s:633    .text.SDMMC_CmdWriteSingleBlock:00000000 SDMMC_CmdWriteSingleBlock
D:\Programs\cygwin64\tmp\ccK5TSXK.s:688    .text.SDMMC_CmdWriteSingleBlock:00000068 $d
D:\Programs\cygwin64\tmp\ccK5TSXK.s:692    .text.SDMMC_CmdWriteMultiBlock:00000000 $t
D:\Programs\cygwin64\tmp\ccK5TSXK.s:700    .text.SDMMC_CmdWriteMultiBlock:00000000 SDMMC_CmdWriteMultiBlock
D:\Programs\cygwin64\tmp\ccK5TSXK.s:756    .text.SDMMC_CmdWriteMultiBlock:0000006c $d
D:\Programs\cygwin64\tmp\ccK5TSXK.s:760    .text.SDMMC_CmdSDEraseStartAdd:00000000 $t
D:\Programs\cygwin64\tmp\ccK5TSXK.s:768    .text.SDMMC_CmdSDEraseStartAdd:00000000 SDMMC_CmdSDEraseStartAdd
D:\Programs\cygwin64\tmp\ccK5TSXK.s:823    .text.SDMMC_CmdSDEraseStartAdd:00000068 $d
D:\Programs\cygwin64\tmp\ccK5TSXK.s:827    .text.SDMMC_CmdSDEraseEndAdd:00000000 $t
D:\Programs\cygwin64\tmp\ccK5TSXK.s:835    .text.SDMMC_CmdSDEraseEndAdd:00000000 SDMMC_CmdSDEraseEndAdd
D:\Programs\cygwin64\tmp\ccK5TSXK.s:891    .text.SDMMC_CmdSDEraseEndAdd:0000006c $d
D:\Programs\cygwin64\tmp\ccK5TSXK.s:895    .text.SDMMC_CmdEraseStartAdd:00000000 $t
D:\Programs\cygwin64\tmp\ccK5TSXK.s:903    .text.SDMMC_CmdEraseStartAdd:00000000 SDMMC_CmdEraseStartAdd
D:\Programs\cygwin64\tmp\ccK5TSXK.s:959    .text.SDMMC_CmdEraseStartAdd:0000006c $d
D:\Programs\cygwin64\tmp\ccK5TSXK.s:963    .text.SDMMC_CmdEraseEndAdd:00000000 $t
D:\Programs\cygwin64\tmp\ccK5TSXK.s:971    .text.SDMMC_CmdEraseEndAdd:00000000 SDMMC_CmdEraseEndAdd
ARM GAS  D:\Programs\cygwin64\tmp\ccK5TSXK.s 			page 38


D:\Programs\cygwin64\tmp\ccK5TSXK.s:1027   .text.SDMMC_CmdEraseEndAdd:0000006c $d
D:\Programs\cygwin64\tmp\ccK5TSXK.s:1031   .text.SDMMC_CmdErase:00000000 $t
D:\Programs\cygwin64\tmp\ccK5TSXK.s:1039   .text.SDMMC_CmdErase:00000000 SDMMC_CmdErase
D:\Programs\cygwin64\tmp\ccK5TSXK.s:1094   .text.SDMMC_CmdErase:0000006c $d
D:\Programs\cygwin64\tmp\ccK5TSXK.s:1098   .text.SDMMC_CmdStopTransfer:00000000 $t
D:\Programs\cygwin64\tmp\ccK5TSXK.s:1106   .text.SDMMC_CmdStopTransfer:00000000 SDMMC_CmdStopTransfer
D:\Programs\cygwin64\tmp\ccK5TSXK.s:1167   .text.SDMMC_CmdStopTransfer:00000080 $d
D:\Programs\cygwin64\tmp\ccK5TSXK.s:1172   .text.SDMMC_CmdSelDesel:00000000 $t
D:\Programs\cygwin64\tmp\ccK5TSXK.s:1180   .text.SDMMC_CmdSelDesel:00000000 SDMMC_CmdSelDesel
D:\Programs\cygwin64\tmp\ccK5TSXK.s:1236   .text.SDMMC_CmdSelDesel:0000006c $d
D:\Programs\cygwin64\tmp\ccK5TSXK.s:1240   .text.SDMMC_CmdGoIdleState:00000000 $t
D:\Programs\cygwin64\tmp\ccK5TSXK.s:1248   .text.SDMMC_CmdGoIdleState:00000000 SDMMC_CmdGoIdleState
D:\Programs\cygwin64\tmp\ccK5TSXK.s:1284   .text.SDMMC_CmdGoIdleState:00000048 $d
D:\Programs\cygwin64\tmp\ccK5TSXK.s:1288   .text.SDMMC_CmdOperCond:00000000 $t
D:\Programs\cygwin64\tmp\ccK5TSXK.s:1296   .text.SDMMC_CmdOperCond:00000000 SDMMC_CmdOperCond
D:\Programs\cygwin64\tmp\ccK5TSXK.s:1345   .text.SDMMC_CmdOperCond:00000064 $d
D:\Programs\cygwin64\tmp\ccK5TSXK.s:1349   .text.SDMMC_CmdAppCommand:00000000 $t
D:\Programs\cygwin64\tmp\ccK5TSXK.s:1357   .text.SDMMC_CmdAppCommand:00000000 SDMMC_CmdAppCommand
D:\Programs\cygwin64\tmp\ccK5TSXK.s:1413   .text.SDMMC_CmdAppCommand:0000006c $d
D:\Programs\cygwin64\tmp\ccK5TSXK.s:1417   .text.SDMMC_CmdAppOperCommand:00000000 $t
D:\Programs\cygwin64\tmp\ccK5TSXK.s:1425   .text.SDMMC_CmdAppOperCommand:00000000 SDMMC_CmdAppOperCommand
D:\Programs\cygwin64\tmp\ccK5TSXK.s:1471   .text.SDMMC_CmdAppOperCommand:00000068 $d
D:\Programs\cygwin64\tmp\ccK5TSXK.s:1475   .text.SDMMC_CmdBusWidth:00000000 $t
D:\Programs\cygwin64\tmp\ccK5TSXK.s:1483   .text.SDMMC_CmdBusWidth:00000000 SDMMC_CmdBusWidth
D:\Programs\cygwin64\tmp\ccK5TSXK.s:1539   .text.SDMMC_CmdBusWidth:0000006c $d
D:\Programs\cygwin64\tmp\ccK5TSXK.s:1543   .text.SDMMC_CmdSendSCR:00000000 $t
D:\Programs\cygwin64\tmp\ccK5TSXK.s:1551   .text.SDMMC_CmdSendSCR:00000000 SDMMC_CmdSendSCR
D:\Programs\cygwin64\tmp\ccK5TSXK.s:1608   .text.SDMMC_CmdSendSCR:00000070 $d
D:\Programs\cygwin64\tmp\ccK5TSXK.s:1612   .text.SDMMC_CmdSendCID:00000000 $t
D:\Programs\cygwin64\tmp\ccK5TSXK.s:1620   .text.SDMMC_CmdSendCID:00000000 SDMMC_CmdSendCID
D:\Programs\cygwin64\tmp\ccK5TSXK.s:1669   .text.SDMMC_CmdSendCID:00000064 $d
D:\Programs\cygwin64\tmp\ccK5TSXK.s:1673   .text.SDMMC_CmdSendCSD:00000000 $t
D:\Programs\cygwin64\tmp\ccK5TSXK.s:1681   .text.SDMMC_CmdSendCSD:00000000 SDMMC_CmdSendCSD
D:\Programs\cygwin64\tmp\ccK5TSXK.s:1729   .text.SDMMC_CmdSendCSD:00000064 $d
D:\Programs\cygwin64\tmp\ccK5TSXK.s:1733   .text.SDMMC_CmdSetRelAdd:00000000 $t
D:\Programs\cygwin64\tmp\ccK5TSXK.s:1741   .text.SDMMC_CmdSetRelAdd:00000000 SDMMC_CmdSetRelAdd
D:\Programs\cygwin64\tmp\ccK5TSXK.s:1835   .text.SDMMC_CmdSetRelAdd:000000c0 $d
D:\Programs\cygwin64\tmp\ccK5TSXK.s:1839   .text.SDMMC_CmdSendStatus:00000000 $t
D:\Programs\cygwin64\tmp\ccK5TSXK.s:1847   .text.SDMMC_CmdSendStatus:00000000 SDMMC_CmdSendStatus
D:\Programs\cygwin64\tmp\ccK5TSXK.s:1903   .text.SDMMC_CmdSendStatus:0000006c $d
D:\Programs\cygwin64\tmp\ccK5TSXK.s:1907   .text.SDMMC_CmdStatusRegister:00000000 $t
D:\Programs\cygwin64\tmp\ccK5TSXK.s:1915   .text.SDMMC_CmdStatusRegister:00000000 SDMMC_CmdStatusRegister
D:\Programs\cygwin64\tmp\ccK5TSXK.s:1972   .text.SDMMC_CmdStatusRegister:00000070 $d
D:\Programs\cygwin64\tmp\ccK5TSXK.s:1976   .text.SDMMC_CmdOpCondition:00000000 $t
D:\Programs\cygwin64\tmp\ccK5TSXK.s:1984   .text.SDMMC_CmdOpCondition:00000000 SDMMC_CmdOpCondition
D:\Programs\cygwin64\tmp\ccK5TSXK.s:2028   .text.SDMMC_CmdOpCondition:00000060 $d
D:\Programs\cygwin64\tmp\ccK5TSXK.s:2032   .text.SDMMC_CmdSwitch:00000000 $t
D:\Programs\cygwin64\tmp\ccK5TSXK.s:2040   .text.SDMMC_CmdSwitch:00000000 SDMMC_CmdSwitch
D:\Programs\cygwin64\tmp\ccK5TSXK.s:2096   .text.SDMMC_CmdSwitch:0000006c $d

UNDEFINED SYMBOLS
SystemCoreClock
