ARM GAS  D:\Programs\cygwin64\tmp\ccZtjaIK.s 			page 1


   1              		.cpu cortex-m4
   2              		.eabi_attribute 27, 1
   3              		.eabi_attribute 28, 1
   4              		.eabi_attribute 20, 1
   5              		.eabi_attribute 21, 1
   6              		.eabi_attribute 23, 3
   7              		.eabi_attribute 24, 1
   8              		.eabi_attribute 25, 1
   9              		.eabi_attribute 26, 1
  10              		.eabi_attribute 30, 2
  11              		.eabi_attribute 34, 1
  12              		.eabi_attribute 18, 4
  13              		.file	"stm32f4xx_hal_can.c"
  14              		.text
  15              		.section	.text.HAL_CAN_MspInit,"ax",%progbits
  16              		.align	1
  17              		.p2align 2,,3
  18              		.weak	HAL_CAN_MspInit
  19              		.arch armv7e-m
  20              		.syntax unified
  21              		.thumb
  22              		.thumb_func
  23              		.fpu fpv4-sp-d16
  25              	HAL_CAN_MspInit:
  26              		@ args = 0, pretend = 0, frame = 0
  27              		@ frame_needed = 0, uses_anonymous_args = 0
  28              		@ link register save eliminated.
  29 0000 7047     		bx	lr
  31 0002 00BF     		.section	.text.HAL_CAN_Init,"ax",%progbits
  32              		.align	1
  33              		.p2align 2,,3
  34              		.global	HAL_CAN_Init
  35              		.syntax unified
  36              		.thumb
  37              		.thumb_func
  38              		.fpu fpv4-sp-d16
  40              	HAL_CAN_Init:
  41              		@ args = 0, pretend = 0, frame = 0
  42              		@ frame_needed = 0, uses_anonymous_args = 0
  43 0000 0028     		cmp	r0, #0
  44 0002 7CD0     		beq	.L22
  45 0004 38B5     		push	{r3, r4, r5, lr}
  46 0006 90F82030 		ldrb	r3, [r0, #32]	@ zero_extendqisi2
  47 000a 0446     		mov	r4, r0
  48 000c 002B     		cmp	r3, #0
  49 000e 73D0     		beq	.L30
  50              	.L5:
  51 0010 2268     		ldr	r2, [r4]
  52 0012 1368     		ldr	r3, [r2]
  53 0014 23F00203 		bic	r3, r3, #2
  54 0018 1360     		str	r3, [r2]
  55 001a FFF7FEFF 		bl	HAL_GetTick
  56 001e 0546     		mov	r5, r0
  57 0020 04E0     		b	.L6
  58              	.L7:
  59 0022 FFF7FEFF 		bl	HAL_GetTick
  60 0026 401B     		subs	r0, r0, r5
ARM GAS  D:\Programs\cygwin64\tmp\ccZtjaIK.s 			page 2


  61 0028 0A28     		cmp	r0, #10
  62 002a 5CD8     		bhi	.L29
  63              	.L6:
  64 002c 2368     		ldr	r3, [r4]
  65 002e 5A68     		ldr	r2, [r3, #4]
  66 0030 9107     		lsls	r1, r2, #30
  67 0032 F6D4     		bmi	.L7
  68 0034 1A68     		ldr	r2, [r3]
  69 0036 42F00102 		orr	r2, r2, #1
  70 003a 1A60     		str	r2, [r3]
  71 003c FFF7FEFF 		bl	HAL_GetTick
  72 0040 0546     		mov	r5, r0
  73 0042 04E0     		b	.L8
  74              	.L9:
  75 0044 FFF7FEFF 		bl	HAL_GetTick
  76 0048 401B     		subs	r0, r0, r5
  77 004a 0A28     		cmp	r0, #10
  78 004c 4BD8     		bhi	.L29
  79              	.L8:
  80 004e 2368     		ldr	r3, [r4]
  81 0050 5A68     		ldr	r2, [r3, #4]
  82 0052 D207     		lsls	r2, r2, #31
  83 0054 F6D5     		bpl	.L9
  84 0056 227E     		ldrb	r2, [r4, #24]	@ zero_extendqisi2
  85 0058 012A     		cmp	r2, #1
  86 005a 1A68     		ldr	r2, [r3]
  87 005c 0CBF     		ite	eq
  88 005e 42F08002 		orreq	r2, r2, #128
  89 0062 22F08002 		bicne	r2, r2, #128
  90 0066 1A60     		str	r2, [r3]
  91 0068 627E     		ldrb	r2, [r4, #25]	@ zero_extendqisi2
  92 006a 012A     		cmp	r2, #1
  93 006c 1A68     		ldr	r2, [r3]
  94 006e 0CBF     		ite	eq
  95 0070 42F04002 		orreq	r2, r2, #64
  96 0074 22F04002 		bicne	r2, r2, #64
  97 0078 1A60     		str	r2, [r3]
  98 007a A27E     		ldrb	r2, [r4, #26]	@ zero_extendqisi2
  99 007c 012A     		cmp	r2, #1
 100 007e 1A68     		ldr	r2, [r3]
 101 0080 0CBF     		ite	eq
 102 0082 42F02002 		orreq	r2, r2, #32
 103 0086 22F02002 		bicne	r2, r2, #32
 104 008a 1A60     		str	r2, [r3]
 105 008c E27E     		ldrb	r2, [r4, #27]	@ zero_extendqisi2
 106 008e 012A     		cmp	r2, #1
 107 0090 1A68     		ldr	r2, [r3]
 108 0092 0CBF     		ite	eq
 109 0094 22F01002 		biceq	r2, r2, #16
 110 0098 42F01002 		orrne	r2, r2, #16
 111 009c 1A60     		str	r2, [r3]
 112 009e 227F     		ldrb	r2, [r4, #28]	@ zero_extendqisi2
 113 00a0 012A     		cmp	r2, #1
 114 00a2 1A68     		ldr	r2, [r3]
 115 00a4 0CBF     		ite	eq
 116 00a6 42F00802 		orreq	r2, r2, #8
 117 00aa 22F00802 		bicne	r2, r2, #8
ARM GAS  D:\Programs\cygwin64\tmp\ccZtjaIK.s 			page 3


 118 00ae 1A60     		str	r2, [r3]
 119 00b0 627F     		ldrb	r2, [r4, #29]	@ zero_extendqisi2
 120 00b2 012A     		cmp	r2, #1
 121 00b4 1A68     		ldr	r2, [r3]
 122 00b6 0CBF     		ite	eq
 123 00b8 42F00402 		orreq	r2, r2, #4
 124 00bc 22F00402 		bicne	r2, r2, #4
 125 00c0 1A60     		str	r2, [r3]
 126 00c2 D4E90221 		ldrd	r2, r1, [r4, #8]
 127 00c6 D4E90450 		ldrd	r5, r0, [r4, #16]
 128 00ca 0A43     		orrs	r2, r2, r1
 129 00cc 6168     		ldr	r1, [r4, #4]
 130 00ce 2A43     		orrs	r2, r2, r5
 131 00d0 0243     		orrs	r2, r2, r0
 132 00d2 0139     		subs	r1, r1, #1
 133 00d4 0A43     		orrs	r2, r2, r1
 134 00d6 0125     		movs	r5, #1
 135 00d8 0021     		movs	r1, #0
 136 00da DA61     		str	r2, [r3, #28]
 137 00dc 0846     		mov	r0, r1
 138 00de 6162     		str	r1, [r4, #36]
 139 00e0 84F82050 		strb	r5, [r4, #32]
 140 00e4 38BD     		pop	{r3, r4, r5, pc}
 141              	.L29:
 142 00e6 636A     		ldr	r3, [r4, #36]
 143 00e8 0522     		movs	r2, #5
 144 00ea 43F40033 		orr	r3, r3, #131072
 145 00ee 6362     		str	r3, [r4, #36]
 146 00f0 0120     		movs	r0, #1
 147 00f2 84F82020 		strb	r2, [r4, #32]
 148 00f6 38BD     		pop	{r3, r4, r5, pc}
 149              	.L30:
 150 00f8 FFF7FEFF 		bl	HAL_CAN_MspInit
 151 00fc 88E7     		b	.L5
 152              	.L22:
 153 00fe 0120     		movs	r0, #1
 154 0100 7047     		bx	lr
 156 0102 00BF     		.section	.text.HAL_CAN_MspDeInit,"ax",%progbits
 157              		.align	1
 158              		.p2align 2,,3
 159              		.weak	HAL_CAN_MspDeInit
 160              		.syntax unified
 161              		.thumb
 162              		.thumb_func
 163              		.fpu fpv4-sp-d16
 165              	HAL_CAN_MspDeInit:
 166              		@ args = 0, pretend = 0, frame = 0
 167              		@ frame_needed = 0, uses_anonymous_args = 0
 168              		@ link register save eliminated.
 169 0000 7047     		bx	lr
 171 0002 00BF     		.section	.text.HAL_CAN_DeInit,"ax",%progbits
 172              		.align	1
 173              		.p2align 2,,3
 174              		.global	HAL_CAN_DeInit
 175              		.syntax unified
 176              		.thumb
 177              		.thumb_func
ARM GAS  D:\Programs\cygwin64\tmp\ccZtjaIK.s 			page 4


 178              		.fpu fpv4-sp-d16
 180              	HAL_CAN_DeInit:
 181              		@ args = 0, pretend = 0, frame = 0
 182              		@ frame_needed = 0, uses_anonymous_args = 0
 183 0000 88B3     		cbz	r0, .L38
 184 0002 38B5     		push	{r3, r4, r5, lr}
 185 0004 90F82030 		ldrb	r3, [r0, #32]	@ zero_extendqisi2
 186 0008 022B     		cmp	r3, #2
 187 000a 0446     		mov	r4, r0
 188 000c 11D0     		beq	.L44
 189 000e 436A     		ldr	r3, [r0, #36]
 190 0010 43F48013 		orr	r3, r3, #1048576
 191 0014 4362     		str	r3, [r0, #36]
 192              	.L36:
 193 0016 2046     		mov	r0, r4
 194 0018 FFF7FEFF 		bl	HAL_CAN_MspDeInit
 195 001c 2168     		ldr	r1, [r4]
 196 001e 0A68     		ldr	r2, [r1]
 197 0020 0023     		movs	r3, #0
 198 0022 42F40042 		orr	r2, r2, #32768
 199 0026 0A60     		str	r2, [r1]
 200 0028 1846     		mov	r0, r3
 201 002a 6362     		str	r3, [r4, #36]
 202 002c 84F82030 		strb	r3, [r4, #32]
 203 0030 38BD     		pop	{r3, r4, r5, pc}
 204              	.L44:
 205 0032 0268     		ldr	r2, [r0]
 206 0034 1368     		ldr	r3, [r2]
 207 0036 43F00103 		orr	r3, r3, #1
 208 003a 1360     		str	r3, [r2]
 209 003c FFF7FEFF 		bl	HAL_GetTick
 210 0040 0546     		mov	r5, r0
 211 0042 04E0     		b	.L35
 212              	.L37:
 213 0044 FFF7FEFF 		bl	HAL_GetTick
 214 0048 401B     		subs	r0, r0, r5
 215 004a 0A28     		cmp	r0, #10
 216 004c 0DD8     		bhi	.L45
 217              	.L35:
 218 004e 2368     		ldr	r3, [r4]
 219 0050 5A68     		ldr	r2, [r3, #4]
 220 0052 D207     		lsls	r2, r2, #31
 221 0054 F6D5     		bpl	.L37
 222 0056 1A68     		ldr	r2, [r3]
 223 0058 0121     		movs	r1, #1
 224 005a 22F00202 		bic	r2, r2, #2
 225 005e 1A60     		str	r2, [r3]
 226 0060 84F82010 		strb	r1, [r4, #32]
 227 0064 D7E7     		b	.L36
 228              	.L38:
 229 0066 0120     		movs	r0, #1
 230 0068 7047     		bx	lr
 231              	.L45:
 232 006a 636A     		ldr	r3, [r4, #36]
 233 006c 0522     		movs	r2, #5
 234 006e 43F40033 		orr	r3, r3, #131072
 235 0072 6362     		str	r3, [r4, #36]
ARM GAS  D:\Programs\cygwin64\tmp\ccZtjaIK.s 			page 5


 236 0074 84F82020 		strb	r2, [r4, #32]
 237 0078 CDE7     		b	.L36
 239 007a 00BF     		.section	.text.HAL_CAN_ConfigFilter,"ax",%progbits
 240              		.align	1
 241              		.p2align 2,,3
 242              		.global	HAL_CAN_ConfigFilter
 243              		.syntax unified
 244              		.thumb
 245              		.thumb_func
 246              		.fpu fpv4-sp-d16
 248              	HAL_CAN_ConfigFilter:
 249              		@ args = 0, pretend = 0, frame = 0
 250              		@ frame_needed = 0, uses_anonymous_args = 0
 251              		@ link register save eliminated.
 252 0000 90F82030 		ldrb	r3, [r0, #32]	@ zero_extendqisi2
 253 0004 013B     		subs	r3, r3, #1
 254 0006 012B     		cmp	r3, #1
 255 0008 05D9     		bls	.L61
 256 000a 436A     		ldr	r3, [r0, #36]
 257 000c 43F48023 		orr	r3, r3, #262144
 258 0010 4362     		str	r3, [r0, #36]
 259 0012 0120     		movs	r0, #1
 260 0014 7047     		bx	lr
 261              	.L61:
 262 0016 3C4B     		ldr	r3, .L62
 263 0018 D3F80022 		ldr	r2, [r3, #512]
 264 001c 42F00102 		orr	r2, r2, #1
 265 0020 F0B4     		push	{r4, r5, r6, r7}
 266 0022 C3F80022 		str	r2, [r3, #512]
 267 0026 D3F80022 		ldr	r2, [r3, #512]
 268 002a 22F47C52 		bic	r2, r2, #16128
 269 002e C3F80022 		str	r2, [r3, #512]
 270 0032 D3F80022 		ldr	r2, [r3, #512]
 271 0036 486A     		ldr	r0, [r1, #36]
 272 0038 42EA0022 		orr	r2, r2, r0, lsl #8
 273 003c C3F80022 		str	r2, [r3, #512]
 274 0040 4A69     		ldr	r2, [r1, #20]
 275 0042 D3F81C52 		ldr	r5, [r3, #540]
 276 0046 0124     		movs	r4, #1
 277 0048 02F01F00 		and	r0, r2, #31
 278 004c 04FA00F0 		lsl	r0, r4, r0
 279 0050 C443     		mvns	r4, r0
 280 0052 2540     		ands	r5, r5, r4
 281 0054 C3F81C52 		str	r5, [r3, #540]
 282 0058 CD69     		ldr	r5, [r1, #28]
 283 005a 002D     		cmp	r5, #0
 284 005c 45D1     		bne	.L48
 285 005e D3F80C52 		ldr	r5, [r3, #524]
 286 0062 2540     		ands	r5, r5, r4
 287 0064 C3F80C52 		str	r5, [r3, #524]
 288 0068 D200     		lsls	r2, r2, #3
 289 006a CF68     		ldr	r7, [r1, #12]
 290 006c 8D88     		ldrh	r5, [r1, #4]
 291 006e 8E68     		ldr	r6, [r1, #8]
 292 0070 0B88     		ldrh	r3, [r1]
 293 0072 02F18042 		add	r2, r2, #1073741824
 294              	.L60:
ARM GAS  D:\Programs\cygwin64\tmp\ccZtjaIK.s 			page 6


 295 0076 02F5C842 		add	r2, r2, #25600
 296 007a 45EA0745 		orr	r5, r5, r7, lsl #16
 297 007e 43EA0643 		orr	r3, r3, r6, lsl #16
 298 0082 C2F84052 		str	r5, [r2, #576]
 299 0086 C2F84432 		str	r3, [r2, #580]
 300              	.L49:
 301 008a 8B69     		ldr	r3, [r1, #24]
 302 008c 1E4A     		ldr	r2, .L62
 303 008e 33BB     		cbnz	r3, .L50
 304 0090 D2F80432 		ldr	r3, [r2, #516]
 305 0094 2340     		ands	r3, r3, r4
 306 0096 C2F80432 		str	r3, [r2, #516]
 307              	.L51:
 308 009a 0B69     		ldr	r3, [r1, #16]
 309 009c C3B9     		cbnz	r3, .L52
 310 009e 1A4B     		ldr	r3, .L62
 311 00a0 D3F81422 		ldr	r2, [r3, #532]
 312 00a4 1440     		ands	r4, r4, r2
 313 00a6 C3F81442 		str	r4, [r3, #532]
 314              	.L53:
 315 00aa 0B6A     		ldr	r3, [r1, #32]
 316 00ac 012B     		cmp	r3, #1
 317 00ae 05D1     		bne	.L54
 318 00b0 154A     		ldr	r2, .L62
 319 00b2 D2F81C32 		ldr	r3, [r2, #540]
 320 00b6 1843     		orrs	r0, r0, r3
 321 00b8 C2F81C02 		str	r0, [r2, #540]
 322              	.L54:
 323 00bc 124A     		ldr	r2, .L62
 324 00be D2F80032 		ldr	r3, [r2, #512]
 325 00c2 23F00103 		bic	r3, r3, #1
 326 00c6 0020     		movs	r0, #0
 327 00c8 C2F80032 		str	r3, [r2, #512]
 328 00cc F0BC     		pop	{r4, r5, r6, r7}
 329 00ce 7047     		bx	lr
 330              	.L52:
 331 00d0 0D4A     		ldr	r2, .L62
 332 00d2 D2F81432 		ldr	r3, [r2, #532]
 333 00d6 0343     		orrs	r3, r3, r0
 334 00d8 C2F81432 		str	r3, [r2, #532]
 335 00dc E5E7     		b	.L53
 336              	.L50:
 337 00de D2F80432 		ldr	r3, [r2, #516]
 338 00e2 0343     		orrs	r3, r3, r0
 339 00e4 C2F80432 		str	r3, [r2, #516]
 340 00e8 D7E7     		b	.L51
 341              	.L48:
 342 00ea 012D     		cmp	r5, #1
 343 00ec CDD1     		bne	.L49
 344 00ee D3F80C52 		ldr	r5, [r3, #524]
 345 00f2 0543     		orrs	r5, r5, r0
 346 00f4 C3F80C52 		str	r5, [r3, #524]
 347 00f8 D200     		lsls	r2, r2, #3
 348 00fa 02F18042 		add	r2, r2, #1073741824
 349 00fe 0F68     		ldr	r7, [r1]
 350 0100 8D88     		ldrh	r5, [r1, #4]
 351 0102 8E68     		ldr	r6, [r1, #8]
ARM GAS  D:\Programs\cygwin64\tmp\ccZtjaIK.s 			page 7


 352 0104 8B89     		ldrh	r3, [r1, #12]
 353 0106 B6E7     		b	.L60
 354              	.L63:
 355              		.align	2
 356              	.L62:
 357 0108 00640040 		.word	1073767424
 359              		.section	.text.HAL_CAN_Start,"ax",%progbits
 360              		.align	1
 361              		.p2align 2,,3
 362              		.global	HAL_CAN_Start
 363              		.syntax unified
 364              		.thumb
 365              		.thumb_func
 366              		.fpu fpv4-sp-d16
 368              	HAL_CAN_Start:
 369              		@ args = 0, pretend = 0, frame = 0
 370              		@ frame_needed = 0, uses_anonymous_args = 0
 371 0000 38B5     		push	{r3, r4, r5, lr}
 372 0002 90F82030 		ldrb	r3, [r0, #32]	@ zero_extendqisi2
 373 0006 012B     		cmp	r3, #1
 374 0008 05D0     		beq	.L71
 375 000a 436A     		ldr	r3, [r0, #36]
 376 000c 43F40023 		orr	r3, r3, #524288
 377 0010 4362     		str	r3, [r0, #36]
 378 0012 0120     		movs	r0, #1
 379 0014 38BD     		pop	{r3, r4, r5, pc}
 380              	.L71:
 381 0016 0268     		ldr	r2, [r0]
 382 0018 0223     		movs	r3, #2
 383 001a 80F82030 		strb	r3, [r0, #32]
 384 001e 1368     		ldr	r3, [r2]
 385 0020 23F00103 		bic	r3, r3, #1
 386 0024 1360     		str	r3, [r2]
 387 0026 0446     		mov	r4, r0
 388 0028 FFF7FEFF 		bl	HAL_GetTick
 389 002c 0546     		mov	r5, r0
 390 002e 04E0     		b	.L66
 391              	.L68:
 392 0030 FFF7FEFF 		bl	HAL_GetTick
 393 0034 401B     		subs	r0, r0, r5
 394 0036 0A28     		cmp	r0, #10
 395 0038 07D8     		bhi	.L72
 396              	.L66:
 397 003a 2368     		ldr	r3, [r4]
 398 003c 5B68     		ldr	r3, [r3, #4]
 399 003e 13F00103 		ands	r3, r3, #1
 400 0042 F5D1     		bne	.L68
 401 0044 6362     		str	r3, [r4, #36]
 402 0046 1846     		mov	r0, r3
 403 0048 38BD     		pop	{r3, r4, r5, pc}
 404              	.L72:
 405 004a 636A     		ldr	r3, [r4, #36]
 406 004c 0522     		movs	r2, #5
 407 004e 43F40033 		orr	r3, r3, #131072
 408 0052 6362     		str	r3, [r4, #36]
 409 0054 0120     		movs	r0, #1
 410 0056 84F82020 		strb	r2, [r4, #32]
ARM GAS  D:\Programs\cygwin64\tmp\ccZtjaIK.s 			page 8


 411 005a 38BD     		pop	{r3, r4, r5, pc}
 413              		.section	.text.HAL_CAN_Stop,"ax",%progbits
 414              		.align	1
 415              		.p2align 2,,3
 416              		.global	HAL_CAN_Stop
 417              		.syntax unified
 418              		.thumb
 419              		.thumb_func
 420              		.fpu fpv4-sp-d16
 422              	HAL_CAN_Stop:
 423              		@ args = 0, pretend = 0, frame = 0
 424              		@ frame_needed = 0, uses_anonymous_args = 0
 425 0000 38B5     		push	{r3, r4, r5, lr}
 426 0002 90F82030 		ldrb	r3, [r0, #32]	@ zero_extendqisi2
 427 0006 022B     		cmp	r3, #2
 428 0008 05D0     		beq	.L80
 429 000a 436A     		ldr	r3, [r0, #36]
 430 000c 43F48013 		orr	r3, r3, #1048576
 431 0010 4362     		str	r3, [r0, #36]
 432 0012 0120     		movs	r0, #1
 433 0014 38BD     		pop	{r3, r4, r5, pc}
 434              	.L80:
 435 0016 0268     		ldr	r2, [r0]
 436 0018 1368     		ldr	r3, [r2]
 437 001a 43F00103 		orr	r3, r3, #1
 438 001e 1360     		str	r3, [r2]
 439 0020 0446     		mov	r4, r0
 440 0022 FFF7FEFF 		bl	HAL_GetTick
 441 0026 0546     		mov	r5, r0
 442 0028 04E0     		b	.L75
 443              	.L77:
 444 002a FFF7FEFF 		bl	HAL_GetTick
 445 002e 401B     		subs	r0, r0, r5
 446 0030 0A28     		cmp	r0, #10
 447 0032 0CD8     		bhi	.L81
 448              	.L75:
 449 0034 2368     		ldr	r3, [r4]
 450 0036 5A68     		ldr	r2, [r3, #4]
 451 0038 D207     		lsls	r2, r2, #31
 452 003a F6D5     		bpl	.L77
 453 003c 1A68     		ldr	r2, [r3]
 454 003e 0121     		movs	r1, #1
 455 0040 22F00202 		bic	r2, r2, #2
 456 0044 1A60     		str	r2, [r3]
 457 0046 0020     		movs	r0, #0
 458 0048 84F82010 		strb	r1, [r4, #32]
 459 004c 38BD     		pop	{r3, r4, r5, pc}
 460              	.L81:
 461 004e 636A     		ldr	r3, [r4, #36]
 462 0050 0522     		movs	r2, #5
 463 0052 43F40033 		orr	r3, r3, #131072
 464 0056 6362     		str	r3, [r4, #36]
 465 0058 0120     		movs	r0, #1
 466 005a 84F82020 		strb	r2, [r4, #32]
 467 005e 38BD     		pop	{r3, r4, r5, pc}
 469              		.section	.text.HAL_CAN_RequestSleep,"ax",%progbits
 470              		.align	1
ARM GAS  D:\Programs\cygwin64\tmp\ccZtjaIK.s 			page 9


 471              		.p2align 2,,3
 472              		.global	HAL_CAN_RequestSleep
 473              		.syntax unified
 474              		.thumb
 475              		.thumb_func
 476              		.fpu fpv4-sp-d16
 478              	HAL_CAN_RequestSleep:
 479              		@ args = 0, pretend = 0, frame = 0
 480              		@ frame_needed = 0, uses_anonymous_args = 0
 481              		@ link register save eliminated.
 482 0000 90F82030 		ldrb	r3, [r0, #32]	@ zero_extendqisi2
 483 0004 013B     		subs	r3, r3, #1
 484 0006 012B     		cmp	r3, #1
 485 0008 05D9     		bls	.L85
 486 000a 436A     		ldr	r3, [r0, #36]
 487 000c 43F48023 		orr	r3, r3, #262144
 488 0010 4362     		str	r3, [r0, #36]
 489 0012 0120     		movs	r0, #1
 490 0014 7047     		bx	lr
 491              	.L85:
 492 0016 0268     		ldr	r2, [r0]
 493 0018 1368     		ldr	r3, [r2]
 494 001a 43F00203 		orr	r3, r3, #2
 495 001e 1360     		str	r3, [r2]
 496 0020 0020     		movs	r0, #0
 497 0022 7047     		bx	lr
 499              		.section	.text.HAL_CAN_WakeUp,"ax",%progbits
 500              		.align	1
 501              		.p2align 2,,3
 502              		.global	HAL_CAN_WakeUp
 503              		.syntax unified
 504              		.thumb
 505              		.thumb_func
 506              		.fpu fpv4-sp-d16
 508              	HAL_CAN_WakeUp:
 509              		@ args = 0, pretend = 0, frame = 8
 510              		@ frame_needed = 0, uses_anonymous_args = 0
 511              		@ link register save eliminated.
 512 0000 82B0     		sub	sp, sp, #8
 513 0002 0023     		movs	r3, #0
 514 0004 0193     		str	r3, [sp, #4]
 515 0006 90F82030 		ldrb	r3, [r0, #32]	@ zero_extendqisi2
 516 000a 013B     		subs	r3, r3, #1
 517 000c 012B     		cmp	r3, #1
 518 000e 17D8     		bhi	.L87
 519 0010 0268     		ldr	r2, [r0]
 520 0012 1049     		ldr	r1, .L94
 521 0014 1368     		ldr	r3, [r2]
 522 0016 23F00203 		bic	r3, r3, #2
 523 001a 1360     		str	r3, [r2]
 524 001c 03E0     		b	.L90
 525              	.L88:
 526 001e 5368     		ldr	r3, [r2, #4]
 527 0020 13F00203 		ands	r3, r3, #2
 528 0024 13D0     		beq	.L93
 529              	.L90:
 530 0026 019B     		ldr	r3, [sp, #4]
ARM GAS  D:\Programs\cygwin64\tmp\ccZtjaIK.s 			page 10


 531 0028 0133     		adds	r3, r3, #1
 532 002a 0193     		str	r3, [sp, #4]
 533 002c 019B     		ldr	r3, [sp, #4]
 534 002e 8B42     		cmp	r3, r1
 535 0030 F5D9     		bls	.L88
 536 0032 436A     		ldr	r3, [r0, #36]
 537 0034 43F40033 		orr	r3, r3, #131072
 538 0038 4362     		str	r3, [r0, #36]
 539 003a 0120     		movs	r0, #1
 540 003c 02B0     		add	sp, sp, #8
 541              		@ sp needed
 542 003e 7047     		bx	lr
 543              	.L87:
 544 0040 436A     		ldr	r3, [r0, #36]
 545 0042 43F48023 		orr	r3, r3, #262144
 546 0046 4362     		str	r3, [r0, #36]
 547 0048 0120     		movs	r0, #1
 548 004a 02B0     		add	sp, sp, #8
 549              		@ sp needed
 550 004c 7047     		bx	lr
 551              	.L93:
 552 004e 1846     		mov	r0, r3
 553 0050 02B0     		add	sp, sp, #8
 554              		@ sp needed
 555 0052 7047     		bx	lr
 556              	.L95:
 557              		.align	2
 558              	.L94:
 559 0054 40420F00 		.word	1000000
 561              		.section	.text.HAL_CAN_IsSleepActive,"ax",%progbits
 562              		.align	1
 563              		.p2align 2,,3
 564              		.global	HAL_CAN_IsSleepActive
 565              		.syntax unified
 566              		.thumb
 567              		.thumb_func
 568              		.fpu fpv4-sp-d16
 570              	HAL_CAN_IsSleepActive:
 571              		@ args = 0, pretend = 0, frame = 0
 572              		@ frame_needed = 0, uses_anonymous_args = 0
 573              		@ link register save eliminated.
 574 0000 90F82030 		ldrb	r3, [r0, #32]	@ zero_extendqisi2
 575 0004 013B     		subs	r3, r3, #1
 576 0006 012B     		cmp	r3, #1
 577 0008 9DBF     		ittte	ls
 578 000a 0368     		ldrls	r3, [r0]
 579 000c 5868     		ldrls	r0, [r3, #4]
 580 000e C0F34000 		ubfxls	r0, r0, #1, #1
 581 0012 0020     		movhi	r0, #0
 582 0014 7047     		bx	lr
 584 0016 00BF     		.section	.text.HAL_CAN_AddTxMessage,"ax",%progbits
 585              		.align	1
 586              		.p2align 2,,3
 587              		.global	HAL_CAN_AddTxMessage
 588              		.syntax unified
 589              		.thumb
 590              		.thumb_func
ARM GAS  D:\Programs\cygwin64\tmp\ccZtjaIK.s 			page 11


 591              		.fpu fpv4-sp-d16
 593              	HAL_CAN_AddTxMessage:
 594              		@ args = 0, pretend = 0, frame = 0
 595              		@ frame_needed = 0, uses_anonymous_args = 0
 596              		@ link register save eliminated.
 597 0000 70B4     		push	{r4, r5, r6}
 598 0002 90F82040 		ldrb	r4, [r0, #32]	@ zero_extendqisi2
 599 0006 0668     		ldr	r6, [r0]
 600 0008 013C     		subs	r4, r4, #1
 601 000a 012C     		cmp	r4, #1
 602 000c B568     		ldr	r5, [r6, #8]
 603 000e 32D8     		bhi	.L100
 604 0010 15F0E05F 		tst	r5, #469762048
 605 0014 36D0     		beq	.L101
 606 0016 C5F30165 		ubfx	r5, r5, #24, #2
 607 001a 032D     		cmp	r5, #3
 608 001c 39D0     		beq	.L108
 609 001e 0120     		movs	r0, #1
 610 0020 A840     		lsls	r0, r0, r5
 611 0022 1860     		str	r0, [r3]
 612 0024 8B68     		ldr	r3, [r1, #8]
 613 0026 002B     		cmp	r3, #0
 614 0028 3AD1     		bne	.L104
 615 002a 0C68     		ldr	r4, [r1]
 616 002c C868     		ldr	r0, [r1, #12]
 617 002e 05F11803 		add	r3, r5, #24
 618 0032 1B01     		lsls	r3, r3, #4
 619 0034 40EA4450 		orr	r0, r0, r4, lsl #21
 620 0038 F050     		str	r0, [r6, r3]
 621              	.L105:
 622 003a 0B7D     		ldrb	r3, [r1, #20]	@ zero_extendqisi2
 623 003c 0969     		ldr	r1, [r1, #16]
 624 003e 2D01     		lsls	r5, r5, #4
 625 0040 7019     		adds	r0, r6, r5
 626 0042 012B     		cmp	r3, #1
 627 0044 C0F88411 		str	r1, [r0, #388]
 628 0048 05D1     		bne	.L106
 629 004a D0F88431 		ldr	r3, [r0, #388]
 630 004e 43F48073 		orr	r3, r3, #256
 631 0052 C0F88431 		str	r3, [r0, #388]
 632              	.L106:
 633 0056 7319     		adds	r3, r6, r5
 634 0058 5168     		ldr	r1, [r2, #4]	@ unaligned
 635 005a C3F88C11 		str	r1, [r3, #396]
 636 005e 1268     		ldr	r2, [r2]	@ unaligned
 637 0060 C3F88821 		str	r2, [r3, #392]
 638 0064 D0F88031 		ldr	r3, [r0, #384]
 639 0068 43F00103 		orr	r3, r3, #1
 640 006c C0F88031 		str	r3, [r0, #384]
 641 0070 70BC     		pop	{r4, r5, r6}
 642 0072 0020     		movs	r0, #0
 643 0074 7047     		bx	lr
 644              	.L100:
 645 0076 436A     		ldr	r3, [r0, #36]
 646 0078 43F48023 		orr	r3, r3, #262144
 647 007c 4362     		str	r3, [r0, #36]
 648 007e 70BC     		pop	{r4, r5, r6}
ARM GAS  D:\Programs\cygwin64\tmp\ccZtjaIK.s 			page 12


 649 0080 0120     		movs	r0, #1
 650 0082 7047     		bx	lr
 651              	.L101:
 652 0084 436A     		ldr	r3, [r0, #36]
 653 0086 43F40013 		orr	r3, r3, #2097152
 654 008a 4362     		str	r3, [r0, #36]
 655 008c 70BC     		pop	{r4, r5, r6}
 656 008e 0120     		movs	r0, #1
 657 0090 7047     		bx	lr
 658              	.L108:
 659 0092 436A     		ldr	r3, [r0, #36]
 660 0094 43F40003 		orr	r3, r3, #8388608
 661 0098 4362     		str	r3, [r0, #36]
 662 009a 70BC     		pop	{r4, r5, r6}
 663 009c 0120     		movs	r0, #1
 664 009e 7047     		bx	lr
 665              	.L104:
 666 00a0 C868     		ldr	r0, [r1, #12]
 667 00a2 4C68     		ldr	r4, [r1, #4]
 668 00a4 0343     		orrs	r3, r3, r0
 669 00a6 05F11800 		add	r0, r5, #24
 670 00aa 0001     		lsls	r0, r0, #4
 671 00ac 43EAC403 		orr	r3, r3, r4, lsl #3
 672 00b0 3350     		str	r3, [r6, r0]
 673 00b2 C2E7     		b	.L105
 675              		.section	.text.HAL_CAN_AbortTxRequest,"ax",%progbits
 676              		.align	1
 677              		.p2align 2,,3
 678              		.global	HAL_CAN_AbortTxRequest
 679              		.syntax unified
 680              		.thumb
 681              		.thumb_func
 682              		.fpu fpv4-sp-d16
 684              	HAL_CAN_AbortTxRequest:
 685              		@ args = 0, pretend = 0, frame = 0
 686              		@ frame_needed = 0, uses_anonymous_args = 0
 687              		@ link register save eliminated.
 688 0000 90F82030 		ldrb	r3, [r0, #32]	@ zero_extendqisi2
 689 0004 013B     		subs	r3, r3, #1
 690 0006 012B     		cmp	r3, #1
 691 0008 05D9     		bls	.L122
 692 000a 436A     		ldr	r3, [r0, #36]
 693 000c 43F48023 		orr	r3, r3, #262144
 694 0010 4362     		str	r3, [r0, #36]
 695 0012 0120     		movs	r0, #1
 696 0014 7047     		bx	lr
 697              	.L122:
 698 0016 CA07     		lsls	r2, r1, #31
 699 0018 04D5     		bpl	.L111
 700 001a 0268     		ldr	r2, [r0]
 701 001c 9368     		ldr	r3, [r2, #8]
 702 001e 43F08003 		orr	r3, r3, #128
 703 0022 9360     		str	r3, [r2, #8]
 704              	.L111:
 705 0024 8B07     		lsls	r3, r1, #30
 706 0026 04D5     		bpl	.L112
 707 0028 0268     		ldr	r2, [r0]
ARM GAS  D:\Programs\cygwin64\tmp\ccZtjaIK.s 			page 13


 708 002a 9368     		ldr	r3, [r2, #8]
 709 002c 43F40043 		orr	r3, r3, #32768
 710 0030 9360     		str	r3, [r2, #8]
 711              	.L112:
 712 0032 11F00401 		ands	r1, r1, #4
 713 0036 04D0     		beq	.L121
 714 0038 0268     		ldr	r2, [r0]
 715 003a 9368     		ldr	r3, [r2, #8]
 716 003c 43F40003 		orr	r3, r3, #8388608
 717 0040 9360     		str	r3, [r2, #8]
 718              	.L121:
 719 0042 0020     		movs	r0, #0
 720 0044 7047     		bx	lr
 722 0046 00BF     		.section	.text.HAL_CAN_GetTxMailboxesFreeLevel,"ax",%progbits
 723              		.align	1
 724              		.p2align 2,,3
 725              		.global	HAL_CAN_GetTxMailboxesFreeLevel
 726              		.syntax unified
 727              		.thumb
 728              		.thumb_func
 729              		.fpu fpv4-sp-d16
 731              	HAL_CAN_GetTxMailboxesFreeLevel:
 732              		@ args = 0, pretend = 0, frame = 0
 733              		@ frame_needed = 0, uses_anonymous_args = 0
 734              		@ link register save eliminated.
 735 0000 90F82030 		ldrb	r3, [r0, #32]	@ zero_extendqisi2
 736 0004 013B     		subs	r3, r3, #1
 737 0006 012B     		cmp	r3, #1
 738 0008 01D9     		bls	.L133
 739 000a 0020     		movs	r0, #0
 740              	.L123:
 741 000c 7047     		bx	lr
 742              	.L133:
 743 000e 0368     		ldr	r3, [r0]
 744 0010 9868     		ldr	r0, [r3, #8]
 745 0012 9A68     		ldr	r2, [r3, #8]
 746 0014 9B68     		ldr	r3, [r3, #8]
 747 0016 1201     		lsls	r2, r2, #4
 748 0018 C0F38060 		ubfx	r0, r0, #26, #1
 749 001c 48BF     		it	mi
 750 001e 0130     		addmi	r0, r0, #1
 751 0020 DB00     		lsls	r3, r3, #3
 752 0022 F3D5     		bpl	.L123
 753 0024 0130     		adds	r0, r0, #1
 754 0026 7047     		bx	lr
 756              		.section	.text.HAL_CAN_IsTxMessagePending,"ax",%progbits
 757              		.align	1
 758              		.p2align 2,,3
 759              		.global	HAL_CAN_IsTxMessagePending
 760              		.syntax unified
 761              		.thumb
 762              		.thumb_func
 763              		.fpu fpv4-sp-d16
 765              	HAL_CAN_IsTxMessagePending:
 766              		@ args = 0, pretend = 0, frame = 0
 767              		@ frame_needed = 0, uses_anonymous_args = 0
 768              		@ link register save eliminated.
ARM GAS  D:\Programs\cygwin64\tmp\ccZtjaIK.s 			page 14


 769 0000 90F82030 		ldrb	r3, [r0, #32]	@ zero_extendqisi2
 770 0004 013B     		subs	r3, r3, #1
 771 0006 012B     		cmp	r3, #1
 772 0008 01D9     		bls	.L137
 773 000a 0020     		movs	r0, #0
 774 000c 7047     		bx	lr
 775              	.L137:
 776 000e 0368     		ldr	r3, [r0]
 777 0010 9B68     		ldr	r3, [r3, #8]
 778 0012 8906     		lsls	r1, r1, #26
 779 0014 31EA0303 		bics	r3, r1, r3
 780 0018 14BF     		ite	ne
 781 001a 0120     		movne	r0, #1
 782 001c 0020     		moveq	r0, #0
 783 001e 7047     		bx	lr
 785              		.section	.text.HAL_CAN_GetTxTimestamp,"ax",%progbits
 786              		.align	1
 787              		.p2align 2,,3
 788              		.global	HAL_CAN_GetTxTimestamp
 789              		.syntax unified
 790              		.thumb
 791              		.thumb_func
 792              		.fpu fpv4-sp-d16
 794              	HAL_CAN_GetTxTimestamp:
 795              		@ args = 0, pretend = 0, frame = 0
 796              		@ frame_needed = 0, uses_anonymous_args = 0
 797              		@ link register save eliminated.
 798 0000 90F82030 		ldrb	r3, [r0, #32]	@ zero_extendqisi2
 799 0004 013B     		subs	r3, r3, #1
 800 0006 012B     		cmp	r3, #1
 801 0008 01D9     		bls	.L141
 802 000a 0020     		movs	r0, #0
 803 000c 7047     		bx	lr
 804              	.L141:
 805              		.syntax unified
 806              	@ 988 "../Drivers/CMSIS/Include/cmsis_gcc.h" 1
 807 000e 91FAA1F1 		rbit r1, r1
 808              	@ 0 "" 2
 809              		.thumb
 810              		.syntax unified
 811 0012 0368     		ldr	r3, [r0]
 812 0014 B1FA81F1 		clz	r1, r1
 813 0018 1831     		adds	r1, r1, #24
 814 001a 03EB0111 		add	r1, r3, r1, lsl #4
 815 001e 4868     		ldr	r0, [r1, #4]
 816 0020 000C     		lsrs	r0, r0, #16
 817 0022 7047     		bx	lr
 819              		.section	.text.HAL_CAN_GetRxMessage,"ax",%progbits
 820              		.align	1
 821              		.p2align 2,,3
 822              		.global	HAL_CAN_GetRxMessage
 823              		.syntax unified
 824              		.thumb
 825              		.thumb_func
 826              		.fpu fpv4-sp-d16
 828              	HAL_CAN_GetRxMessage:
 829              		@ args = 0, pretend = 0, frame = 0
ARM GAS  D:\Programs\cygwin64\tmp\ccZtjaIK.s 			page 15


 830              		@ frame_needed = 0, uses_anonymous_args = 0
 831 0000 2DE9F041 		push	{r4, r5, r6, r7, r8, lr}
 832 0004 90F82040 		ldrb	r4, [r0, #32]	@ zero_extendqisi2
 833 0008 013C     		subs	r4, r4, #1
 834 000a 012C     		cmp	r4, #1
 835 000c 65D8     		bhi	.L143
 836 000e 0568     		ldr	r5, [r0]
 837 0010 49B9     		cbnz	r1, .L144
 838 0012 EC68     		ldr	r4, [r5, #12]
 839 0014 A607     		lsls	r6, r4, #30
 840 0016 09D1     		bne	.L145
 841              	.L151:
 842 0018 436A     		ldr	r3, [r0, #36]
 843 001a 43F40013 		orr	r3, r3, #2097152
 844 001e 4362     		str	r3, [r0, #36]
 845 0020 0120     		movs	r0, #1
 846 0022 BDE8F081 		pop	{r4, r5, r6, r7, r8, pc}
 847              	.L144:
 848 0026 2C69     		ldr	r4, [r5, #16]
 849 0028 A407     		lsls	r4, r4, #30
 850 002a F5D0     		beq	.L151
 851              	.L145:
 852 002c 0C01     		lsls	r4, r1, #4
 853 002e 2E19     		adds	r6, r5, r4
 854 0030 D6F8B071 		ldr	r7, [r6, #432]
 855 0034 07F00407 		and	r7, r7, #4
 856 0038 9760     		str	r7, [r2, #8]
 857 003a 002F     		cmp	r7, #0
 858 003c 54D0     		beq	.L152
 859 003e D6F8B071 		ldr	r7, [r6, #432]
 860 0042 FF08     		lsrs	r7, r7, #3
 861 0044 5760     		str	r7, [r2, #4]
 862              	.L148:
 863 0046 D6F8B0E1 		ldr	lr, [r6, #432]
 864 004a D6F8B4C1 		ldr	ip, [r6, #436]
 865 004e D6F8B471 		ldr	r7, [r6, #436]
 866 0052 D6F8B461 		ldr	r6, [r6, #436]
 867 0056 2544     		add	r5, r5, r4
 868 0058 CEF3400E 		ubfx	lr, lr, #1, #1
 869 005c D5F8B881 		ldr	r8, [r5, #440]
 870 0060 C7F30727 		ubfx	r7, r7, #8, #8
 871 0064 0CF00F05 		and	r5, ip, #15
 872 0068 360C     		lsrs	r6, r6, #16
 873 006a C2E903E5 		strd	lr, r5, [r2, #12]
 874 006e C2E90567 		strd	r6, r7, [r2, #20]
 875 0072 83F80080 		strb	r8, [r3]
 876 0076 0268     		ldr	r2, [r0]
 877 0078 2244     		add	r2, r2, r4
 878 007a D2F8B821 		ldr	r2, [r2, #440]
 879 007e 120A     		lsrs	r2, r2, #8
 880 0080 5A70     		strb	r2, [r3, #1]
 881 0082 0268     		ldr	r2, [r0]
 882 0084 2244     		add	r2, r2, r4
 883 0086 D2F8B821 		ldr	r2, [r2, #440]
 884 008a 120C     		lsrs	r2, r2, #16
 885 008c 9A70     		strb	r2, [r3, #2]
 886 008e 0268     		ldr	r2, [r0]
ARM GAS  D:\Programs\cygwin64\tmp\ccZtjaIK.s 			page 16


 887 0090 2244     		add	r2, r2, r4
 888 0092 D2F8B821 		ldr	r2, [r2, #440]
 889 0096 120E     		lsrs	r2, r2, #24
 890 0098 DA70     		strb	r2, [r3, #3]
 891 009a 0268     		ldr	r2, [r0]
 892 009c 2244     		add	r2, r2, r4
 893 009e D2F8BC21 		ldr	r2, [r2, #444]
 894 00a2 1A71     		strb	r2, [r3, #4]
 895 00a4 0268     		ldr	r2, [r0]
 896 00a6 2244     		add	r2, r2, r4
 897 00a8 D2F8BC21 		ldr	r2, [r2, #444]
 898 00ac 120A     		lsrs	r2, r2, #8
 899 00ae 5A71     		strb	r2, [r3, #5]
 900 00b0 0268     		ldr	r2, [r0]
 901 00b2 2244     		add	r2, r2, r4
 902 00b4 D2F8BC21 		ldr	r2, [r2, #444]
 903 00b8 120C     		lsrs	r2, r2, #16
 904 00ba 9A71     		strb	r2, [r3, #6]
 905 00bc 0268     		ldr	r2, [r0]
 906 00be 1444     		add	r4, r4, r2
 907 00c0 D4F8BC21 		ldr	r2, [r4, #444]
 908 00c4 120E     		lsrs	r2, r2, #24
 909 00c6 DA71     		strb	r2, [r3, #7]
 910 00c8 0268     		ldr	r2, [r0]
 911 00ca 91B9     		cbnz	r1, .L149
 912 00cc D368     		ldr	r3, [r2, #12]
 913 00ce 43F02003 		orr	r3, r3, #32
 914 00d2 0846     		mov	r0, r1
 915 00d4 D360     		str	r3, [r2, #12]
 916 00d6 BDE8F081 		pop	{r4, r5, r6, r7, r8, pc}
 917              	.L143:
 918 00da 436A     		ldr	r3, [r0, #36]
 919 00dc 43F48023 		orr	r3, r3, #262144
 920 00e0 4362     		str	r3, [r0, #36]
 921 00e2 0120     		movs	r0, #1
 922 00e4 BDE8F081 		pop	{r4, r5, r6, r7, r8, pc}
 923              	.L152:
 924 00e8 D6F8B071 		ldr	r7, [r6, #432]
 925 00ec 7F0D     		lsrs	r7, r7, #21
 926 00ee 1760     		str	r7, [r2]
 927 00f0 A9E7     		b	.L148
 928              	.L149:
 929 00f2 1369     		ldr	r3, [r2, #16]
 930 00f4 43F02003 		orr	r3, r3, #32
 931 00f8 1361     		str	r3, [r2, #16]
 932 00fa 0020     		movs	r0, #0
 933 00fc BDE8F081 		pop	{r4, r5, r6, r7, r8, pc}
 935              		.section	.text.HAL_CAN_GetRxFifoFillLevel,"ax",%progbits
 936              		.align	1
 937              		.p2align 2,,3
 938              		.global	HAL_CAN_GetRxFifoFillLevel
 939              		.syntax unified
 940              		.thumb
 941              		.thumb_func
 942              		.fpu fpv4-sp-d16
 944              	HAL_CAN_GetRxFifoFillLevel:
 945              		@ args = 0, pretend = 0, frame = 0
ARM GAS  D:\Programs\cygwin64\tmp\ccZtjaIK.s 			page 17


 946              		@ frame_needed = 0, uses_anonymous_args = 0
 947              		@ link register save eliminated.
 948 0000 90F82030 		ldrb	r3, [r0, #32]	@ zero_extendqisi2
 949 0004 013B     		subs	r3, r3, #1
 950 0006 012B     		cmp	r3, #1
 951 0008 01D9     		bls	.L157
 952 000a 0020     		movs	r0, #0
 953 000c 7047     		bx	lr
 954              	.L157:
 955 000e 0368     		ldr	r3, [r0]
 956 0010 19B9     		cbnz	r1, .L155
 957 0012 D868     		ldr	r0, [r3, #12]
 958 0014 00F00300 		and	r0, r0, #3
 959 0018 7047     		bx	lr
 960              	.L155:
 961 001a 1869     		ldr	r0, [r3, #16]
 962 001c 00F00300 		and	r0, r0, #3
 963 0020 7047     		bx	lr
 965 0022 00BF     		.section	.text.HAL_CAN_ActivateNotification,"ax",%progbits
 966              		.align	1
 967              		.p2align 2,,3
 968              		.global	HAL_CAN_ActivateNotification
 969              		.syntax unified
 970              		.thumb
 971              		.thumb_func
 972              		.fpu fpv4-sp-d16
 974              	HAL_CAN_ActivateNotification:
 975              		@ args = 0, pretend = 0, frame = 0
 976              		@ frame_needed = 0, uses_anonymous_args = 0
 977              		@ link register save eliminated.
 978 0000 90F82030 		ldrb	r3, [r0, #32]	@ zero_extendqisi2
 979 0004 013B     		subs	r3, r3, #1
 980 0006 012B     		cmp	r3, #1
 981 0008 05D9     		bls	.L161
 982 000a 436A     		ldr	r3, [r0, #36]
 983 000c 43F48023 		orr	r3, r3, #262144
 984 0010 4362     		str	r3, [r0, #36]
 985 0012 0120     		movs	r0, #1
 986 0014 7047     		bx	lr
 987              	.L161:
 988 0016 0268     		ldr	r2, [r0]
 989 0018 5369     		ldr	r3, [r2, #20]
 990 001a 0B43     		orrs	r3, r3, r1
 991 001c 5361     		str	r3, [r2, #20]
 992 001e 0020     		movs	r0, #0
 993 0020 7047     		bx	lr
 995 0022 00BF     		.section	.text.HAL_CAN_DeactivateNotification,"ax",%progbits
 996              		.align	1
 997              		.p2align 2,,3
 998              		.global	HAL_CAN_DeactivateNotification
 999              		.syntax unified
 1000              		.thumb
 1001              		.thumb_func
 1002              		.fpu fpv4-sp-d16
 1004              	HAL_CAN_DeactivateNotification:
 1005              		@ args = 0, pretend = 0, frame = 0
 1006              		@ frame_needed = 0, uses_anonymous_args = 0
ARM GAS  D:\Programs\cygwin64\tmp\ccZtjaIK.s 			page 18


 1007              		@ link register save eliminated.
 1008 0000 90F82030 		ldrb	r3, [r0, #32]	@ zero_extendqisi2
 1009 0004 013B     		subs	r3, r3, #1
 1010 0006 012B     		cmp	r3, #1
 1011 0008 05D9     		bls	.L165
 1012 000a 436A     		ldr	r3, [r0, #36]
 1013 000c 43F48023 		orr	r3, r3, #262144
 1014 0010 4362     		str	r3, [r0, #36]
 1015 0012 0120     		movs	r0, #1
 1016 0014 7047     		bx	lr
 1017              	.L165:
 1018 0016 0268     		ldr	r2, [r0]
 1019 0018 5369     		ldr	r3, [r2, #20]
 1020 001a 23EA0103 		bic	r3, r3, r1
 1021 001e 5361     		str	r3, [r2, #20]
 1022 0020 0020     		movs	r0, #0
 1023 0022 7047     		bx	lr
 1025              		.section	.text.HAL_CAN_TxMailbox0CompleteCallback,"ax",%progbits
 1026              		.align	1
 1027              		.p2align 2,,3
 1028              		.weak	HAL_CAN_TxMailbox0CompleteCallback
 1029              		.syntax unified
 1030              		.thumb
 1031              		.thumb_func
 1032              		.fpu fpv4-sp-d16
 1034              	HAL_CAN_TxMailbox0CompleteCallback:
 1035              		@ args = 0, pretend = 0, frame = 0
 1036              		@ frame_needed = 0, uses_anonymous_args = 0
 1037              		@ link register save eliminated.
 1038 0000 7047     		bx	lr
 1040 0002 00BF     		.section	.text.HAL_CAN_TxMailbox1CompleteCallback,"ax",%progbits
 1041              		.align	1
 1042              		.p2align 2,,3
 1043              		.weak	HAL_CAN_TxMailbox1CompleteCallback
 1044              		.syntax unified
 1045              		.thumb
 1046              		.thumb_func
 1047              		.fpu fpv4-sp-d16
 1049              	HAL_CAN_TxMailbox1CompleteCallback:
 1050              		@ args = 0, pretend = 0, frame = 0
 1051              		@ frame_needed = 0, uses_anonymous_args = 0
 1052              		@ link register save eliminated.
 1053 0000 7047     		bx	lr
 1055 0002 00BF     		.section	.text.HAL_CAN_TxMailbox2CompleteCallback,"ax",%progbits
 1056              		.align	1
 1057              		.p2align 2,,3
 1058              		.weak	HAL_CAN_TxMailbox2CompleteCallback
 1059              		.syntax unified
 1060              		.thumb
 1061              		.thumb_func
 1062              		.fpu fpv4-sp-d16
 1064              	HAL_CAN_TxMailbox2CompleteCallback:
 1065              		@ args = 0, pretend = 0, frame = 0
 1066              		@ frame_needed = 0, uses_anonymous_args = 0
 1067              		@ link register save eliminated.
 1068 0000 7047     		bx	lr
 1070 0002 00BF     		.section	.text.HAL_CAN_TxMailbox0AbortCallback,"ax",%progbits
ARM GAS  D:\Programs\cygwin64\tmp\ccZtjaIK.s 			page 19


 1071              		.align	1
 1072              		.p2align 2,,3
 1073              		.weak	HAL_CAN_TxMailbox0AbortCallback
 1074              		.syntax unified
 1075              		.thumb
 1076              		.thumb_func
 1077              		.fpu fpv4-sp-d16
 1079              	HAL_CAN_TxMailbox0AbortCallback:
 1080              		@ args = 0, pretend = 0, frame = 0
 1081              		@ frame_needed = 0, uses_anonymous_args = 0
 1082              		@ link register save eliminated.
 1083 0000 7047     		bx	lr
 1085 0002 00BF     		.section	.text.HAL_CAN_TxMailbox1AbortCallback,"ax",%progbits
 1086              		.align	1
 1087              		.p2align 2,,3
 1088              		.weak	HAL_CAN_TxMailbox1AbortCallback
 1089              		.syntax unified
 1090              		.thumb
 1091              		.thumb_func
 1092              		.fpu fpv4-sp-d16
 1094              	HAL_CAN_TxMailbox1AbortCallback:
 1095              		@ args = 0, pretend = 0, frame = 0
 1096              		@ frame_needed = 0, uses_anonymous_args = 0
 1097              		@ link register save eliminated.
 1098 0000 7047     		bx	lr
 1100 0002 00BF     		.section	.text.HAL_CAN_TxMailbox2AbortCallback,"ax",%progbits
 1101              		.align	1
 1102              		.p2align 2,,3
 1103              		.weak	HAL_CAN_TxMailbox2AbortCallback
 1104              		.syntax unified
 1105              		.thumb
 1106              		.thumb_func
 1107              		.fpu fpv4-sp-d16
 1109              	HAL_CAN_TxMailbox2AbortCallback:
 1110              		@ args = 0, pretend = 0, frame = 0
 1111              		@ frame_needed = 0, uses_anonymous_args = 0
 1112              		@ link register save eliminated.
 1113 0000 7047     		bx	lr
 1115 0002 00BF     		.section	.text.HAL_CAN_RxFifo0MsgPendingCallback,"ax",%progbits
 1116              		.align	1
 1117              		.p2align 2,,3
 1118              		.weak	HAL_CAN_RxFifo0MsgPendingCallback
 1119              		.syntax unified
 1120              		.thumb
 1121              		.thumb_func
 1122              		.fpu fpv4-sp-d16
 1124              	HAL_CAN_RxFifo0MsgPendingCallback:
 1125              		@ args = 0, pretend = 0, frame = 0
 1126              		@ frame_needed = 0, uses_anonymous_args = 0
 1127              		@ link register save eliminated.
 1128 0000 7047     		bx	lr
 1130 0002 00BF     		.section	.text.HAL_CAN_RxFifo0FullCallback,"ax",%progbits
 1131              		.align	1
 1132              		.p2align 2,,3
 1133              		.weak	HAL_CAN_RxFifo0FullCallback
 1134              		.syntax unified
 1135              		.thumb
ARM GAS  D:\Programs\cygwin64\tmp\ccZtjaIK.s 			page 20


 1136              		.thumb_func
 1137              		.fpu fpv4-sp-d16
 1139              	HAL_CAN_RxFifo0FullCallback:
 1140              		@ args = 0, pretend = 0, frame = 0
 1141              		@ frame_needed = 0, uses_anonymous_args = 0
 1142              		@ link register save eliminated.
 1143 0000 7047     		bx	lr
 1145 0002 00BF     		.section	.text.HAL_CAN_RxFifo1MsgPendingCallback,"ax",%progbits
 1146              		.align	1
 1147              		.p2align 2,,3
 1148              		.weak	HAL_CAN_RxFifo1MsgPendingCallback
 1149              		.syntax unified
 1150              		.thumb
 1151              		.thumb_func
 1152              		.fpu fpv4-sp-d16
 1154              	HAL_CAN_RxFifo1MsgPendingCallback:
 1155              		@ args = 0, pretend = 0, frame = 0
 1156              		@ frame_needed = 0, uses_anonymous_args = 0
 1157              		@ link register save eliminated.
 1158 0000 7047     		bx	lr
 1160 0002 00BF     		.section	.text.HAL_CAN_RxFifo1FullCallback,"ax",%progbits
 1161              		.align	1
 1162              		.p2align 2,,3
 1163              		.weak	HAL_CAN_RxFifo1FullCallback
 1164              		.syntax unified
 1165              		.thumb
 1166              		.thumb_func
 1167              		.fpu fpv4-sp-d16
 1169              	HAL_CAN_RxFifo1FullCallback:
 1170              		@ args = 0, pretend = 0, frame = 0
 1171              		@ frame_needed = 0, uses_anonymous_args = 0
 1172              		@ link register save eliminated.
 1173 0000 7047     		bx	lr
 1175 0002 00BF     		.section	.text.HAL_CAN_SleepCallback,"ax",%progbits
 1176              		.align	1
 1177              		.p2align 2,,3
 1178              		.weak	HAL_CAN_SleepCallback
 1179              		.syntax unified
 1180              		.thumb
 1181              		.thumb_func
 1182              		.fpu fpv4-sp-d16
 1184              	HAL_CAN_SleepCallback:
 1185              		@ args = 0, pretend = 0, frame = 0
 1186              		@ frame_needed = 0, uses_anonymous_args = 0
 1187              		@ link register save eliminated.
 1188 0000 7047     		bx	lr
 1190 0002 00BF     		.section	.text.HAL_CAN_WakeUpFromRxMsgCallback,"ax",%progbits
 1191              		.align	1
 1192              		.p2align 2,,3
 1193              		.weak	HAL_CAN_WakeUpFromRxMsgCallback
 1194              		.syntax unified
 1195              		.thumb
 1196              		.thumb_func
 1197              		.fpu fpv4-sp-d16
 1199              	HAL_CAN_WakeUpFromRxMsgCallback:
 1200              		@ args = 0, pretend = 0, frame = 0
 1201              		@ frame_needed = 0, uses_anonymous_args = 0
ARM GAS  D:\Programs\cygwin64\tmp\ccZtjaIK.s 			page 21


 1202              		@ link register save eliminated.
 1203 0000 7047     		bx	lr
 1205 0002 00BF     		.section	.text.HAL_CAN_ErrorCallback,"ax",%progbits
 1206              		.align	1
 1207              		.p2align 2,,3
 1208              		.weak	HAL_CAN_ErrorCallback
 1209              		.syntax unified
 1210              		.thumb
 1211              		.thumb_func
 1212              		.fpu fpv4-sp-d16
 1214              	HAL_CAN_ErrorCallback:
 1215              		@ args = 0, pretend = 0, frame = 0
 1216              		@ frame_needed = 0, uses_anonymous_args = 0
 1217              		@ link register save eliminated.
 1218 0000 7047     		bx	lr
 1220 0002 00BF     		.section	.text.HAL_CAN_IRQHandler,"ax",%progbits
 1221              		.align	1
 1222              		.p2align 2,,3
 1223              		.global	HAL_CAN_IRQHandler
 1224              		.syntax unified
 1225              		.thumb
 1226              		.thumb_func
 1227              		.fpu fpv4-sp-d16
 1229              	HAL_CAN_IRQHandler:
 1230              		@ args = 0, pretend = 0, frame = 0
 1231              		@ frame_needed = 0, uses_anonymous_args = 0
 1232 0000 2DE9F84F 		push	{r3, r4, r5, r6, r7, r8, r9, r10, fp, lr}
 1233 0004 0368     		ldr	r3, [r0]
 1234 0006 5C69     		ldr	r4, [r3, #20]
 1235 0008 D3F80480 		ldr	r8, [r3, #4]
 1236 000c 9F68     		ldr	r7, [r3, #8]
 1237 000e D3F80CB0 		ldr	fp, [r3, #12]
 1238 0012 D3F810A0 		ldr	r10, [r3, #16]
 1239 0016 D3F81890 		ldr	r9, [r3, #24]
 1240 001a 14F00106 		ands	r6, r4, #1
 1241 001e 0546     		mov	r5, r0
 1242 0020 25D0     		beq	.L180
 1243 0022 17F00106 		ands	r6, r7, #1
 1244 0026 40F09180 		bne	.L304
 1245 002a 4FF48041 		mov	r1, #16384
 1246 002e 4FF40052 		mov	r2, #8192
 1247              	.L181:
 1248 0032 F805     		lsls	r0, r7, #23
 1249 0034 0DD5     		bpl	.L183
 1250 0036 2B68     		ldr	r3, [r5]
 1251 0038 4FF48070 		mov	r0, #256
 1252 003c 9860     		str	r0, [r3, #8]
 1253 003e BB05     		lsls	r3, r7, #22
 1254 0040 00F1D280 		bmi	.L305
 1255 0044 7805     		lsls	r0, r7, #21
 1256 0046 00F1F080 		bmi	.L214
 1257 004a 3A05     		lsls	r2, r7, #20
 1258 004c 40F1FB80 		bpl	.L306
 1259 0050 0E46     		mov	r6, r1
 1260              	.L183:
 1261 0052 FB03     		lsls	r3, r7, #15
 1262 0054 0BD5     		bpl	.L180
ARM GAS  D:\Programs\cygwin64\tmp\ccZtjaIK.s 			page 22


 1263 0056 2B68     		ldr	r3, [r5]
 1264 0058 4FF48032 		mov	r2, #65536
 1265 005c B803     		lsls	r0, r7, #14
 1266 005e 9A60     		str	r2, [r3, #8]
 1267 0060 00F1BE80 		bmi	.L307
 1268 0064 7903     		lsls	r1, r7, #13
 1269 0066 40F1DB80 		bpl	.L186
 1270 006a 46F40046 		orr	r6, r6, #32768
 1271              	.L180:
 1272 006e 2307     		lsls	r3, r4, #28
 1273 0070 07D5     		bpl	.L188
 1274 0072 1BF0100F 		tst	fp, #16
 1275 0076 04D0     		beq	.L188
 1276 0078 2B68     		ldr	r3, [r5]
 1277 007a 1022     		movs	r2, #16
 1278 007c 46F40076 		orr	r6, r6, #512
 1279 0080 DA60     		str	r2, [r3, #12]
 1280              	.L188:
 1281 0082 6707     		lsls	r7, r4, #29
 1282 0084 02D5     		bpl	.L189
 1283 0086 1BF0080F 		tst	fp, #8
 1284 008a 77D1     		bne	.L308
 1285              	.L189:
 1286 008c A007     		lsls	r0, r4, #30
 1287 008e 04D5     		bpl	.L190
 1288              	.L319:
 1289 0090 2B68     		ldr	r3, [r5]
 1290 0092 DB68     		ldr	r3, [r3, #12]
 1291 0094 9907     		lsls	r1, r3, #30
 1292 0096 40F09280 		bne	.L309
 1293              	.L190:
 1294 009a 6206     		lsls	r2, r4, #25
 1295 009c 07D5     		bpl	.L191
 1296              	.L323:
 1297 009e 1AF0100F 		tst	r10, #16
 1298 00a2 04D0     		beq	.L191
 1299 00a4 2B68     		ldr	r3, [r5]
 1300 00a6 1022     		movs	r2, #16
 1301 00a8 46F48066 		orr	r6, r6, #1024
 1302 00ac 1A61     		str	r2, [r3, #16]
 1303              	.L191:
 1304 00ae A306     		lsls	r3, r4, #26
 1305 00b0 03D5     		bpl	.L192
 1306 00b2 1AF0080F 		tst	r10, #8
 1307 00b6 40F08980 		bne	.L310
 1308              	.L192:
 1309 00ba E706     		lsls	r7, r4, #27
 1310 00bc 03D5     		bpl	.L193
 1311              	.L324:
 1312 00be 2B68     		ldr	r3, [r5]
 1313 00c0 1B69     		ldr	r3, [r3, #16]
 1314 00c2 9807     		lsls	r0, r3, #30
 1315 00c4 63D1     		bne	.L311
 1316              	.L193:
 1317 00c6 A103     		lsls	r1, r4, #14
 1318 00c8 02D5     		bpl	.L194
 1319              	.L320:
ARM GAS  D:\Programs\cygwin64\tmp\ccZtjaIK.s 			page 23


 1320 00ca 18F0100F 		tst	r8, #16
 1321 00ce 64D1     		bne	.L312
 1322              	.L194:
 1323 00d0 E203     		lsls	r2, r4, #15
 1324 00d2 02D5     		bpl	.L195
 1325              	.L321:
 1326 00d4 18F0080F 		tst	r8, #8
 1327 00d8 68D1     		bne	.L313
 1328              	.L195:
 1329 00da 2304     		lsls	r3, r4, #16
 1330 00dc 33D5     		bpl	.L196
 1331              	.L322:
 1332 00de 18F0040F 		tst	r8, #4
 1333 00e2 2B68     		ldr	r3, [r5]
 1334 00e4 2DD0     		beq	.L197
 1335 00e6 E705     		lsls	r7, r4, #23
 1336 00e8 04D5     		bpl	.L198
 1337 00ea 19F0010F 		tst	r9, #1
 1338 00ee 18BF     		it	ne
 1339 00f0 46F00106 		orrne	r6, r6, #1
 1340              	.L198:
 1341 00f4 A005     		lsls	r0, r4, #22
 1342 00f6 04D5     		bpl	.L199
 1343 00f8 19F0020F 		tst	r9, #2
 1344 00fc 18BF     		it	ne
 1345 00fe 46F00206 		orrne	r6, r6, #2
 1346              	.L199:
 1347 0102 6105     		lsls	r1, r4, #21
 1348 0104 04D5     		bpl	.L200
 1349 0106 19F0040F 		tst	r9, #4
 1350 010a 18BF     		it	ne
 1351 010c 46F00406 		orrne	r6, r6, #4
 1352              	.L200:
 1353 0110 2205     		lsls	r2, r4, #20
 1354 0112 16D5     		bpl	.L197
 1355 0114 19F07009 		ands	r9, r9, #112
 1356 0118 13D0     		beq	.L197
 1357 011a B9F1300F 		cmp	r9, #48
 1358 011e 00F0A180 		beq	.L201
 1359 0122 6DD9     		bls	.L314
 1360 0124 B9F1500F 		cmp	r9, #80
 1361 0128 00F08A80 		beq	.L206
 1362 012c B9F1600F 		cmp	r9, #96
 1363 0130 00F08380 		beq	.L207
 1364 0134 B9F1400F 		cmp	r9, #64
 1365 0138 7CD0     		beq	.L315
 1366              	.L205:
 1367 013a 9A69     		ldr	r2, [r3, #24]
 1368 013c 22F07002 		bic	r2, r2, #112
 1369 0140 9A61     		str	r2, [r3, #24]
 1370              	.L197:
 1371 0142 0422     		movs	r2, #4
 1372 0144 5A60     		str	r2, [r3, #4]
 1373              	.L196:
 1374 0146 8EB9     		cbnz	r6, .L316
 1375 0148 BDE8F88F 		pop	{r3, r4, r5, r6, r7, r8, r9, r10, fp, pc}
 1376              	.L304:
ARM GAS  D:\Programs\cygwin64\tmp\ccZtjaIK.s 			page 24


 1377 014c 0122     		movs	r2, #1
 1378 014e 9A60     		str	r2, [r3, #8]
 1379 0150 BB07     		lsls	r3, r7, #30
 1380 0152 4DD4     		bmi	.L317
 1381 0154 7E07     		lsls	r6, r7, #29
 1382 0156 5CD4     		bmi	.L212
 1383 0158 17F00806 		ands	r6, r7, #8
 1384 015c 77D0     		beq	.L318
 1385 015e 4FF4A041 		mov	r1, #20480
 1386 0162 4FF44052 		mov	r2, #12288
 1387 0166 4FF48056 		mov	r6, #4096
 1388 016a 62E7     		b	.L181
 1389              	.L316:
 1390 016c 6B6A     		ldr	r3, [r5, #36]
 1391 016e 1E43     		orrs	r6, r6, r3
 1392 0170 6E62     		str	r6, [r5, #36]
 1393 0172 2846     		mov	r0, r5
 1394 0174 FFF7FEFF 		bl	HAL_CAN_ErrorCallback
 1395 0178 BDE8F88F 		pop	{r3, r4, r5, r6, r7, r8, r9, r10, fp, pc}
 1396              	.L308:
 1397 017c 2B68     		ldr	r3, [r5]
 1398 017e 0822     		movs	r2, #8
 1399 0180 2846     		mov	r0, r5
 1400 0182 DA60     		str	r2, [r3, #12]
 1401 0184 FFF7FEFF 		bl	HAL_CAN_RxFifo0FullCallback
 1402 0188 A007     		lsls	r0, r4, #30
 1403 018a 86D5     		bpl	.L190
 1404 018c 80E7     		b	.L319
 1405              	.L311:
 1406 018e 2846     		mov	r0, r5
 1407 0190 FFF7FEFF 		bl	HAL_CAN_RxFifo1MsgPendingCallback
 1408 0194 A103     		lsls	r1, r4, #14
 1409 0196 9BD5     		bpl	.L194
 1410 0198 97E7     		b	.L320
 1411              	.L312:
 1412 019a 2B68     		ldr	r3, [r5]
 1413 019c 1022     		movs	r2, #16
 1414 019e 5A60     		str	r2, [r3, #4]
 1415 01a0 2846     		mov	r0, r5
 1416 01a2 FFF7FEFF 		bl	HAL_CAN_SleepCallback
 1417 01a6 E203     		lsls	r2, r4, #15
 1418 01a8 97D5     		bpl	.L195
 1419 01aa 93E7     		b	.L321
 1420              	.L313:
 1421 01ac 2B68     		ldr	r3, [r5]
 1422 01ae 0822     		movs	r2, #8
 1423 01b0 5A60     		str	r2, [r3, #4]
 1424 01b2 2846     		mov	r0, r5
 1425 01b4 FFF7FEFF 		bl	HAL_CAN_WakeUpFromRxMsgCallback
 1426 01b8 2304     		lsls	r3, r4, #16
 1427 01ba C4D5     		bpl	.L196
 1428 01bc 8FE7     		b	.L322
 1429              	.L309:
 1430 01be 2846     		mov	r0, r5
 1431 01c0 FFF7FEFF 		bl	HAL_CAN_RxFifo0MsgPendingCallback
 1432 01c4 6206     		lsls	r2, r4, #25
 1433 01c6 7FF572AF 		bpl	.L191
ARM GAS  D:\Programs\cygwin64\tmp\ccZtjaIK.s 			page 25


 1434 01ca 68E7     		b	.L323
 1435              	.L310:
 1436 01cc 2B68     		ldr	r3, [r5]
 1437 01ce 0822     		movs	r2, #8
 1438 01d0 1A61     		str	r2, [r3, #16]
 1439 01d2 2846     		mov	r0, r5
 1440 01d4 FFF7FEFF 		bl	HAL_CAN_RxFifo1FullCallback
 1441 01d8 E706     		lsls	r7, r4, #27
 1442 01da 7FF574AF 		bpl	.L193
 1443 01de 6EE7     		b	.L324
 1444              	.L307:
 1445 01e0 2846     		mov	r0, r5
 1446 01e2 FFF7FEFF 		bl	HAL_CAN_TxMailbox2CompleteCallback
 1447 01e6 42E7     		b	.L180
 1448              	.L305:
 1449 01e8 2846     		mov	r0, r5
 1450 01ea FFF7FEFF 		bl	HAL_CAN_TxMailbox1CompleteCallback
 1451 01ee 30E7     		b	.L183
 1452              	.L317:
 1453 01f0 FFF7FEFF 		bl	HAL_CAN_TxMailbox0CompleteCallback
 1454 01f4 0026     		movs	r6, #0
 1455 01f6 4FF48041 		mov	r1, #16384
 1456 01fa 4FF40052 		mov	r2, #8192
 1457 01fe 18E7     		b	.L181
 1458              	.L314:
 1459 0200 B9F1100F 		cmp	r9, #16
 1460 0204 13D0     		beq	.L203
 1461 0206 B9F1200F 		cmp	r9, #32
 1462 020a 96D1     		bne	.L205
 1463 020c 46F01006 		orr	r6, r6, #16
 1464 0210 93E7     		b	.L205
 1465              	.L212:
 1466 0212 4FF49041 		mov	r1, #18432
 1467 0216 4FF42052 		mov	r2, #10240
 1468 021a 4FF40066 		mov	r6, #2048
 1469 021e 08E7     		b	.L181
 1470              	.L186:
 1471 0220 3A03     		lsls	r2, r7, #12
 1472 0222 1BD5     		bpl	.L187
 1473 0224 46F48036 		orr	r6, r6, #65536
 1474 0228 21E7     		b	.L180
 1475              	.L214:
 1476 022a 1646     		mov	r6, r2
 1477 022c 11E7     		b	.L183
 1478              	.L203:
 1479 022e 46F00806 		orr	r6, r6, #8
 1480 0232 82E7     		b	.L205
 1481              	.L315:
 1482 0234 46F04006 		orr	r6, r6, #64
 1483 0238 7FE7     		b	.L205
 1484              	.L207:
 1485 023a 46F48076 		orr	r6, r6, #256
 1486 023e 7CE7     		b	.L205
 1487              	.L206:
 1488 0240 46F08006 		orr	r6, r6, #128
 1489 0244 79E7     		b	.L205
 1490              	.L306:
ARM GAS  D:\Programs\cygwin64\tmp\ccZtjaIK.s 			page 26


 1491 0246 2846     		mov	r0, r5
 1492 0248 FFF7FEFF 		bl	HAL_CAN_TxMailbox1AbortCallback
 1493 024c 01E7     		b	.L183
 1494              	.L318:
 1495 024e FFF7FEFF 		bl	HAL_CAN_TxMailbox0AbortCallback
 1496 0252 4FF48041 		mov	r1, #16384
 1497 0256 4FF40052 		mov	r2, #8192
 1498 025a EAE6     		b	.L181
 1499              	.L187:
 1500 025c 2846     		mov	r0, r5
 1501 025e FFF7FEFF 		bl	HAL_CAN_TxMailbox2AbortCallback
 1502 0262 04E7     		b	.L180
 1503              	.L201:
 1504 0264 46F02006 		orr	r6, r6, #32
 1505 0268 67E7     		b	.L205
 1507 026a 00BF     		.section	.text.HAL_CAN_GetState,"ax",%progbits
 1508              		.align	1
 1509              		.p2align 2,,3
 1510              		.global	HAL_CAN_GetState
 1511              		.syntax unified
 1512              		.thumb
 1513              		.thumb_func
 1514              		.fpu fpv4-sp-d16
 1516              	HAL_CAN_GetState:
 1517              		@ args = 0, pretend = 0, frame = 0
 1518              		@ frame_needed = 0, uses_anonymous_args = 0
 1519              		@ link register save eliminated.
 1520 0000 90F82030 		ldrb	r3, [r0, #32]	@ zero_extendqisi2
 1521 0004 DBB2     		uxtb	r3, r3
 1522 0006 5A1E     		subs	r2, r3, #1
 1523 0008 012A     		cmp	r2, #1
 1524 000a 01D9     		bls	.L330
 1525 000c 1846     		mov	r0, r3
 1526 000e 7047     		bx	lr
 1527              	.L330:
 1528 0010 0268     		ldr	r2, [r0]
 1529 0012 5168     		ldr	r1, [r2, #4]
 1530 0014 8907     		lsls	r1, r1, #30
 1531 0016 06D4     		bmi	.L327
 1532 0018 1268     		ldr	r2, [r2]
 1533 001a 12F0020F 		tst	r2, #2
 1534 001e 18BF     		it	ne
 1535 0020 0323     		movne	r3, #3
 1536 0022 1846     		mov	r0, r3
 1537 0024 7047     		bx	lr
 1538              	.L327:
 1539 0026 0423     		movs	r3, #4
 1540 0028 1846     		mov	r0, r3
 1541 002a 7047     		bx	lr
 1543              		.section	.text.HAL_CAN_GetError,"ax",%progbits
 1544              		.align	1
 1545              		.p2align 2,,3
 1546              		.global	HAL_CAN_GetError
 1547              		.syntax unified
 1548              		.thumb
 1549              		.thumb_func
 1550              		.fpu fpv4-sp-d16
ARM GAS  D:\Programs\cygwin64\tmp\ccZtjaIK.s 			page 27


 1552              	HAL_CAN_GetError:
 1553              		@ args = 0, pretend = 0, frame = 0
 1554              		@ frame_needed = 0, uses_anonymous_args = 0
 1555              		@ link register save eliminated.
 1556 0000 406A     		ldr	r0, [r0, #36]
 1557 0002 7047     		bx	lr
 1559              		.section	.text.HAL_CAN_ResetError,"ax",%progbits
 1560              		.align	1
 1561              		.p2align 2,,3
 1562              		.global	HAL_CAN_ResetError
 1563              		.syntax unified
 1564              		.thumb
 1565              		.thumb_func
 1566              		.fpu fpv4-sp-d16
 1568              	HAL_CAN_ResetError:
 1569              		@ args = 0, pretend = 0, frame = 0
 1570              		@ frame_needed = 0, uses_anonymous_args = 0
 1571              		@ link register save eliminated.
 1572 0000 90F82030 		ldrb	r3, [r0, #32]	@ zero_extendqisi2
 1573 0004 013B     		subs	r3, r3, #1
 1574 0006 012B     		cmp	r3, #1
 1575 0008 05D9     		bls	.L335
 1576 000a 436A     		ldr	r3, [r0, #36]
 1577 000c 43F48023 		orr	r3, r3, #262144
 1578 0010 4362     		str	r3, [r0, #36]
 1579 0012 0120     		movs	r0, #1
 1580 0014 7047     		bx	lr
 1581              	.L335:
 1582 0016 0023     		movs	r3, #0
 1583 0018 4362     		str	r3, [r0, #36]
 1584 001a 1846     		mov	r0, r3
 1585 001c 7047     		bx	lr
 1587 001e 00BF     		.ident	"GCC: (GNU Tools for Arm Embedded Processors 8-2018-q4-major) 8.2.1 20181213 (release) [gcc
ARM GAS  D:\Programs\cygwin64\tmp\ccZtjaIK.s 			page 28


DEFINED SYMBOLS
                            *ABS*:00000000 stm32f4xx_hal_can.c
D:\Programs\cygwin64\tmp\ccZtjaIK.s:16     .text.HAL_CAN_MspInit:00000000 $t
D:\Programs\cygwin64\tmp\ccZtjaIK.s:25     .text.HAL_CAN_MspInit:00000000 HAL_CAN_MspInit
D:\Programs\cygwin64\tmp\ccZtjaIK.s:32     .text.HAL_CAN_Init:00000000 $t
D:\Programs\cygwin64\tmp\ccZtjaIK.s:40     .text.HAL_CAN_Init:00000000 HAL_CAN_Init
D:\Programs\cygwin64\tmp\ccZtjaIK.s:157    .text.HAL_CAN_MspDeInit:00000000 $t
D:\Programs\cygwin64\tmp\ccZtjaIK.s:165    .text.HAL_CAN_MspDeInit:00000000 HAL_CAN_MspDeInit
D:\Programs\cygwin64\tmp\ccZtjaIK.s:172    .text.HAL_CAN_DeInit:00000000 $t
D:\Programs\cygwin64\tmp\ccZtjaIK.s:180    .text.HAL_CAN_DeInit:00000000 HAL_CAN_DeInit
D:\Programs\cygwin64\tmp\ccZtjaIK.s:240    .text.HAL_CAN_ConfigFilter:00000000 $t
D:\Programs\cygwin64\tmp\ccZtjaIK.s:248    .text.HAL_CAN_ConfigFilter:00000000 HAL_CAN_ConfigFilter
D:\Programs\cygwin64\tmp\ccZtjaIK.s:357    .text.HAL_CAN_ConfigFilter:00000108 $d
D:\Programs\cygwin64\tmp\ccZtjaIK.s:360    .text.HAL_CAN_Start:00000000 $t
D:\Programs\cygwin64\tmp\ccZtjaIK.s:368    .text.HAL_CAN_Start:00000000 HAL_CAN_Start
D:\Programs\cygwin64\tmp\ccZtjaIK.s:414    .text.HAL_CAN_Stop:00000000 $t
D:\Programs\cygwin64\tmp\ccZtjaIK.s:422    .text.HAL_CAN_Stop:00000000 HAL_CAN_Stop
D:\Programs\cygwin64\tmp\ccZtjaIK.s:470    .text.HAL_CAN_RequestSleep:00000000 $t
D:\Programs\cygwin64\tmp\ccZtjaIK.s:478    .text.HAL_CAN_RequestSleep:00000000 HAL_CAN_RequestSleep
D:\Programs\cygwin64\tmp\ccZtjaIK.s:500    .text.HAL_CAN_WakeUp:00000000 $t
D:\Programs\cygwin64\tmp\ccZtjaIK.s:508    .text.HAL_CAN_WakeUp:00000000 HAL_CAN_WakeUp
D:\Programs\cygwin64\tmp\ccZtjaIK.s:559    .text.HAL_CAN_WakeUp:00000054 $d
D:\Programs\cygwin64\tmp\ccZtjaIK.s:562    .text.HAL_CAN_IsSleepActive:00000000 $t
D:\Programs\cygwin64\tmp\ccZtjaIK.s:570    .text.HAL_CAN_IsSleepActive:00000000 HAL_CAN_IsSleepActive
D:\Programs\cygwin64\tmp\ccZtjaIK.s:585    .text.HAL_CAN_AddTxMessage:00000000 $t
D:\Programs\cygwin64\tmp\ccZtjaIK.s:593    .text.HAL_CAN_AddTxMessage:00000000 HAL_CAN_AddTxMessage
D:\Programs\cygwin64\tmp\ccZtjaIK.s:676    .text.HAL_CAN_AbortTxRequest:00000000 $t
D:\Programs\cygwin64\tmp\ccZtjaIK.s:684    .text.HAL_CAN_AbortTxRequest:00000000 HAL_CAN_AbortTxRequest
D:\Programs\cygwin64\tmp\ccZtjaIK.s:723    .text.HAL_CAN_GetTxMailboxesFreeLevel:00000000 $t
D:\Programs\cygwin64\tmp\ccZtjaIK.s:731    .text.HAL_CAN_GetTxMailboxesFreeLevel:00000000 HAL_CAN_GetTxMailboxesFreeLevel
D:\Programs\cygwin64\tmp\ccZtjaIK.s:757    .text.HAL_CAN_IsTxMessagePending:00000000 $t
D:\Programs\cygwin64\tmp\ccZtjaIK.s:765    .text.HAL_CAN_IsTxMessagePending:00000000 HAL_CAN_IsTxMessagePending
D:\Programs\cygwin64\tmp\ccZtjaIK.s:786    .text.HAL_CAN_GetTxTimestamp:00000000 $t
D:\Programs\cygwin64\tmp\ccZtjaIK.s:794    .text.HAL_CAN_GetTxTimestamp:00000000 HAL_CAN_GetTxTimestamp
D:\Programs\cygwin64\tmp\ccZtjaIK.s:820    .text.HAL_CAN_GetRxMessage:00000000 $t
D:\Programs\cygwin64\tmp\ccZtjaIK.s:828    .text.HAL_CAN_GetRxMessage:00000000 HAL_CAN_GetRxMessage
D:\Programs\cygwin64\tmp\ccZtjaIK.s:936    .text.HAL_CAN_GetRxFifoFillLevel:00000000 $t
D:\Programs\cygwin64\tmp\ccZtjaIK.s:944    .text.HAL_CAN_GetRxFifoFillLevel:00000000 HAL_CAN_GetRxFifoFillLevel
D:\Programs\cygwin64\tmp\ccZtjaIK.s:966    .text.HAL_CAN_ActivateNotification:00000000 $t
D:\Programs\cygwin64\tmp\ccZtjaIK.s:974    .text.HAL_CAN_ActivateNotification:00000000 HAL_CAN_ActivateNotification
D:\Programs\cygwin64\tmp\ccZtjaIK.s:996    .text.HAL_CAN_DeactivateNotification:00000000 $t
D:\Programs\cygwin64\tmp\ccZtjaIK.s:1004   .text.HAL_CAN_DeactivateNotification:00000000 HAL_CAN_DeactivateNotification
D:\Programs\cygwin64\tmp\ccZtjaIK.s:1026   .text.HAL_CAN_TxMailbox0CompleteCallback:00000000 $t
D:\Programs\cygwin64\tmp\ccZtjaIK.s:1034   .text.HAL_CAN_TxMailbox0CompleteCallback:00000000 HAL_CAN_TxMailbox0CompleteCallback
D:\Programs\cygwin64\tmp\ccZtjaIK.s:1041   .text.HAL_CAN_TxMailbox1CompleteCallback:00000000 $t
D:\Programs\cygwin64\tmp\ccZtjaIK.s:1049   .text.HAL_CAN_TxMailbox1CompleteCallback:00000000 HAL_CAN_TxMailbox1CompleteCallback
D:\Programs\cygwin64\tmp\ccZtjaIK.s:1056   .text.HAL_CAN_TxMailbox2CompleteCallback:00000000 $t
D:\Programs\cygwin64\tmp\ccZtjaIK.s:1064   .text.HAL_CAN_TxMailbox2CompleteCallback:00000000 HAL_CAN_TxMailbox2CompleteCallback
D:\Programs\cygwin64\tmp\ccZtjaIK.s:1071   .text.HAL_CAN_TxMailbox0AbortCallback:00000000 $t
D:\Programs\cygwin64\tmp\ccZtjaIK.s:1079   .text.HAL_CAN_TxMailbox0AbortCallback:00000000 HAL_CAN_TxMailbox0AbortCallback
D:\Programs\cygwin64\tmp\ccZtjaIK.s:1086   .text.HAL_CAN_TxMailbox1AbortCallback:00000000 $t
D:\Programs\cygwin64\tmp\ccZtjaIK.s:1094   .text.HAL_CAN_TxMailbox1AbortCallback:00000000 HAL_CAN_TxMailbox1AbortCallback
D:\Programs\cygwin64\tmp\ccZtjaIK.s:1101   .text.HAL_CAN_TxMailbox2AbortCallback:00000000 $t
D:\Programs\cygwin64\tmp\ccZtjaIK.s:1109   .text.HAL_CAN_TxMailbox2AbortCallback:00000000 HAL_CAN_TxMailbox2AbortCallback
D:\Programs\cygwin64\tmp\ccZtjaIK.s:1116   .text.HAL_CAN_RxFifo0MsgPendingCallback:00000000 $t
D:\Programs\cygwin64\tmp\ccZtjaIK.s:1124   .text.HAL_CAN_RxFifo0MsgPendingCallback:00000000 HAL_CAN_RxFifo0MsgPendingCallback
D:\Programs\cygwin64\tmp\ccZtjaIK.s:1131   .text.HAL_CAN_RxFifo0FullCallback:00000000 $t
ARM GAS  D:\Programs\cygwin64\tmp\ccZtjaIK.s 			page 29


D:\Programs\cygwin64\tmp\ccZtjaIK.s:1139   .text.HAL_CAN_RxFifo0FullCallback:00000000 HAL_CAN_RxFifo0FullCallback
D:\Programs\cygwin64\tmp\ccZtjaIK.s:1146   .text.HAL_CAN_RxFifo1MsgPendingCallback:00000000 $t
D:\Programs\cygwin64\tmp\ccZtjaIK.s:1154   .text.HAL_CAN_RxFifo1MsgPendingCallback:00000000 HAL_CAN_RxFifo1MsgPendingCallback
D:\Programs\cygwin64\tmp\ccZtjaIK.s:1161   .text.HAL_CAN_RxFifo1FullCallback:00000000 $t
D:\Programs\cygwin64\tmp\ccZtjaIK.s:1169   .text.HAL_CAN_RxFifo1FullCallback:00000000 HAL_CAN_RxFifo1FullCallback
D:\Programs\cygwin64\tmp\ccZtjaIK.s:1176   .text.HAL_CAN_SleepCallback:00000000 $t
D:\Programs\cygwin64\tmp\ccZtjaIK.s:1184   .text.HAL_CAN_SleepCallback:00000000 HAL_CAN_SleepCallback
D:\Programs\cygwin64\tmp\ccZtjaIK.s:1191   .text.HAL_CAN_WakeUpFromRxMsgCallback:00000000 $t
D:\Programs\cygwin64\tmp\ccZtjaIK.s:1199   .text.HAL_CAN_WakeUpFromRxMsgCallback:00000000 HAL_CAN_WakeUpFromRxMsgCallback
D:\Programs\cygwin64\tmp\ccZtjaIK.s:1206   .text.HAL_CAN_ErrorCallback:00000000 $t
D:\Programs\cygwin64\tmp\ccZtjaIK.s:1214   .text.HAL_CAN_ErrorCallback:00000000 HAL_CAN_ErrorCallback
D:\Programs\cygwin64\tmp\ccZtjaIK.s:1221   .text.HAL_CAN_IRQHandler:00000000 $t
D:\Programs\cygwin64\tmp\ccZtjaIK.s:1229   .text.HAL_CAN_IRQHandler:00000000 HAL_CAN_IRQHandler
D:\Programs\cygwin64\tmp\ccZtjaIK.s:1508   .text.HAL_CAN_GetState:00000000 $t
D:\Programs\cygwin64\tmp\ccZtjaIK.s:1516   .text.HAL_CAN_GetState:00000000 HAL_CAN_GetState
D:\Programs\cygwin64\tmp\ccZtjaIK.s:1544   .text.HAL_CAN_GetError:00000000 $t
D:\Programs\cygwin64\tmp\ccZtjaIK.s:1552   .text.HAL_CAN_GetError:00000000 HAL_CAN_GetError
D:\Programs\cygwin64\tmp\ccZtjaIK.s:1560   .text.HAL_CAN_ResetError:00000000 $t
D:\Programs\cygwin64\tmp\ccZtjaIK.s:1568   .text.HAL_CAN_ResetError:00000000 HAL_CAN_ResetError

UNDEFINED SYMBOLS
HAL_GetTick
