ARM GAS  D:\Programs\cygwin64\tmp\cc5beWoN.s 			page 1


   1              		.cpu cortex-m4
   2              		.eabi_attribute 27, 1
   3              		.eabi_attribute 28, 1
   4              		.eabi_attribute 20, 1
   5              		.eabi_attribute 21, 1
   6              		.eabi_attribute 23, 3
   7              		.eabi_attribute 24, 1
   8              		.eabi_attribute 25, 1
   9              		.eabi_attribute 26, 1
  10              		.eabi_attribute 30, 2
  11              		.eabi_attribute 34, 1
  12              		.eabi_attribute 18, 4
  13              		.file	"stm32f429i_discovery_io.c"
  14              		.text
  15              		.section	.text.BSP_IO_Init,"ax",%progbits
  16              		.align	1
  17              		.p2align 2,,3
  18              		.global	BSP_IO_Init
  19              		.arch armv7e-m
  20              		.syntax unified
  21              		.thumb
  22              		.thumb_func
  23              		.fpu fpv4-sp-d16
  25              	BSP_IO_Init:
  26              		@ args = 0, pretend = 0, frame = 0
  27              		@ frame_needed = 0, uses_anonymous_args = 0
  28 0000 38B5     		push	{r3, r4, r5, lr}
  29 0002 0B4C     		ldr	r4, .L7
  30 0004 8220     		movs	r0, #130
  31 0006 6368     		ldr	r3, [r4, #4]
  32 0008 9847     		blx	r3
  33 000a 40F61103 		movw	r3, #2065
  34 000e 9842     		cmp	r0, r3
  35 0010 01D0     		beq	.L6
  36 0012 0120     		movs	r0, #1
  37 0014 38BD     		pop	{r3, r4, r5, pc}
  38              	.L6:
  39 0016 074D     		ldr	r5, .L7+4
  40 0018 2368     		ldr	r3, [r4]
  41 001a 2C60     		str	r4, [r5]
  42 001c 8220     		movs	r0, #130
  43 001e 9847     		blx	r3
  44 0020 2B68     		ldr	r3, [r5]
  45 0022 FF21     		movs	r1, #255
  46 0024 DB68     		ldr	r3, [r3, #12]
  47 0026 8220     		movs	r0, #130
  48 0028 9847     		blx	r3
  49 002a 0020     		movs	r0, #0
  50 002c 38BD     		pop	{r3, r4, r5, pc}
  51              	.L8:
  52 002e 00BF     		.align	2
  53              	.L7:
  54 0030 00000000 		.word	stmpe811_io_drv
  55 0034 00000000 		.word	.LANCHOR0
  57              		.section	.text.BSP_IO_ITGetStatus,"ax",%progbits
  58              		.align	1
  59              		.p2align 2,,3
ARM GAS  D:\Programs\cygwin64\tmp\cc5beWoN.s 			page 2


  60              		.global	BSP_IO_ITGetStatus
  61              		.syntax unified
  62              		.thumb
  63              		.thumb_func
  64              		.fpu fpv4-sp-d16
  66              	BSP_IO_ITGetStatus:
  67              		@ args = 0, pretend = 0, frame = 0
  68              		@ frame_needed = 0, uses_anonymous_args = 0
  69 0000 08B5     		push	{r3, lr}
  70 0002 044B     		ldr	r3, .L11
  71 0004 1B68     		ldr	r3, [r3]
  72 0006 0146     		mov	r1, r0
  73 0008 5B6A     		ldr	r3, [r3, #36]
  74 000a 8220     		movs	r0, #130
  75 000c 9847     		blx	r3
  76 000e C0B2     		uxtb	r0, r0
  77 0010 08BD     		pop	{r3, pc}
  78              	.L12:
  79 0012 00BF     		.align	2
  80              	.L11:
  81 0014 00000000 		.word	.LANCHOR0
  83              		.section	.text.BSP_IO_ITClear,"ax",%progbits
  84              		.align	1
  85              		.p2align 2,,3
  86              		.global	BSP_IO_ITClear
  87              		.syntax unified
  88              		.thumb
  89              		.thumb_func
  90              		.fpu fpv4-sp-d16
  92              	BSP_IO_ITClear:
  93              		@ args = 0, pretend = 0, frame = 0
  94              		@ frame_needed = 0, uses_anonymous_args = 0
  95              		@ link register save eliminated.
  96 0000 024B     		ldr	r3, .L14
  97 0002 1B68     		ldr	r3, [r3]
  98 0004 FF21     		movs	r1, #255
  99 0006 9B6A     		ldr	r3, [r3, #40]
 100 0008 8220     		movs	r0, #130
 101 000a 1847     		bx	r3	@ indirect register sibling call
 102              	.L15:
 103              		.align	2
 104              	.L14:
 105 000c 00000000 		.word	.LANCHOR0
 107              		.section	.text.BSP_IO_ConfigPin,"ax",%progbits
 108              		.align	1
 109              		.p2align 2,,3
 110              		.global	BSP_IO_ConfigPin
 111              		.syntax unified
 112              		.thumb
 113              		.thumb_func
 114              		.fpu fpv4-sp-d16
 116              	BSP_IO_ConfigPin:
 117              		@ args = 0, pretend = 0, frame = 0
 118              		@ frame_needed = 0, uses_anonymous_args = 0
 119              		@ link register save eliminated.
 120 0000 034B     		ldr	r3, .L17
 121 0002 1B68     		ldr	r3, [r3]
ARM GAS  D:\Programs\cygwin64\tmp\cc5beWoN.s 			page 3


 122 0004 0A46     		mov	r2, r1
 123 0006 1B69     		ldr	r3, [r3, #16]
 124 0008 0146     		mov	r1, r0
 125 000a 8220     		movs	r0, #130
 126 000c 1847     		bx	r3
 127              	.L18:
 128 000e 00BF     		.align	2
 129              	.L17:
 130 0010 00000000 		.word	.LANCHOR0
 132              		.section	.text.BSP_IO_WritePin,"ax",%progbits
 133              		.align	1
 134              		.p2align 2,,3
 135              		.global	BSP_IO_WritePin
 136              		.syntax unified
 137              		.thumb
 138              		.thumb_func
 139              		.fpu fpv4-sp-d16
 141              	BSP_IO_WritePin:
 142              		@ args = 0, pretend = 0, frame = 0
 143              		@ frame_needed = 0, uses_anonymous_args = 0
 144              		@ link register save eliminated.
 145 0000 034B     		ldr	r3, .L20
 146 0002 1B68     		ldr	r3, [r3]
 147 0004 0A46     		mov	r2, r1
 148 0006 5B69     		ldr	r3, [r3, #20]
 149 0008 0146     		mov	r1, r0
 150 000a 8220     		movs	r0, #130
 151 000c 1847     		bx	r3	@ indirect register sibling call
 152              	.L21:
 153 000e 00BF     		.align	2
 154              	.L20:
 155 0010 00000000 		.word	.LANCHOR0
 157              		.section	.text.BSP_IO_ReadPin,"ax",%progbits
 158              		.align	1
 159              		.p2align 2,,3
 160              		.global	BSP_IO_ReadPin
 161              		.syntax unified
 162              		.thumb
 163              		.thumb_func
 164              		.fpu fpv4-sp-d16
 166              	BSP_IO_ReadPin:
 167              		@ args = 0, pretend = 0, frame = 0
 168              		@ frame_needed = 0, uses_anonymous_args = 0
 169 0000 08B5     		push	{r3, lr}
 170 0002 044B     		ldr	r3, .L24
 171 0004 1B68     		ldr	r3, [r3]
 172 0006 0146     		mov	r1, r0
 173 0008 9B69     		ldr	r3, [r3, #24]
 174 000a 8220     		movs	r0, #130
 175 000c 9847     		blx	r3
 176 000e 80B2     		uxth	r0, r0
 177 0010 08BD     		pop	{r3, pc}
 178              	.L25:
 179 0012 00BF     		.align	2
 180              	.L24:
 181 0014 00000000 		.word	.LANCHOR0
 183              		.section	.text.BSP_IO_TogglePin,"ax",%progbits
ARM GAS  D:\Programs\cygwin64\tmp\cc5beWoN.s 			page 4


 184              		.align	1
 185              		.p2align 2,,3
 186              		.global	BSP_IO_TogglePin
 187              		.syntax unified
 188              		.thumb
 189              		.thumb_func
 190              		.fpu fpv4-sp-d16
 192              	BSP_IO_TogglePin:
 193              		@ args = 0, pretend = 0, frame = 0
 194              		@ frame_needed = 0, uses_anonymous_args = 0
 195 0000 70B5     		push	{r4, r5, r6, lr}
 196 0002 0B4D     		ldr	r5, .L30
 197 0004 2B68     		ldr	r3, [r5]
 198 0006 0146     		mov	r1, r0
 199 0008 0446     		mov	r4, r0
 200 000a 9B69     		ldr	r3, [r3, #24]
 201 000c 8220     		movs	r0, #130
 202 000e 9847     		blx	r3
 203 0010 2B68     		ldr	r3, [r5]
 204 0012 0128     		cmp	r0, #1
 205 0014 2146     		mov	r1, r4
 206 0016 5B69     		ldr	r3, [r3, #20]
 207 0018 04D0     		beq	.L29
 208 001a 0122     		movs	r2, #1
 209 001c 8220     		movs	r0, #130
 210 001e BDE87040 		pop	{r4, r5, r6, lr}
 211 0022 1847     		bx	r3	@ indirect register sibling call
 212              	.L29:
 213 0024 0022     		movs	r2, #0
 214 0026 8220     		movs	r0, #130
 215 0028 BDE87040 		pop	{r4, r5, r6, lr}
 216 002c 1847     		bx	r3	@ indirect register sibling call
 217              	.L31:
 218 002e 00BF     		.align	2
 219              	.L30:
 220 0030 00000000 		.word	.LANCHOR0
 222              		.section	.bss.IoDrv,"aw",%nobits
 223              		.align	2
 224              		.set	.LANCHOR0,. + 0
 227              	IoDrv:
 228 0000 00000000 		.space	4
 229              		.ident	"GCC: (GNU Tools for Arm Embedded Processors 8-2018-q4-major) 8.2.1 20181213 (release) [gcc
ARM GAS  D:\Programs\cygwin64\tmp\cc5beWoN.s 			page 5


DEFINED SYMBOLS
                            *ABS*:00000000 stm32f429i_discovery_io.c
D:\Programs\cygwin64\tmp\cc5beWoN.s:16     .text.BSP_IO_Init:00000000 $t
D:\Programs\cygwin64\tmp\cc5beWoN.s:25     .text.BSP_IO_Init:00000000 BSP_IO_Init
D:\Programs\cygwin64\tmp\cc5beWoN.s:54     .text.BSP_IO_Init:00000030 $d
D:\Programs\cygwin64\tmp\cc5beWoN.s:58     .text.BSP_IO_ITGetStatus:00000000 $t
D:\Programs\cygwin64\tmp\cc5beWoN.s:66     .text.BSP_IO_ITGetStatus:00000000 BSP_IO_ITGetStatus
D:\Programs\cygwin64\tmp\cc5beWoN.s:81     .text.BSP_IO_ITGetStatus:00000014 $d
D:\Programs\cygwin64\tmp\cc5beWoN.s:84     .text.BSP_IO_ITClear:00000000 $t
D:\Programs\cygwin64\tmp\cc5beWoN.s:92     .text.BSP_IO_ITClear:00000000 BSP_IO_ITClear
D:\Programs\cygwin64\tmp\cc5beWoN.s:105    .text.BSP_IO_ITClear:0000000c $d
D:\Programs\cygwin64\tmp\cc5beWoN.s:108    .text.BSP_IO_ConfigPin:00000000 $t
D:\Programs\cygwin64\tmp\cc5beWoN.s:116    .text.BSP_IO_ConfigPin:00000000 BSP_IO_ConfigPin
D:\Programs\cygwin64\tmp\cc5beWoN.s:130    .text.BSP_IO_ConfigPin:00000010 $d
D:\Programs\cygwin64\tmp\cc5beWoN.s:133    .text.BSP_IO_WritePin:00000000 $t
D:\Programs\cygwin64\tmp\cc5beWoN.s:141    .text.BSP_IO_WritePin:00000000 BSP_IO_WritePin
D:\Programs\cygwin64\tmp\cc5beWoN.s:155    .text.BSP_IO_WritePin:00000010 $d
D:\Programs\cygwin64\tmp\cc5beWoN.s:158    .text.BSP_IO_ReadPin:00000000 $t
D:\Programs\cygwin64\tmp\cc5beWoN.s:166    .text.BSP_IO_ReadPin:00000000 BSP_IO_ReadPin
D:\Programs\cygwin64\tmp\cc5beWoN.s:181    .text.BSP_IO_ReadPin:00000014 $d
D:\Programs\cygwin64\tmp\cc5beWoN.s:184    .text.BSP_IO_TogglePin:00000000 $t
D:\Programs\cygwin64\tmp\cc5beWoN.s:192    .text.BSP_IO_TogglePin:00000000 BSP_IO_TogglePin
D:\Programs\cygwin64\tmp\cc5beWoN.s:220    .text.BSP_IO_TogglePin:00000030 $d
D:\Programs\cygwin64\tmp\cc5beWoN.s:223    .bss.IoDrv:00000000 $d
D:\Programs\cygwin64\tmp\cc5beWoN.s:227    .bss.IoDrv:00000000 IoDrv

UNDEFINED SYMBOLS
stmpe811_io_drv
