ARM GAS  D:\Programs\cygwin64\tmp\cccSOyZJ.s 			page 1


   1              		.cpu cortex-m4
   2              		.eabi_attribute 27, 1
   3              		.eabi_attribute 28, 1
   4              		.eabi_attribute 20, 1
   5              		.eabi_attribute 21, 1
   6              		.eabi_attribute 23, 3
   7              		.eabi_attribute 24, 1
   8              		.eabi_attribute 25, 1
   9              		.eabi_attribute 26, 1
  10              		.eabi_attribute 30, 2
  11              		.eabi_attribute 34, 1
  12              		.eabi_attribute 18, 4
  13              		.file	"stm32f4xx_hal_i2c_ex.c"
  14              		.text
  15              		.section	.text.HAL_I2CEx_ConfigAnalogFilter,"ax",%progbits
  16              		.align	1
  17              		.p2align 2,,3
  18              		.global	HAL_I2CEx_ConfigAnalogFilter
  19              		.arch armv7e-m
  20              		.syntax unified
  21              		.thumb
  22              		.thumb_func
  23              		.fpu fpv4-sp-d16
  25              	HAL_I2CEx_ConfigAnalogFilter:
  26              		@ args = 0, pretend = 0, frame = 0
  27              		@ frame_needed = 0, uses_anonymous_args = 0
  28              		@ link register save eliminated.
  29 0000 90F83D30 		ldrb	r3, [r0, #61]	@ zero_extendqisi2
  30 0004 DBB2     		uxtb	r3, r3
  31 0006 202B     		cmp	r3, #32
  32 0008 02D0     		beq	.L9
  33 000a 0222     		movs	r2, #2
  34 000c 1046     		mov	r0, r2
  35 000e 7047     		bx	lr
  36              	.L9:
  37 0010 0268     		ldr	r2, [r0]
  38 0012 30B4     		push	{r4, r5}
  39 0014 2424     		movs	r4, #36
  40 0016 80F83D40 		strb	r4, [r0, #61]
  41 001a 1568     		ldr	r5, [r2]
  42 001c 25F00105 		bic	r5, r5, #1
  43 0020 1560     		str	r5, [r2]
  44 0022 556A     		ldr	r5, [r2, #36]
  45 0024 25F01005 		bic	r5, r5, #16
  46 0028 5562     		str	r5, [r2, #36]
  47 002a 546A     		ldr	r4, [r2, #36]
  48 002c 0C43     		orrs	r4, r4, r1
  49 002e 5462     		str	r4, [r2, #36]
  50 0030 1168     		ldr	r1, [r2]
  51 0032 41F00101 		orr	r1, r1, #1
  52 0036 1160     		str	r1, [r2]
  53 0038 0022     		movs	r2, #0
  54 003a 80F83D30 		strb	r3, [r0, #61]
  55 003e 30BC     		pop	{r4, r5}
  56 0040 1046     		mov	r0, r2
  57 0042 7047     		bx	lr
  59              		.section	.text.HAL_I2CEx_ConfigDigitalFilter,"ax",%progbits
ARM GAS  D:\Programs\cygwin64\tmp\cccSOyZJ.s 			page 2


  60              		.align	1
  61              		.p2align 2,,3
  62              		.global	HAL_I2CEx_ConfigDigitalFilter
  63              		.syntax unified
  64              		.thumb
  65              		.thumb_func
  66              		.fpu fpv4-sp-d16
  68              	HAL_I2CEx_ConfigDigitalFilter:
  69              		@ args = 0, pretend = 0, frame = 0
  70              		@ frame_needed = 0, uses_anonymous_args = 0
  71              		@ link register save eliminated.
  72 0000 90F83D30 		ldrb	r3, [r0, #61]	@ zero_extendqisi2
  73 0004 DBB2     		uxtb	r3, r3
  74 0006 202B     		cmp	r3, #32
  75 0008 02D0     		beq	.L17
  76 000a 0222     		movs	r2, #2
  77 000c 1046     		mov	r0, r2
  78 000e 7047     		bx	lr
  79              	.L17:
  80 0010 30B4     		push	{r4, r5}
  81 0012 2422     		movs	r2, #36
  82 0014 0468     		ldr	r4, [r0]
  83 0016 80F83D20 		strb	r2, [r0, #61]
  84 001a 2568     		ldr	r5, [r4]
  85 001c 25F00105 		bic	r5, r5, #1
  86 0020 2560     		str	r5, [r4]
  87 0022 656A     		ldr	r5, [r4, #36]
  88 0024 4FF6F072 		movw	r2, #65520
  89 0028 2A40     		ands	r2, r2, r5
  90 002a 0A43     		orrs	r2, r2, r1
  91 002c 92B2     		uxth	r2, r2
  92 002e 6262     		str	r2, [r4, #36]
  93 0030 2268     		ldr	r2, [r4]
  94 0032 42F00102 		orr	r2, r2, #1
  95 0036 2260     		str	r2, [r4]
  96 0038 0022     		movs	r2, #0
  97 003a 80F83D30 		strb	r3, [r0, #61]
  98 003e 30BC     		pop	{r4, r5}
  99 0040 1046     		mov	r0, r2
 100 0042 7047     		bx	lr
 102              		.ident	"GCC: (GNU Tools for Arm Embedded Processors 8-2018-q4-major) 8.2.1 20181213 (release) [gcc
ARM GAS  D:\Programs\cygwin64\tmp\cccSOyZJ.s 			page 3


DEFINED SYMBOLS
                            *ABS*:00000000 stm32f4xx_hal_i2c_ex.c
D:\Programs\cygwin64\tmp\cccSOyZJ.s:16     .text.HAL_I2CEx_ConfigAnalogFilter:00000000 $t
D:\Programs\cygwin64\tmp\cccSOyZJ.s:25     .text.HAL_I2CEx_ConfigAnalogFilter:00000000 HAL_I2CEx_ConfigAnalogFilter
D:\Programs\cygwin64\tmp\cccSOyZJ.s:60     .text.HAL_I2CEx_ConfigDigitalFilter:00000000 $t
D:\Programs\cygwin64\tmp\cccSOyZJ.s:68     .text.HAL_I2CEx_ConfigDigitalFilter:00000000 HAL_I2CEx_ConfigDigitalFilter

NO UNDEFINED SYMBOLS
