ARM GAS  D:\Programs\cygwin64\tmp\ccGlFEf0.s 			page 1


   1              		.cpu cortex-m4
   2              		.eabi_attribute 27, 1
   3              		.eabi_attribute 28, 1
   4              		.eabi_attribute 20, 1
   5              		.eabi_attribute 21, 1
   6              		.eabi_attribute 23, 3
   7              		.eabi_attribute 24, 1
   8              		.eabi_attribute 25, 1
   9              		.eabi_attribute 26, 1
  10              		.eabi_attribute 30, 2
  11              		.eabi_attribute 34, 1
  12              		.eabi_attribute 18, 4
  13              		.file	"syscall.c"
  14              		.text
  15              		.section	.text.ff_cre_syncobj,"ax",%progbits
  16              		.align	1
  17              		.p2align 2,,3
  18              		.global	ff_cre_syncobj
  19              		.arch armv7e-m
  20              		.syntax unified
  21              		.thumb
  22              		.thumb_func
  23              		.fpu fpv4-sp-d16
  25              	ff_cre_syncobj:
  26              		@ args = 0, pretend = 0, frame = 8
  27              		@ frame_needed = 0, uses_anonymous_args = 0
  28 0000 10B5     		push	{r4, lr}
  29 0002 82B0     		sub	sp, sp, #8
  30 0004 0C46     		mov	r4, r1
  31 0006 0023     		movs	r3, #0
  32 0008 0121     		movs	r1, #1
  33 000a 01A8     		add	r0, sp, #4
  34 000c 0193     		str	r3, [sp, #4]
  35 000e FFF7FEFF 		bl	osSemaphoreCreate
  36 0012 2060     		str	r0, [r4]
  37 0014 0030     		adds	r0, r0, #0
  38 0016 18BF     		it	ne
  39 0018 0120     		movne	r0, #1
  40 001a 02B0     		add	sp, sp, #8
  41              		@ sp needed
  42 001c 10BD     		pop	{r4, pc}
  44 001e 00BF     		.section	.text.ff_del_syncobj,"ax",%progbits
  45              		.align	1
  46              		.p2align 2,,3
  47              		.global	ff_del_syncobj
  48              		.syntax unified
  49              		.thumb
  50              		.thumb_func
  51              		.fpu fpv4-sp-d16
  53              	ff_del_syncobj:
  54              		@ args = 0, pretend = 0, frame = 0
  55              		@ frame_needed = 0, uses_anonymous_args = 0
  56 0000 08B5     		push	{r3, lr}
  57 0002 FFF7FEFF 		bl	osSemaphoreDelete
  58 0006 0120     		movs	r0, #1
  59 0008 08BD     		pop	{r3, pc}
  61 000a 00BF     		.section	.text.ff_req_grant,"ax",%progbits
ARM GAS  D:\Programs\cygwin64\tmp\ccGlFEf0.s 			page 2


  62              		.align	1
  63              		.p2align 2,,3
  64              		.global	ff_req_grant
  65              		.syntax unified
  66              		.thumb
  67              		.thumb_func
  68              		.fpu fpv4-sp-d16
  70              	ff_req_grant:
  71              		@ args = 0, pretend = 0, frame = 0
  72              		@ frame_needed = 0, uses_anonymous_args = 0
  73 0000 08B5     		push	{r3, lr}
  74 0002 4FF47A71 		mov	r1, #1000
  75 0006 FFF7FEFF 		bl	osSemaphoreWait
  76 000a B0FA80F0 		clz	r0, r0
  77 000e 4009     		lsrs	r0, r0, #5
  78 0010 08BD     		pop	{r3, pc}
  80 0012 00BF     		.section	.text.ff_rel_grant,"ax",%progbits
  81              		.align	1
  82              		.p2align 2,,3
  83              		.global	ff_rel_grant
  84              		.syntax unified
  85              		.thumb
  86              		.thumb_func
  87              		.fpu fpv4-sp-d16
  89              	ff_rel_grant:
  90              		@ args = 0, pretend = 0, frame = 0
  91              		@ frame_needed = 0, uses_anonymous_args = 0
  92              		@ link register save eliminated.
  93 0000 FFF7FEBF 		b	osSemaphoreRelease
  95              		.section	.text.ff_memalloc,"ax",%progbits
  96              		.align	1
  97              		.p2align 2,,3
  98              		.global	ff_memalloc
  99              		.syntax unified
 100              		.thumb
 101              		.thumb_func
 102              		.fpu fpv4-sp-d16
 104              	ff_memalloc:
 105              		@ args = 0, pretend = 0, frame = 0
 106              		@ frame_needed = 0, uses_anonymous_args = 0
 107              		@ link register save eliminated.
 108 0000 FFF7FEBF 		b	pvPortMalloc
 110              		.section	.text.ff_memfree,"ax",%progbits
 111              		.align	1
 112              		.p2align 2,,3
 113              		.global	ff_memfree
 114              		.syntax unified
 115              		.thumb
 116              		.thumb_func
 117              		.fpu fpv4-sp-d16
 119              	ff_memfree:
 120              		@ args = 0, pretend = 0, frame = 0
 121              		@ frame_needed = 0, uses_anonymous_args = 0
 122              		@ link register save eliminated.
 123 0000 FFF7FEBF 		b	vPortFree
 125              		.ident	"GCC: (GNU Tools for Arm Embedded Processors 8-2018-q4-major) 8.2.1 20181213 (release) [gcc
ARM GAS  D:\Programs\cygwin64\tmp\ccGlFEf0.s 			page 3


DEFINED SYMBOLS
                            *ABS*:00000000 syscall.c
D:\Programs\cygwin64\tmp\ccGlFEf0.s:16     .text.ff_cre_syncobj:00000000 $t
D:\Programs\cygwin64\tmp\ccGlFEf0.s:25     .text.ff_cre_syncobj:00000000 ff_cre_syncobj
D:\Programs\cygwin64\tmp\ccGlFEf0.s:45     .text.ff_del_syncobj:00000000 $t
D:\Programs\cygwin64\tmp\ccGlFEf0.s:53     .text.ff_del_syncobj:00000000 ff_del_syncobj
D:\Programs\cygwin64\tmp\ccGlFEf0.s:62     .text.ff_req_grant:00000000 $t
D:\Programs\cygwin64\tmp\ccGlFEf0.s:70     .text.ff_req_grant:00000000 ff_req_grant
D:\Programs\cygwin64\tmp\ccGlFEf0.s:81     .text.ff_rel_grant:00000000 $t
D:\Programs\cygwin64\tmp\ccGlFEf0.s:89     .text.ff_rel_grant:00000000 ff_rel_grant
D:\Programs\cygwin64\tmp\ccGlFEf0.s:96     .text.ff_memalloc:00000000 $t
D:\Programs\cygwin64\tmp\ccGlFEf0.s:104    .text.ff_memalloc:00000000 ff_memalloc
D:\Programs\cygwin64\tmp\ccGlFEf0.s:111    .text.ff_memfree:00000000 $t
D:\Programs\cygwin64\tmp\ccGlFEf0.s:119    .text.ff_memfree:00000000 ff_memfree

UNDEFINED SYMBOLS
osSemaphoreCreate
osSemaphoreDelete
osSemaphoreWait
osSemaphoreRelease
pvPortMalloc
vPortFree
