ARM GAS  D:\Programs\cygwin64\tmp\ccCdaOpb.s 			page 1


   1              		.cpu cortex-m4
   2              		.eabi_attribute 27, 1
   3              		.eabi_attribute 28, 1
   4              		.eabi_attribute 20, 1
   5              		.eabi_attribute 21, 1
   6              		.eabi_attribute 23, 3
   7              		.eabi_attribute 24, 1
   8              		.eabi_attribute 25, 1
   9              		.eabi_attribute 26, 1
  10              		.eabi_attribute 30, 2
  11              		.eabi_attribute 34, 1
  12              		.eabi_attribute 18, 4
  13              		.file	"system_stm32f4xx.c"
  14              		.text
  15              		.section	.text.SystemInit,"ax",%progbits
  16              		.align	1
  17              		.p2align 2,,3
  18              		.global	SystemInit
  19              		.arch armv7e-m
  20              		.syntax unified
  21              		.thumb
  22              		.thumb_func
  23              		.fpu fpv4-sp-d16
  25              	SystemInit:
  26              		@ args = 0, pretend = 0, frame = 0
  27              		@ frame_needed = 0, uses_anonymous_args = 0
  28              		@ link register save eliminated.
  29 0000 1049     		ldr	r1, .L4
  30 0002 114B     		ldr	r3, .L4+4
  31 0004 D1F88820 		ldr	r2, [r1, #136]
  32 0008 42F47002 		orr	r2, r2, #15728640
  33 000c 10B4     		push	{r4}
  34 000e C1F88820 		str	r2, [r1, #136]
  35 0012 1A68     		ldr	r2, [r3]
  36 0014 0D4C     		ldr	r4, .L4+8
  37 0016 0020     		movs	r0, #0
  38 0018 42F00102 		orr	r2, r2, #1
  39 001c 1A60     		str	r2, [r3]
  40 001e 9860     		str	r0, [r3, #8]
  41 0020 1A68     		ldr	r2, [r3]
  42 0022 22F08472 		bic	r2, r2, #17301504
  43 0026 22F48032 		bic	r2, r2, #65536
  44 002a 1A60     		str	r2, [r3]
  45 002c 5C60     		str	r4, [r3, #4]
  46 002e 1A68     		ldr	r2, [r3]
  47 0030 4FF00064 		mov	r4, #134217728
  48 0034 22F48022 		bic	r2, r2, #262144
  49 0038 1A60     		str	r2, [r3]
  50 003a D860     		str	r0, [r3, #12]
  51 003c 8C60     		str	r4, [r1, #8]
  52 003e 5DF8044B 		ldr	r4, [sp], #4
  53 0042 7047     		bx	lr
  54              	.L5:
  55              		.align	2
  56              	.L4:
  57 0044 00ED00E0 		.word	-536810240
  58 0048 00380240 		.word	1073887232
ARM GAS  D:\Programs\cygwin64\tmp\ccCdaOpb.s 			page 2


  59 004c 10300024 		.word	603992080
  61              		.section	.text.SystemCoreClockUpdate,"ax",%progbits
  62              		.align	1
  63              		.p2align 2,,3
  64              		.global	SystemCoreClockUpdate
  65              		.syntax unified
  66              		.thumb
  67              		.thumb_func
  68              		.fpu fpv4-sp-d16
  70              	SystemCoreClockUpdate:
  71              		@ args = 0, pretend = 0, frame = 0
  72              		@ frame_needed = 0, uses_anonymous_args = 0
  73              		@ link register save eliminated.
  74 0000 164A     		ldr	r2, .L13
  75 0002 9368     		ldr	r3, [r2, #8]
  76 0004 03F00C03 		and	r3, r3, #12
  77 0008 042B     		cmp	r3, #4
  78 000a 0CD0     		beq	.L10
  79 000c 082B     		cmp	r3, #8
  80 000e 0CD0     		beq	.L12
  81 0010 134B     		ldr	r3, .L13+4
  82              	.L7:
  83 0012 124A     		ldr	r2, .L13
  84 0014 1348     		ldr	r0, .L13+8
  85 0016 9268     		ldr	r2, [r2, #8]
  86 0018 1349     		ldr	r1, .L13+12
  87 001a C2F30312 		ubfx	r2, r2, #4, #4
  88 001e 825C     		ldrb	r2, [r0, r2]	@ zero_extendqisi2
  89 0020 D340     		lsrs	r3, r3, r2
  90 0022 0B60     		str	r3, [r1]
  91 0024 7047     		bx	lr
  92              	.L10:
  93 0026 114B     		ldr	r3, .L13+16
  94 0028 F3E7     		b	.L7
  95              	.L12:
  96 002a 5068     		ldr	r0, [r2, #4]
  97 002c 5168     		ldr	r1, [r2, #4]
  98 002e 5268     		ldr	r2, [r2, #4]
  99 0030 4302     		lsls	r3, r0, #9
 100 0032 C2F38812 		ubfx	r2, r2, #6, #9
 101 0036 01F03F01 		and	r1, r1, #63
 102 003a 4CBF     		ite	mi
 103 003c 0B4B     		ldrmi	r3, .L13+16
 104 003e 084B     		ldrpl	r3, .L13+4
 105 0040 B3FBF1F3 		udiv	r3, r3, r1
 106 0044 03FB02F3 		mul	r3, r3, r2
 107 0048 044A     		ldr	r2, .L13
 108 004a 5268     		ldr	r2, [r2, #4]
 109 004c C2F30142 		ubfx	r2, r2, #16, #2
 110 0050 0132     		adds	r2, r2, #1
 111 0052 5200     		lsls	r2, r2, #1
 112 0054 B3FBF2F3 		udiv	r3, r3, r2
 113 0058 DBE7     		b	.L7
 114              	.L14:
 115 005a 00BF     		.align	2
 116              	.L13:
 117 005c 00380240 		.word	1073887232
ARM GAS  D:\Programs\cygwin64\tmp\ccCdaOpb.s 			page 3


 118 0060 0024F400 		.word	16000000
 119 0064 00000000 		.word	.LANCHOR1
 120 0068 00000000 		.word	.LANCHOR0
 121 006c 00127A00 		.word	8000000
 123              		.global	APBPrescTable
 124              		.global	AHBPrescTable
 125              		.global	SystemCoreClock
 126              		.section	.data.SystemCoreClock,"aw"
 127              		.align	2
 128              		.set	.LANCHOR0,. + 0
 131              	SystemCoreClock:
 132 0000 0024F400 		.word	16000000
 133              		.section	.rodata.AHBPrescTable,"a"
 134              		.align	2
 135              		.set	.LANCHOR1,. + 0
 138              	AHBPrescTable:
 139 0000 00       		.byte	0
 140 0001 00       		.byte	0
 141 0002 00       		.byte	0
 142 0003 00       		.byte	0
 143 0004 00       		.byte	0
 144 0005 00       		.byte	0
 145 0006 00       		.byte	0
 146 0007 00       		.byte	0
 147 0008 01       		.byte	1
 148 0009 02       		.byte	2
 149 000a 03       		.byte	3
 150 000b 04       		.byte	4
 151 000c 06       		.byte	6
 152 000d 07       		.byte	7
 153 000e 08       		.byte	8
 154 000f 09       		.byte	9
 155              		.section	.rodata.APBPrescTable,"a"
 156              		.align	2
 159              	APBPrescTable:
 160 0000 00       		.byte	0
 161 0001 00       		.byte	0
 162 0002 00       		.byte	0
 163 0003 00       		.byte	0
 164 0004 01       		.byte	1
 165 0005 02       		.byte	2
 166 0006 03       		.byte	3
 167 0007 04       		.byte	4
 168              		.ident	"GCC: (GNU Tools for Arm Embedded Processors 8-2018-q4-major) 8.2.1 20181213 (release) [gcc
ARM GAS  D:\Programs\cygwin64\tmp\ccCdaOpb.s 			page 4


DEFINED SYMBOLS
                            *ABS*:00000000 system_stm32f4xx.c
D:\Programs\cygwin64\tmp\ccCdaOpb.s:16     .text.SystemInit:00000000 $t
D:\Programs\cygwin64\tmp\ccCdaOpb.s:25     .text.SystemInit:00000000 SystemInit
D:\Programs\cygwin64\tmp\ccCdaOpb.s:57     .text.SystemInit:00000044 $d
D:\Programs\cygwin64\tmp\ccCdaOpb.s:62     .text.SystemCoreClockUpdate:00000000 $t
D:\Programs\cygwin64\tmp\ccCdaOpb.s:70     .text.SystemCoreClockUpdate:00000000 SystemCoreClockUpdate
D:\Programs\cygwin64\tmp\ccCdaOpb.s:117    .text.SystemCoreClockUpdate:0000005c $d
D:\Programs\cygwin64\tmp\ccCdaOpb.s:159    .rodata.APBPrescTable:00000000 APBPrescTable
D:\Programs\cygwin64\tmp\ccCdaOpb.s:138    .rodata.AHBPrescTable:00000000 AHBPrescTable
D:\Programs\cygwin64\tmp\ccCdaOpb.s:131    .data.SystemCoreClock:00000000 SystemCoreClock
D:\Programs\cygwin64\tmp\ccCdaOpb.s:127    .data.SystemCoreClock:00000000 $d
D:\Programs\cygwin64\tmp\ccCdaOpb.s:134    .rodata.AHBPrescTable:00000000 $d
D:\Programs\cygwin64\tmp\ccCdaOpb.s:156    .rodata.APBPrescTable:00000000 $d

NO UNDEFINED SYMBOLS
