ARM GAS  D:\Programs\cygwin64\tmp\ccqUPhx7.s 			page 1


   1              		.cpu cortex-m4
   2              		.eabi_attribute 27, 1
   3              		.eabi_attribute 28, 1
   4              		.eabi_attribute 20, 1
   5              		.eabi_attribute 21, 1
   6              		.eabi_attribute 23, 3
   7              		.eabi_attribute 24, 1
   8              		.eabi_attribute 25, 1
   9              		.eabi_attribute 26, 1
  10              		.eabi_attribute 30, 2
  11              		.eabi_attribute 34, 1
  12              		.eabi_attribute 18, 4
  13              		.file	"timers.c"
  14              		.text
  15              		.section	.text.prvSwitchTimerLists,"ax",%progbits
  16              		.align	1
  17              		.p2align 2,,3
  18              		.arch armv7e-m
  19              		.syntax unified
  20              		.thumb
  21              		.thumb_func
  22              		.fpu fpv4-sp-d16
  24              	prvSwitchTimerLists:
  25              		@ args = 0, pretend = 0, frame = 16
  26              		@ frame_needed = 0, uses_anonymous_args = 0
  27 0000 2DE9F043 		push	{r4, r5, r6, r7, r8, r9, lr}
  28 0004 224E     		ldr	r6, .L15
  29 0006 DFF89090 		ldr	r9, .L15+8
  30 000a 85B0     		sub	sp, sp, #20
  31 000c 4FF00008 		mov	r8, #0
  32 0010 0DE0     		b	.L3
  33              	.L9:
  34 0012 DB68     		ldr	r3, [r3, #12]
  35 0014 DC68     		ldr	r4, [r3, #12]
  36 0016 1F68     		ldr	r7, [r3]
  37 0018 251D     		adds	r5, r4, #4
  38 001a 2846     		mov	r0, r5
  39 001c FFF7FEFF 		bl	uxListRemove
  40 0020 236A     		ldr	r3, [r4, #32]
  41 0022 2046     		mov	r0, r4
  42 0024 9847     		blx	r3
  43 0026 94F82830 		ldrb	r3, [r4, #40]	@ zero_extendqisi2
  44 002a 5B07     		lsls	r3, r3, #29
  45 002c 0AD4     		bmi	.L14
  46              	.L3:
  47 002e 3368     		ldr	r3, [r6]
  48 0030 1A68     		ldr	r2, [r3]
  49 0032 002A     		cmp	r2, #0
  50 0034 EDD1     		bne	.L9
  51 0036 174A     		ldr	r2, .L15+4
  52 0038 1168     		ldr	r1, [r2]
  53 003a 3160     		str	r1, [r6]
  54 003c 1360     		str	r3, [r2]
  55 003e 05B0     		add	sp, sp, #20
  56              		@ sp needed
  57 0040 BDE8F083 		pop	{r4, r5, r6, r7, r8, r9, pc}
  58              	.L14:
ARM GAS  D:\Programs\cygwin64\tmp\ccqUPhx7.s 			page 2


  59 0044 A369     		ldr	r3, [r4, #24]
  60 0046 3B44     		add	r3, r3, r7
  61 0048 9F42     		cmp	r7, r3
  62 004a 2946     		mov	r1, r5
  63 004c 05D2     		bcs	.L4
  64 004e 6360     		str	r3, [r4, #4]
  65 0050 2461     		str	r4, [r4, #16]
  66 0052 3068     		ldr	r0, [r6]
  67 0054 FFF7FEFF 		bl	vListInsert
  68 0058 E9E7     		b	.L3
  69              	.L4:
  70 005a D9F80030 		ldr	r3, [r9]
  71 005e 6BB1     		cbz	r3, .L7
  72 0060 CDE90187 		strd	r8, r7, [sp, #4]
  73 0064 0394     		str	r4, [sp, #12]
  74 0066 FFF7FEFF 		bl	xTaskGetSchedulerState
  75 006a 0023     		movs	r3, #0
  76 006c 1A46     		mov	r2, r3
  77 006e 01A9     		add	r1, sp, #4
  78 0070 D9F80000 		ldr	r0, [r9]
  79 0074 FFF7FEFF 		bl	xQueueGenericSend
  80 0078 0028     		cmp	r0, #0
  81 007a D8D1     		bne	.L3
  82              	.L7:
  83              		.syntax unified
  84              	@ 195 "../Middlewares/FreeRTOS/Source/portable/GCC/ARM_CM4F/portmacro.h" 1
  85 007c 4FF05003 			mov r3, #80												
  86 0080 83F31188 		msr basepri, r3											
  87 0084 BFF36F8F 		isb														
  88 0088 BFF34F8F 		dsb														
  89              	
  90              	@ 0 "" 2
  91              		.thumb
  92              		.syntax unified
  93              	.L8:
  94 008c FEE7     		b	.L8
  95              	.L16:
  96 008e 00BF     		.align	2
  97              	.L15:
  98 0090 00000000 		.word	.LANCHOR0
  99 0094 00000000 		.word	.LANCHOR2
 100 0098 00000000 		.word	.LANCHOR1
 102              		.section	.text.prvTimerTask,"ax",%progbits
 103              		.align	1
 104              		.p2align 2,,3
 105              		.syntax unified
 106              		.thumb
 107              		.thumb_func
 108              		.fpu fpv4-sp-d16
 110              	prvTimerTask:
 111              		@ args = 0, pretend = 0, frame = 32
 112              		@ frame_needed = 0, uses_anonymous_args = 0
 113 0000 2DE9F04F 		push	{r4, r5, r6, r7, r8, r9, r10, fp, lr}
 114 0004 9F4E     		ldr	r6, .L77
 115 0006 A04D     		ldr	r5, .L77+4
 116 0008 A04F     		ldr	r7, .L77+8
 117 000a A14C     		ldr	r4, .L77+12
ARM GAS  D:\Programs\cygwin64\tmp\ccqUPhx7.s 			page 3


 118 000c 89B0     		sub	sp, sp, #36
 119 000e 4FF00008 		mov	r8, #0
 120              	.L52:
 121 0012 3368     		ldr	r3, [r6]
 122 0014 D3F800B0 		ldr	fp, [r3]
 123 0018 BBF1000F 		cmp	fp, #0
 124 001c 00F0AF80 		beq	.L18
 125 0020 DB68     		ldr	r3, [r3, #12]
 126 0022 D3F800A0 		ldr	r10, [r3]
 127 0026 FFF7FEFF 		bl	vTaskSuspendAll
 128 002a FFF7FEFF 		bl	xTaskGetTickCount
 129 002e 2A68     		ldr	r2, [r5]
 130 0030 9042     		cmp	r0, r2
 131 0032 8146     		mov	r9, r0
 132 0034 C0F0B480 		bcc	.L58
 133 0038 8245     		cmp	r10, r0
 134 003a 2860     		str	r0, [r5]
 135 003c 40F2BA80 		bls	.L56
 136 0040 0022     		movs	r2, #0
 137              	.L57:
 138 0042 AAEB0901 		sub	r1, r10, r9
 139 0046 2068     		ldr	r0, [r4]
 140 0048 FFF7FEFF 		bl	vQueueWaitForMessageRestricted
 141 004c FFF7FEFF 		bl	xTaskResumeAll
 142 0050 38B9     		cbnz	r0, .L28
 143 0052 904B     		ldr	r3, .L77+16
 144 0054 4FF08052 		mov	r2, #268435456
 145 0058 1A60     		str	r2, [r3]
 146              		.syntax unified
 147              	@ 603 "../Middlewares/FreeRTOS/Source/timers.c" 1
 148 005a BFF34F8F 		dsb
 149              	@ 0 "" 2
 150              	@ 603 "../Middlewares/FreeRTOS/Source/timers.c" 1
 151 005e BFF36F8F 		isb
 152              	@ 0 "" 2
 153              		.thumb
 154              		.syntax unified
 155              	.L28:
 156 0062 0022     		movs	r2, #0
 157 0064 02A9     		add	r1, sp, #8
 158 0066 2068     		ldr	r0, [r4]
 159 0068 FFF7FEFF 		bl	xQueueReceive
 160 006c 0028     		cmp	r0, #0
 161 006e D0D0     		beq	.L52
 162 0070 029B     		ldr	r3, [sp, #8]
 163 0072 002B     		cmp	r3, #0
 164 0074 F5DB     		blt	.L28
 165 0076 DDF810B0 		ldr	fp, [sp, #16]
 166 007a DBF81430 		ldr	r3, [fp, #20]
 167 007e 1BB1     		cbz	r3, .L29
 168 0080 0BF10400 		add	r0, fp, #4
 169 0084 FFF7FEFF 		bl	uxListRemove
 170              	.L29:
 171 0088 FFF7FEFF 		bl	xTaskGetTickCount
 172 008c 2B68     		ldr	r3, [r5]
 173 008e 9842     		cmp	r0, r3
 174 0090 8146     		mov	r9, r0
ARM GAS  D:\Programs\cygwin64\tmp\ccqUPhx7.s 			page 4


 175 0092 C0F08C80 		bcc	.L70
 176              	.L30:
 177 0096 029B     		ldr	r3, [sp, #8]
 178 0098 C5F80090 		str	r9, [r5]
 179 009c 092B     		cmp	r3, #9
 180 009e E0D8     		bhi	.L28
 181 00a0 DFE803F0 		tbb	[pc, r3]
 182              	.L33:
 183 00a4 30       		.byte	(.L35-.L33)/2
 184 00a5 30       		.byte	(.L35-.L33)/2
 185 00a6 30       		.byte	(.L35-.L33)/2
 186 00a7 29       		.byte	(.L34-.L33)/2
 187 00a8 0F       		.byte	(.L32-.L33)/2
 188 00a9 05       		.byte	(.L36-.L33)/2
 189 00aa 30       		.byte	(.L35-.L33)/2
 190 00ab 30       		.byte	(.L35-.L33)/2
 191 00ac 29       		.byte	(.L34-.L33)/2
 192 00ad 0F       		.byte	(.L32-.L33)/2
 193              		.p2align 1
 194              	.L36:
 195 00ae 9BF82830 		ldrb	r3, [fp, #40]	@ zero_extendqisi2
 196 00b2 9A07     		lsls	r2, r3, #30
 197 00b4 40F1A380 		bpl	.L71
 198 00b8 23F00103 		bic	r3, r3, #1
 199 00bc 8BF82830 		strb	r3, [fp, #40]
 200 00c0 CFE7     		b	.L28
 201              	.L32:
 202 00c2 9BF82820 		ldrb	r2, [fp, #40]	@ zero_extendqisi2
 203 00c6 039B     		ldr	r3, [sp, #12]
 204 00c8 CBF81830 		str	r3, [fp, #24]
 205 00cc 42F00102 		orr	r2, r2, #1
 206 00d0 8BF82820 		strb	r2, [fp, #40]
 207 00d4 002B     		cmp	r3, #0
 208 00d6 00F0C780 		beq	.L72
 209 00da 4B44     		add	r3, r3, r9
 210 00dc 4B45     		cmp	r3, r9
 211 00de CBF80430 		str	r3, [fp, #4]
 212 00e2 CBF810B0 		str	fp, [fp, #16]
 213 00e6 0BF10401 		add	r1, fp, #4
 214 00ea 94BF     		ite	ls
 215 00ec 3868     		ldrls	r0, [r7]
 216 00ee 3068     		ldrhi	r0, [r6]
 217 00f0 FFF7FEFF 		bl	vListInsert
 218 00f4 B5E7     		b	.L28
 219              	.L34:
 220 00f6 9BF82830 		ldrb	r3, [fp, #40]	@ zero_extendqisi2
 221 00fa 23F00103 		bic	r3, r3, #1
 222 00fe 8BF82830 		strb	r3, [fp, #40]
 223 0102 AEE7     		b	.L28
 224              	.L35:
 225 0104 9BF82810 		ldrb	r1, [fp, #40]	@ zero_extendqisi2
 226 0108 039B     		ldr	r3, [sp, #12]
 227 010a DBF81820 		ldr	r2, [fp, #24]
 228 010e CBF810B0 		str	fp, [fp, #16]
 229 0112 9818     		adds	r0, r3, r2
 230 0114 41F00101 		orr	r1, r1, #1
 231 0118 8BF82810 		strb	r1, [fp, #40]
ARM GAS  D:\Programs\cygwin64\tmp\ccqUPhx7.s 			page 5


 232 011c 2CBF     		ite	cs
 233 011e 0121     		movcs	r1, #1
 234 0120 0021     		movcc	r1, #0
 235 0122 4845     		cmp	r0, r9
 236 0124 CBF80400 		str	r0, [fp, #4]
 237 0128 5FD8     		bhi	.L39
 238 012a A9EB0303 		sub	r3, r9, r3
 239 012e 9A42     		cmp	r2, r3
 240 0130 69D8     		bhi	.L73
 241              	.L40:
 242 0132 DBF82030 		ldr	r3, [fp, #32]
 243 0136 5846     		mov	r0, fp
 244 0138 9847     		blx	r3
 245 013a 9BF82830 		ldrb	r3, [fp, #40]	@ zero_extendqisi2
 246 013e 5B07     		lsls	r3, r3, #29
 247 0140 8FD5     		bpl	.L28
 248 0142 2368     		ldr	r3, [r4]
 249 0144 93B1     		cbz	r3, .L43
 250 0146 DBF81820 		ldr	r2, [fp, #24]
 251 014a 039B     		ldr	r3, [sp, #12]
 252 014c CDF81480 		str	r8, [sp, #20]
 253 0150 1344     		add	r3, r3, r2
 254 0152 CDE9063B 		strd	r3, fp, [sp, #24]
 255 0156 FFF7FEFF 		bl	xTaskGetSchedulerState
 256 015a 0023     		movs	r3, #0
 257 015c 1A46     		mov	r2, r3
 258 015e 05A9     		add	r1, sp, #20
 259 0160 2068     		ldr	r0, [r4]
 260 0162 FFF7FEFF 		bl	xQueueGenericSend
 261 0166 0028     		cmp	r0, #0
 262 0168 7FF47BAF 		bne	.L28
 263              	.L43:
 264              		.syntax unified
 265              	@ 195 "../Middlewares/FreeRTOS/Source/portable/GCC/ARM_CM4F/portmacro.h" 1
 266 016c 4FF05003 			mov r3, #80												
 267 0170 83F31188 		msr basepri, r3											
 268 0174 BFF36F8F 		isb														
 269 0178 BFF34F8F 		dsb														
 270              	
 271              	@ 0 "" 2
 272              		.thumb
 273              		.syntax unified
 274              	.L45:
 275 017c FEE7     		b	.L45
 276              	.L18:
 277 017e FFF7FEFF 		bl	vTaskSuspendAll
 278 0182 FFF7FEFF 		bl	xTaskGetTickCount
 279 0186 2A68     		ldr	r2, [r5]
 280 0188 8242     		cmp	r2, r0
 281 018a 8146     		mov	r9, r0
 282 018c 08D8     		bhi	.L58
 283 018e 3A68     		ldr	r2, [r7]
 284 0190 C5F80090 		str	r9, [r5]
 285 0194 1268     		ldr	r2, [r2]
 286 0196 B2FA82F2 		clz	r2, r2
 287 019a DA46     		mov	r10, fp
 288 019c 5209     		lsrs	r2, r2, #5
ARM GAS  D:\Programs\cygwin64\tmp\ccqUPhx7.s 			page 6


 289 019e 50E7     		b	.L57
 290              	.L58:
 291 01a0 FFF7FEFF 		bl	prvSwitchTimerLists
 292 01a4 C5F80090 		str	r9, [r5]
 293 01a8 FFF7FEFF 		bl	xTaskResumeAll
 294 01ac 59E7     		b	.L28
 295              	.L70:
 296 01ae FFF7FEFF 		bl	prvSwitchTimerLists
 297 01b2 70E7     		b	.L30
 298              	.L56:
 299 01b4 FFF7FEFF 		bl	xTaskResumeAll
 300 01b8 3268     		ldr	r2, [r6]
 301 01ba D268     		ldr	r2, [r2, #12]
 302 01bc D2F80CB0 		ldr	fp, [r2, #12]
 303 01c0 0BF10401 		add	r1, fp, #4
 304 01c4 0846     		mov	r0, r1
 305 01c6 0191     		str	r1, [sp, #4]
 306 01c8 FFF7FEFF 		bl	uxListRemove
 307 01cc 9BF82800 		ldrb	r0, [fp, #40]	@ zero_extendqisi2
 308 01d0 0199     		ldr	r1, [sp, #4]
 309 01d2 10F0040F 		tst	r0, #4
 310 01d6 1CD1     		bne	.L74
 311 01d8 20F00100 		bic	r0, r0, #1
 312 01dc 8BF82800 		strb	r0, [fp, #40]
 313              	.L24:
 314 01e0 DBF82030 		ldr	r3, [fp, #32]
 315 01e4 5846     		mov	r0, fp
 316 01e6 9847     		blx	r3
 317 01e8 3BE7     		b	.L28
 318              	.L39:
 319 01ea 4B45     		cmp	r3, r9
 320 01ec 01D9     		bls	.L42
 321 01ee 0029     		cmp	r1, #0
 322 01f0 9FD0     		beq	.L40
 323              	.L42:
 324 01f2 0BF10401 		add	r1, fp, #4
 325 01f6 3068     		ldr	r0, [r6]
 326 01f8 FFF7FEFF 		bl	vListInsert
 327 01fc 31E7     		b	.L28
 328              	.L71:
 329 01fe 5846     		mov	r0, fp
 330 0200 FFF7FEFF 		bl	vPortFree
 331 0204 2DE7     		b	.L28
 332              	.L73:
 333 0206 0BF10401 		add	r1, fp, #4
 334 020a 3868     		ldr	r0, [r7]
 335 020c FFF7FEFF 		bl	vListInsert
 336 0210 27E7     		b	.L28
 337              	.L74:
 338 0212 DBF81800 		ldr	r0, [fp, #24]
 339 0216 CBF810B0 		str	fp, [fp, #16]
 340 021a 0AEB0003 		add	r3, r10, r0
 341 021e 4B45     		cmp	r3, r9
 342 0220 CBF80430 		str	r3, [fp, #4]
 343 0224 03D9     		bls	.L75
 344 0226 3068     		ldr	r0, [r6]
 345 0228 FFF7FEFF 		bl	vListInsert
ARM GAS  D:\Programs\cygwin64\tmp\ccqUPhx7.s 			page 7


 346 022c D8E7     		b	.L24
 347              	.L75:
 348 022e A9EB0A03 		sub	r3, r9, r10
 349 0232 9842     		cmp	r0, r3
 350 0234 21D8     		bhi	.L76
 351 0236 2368     		ldr	r3, [r4]
 352 0238 6BB1     		cbz	r3, .L26
 353 023a CDE9058A 		strd	r8, r10, [sp, #20]
 354 023e CDF81CB0 		str	fp, [sp, #28]
 355 0242 FFF7FEFF 		bl	xTaskGetSchedulerState
 356 0246 0023     		movs	r3, #0
 357 0248 1A46     		mov	r2, r3
 358 024a 05A9     		add	r1, sp, #20
 359 024c 2068     		ldr	r0, [r4]
 360 024e FFF7FEFF 		bl	xQueueGenericSend
 361 0252 0028     		cmp	r0, #0
 362 0254 C4D1     		bne	.L24
 363              	.L26:
 364              		.syntax unified
 365              	@ 195 "../Middlewares/FreeRTOS/Source/portable/GCC/ARM_CM4F/portmacro.h" 1
 366 0256 4FF05003 			mov r3, #80												
 367 025a 83F31188 		msr basepri, r3											
 368 025e BFF36F8F 		isb														
 369 0262 BFF34F8F 		dsb														
 370              	
 371              	@ 0 "" 2
 372              		.thumb
 373              		.syntax unified
 374              	.L27:
 375 0266 FEE7     		b	.L27
 376              	.L72:
 377              		.syntax unified
 378              	@ 195 "../Middlewares/FreeRTOS/Source/portable/GCC/ARM_CM4F/portmacro.h" 1
 379 0268 4FF05003 			mov r3, #80												
 380 026c 83F31188 		msr basepri, r3											
 381 0270 BFF36F8F 		isb														
 382 0274 BFF34F8F 		dsb														
 383              	
 384              	@ 0 "" 2
 385              		.thumb
 386              		.syntax unified
 387              	.L47:
 388 0278 FEE7     		b	.L47
 389              	.L76:
 390 027a 3868     		ldr	r0, [r7]
 391 027c FFF7FEFF 		bl	vListInsert
 392 0280 AEE7     		b	.L24
 393              	.L78:
 394 0282 00BF     		.align	2
 395              	.L77:
 396 0284 00000000 		.word	.LANCHOR0
 397 0288 00000000 		.word	.LANCHOR3
 398 028c 00000000 		.word	.LANCHOR2
 399 0290 00000000 		.word	.LANCHOR1
 400 0294 04ED00E0 		.word	-536810236
 402              		.section	.text.xTimerCreateTimerTask,"ax",%progbits
 403              		.align	1
ARM GAS  D:\Programs\cygwin64\tmp\ccqUPhx7.s 			page 8


 404              		.p2align 2,,3
 405              		.global	xTimerCreateTimerTask
 406              		.syntax unified
 407              		.thumb
 408              		.thumb_func
 409              		.fpu fpv4-sp-d16
 411              	xTimerCreateTimerTask:
 412              		@ args = 0, pretend = 0, frame = 0
 413              		@ frame_needed = 0, uses_anonymous_args = 0
 414 0000 F0B5     		push	{r4, r5, r6, r7, lr}
 415 0002 1C4C     		ldr	r4, .L97
 416 0004 83B0     		sub	sp, sp, #12
 417 0006 FFF7FEFF 		bl	vPortEnterCritical
 418 000a 2668     		ldr	r6, [r4]
 419 000c D6B1     		cbz	r6, .L95
 420              	.L81:
 421 000e FFF7FEFF 		bl	vPortExitCritical
 422 0012 2368     		ldr	r3, [r4]
 423 0014 5BB1     		cbz	r3, .L85
 424 0016 184B     		ldr	r3, .L97+4
 425 0018 0193     		str	r3, [sp, #4]
 426 001a 0A23     		movs	r3, #10
 427 001c 0093     		str	r3, [sp]
 428 001e 4FF48072 		mov	r2, #256
 429 0022 0023     		movs	r3, #0
 430 0024 1549     		ldr	r1, .L97+8
 431 0026 1648     		ldr	r0, .L97+12
 432 0028 FFF7FEFF 		bl	xTaskCreate
 433 002c 40B9     		cbnz	r0, .L96
 434              	.L85:
 435              		.syntax unified
 436              	@ 195 "../Middlewares/FreeRTOS/Source/portable/GCC/ARM_CM4F/portmacro.h" 1
 437 002e 4FF05003 			mov r3, #80												
 438 0032 83F31188 		msr basepri, r3											
 439 0036 BFF36F8F 		isb														
 440 003a BFF34F8F 		dsb														
 441              	
 442              	@ 0 "" 2
 443              		.thumb
 444              		.syntax unified
 445              	.L84:
 446 003e FEE7     		b	.L84
 447              	.L96:
 448 0040 03B0     		add	sp, sp, #12
 449              		@ sp needed
 450 0042 F0BD     		pop	{r4, r5, r6, r7, pc}
 451              	.L95:
 452 0044 0F4F     		ldr	r7, .L97+16
 453 0046 104D     		ldr	r5, .L97+20
 454 0048 3846     		mov	r0, r7
 455 004a FFF7FEFF 		bl	vListInitialise
 456 004e 2846     		mov	r0, r5
 457 0050 FFF7FEFF 		bl	vListInitialise
 458 0054 0D4A     		ldr	r2, .L97+24
 459 0056 0E4B     		ldr	r3, .L97+28
 460 0058 1760     		str	r7, [r2]
 461 005a 0C21     		movs	r1, #12
ARM GAS  D:\Programs\cygwin64\tmp\ccqUPhx7.s 			page 9


 462 005c 3246     		mov	r2, r6
 463 005e 0A20     		movs	r0, #10
 464 0060 1D60     		str	r5, [r3]
 465 0062 FFF7FEFF 		bl	xQueueGenericCreate
 466 0066 2060     		str	r0, [r4]
 467 0068 0028     		cmp	r0, #0
 468 006a D0D0     		beq	.L81
 469 006c 0949     		ldr	r1, .L97+32
 470 006e FFF7FEFF 		bl	vQueueAddToRegistry
 471 0072 CCE7     		b	.L81
 472              	.L98:
 473              		.align	2
 474              	.L97:
 475 0074 00000000 		.word	.LANCHOR1
 476 0078 00000000 		.word	.LANCHOR6
 477 007c 08000000 		.word	.LC1
 478 0080 00000000 		.word	prvTimerTask
 479 0084 00000000 		.word	.LANCHOR4
 480 0088 00000000 		.word	.LANCHOR5
 481 008c 00000000 		.word	.LANCHOR0
 482 0090 00000000 		.word	.LANCHOR2
 483 0094 00000000 		.word	.LC0
 485              		.section	.text.xTimerCreate,"ax",%progbits
 486              		.align	1
 487              		.p2align 2,,3
 488              		.global	xTimerCreate
 489              		.syntax unified
 490              		.thumb
 491              		.thumb_func
 492              		.fpu fpv4-sp-d16
 494              	xTimerCreate:
 495              		@ args = 4, pretend = 0, frame = 8
 496              		@ frame_needed = 0, uses_anonymous_args = 0
 497 0000 2DE9F04F 		push	{r4, r5, r6, r7, r8, r9, r10, fp, lr}
 498 0004 8046     		mov	r8, r0
 499 0006 83B0     		sub	sp, sp, #12
 500 0008 2C20     		movs	r0, #44
 501 000a 0D46     		mov	r5, r1
 502 000c 1646     		mov	r6, r2
 503 000e 1F46     		mov	r7, r3
 504 0010 FFF7FEFF 		bl	pvPortMalloc
 505 0014 0446     		mov	r4, r0
 506 0016 E0B1     		cbz	r0, .L99
 507 0018 0023     		movs	r3, #0
 508 001a 80F82830 		strb	r3, [r0, #40]
 509 001e E5B1     		cbz	r5, .L115
 510 0020 DFF89090 		ldr	r9, .L117+12
 511 0024 FFF7FEFF 		bl	vPortEnterCritical
 512 0028 D9F80020 		ldr	r2, [r9]
 513 002c F2B1     		cbz	r2, .L116
 514              	.L105:
 515 002e FFF7FEFF 		bl	vPortExitCritical
 516 0032 0C9B     		ldr	r3, [sp, #48]
 517 0034 C4F80080 		str	r8, [r4]
 518 0038 C4E90657 		strd	r5, r7, [r4, #24]
 519 003c 2362     		str	r3, [r4, #32]
 520 003e 201D     		adds	r0, r4, #4
ARM GAS  D:\Programs\cygwin64\tmp\ccqUPhx7.s 			page 10


 521 0040 FFF7FEFF 		bl	vListInitialiseItem
 522 0044 2EB1     		cbz	r6, .L99
 523 0046 94F82830 		ldrb	r3, [r4, #40]	@ zero_extendqisi2
 524 004a 43F00403 		orr	r3, r3, #4
 525 004e 84F82830 		strb	r3, [r4, #40]
 526              	.L99:
 527 0052 2046     		mov	r0, r4
 528 0054 03B0     		add	sp, sp, #12
 529              		@ sp needed
 530 0056 BDE8F08F 		pop	{r4, r5, r6, r7, r8, r9, r10, fp, pc}
 531              	.L115:
 532              		.syntax unified
 533              	@ 195 "../Middlewares/FreeRTOS/Source/portable/GCC/ARM_CM4F/portmacro.h" 1
 534 005a 4FF05003 			mov r3, #80												
 535 005e 83F31188 		msr basepri, r3											
 536 0062 BFF36F8F 		isb														
 537 0066 BFF34F8F 		dsb														
 538              	
 539              	@ 0 "" 2
 540              		.thumb
 541              		.syntax unified
 542              	.L103:
 543 006a FEE7     		b	.L103
 544              	.L116:
 545 006c DFF848B0 		ldr	fp, .L117+16
 546 0070 DFF848A0 		ldr	r10, .L117+20
 547 0074 0192     		str	r2, [sp, #4]
 548 0076 5846     		mov	r0, fp
 549 0078 FFF7FEFF 		bl	vListInitialise
 550 007c 5046     		mov	r0, r10
 551 007e FFF7FEFF 		bl	vListInitialise
 552 0082 0949     		ldr	r1, .L117
 553 0084 094B     		ldr	r3, .L117+4
 554 0086 C1F800B0 		str	fp, [r1]
 555 008a 019A     		ldr	r2, [sp, #4]
 556 008c C3F800A0 		str	r10, [r3]
 557 0090 0C21     		movs	r1, #12
 558 0092 0A20     		movs	r0, #10
 559 0094 FFF7FEFF 		bl	xQueueGenericCreate
 560 0098 C9F80000 		str	r0, [r9]
 561 009c 0028     		cmp	r0, #0
 562 009e C6D0     		beq	.L105
 563 00a0 0349     		ldr	r1, .L117+8
 564 00a2 FFF7FEFF 		bl	vQueueAddToRegistry
 565 00a6 C2E7     		b	.L105
 566              	.L118:
 567              		.align	2
 568              	.L117:
 569 00a8 00000000 		.word	.LANCHOR0
 570 00ac 00000000 		.word	.LANCHOR2
 571 00b0 00000000 		.word	.LC0
 572 00b4 00000000 		.word	.LANCHOR1
 573 00b8 00000000 		.word	.LANCHOR4
 574 00bc 00000000 		.word	.LANCHOR5
 576              		.section	.text.xTimerGenericCommand,"ax",%progbits
 577              		.align	1
 578              		.p2align 2,,3
ARM GAS  D:\Programs\cygwin64\tmp\ccqUPhx7.s 			page 11


 579              		.global	xTimerGenericCommand
 580              		.syntax unified
 581              		.thumb
 582              		.thumb_func
 583              		.fpu fpv4-sp-d16
 585              	xTimerGenericCommand:
 586              		@ args = 4, pretend = 0, frame = 16
 587              		@ frame_needed = 0, uses_anonymous_args = 0
 588 0000 C0B1     		cbz	r0, .L128
 589 0002 70B5     		push	{r4, r5, r6, lr}
 590 0004 164D     		ldr	r5, .L130
 591 0006 0446     		mov	r4, r0
 592 0008 2868     		ldr	r0, [r5]
 593 000a 84B0     		sub	sp, sp, #16
 594 000c 80B1     		cbz	r0, .L119
 595 000e 1646     		mov	r6, r2
 596 0010 0529     		cmp	r1, #5
 597 0012 1A46     		mov	r2, r3
 598 0014 CDE90116 		strd	r1, r6, [sp, #4]
 599 0018 0394     		str	r4, [sp, #12]
 600 001a 14DC     		bgt	.L123
 601 001c FFF7FEFF 		bl	xTaskGetSchedulerState
 602 0020 0228     		cmp	r0, #2
 603 0022 16D0     		beq	.L129
 604 0024 0023     		movs	r3, #0
 605 0026 2868     		ldr	r0, [r5]
 606 0028 1A46     		mov	r2, r3
 607 002a 01A9     		add	r1, sp, #4
 608 002c FFF7FEFF 		bl	xQueueGenericSend
 609              	.L119:
 610 0030 04B0     		add	sp, sp, #16
 611              		@ sp needed
 612 0032 70BD     		pop	{r4, r5, r6, pc}
 613              	.L128:
 614              		.syntax unified
 615              	@ 195 "../Middlewares/FreeRTOS/Source/portable/GCC/ARM_CM4F/portmacro.h" 1
 616 0034 4FF05003 			mov r3, #80												
 617 0038 83F31188 		msr basepri, r3											
 618 003c BFF36F8F 		isb														
 619 0040 BFF34F8F 		dsb														
 620              	
 621              	@ 0 "" 2
 622              		.thumb
 623              		.syntax unified
 624              	.L121:
 625 0044 FEE7     		b	.L121
 626              	.L123:
 627 0046 0023     		movs	r3, #0
 628 0048 01A9     		add	r1, sp, #4
 629 004a FFF7FEFF 		bl	xQueueGenericSendFromISR
 630 004e 04B0     		add	sp, sp, #16
 631              		@ sp needed
 632 0050 70BD     		pop	{r4, r5, r6, pc}
 633              	.L129:
 634 0052 2868     		ldr	r0, [r5]
 635 0054 089A     		ldr	r2, [sp, #32]
 636 0056 0023     		movs	r3, #0
ARM GAS  D:\Programs\cygwin64\tmp\ccqUPhx7.s 			page 12


 637 0058 01A9     		add	r1, sp, #4
 638 005a FFF7FEFF 		bl	xQueueGenericSend
 639 005e E7E7     		b	.L119
 640              	.L131:
 641              		.align	2
 642              	.L130:
 643 0060 00000000 		.word	.LANCHOR1
 645              		.section	.text.xTimerGetTimerDaemonTaskHandle,"ax",%progbits
 646              		.align	1
 647              		.p2align 2,,3
 648              		.global	xTimerGetTimerDaemonTaskHandle
 649              		.syntax unified
 650              		.thumb
 651              		.thumb_func
 652              		.fpu fpv4-sp-d16
 654              	xTimerGetTimerDaemonTaskHandle:
 655              		@ args = 0, pretend = 0, frame = 0
 656              		@ frame_needed = 0, uses_anonymous_args = 0
 657              		@ link register save eliminated.
 658 0000 064B     		ldr	r3, .L136
 659 0002 1868     		ldr	r0, [r3]
 660 0004 00B1     		cbz	r0, .L135
 661 0006 7047     		bx	lr
 662              	.L135:
 663              		.syntax unified
 664              	@ 195 "../Middlewares/FreeRTOS/Source/portable/GCC/ARM_CM4F/portmacro.h" 1
 665 0008 4FF05003 			mov r3, #80												
 666 000c 83F31188 		msr basepri, r3											
 667 0010 BFF36F8F 		isb														
 668 0014 BFF34F8F 		dsb														
 669              	
 670              	@ 0 "" 2
 671              		.thumb
 672              		.syntax unified
 673              	.L134:
 674 0018 FEE7     		b	.L134
 675              	.L137:
 676 001a 00BF     		.align	2
 677              	.L136:
 678 001c 00000000 		.word	.LANCHOR6
 680              		.section	.text.xTimerGetPeriod,"ax",%progbits
 681              		.align	1
 682              		.p2align 2,,3
 683              		.global	xTimerGetPeriod
 684              		.syntax unified
 685              		.thumb
 686              		.thumb_func
 687              		.fpu fpv4-sp-d16
 689              	xTimerGetPeriod:
 690              		@ args = 0, pretend = 0, frame = 0
 691              		@ frame_needed = 0, uses_anonymous_args = 0
 692              		@ link register save eliminated.
 693 0000 08B1     		cbz	r0, .L141
 694 0002 8069     		ldr	r0, [r0, #24]
 695 0004 7047     		bx	lr
 696              	.L141:
 697              		.syntax unified
ARM GAS  D:\Programs\cygwin64\tmp\ccqUPhx7.s 			page 13


 698              	@ 195 "../Middlewares/FreeRTOS/Source/portable/GCC/ARM_CM4F/portmacro.h" 1
 699 0006 4FF05003 			mov r3, #80												
 700 000a 83F31188 		msr basepri, r3											
 701 000e BFF36F8F 		isb														
 702 0012 BFF34F8F 		dsb														
 703              	
 704              	@ 0 "" 2
 705              		.thumb
 706              		.syntax unified
 707              	.L140:
 708 0016 FEE7     		b	.L140
 710              		.section	.text.vTimerSetReloadMode,"ax",%progbits
 711              		.align	1
 712              		.p2align 2,,3
 713              		.global	vTimerSetReloadMode
 714              		.syntax unified
 715              		.thumb
 716              		.thumb_func
 717              		.fpu fpv4-sp-d16
 719              	vTimerSetReloadMode:
 720              		@ args = 0, pretend = 0, frame = 0
 721              		@ frame_needed = 0, uses_anonymous_args = 0
 722 0000 38B5     		push	{r3, r4, r5, lr}
 723 0002 B0B1     		cbz	r0, .L148
 724 0004 0446     		mov	r4, r0
 725 0006 0D46     		mov	r5, r1
 726 0008 FFF7FEFF 		bl	vPortEnterCritical
 727 000c 94F82830 		ldrb	r3, [r4, #40]	@ zero_extendqisi2
 728 0010 3DB9     		cbnz	r5, .L149
 729 0012 03F0FB03 		and	r3, r3, #251
 730 0016 84F82830 		strb	r3, [r4, #40]
 731 001a BDE83840 		pop	{r3, r4, r5, lr}
 732 001e FFF7FEBF 		b	vPortExitCritical
 733              	.L149:
 734 0022 43F00403 		orr	r3, r3, #4
 735 0026 84F82830 		strb	r3, [r4, #40]
 736 002a BDE83840 		pop	{r3, r4, r5, lr}
 737 002e FFF7FEBF 		b	vPortExitCritical
 738              	.L148:
 739              		.syntax unified
 740              	@ 195 "../Middlewares/FreeRTOS/Source/portable/GCC/ARM_CM4F/portmacro.h" 1
 741 0032 4FF05003 			mov r3, #80												
 742 0036 83F31188 		msr basepri, r3											
 743 003a BFF36F8F 		isb														
 744 003e BFF34F8F 		dsb														
 745              	
 746              	@ 0 "" 2
 747              		.thumb
 748              		.syntax unified
 749              	.L144:
 750 0042 FEE7     		b	.L144
 752              		.section	.text.xTimerGetExpiryTime,"ax",%progbits
 753              		.align	1
 754              		.p2align 2,,3
 755              		.global	xTimerGetExpiryTime
 756              		.syntax unified
 757              		.thumb
ARM GAS  D:\Programs\cygwin64\tmp\ccqUPhx7.s 			page 14


 758              		.thumb_func
 759              		.fpu fpv4-sp-d16
 761              	xTimerGetExpiryTime:
 762              		@ args = 0, pretend = 0, frame = 0
 763              		@ frame_needed = 0, uses_anonymous_args = 0
 764              		@ link register save eliminated.
 765 0000 08B1     		cbz	r0, .L153
 766 0002 4068     		ldr	r0, [r0, #4]
 767 0004 7047     		bx	lr
 768              	.L153:
 769              		.syntax unified
 770              	@ 195 "../Middlewares/FreeRTOS/Source/portable/GCC/ARM_CM4F/portmacro.h" 1
 771 0006 4FF05003 			mov r3, #80												
 772 000a 83F31188 		msr basepri, r3											
 773 000e BFF36F8F 		isb														
 774 0012 BFF34F8F 		dsb														
 775              	
 776              	@ 0 "" 2
 777              		.thumb
 778              		.syntax unified
 779              	.L152:
 780 0016 FEE7     		b	.L152
 782              		.section	.text.pcTimerGetName,"ax",%progbits
 783              		.align	1
 784              		.p2align 2,,3
 785              		.global	pcTimerGetName
 786              		.syntax unified
 787              		.thumb
 788              		.thumb_func
 789              		.fpu fpv4-sp-d16
 791              	pcTimerGetName:
 792              		@ args = 0, pretend = 0, frame = 0
 793              		@ frame_needed = 0, uses_anonymous_args = 0
 794              		@ link register save eliminated.
 795 0000 08B1     		cbz	r0, .L157
 796 0002 0068     		ldr	r0, [r0]
 797 0004 7047     		bx	lr
 798              	.L157:
 799              		.syntax unified
 800              	@ 195 "../Middlewares/FreeRTOS/Source/portable/GCC/ARM_CM4F/portmacro.h" 1
 801 0006 4FF05003 			mov r3, #80												
 802 000a 83F31188 		msr basepri, r3											
 803 000e BFF36F8F 		isb														
 804 0012 BFF34F8F 		dsb														
 805              	
 806              	@ 0 "" 2
 807              		.thumb
 808              		.syntax unified
 809              	.L156:
 810 0016 FEE7     		b	.L156
 812              		.section	.text.xTimerIsTimerActive,"ax",%progbits
 813              		.align	1
 814              		.p2align 2,,3
 815              		.global	xTimerIsTimerActive
 816              		.syntax unified
 817              		.thumb
 818              		.thumb_func
ARM GAS  D:\Programs\cygwin64\tmp\ccqUPhx7.s 			page 15


 819              		.fpu fpv4-sp-d16
 821              	xTimerIsTimerActive:
 822              		@ args = 0, pretend = 0, frame = 0
 823              		@ frame_needed = 0, uses_anonymous_args = 0
 824 0000 58B1     		cbz	r0, .L163
 825 0002 10B5     		push	{r4, lr}
 826 0004 0446     		mov	r4, r0
 827 0006 FFF7FEFF 		bl	vPortEnterCritical
 828 000a 94F82840 		ldrb	r4, [r4, #40]	@ zero_extendqisi2
 829 000e 04F00104 		and	r4, r4, #1
 830 0012 FFF7FEFF 		bl	vPortExitCritical
 831 0016 2046     		mov	r0, r4
 832 0018 10BD     		pop	{r4, pc}
 833              	.L163:
 834              		.syntax unified
 835              	@ 195 "../Middlewares/FreeRTOS/Source/portable/GCC/ARM_CM4F/portmacro.h" 1
 836 001a 4FF05003 			mov r3, #80												
 837 001e 83F31188 		msr basepri, r3											
 838 0022 BFF36F8F 		isb														
 839 0026 BFF34F8F 		dsb														
 840              	
 841              	@ 0 "" 2
 842              		.thumb
 843              		.syntax unified
 844              	.L160:
 845 002a FEE7     		b	.L160
 847              		.section	.text.pvTimerGetTimerID,"ax",%progbits
 848              		.align	1
 849              		.p2align 2,,3
 850              		.global	pvTimerGetTimerID
 851              		.syntax unified
 852              		.thumb
 853              		.thumb_func
 854              		.fpu fpv4-sp-d16
 856              	pvTimerGetTimerID:
 857              		@ args = 0, pretend = 0, frame = 0
 858              		@ frame_needed = 0, uses_anonymous_args = 0
 859 0000 40B1     		cbz	r0, .L169
 860 0002 10B5     		push	{r4, lr}
 861 0004 0446     		mov	r4, r0
 862 0006 FFF7FEFF 		bl	vPortEnterCritical
 863 000a E469     		ldr	r4, [r4, #28]
 864 000c FFF7FEFF 		bl	vPortExitCritical
 865 0010 2046     		mov	r0, r4
 866 0012 10BD     		pop	{r4, pc}
 867              	.L169:
 868              		.syntax unified
 869              	@ 195 "../Middlewares/FreeRTOS/Source/portable/GCC/ARM_CM4F/portmacro.h" 1
 870 0014 4FF05003 			mov r3, #80												
 871 0018 83F31188 		msr basepri, r3											
 872 001c BFF36F8F 		isb														
 873 0020 BFF34F8F 		dsb														
 874              	
 875              	@ 0 "" 2
 876              		.thumb
 877              		.syntax unified
 878              	.L166:
ARM GAS  D:\Programs\cygwin64\tmp\ccqUPhx7.s 			page 16


 879 0024 FEE7     		b	.L166
 881 0026 00BF     		.section	.text.vTimerSetTimerID,"ax",%progbits
 882              		.align	1
 883              		.p2align 2,,3
 884              		.global	vTimerSetTimerID
 885              		.syntax unified
 886              		.thumb
 887              		.thumb_func
 888              		.fpu fpv4-sp-d16
 890              	vTimerSetTimerID:
 891              		@ args = 0, pretend = 0, frame = 0
 892              		@ frame_needed = 0, uses_anonymous_args = 0
 893 0000 38B5     		push	{r3, r4, r5, lr}
 894 0002 40B1     		cbz	r0, .L174
 895 0004 0446     		mov	r4, r0
 896 0006 0D46     		mov	r5, r1
 897 0008 FFF7FEFF 		bl	vPortEnterCritical
 898 000c E561     		str	r5, [r4, #28]
 899 000e BDE83840 		pop	{r3, r4, r5, lr}
 900 0012 FFF7FEBF 		b	vPortExitCritical
 901              	.L174:
 902              		.syntax unified
 903              	@ 195 "../Middlewares/FreeRTOS/Source/portable/GCC/ARM_CM4F/portmacro.h" 1
 904 0016 4FF05003 			mov r3, #80												
 905 001a 83F31188 		msr basepri, r3											
 906 001e BFF36F8F 		isb														
 907 0022 BFF34F8F 		dsb														
 908              	
 909              	@ 0 "" 2
 910              		.thumb
 911              		.syntax unified
 912              	.L172:
 913 0026 FEE7     		b	.L172
 915              		.section	.text.uxTimerGetTimerNumber,"ax",%progbits
 916              		.align	1
 917              		.p2align 2,,3
 918              		.global	uxTimerGetTimerNumber
 919              		.syntax unified
 920              		.thumb
 921              		.thumb_func
 922              		.fpu fpv4-sp-d16
 924              	uxTimerGetTimerNumber:
 925              		@ args = 0, pretend = 0, frame = 0
 926              		@ frame_needed = 0, uses_anonymous_args = 0
 927              		@ link register save eliminated.
 928 0000 406A     		ldr	r0, [r0, #36]
 929 0002 7047     		bx	lr
 931              		.section	.text.vTimerSetTimerNumber,"ax",%progbits
 932              		.align	1
 933              		.p2align 2,,3
 934              		.global	vTimerSetTimerNumber
 935              		.syntax unified
 936              		.thumb
 937              		.thumb_func
 938              		.fpu fpv4-sp-d16
 940              	vTimerSetTimerNumber:
 941              		@ args = 0, pretend = 0, frame = 0
ARM GAS  D:\Programs\cygwin64\tmp\ccqUPhx7.s 			page 17


 942              		@ frame_needed = 0, uses_anonymous_args = 0
 943              		@ link register save eliminated.
 944 0000 4162     		str	r1, [r0, #36]
 945 0002 7047     		bx	lr
 947              		.section	.bss.pxCurrentTimerList,"aw",%nobits
 948              		.align	2
 949              		.set	.LANCHOR0,. + 0
 952              	pxCurrentTimerList:
 953 0000 00000000 		.space	4
 954              		.section	.bss.pxOverflowTimerList,"aw",%nobits
 955              		.align	2
 956              		.set	.LANCHOR2,. + 0
 959              	pxOverflowTimerList:
 960 0000 00000000 		.space	4
 961              		.section	.bss.xActiveTimerList1,"aw",%nobits
 962              		.align	2
 963              		.set	.LANCHOR4,. + 0
 966              	xActiveTimerList1:
 967 0000 00000000 		.space	20
 967      00000000 
 967      00000000 
 967      00000000 
 967      00000000 
 968              		.section	.bss.xActiveTimerList2,"aw",%nobits
 969              		.align	2
 970              		.set	.LANCHOR5,. + 0
 973              	xActiveTimerList2:
 974 0000 00000000 		.space	20
 974      00000000 
 974      00000000 
 974      00000000 
 974      00000000 
 975              		.section	.bss.xLastTime.6839,"aw",%nobits
 976              		.align	2
 977              		.set	.LANCHOR3,. + 0
 980              	xLastTime.6839:
 981 0000 00000000 		.space	4
 982              		.section	.bss.xTimerQueue,"aw",%nobits
 983              		.align	2
 984              		.set	.LANCHOR1,. + 0
 987              	xTimerQueue:
 988 0000 00000000 		.space	4
 989              		.section	.bss.xTimerTaskHandle,"aw",%nobits
 990              		.align	2
 991              		.set	.LANCHOR6,. + 0
 994              	xTimerTaskHandle:
 995 0000 00000000 		.space	4
 996              		.section	.rodata.xTimerCreateTimerTask.str1.4,"aMS",%progbits,1
 997              		.align	2
 998              	.LC0:
 999 0000 546D7251 		.ascii	"TmrQ\000"
 999      00
 1000 0005 000000   		.space	3
 1001              	.LC1:
 1002 0008 546D7220 		.ascii	"Tmr Svc\000"
 1002      53766300 
 1003              		.ident	"GCC: (GNU Tools for Arm Embedded Processors 8-2018-q4-major) 8.2.1 20181213 (release) [gcc
ARM GAS  D:\Programs\cygwin64\tmp\ccqUPhx7.s 			page 18


ARM GAS  D:\Programs\cygwin64\tmp\ccqUPhx7.s 			page 19


DEFINED SYMBOLS
                            *ABS*:00000000 timers.c
D:\Programs\cygwin64\tmp\ccqUPhx7.s:16     .text.prvSwitchTimerLists:00000000 $t
D:\Programs\cygwin64\tmp\ccqUPhx7.s:24     .text.prvSwitchTimerLists:00000000 prvSwitchTimerLists
D:\Programs\cygwin64\tmp\ccqUPhx7.s:98     .text.prvSwitchTimerLists:00000090 $d
D:\Programs\cygwin64\tmp\ccqUPhx7.s:103    .text.prvTimerTask:00000000 $t
D:\Programs\cygwin64\tmp\ccqUPhx7.s:110    .text.prvTimerTask:00000000 prvTimerTask
D:\Programs\cygwin64\tmp\ccqUPhx7.s:183    .text.prvTimerTask:000000a4 $d
D:\Programs\cygwin64\tmp\ccqUPhx7.s:193    .text.prvTimerTask:000000ae $t
D:\Programs\cygwin64\tmp\ccqUPhx7.s:396    .text.prvTimerTask:00000284 $d
D:\Programs\cygwin64\tmp\ccqUPhx7.s:403    .text.xTimerCreateTimerTask:00000000 $t
D:\Programs\cygwin64\tmp\ccqUPhx7.s:411    .text.xTimerCreateTimerTask:00000000 xTimerCreateTimerTask
D:\Programs\cygwin64\tmp\ccqUPhx7.s:475    .text.xTimerCreateTimerTask:00000074 $d
D:\Programs\cygwin64\tmp\ccqUPhx7.s:486    .text.xTimerCreate:00000000 $t
D:\Programs\cygwin64\tmp\ccqUPhx7.s:494    .text.xTimerCreate:00000000 xTimerCreate
D:\Programs\cygwin64\tmp\ccqUPhx7.s:569    .text.xTimerCreate:000000a8 $d
D:\Programs\cygwin64\tmp\ccqUPhx7.s:577    .text.xTimerGenericCommand:00000000 $t
D:\Programs\cygwin64\tmp\ccqUPhx7.s:585    .text.xTimerGenericCommand:00000000 xTimerGenericCommand
D:\Programs\cygwin64\tmp\ccqUPhx7.s:643    .text.xTimerGenericCommand:00000060 $d
D:\Programs\cygwin64\tmp\ccqUPhx7.s:646    .text.xTimerGetTimerDaemonTaskHandle:00000000 $t
D:\Programs\cygwin64\tmp\ccqUPhx7.s:654    .text.xTimerGetTimerDaemonTaskHandle:00000000 xTimerGetTimerDaemonTaskHandle
D:\Programs\cygwin64\tmp\ccqUPhx7.s:678    .text.xTimerGetTimerDaemonTaskHandle:0000001c $d
D:\Programs\cygwin64\tmp\ccqUPhx7.s:681    .text.xTimerGetPeriod:00000000 $t
D:\Programs\cygwin64\tmp\ccqUPhx7.s:689    .text.xTimerGetPeriod:00000000 xTimerGetPeriod
D:\Programs\cygwin64\tmp\ccqUPhx7.s:711    .text.vTimerSetReloadMode:00000000 $t
D:\Programs\cygwin64\tmp\ccqUPhx7.s:719    .text.vTimerSetReloadMode:00000000 vTimerSetReloadMode
D:\Programs\cygwin64\tmp\ccqUPhx7.s:753    .text.xTimerGetExpiryTime:00000000 $t
D:\Programs\cygwin64\tmp\ccqUPhx7.s:761    .text.xTimerGetExpiryTime:00000000 xTimerGetExpiryTime
D:\Programs\cygwin64\tmp\ccqUPhx7.s:783    .text.pcTimerGetName:00000000 $t
D:\Programs\cygwin64\tmp\ccqUPhx7.s:791    .text.pcTimerGetName:00000000 pcTimerGetName
D:\Programs\cygwin64\tmp\ccqUPhx7.s:813    .text.xTimerIsTimerActive:00000000 $t
D:\Programs\cygwin64\tmp\ccqUPhx7.s:821    .text.xTimerIsTimerActive:00000000 xTimerIsTimerActive
D:\Programs\cygwin64\tmp\ccqUPhx7.s:848    .text.pvTimerGetTimerID:00000000 $t
D:\Programs\cygwin64\tmp\ccqUPhx7.s:856    .text.pvTimerGetTimerID:00000000 pvTimerGetTimerID
D:\Programs\cygwin64\tmp\ccqUPhx7.s:882    .text.vTimerSetTimerID:00000000 $t
D:\Programs\cygwin64\tmp\ccqUPhx7.s:890    .text.vTimerSetTimerID:00000000 vTimerSetTimerID
D:\Programs\cygwin64\tmp\ccqUPhx7.s:916    .text.uxTimerGetTimerNumber:00000000 $t
D:\Programs\cygwin64\tmp\ccqUPhx7.s:924    .text.uxTimerGetTimerNumber:00000000 uxTimerGetTimerNumber
D:\Programs\cygwin64\tmp\ccqUPhx7.s:932    .text.vTimerSetTimerNumber:00000000 $t
D:\Programs\cygwin64\tmp\ccqUPhx7.s:940    .text.vTimerSetTimerNumber:00000000 vTimerSetTimerNumber
D:\Programs\cygwin64\tmp\ccqUPhx7.s:948    .bss.pxCurrentTimerList:00000000 $d
D:\Programs\cygwin64\tmp\ccqUPhx7.s:952    .bss.pxCurrentTimerList:00000000 pxCurrentTimerList
D:\Programs\cygwin64\tmp\ccqUPhx7.s:955    .bss.pxOverflowTimerList:00000000 $d
D:\Programs\cygwin64\tmp\ccqUPhx7.s:959    .bss.pxOverflowTimerList:00000000 pxOverflowTimerList
D:\Programs\cygwin64\tmp\ccqUPhx7.s:962    .bss.xActiveTimerList1:00000000 $d
D:\Programs\cygwin64\tmp\ccqUPhx7.s:966    .bss.xActiveTimerList1:00000000 xActiveTimerList1
D:\Programs\cygwin64\tmp\ccqUPhx7.s:969    .bss.xActiveTimerList2:00000000 $d
D:\Programs\cygwin64\tmp\ccqUPhx7.s:973    .bss.xActiveTimerList2:00000000 xActiveTimerList2
D:\Programs\cygwin64\tmp\ccqUPhx7.s:976    .bss.xLastTime.6839:00000000 $d
D:\Programs\cygwin64\tmp\ccqUPhx7.s:980    .bss.xLastTime.6839:00000000 xLastTime.6839
D:\Programs\cygwin64\tmp\ccqUPhx7.s:983    .bss.xTimerQueue:00000000 $d
D:\Programs\cygwin64\tmp\ccqUPhx7.s:987    .bss.xTimerQueue:00000000 xTimerQueue
D:\Programs\cygwin64\tmp\ccqUPhx7.s:990    .bss.xTimerTaskHandle:00000000 $d
D:\Programs\cygwin64\tmp\ccqUPhx7.s:994    .bss.xTimerTaskHandle:00000000 xTimerTaskHandle
D:\Programs\cygwin64\tmp\ccqUPhx7.s:997    .rodata.xTimerCreateTimerTask.str1.4:00000000 $d

UNDEFINED SYMBOLS
ARM GAS  D:\Programs\cygwin64\tmp\ccqUPhx7.s 			page 20


uxListRemove
vListInsert
xTaskGetSchedulerState
xQueueGenericSend
vTaskSuspendAll
xTaskGetTickCount
vQueueWaitForMessageRestricted
xTaskResumeAll
xQueueReceive
vPortFree
vPortEnterCritical
vPortExitCritical
xTaskCreate
vListInitialise
xQueueGenericCreate
vQueueAddToRegistry
pvPortMalloc
vListInitialiseItem
xQueueGenericSendFromISR
